1148.59385086
1333.11077628
2220.06683945
567.34777944
1850.58533585
1778.39063182
727.74936915
1146.17262888
441.70620969
2120.08047973
515.95722551
441.30539795
311.70895903
1880.72629850
534.89318122
1533.27802303
577.20175210
2507.66844808
2282.23307585
2551.33069398
461.37588942
1694.51873485
513.97113858
2600.00000000
2165.51603767
1205.62059643
472.86650774
2587.06344730
573.33177144
1638.74510763
1859.96019427
820.33843929
307.51375316
243.14410108
208.62065965
1419.56783146
1496.92029274
1222.20386897
1070.34155498
1371.44745615
811.78013097
452.92504787
636.74923954
246.83847282
344.30728314
215.08248596
262.72340483
247.22515696
1450.36666223
1863.15262607
2388.79781939
2495.45498274
2600.00000000
911.82754810
1251.57836705
355.66733646
322.13769835
608.34258912
1481.58416868
621.70200810
1061.22506805
389.26482604
1901.05210657
505.82191148
433.21440631
2166.77154425
1697.27010043
355.56811577
1448.27403186
612.90574839
461.69536676
350.96629392
334.69259602
230.92781907
429.00413841
1558.49666418
1873.03878071
1382.78329244
2525.76979941
2600.00000000
1637.56968423
1339.20745194
1528.37430478
774.59908159
1511.13293881
686.90045782
1202.36218173
516.99447046
805.05881669
1202.67576754
664.11964227
2089.12068568
334.50766483
2538.32882252
2084.04921832
657.41431136
1203.67503318
1191.81589119
1237.76648720
1023.44578833
589.86302095
1210.36321800
937.28823326
1368.10155951
2490.18013726
1790.62739933
1926.33180007
284.31338170
291.53092087
1676.54973071
1622.38181764
818.54130713
322.18306840
2031.41265581
1954.45810389
2398.72949484
1672.83476827
2600.00000000
617.08955479
1808.76575033
2178.91814493
1774.40265869
2355.70788096
2161.76935173
2129.43157220
1000.82769281
1267.81570462
1540.53170783
826.02987803
2228.87443166
2252.35690394
1550.74387412
893.84343211
538.11904389
1735.59927263
1309.01849009
420.23177899
457.22520110
245.40681114
509.68933554
1292.80393532
1688.26258905
2124.76944051
2053.58835704
970.54020259
1029.99006511
438.02631634
255.81732246
324.74630126
2294.07303673
2367.19704934
727.39957647
693.08461808
280.48513039
1470.71976605
2600.00000000
229.69586610
2093.17356770
2600.00000000
322.93163412
1953.94267198
432.82561122
649.98801911
304.64009282
518.66700211
1658.53310686
1210.26218418
1087.00218060
2388.32360194
2061.16217537
1723.88557174
453.65429181
451.02224243
261.05295411
250.30076476
228.45004144
282.79714474
299.76966599
353.77529685
414.22389729
219.92937412
285.25271266
240.30485343
2600.00000000
1805.84332001
1276.65570706
787.70066915
1207.88540218
1923.26454540
1548.18978576
1787.30022016
429.72792481
531.35286456
2133.08241114
1843.60114786
1809.14100947
1714.47170792
1783.80925609
2082.91960426
334.82907353
310.30771912
372.16978379
820.46520973
2454.91430767
1890.22131977
1470.39677859
866.08478682
512.49397351
338.83493946
1491.79522450
313.02684165
263.93961975
221.27418650
1640.95566621
2423.56866567
2026.09512736
1357.59028650
2153.04019021
2414.04660841
1480.41986323
2600.00000000
2600.00000000
1803.24205884
2002.42232119
2039.87655182
1755.92961333
587.62215731
505.48562253
798.86807243
420.21082649
626.16158007
2461.24263409
1190.54664536
407.57289811
958.56760754
366.34467977
631.60186298
2462.46125086
1708.34806302
741.57338680
926.64951937
2138.91422385
981.08159465
440.36353723
404.53920787
389.54878629
807.87774881
1298.89291280
667.99390032
518.79639106
1158.31785498
1799.86899183
2023.34451984
323.02280057
1226.21608003
2537.87524696
1414.95948527
690.34630861
2033.75848107
428.85902477
333.36097938
1708.97901488
383.53279927
1508.99050401
1377.56951677
2353.59073568
2600.00000000
2186.68526869
1697.87998731
2506.17803524
1700.84962326
1185.44442529
1047.15724160
2222.76006531
1000.06542236
456.31860010
899.70933292
1653.24791173
612.83634284
748.37832895
1229.23896817
1428.21241722
1971.06215503
1784.22220978
1153.39620964
1549.12480003
491.42333649
403.38230484
403.91169252
297.71034838
1318.50111445
435.58627324
407.16281503
1034.97470078
847.75393424
496.18127916
401.99243597
2600.00000000
1541.97045812
940.17812774
644.17230874
419.10746129
403.55866440
424.50466561
351.36334819
603.57512967
315.41013713
905.95176899
1159.76313924
597.98060792
350.29337027
400.87974628
1667.15352440
1997.66551783
1541.78616661
1645.72727628
2190.13180800
1554.22970852
2055.35323918
375.75074734
2118.87681943
816.57767883
1465.55978841
1800.37029917
1674.59520406
