21.30450641
18.79487562
19.59653462
18.24957974
18.24712433
18.48829119
18.44672979
18.24957974
18.24712433
19.05812020
20.59956477
18.48579952
18.24957974
52.85749864
60.53848930
41.33082365
126.14132207
19.25832762
52.59237650
71.66644875
18.24957974
18.24957974
72.63698993
261.59737293
33.98819963
20.41553129
94.97863826
18.40155517
18.24957974
18.24712433
18.69263901
151.87538581
18.67120846
44.48099191
26.69200702
34.96355100
31.78776736
52.93148933
85.73079339
214.59925571
24.32391959
105.82843052
313.61997579
25.03231962
29.51342777
224.49643055
52.03703248
18.24957974
65.68410167
53.03274344
36.54288006
24.82402251
24.43626049
19.58563347
19.94705754
18.94556684
19.15144944
19.10381625
19.00329210
21.18095078
24.48467262
19.56570980
19.45086028
19.16441618
19.29933025
18.98608223
29.09443995
38.98482733
19.26876491
20.97657421
19.31476406
23.65318932
29.66759015
18.86100335
18.24957974
18.24712433
18.24957974
18.24957974
38.36697598
18.24957974
18.24957974
18.24957974
158.41556597
133.74575646
18.24957974
77.73055849
22.32296177
18.24957974
87.49783843
26.64526790
18.84062860
43.58648344
44.02815561
31.36017237
50.78974450
119.77207753
50.34605044
144.13565759
24.73991785
37.22063500
19.18310552
19.49417116
19.39371729
29.74851455
19.42081710
23.16228079
20.93676012
19.17946988
19.67730629
19.59653462
19.72894782
19.70939732
19.16441618
27.62771500
65.73069492
21.68646530
21.68765477
21.44235682
19.14393323
136.71289604
18.24957974
18.63018943
18.24712433
70.28351805
176.70679748
21.90773239
21.35064093
147.00081202
19.68345257
18.65483902
49.18787619
21.68706002
21.97006632
21.40391865
19.66368518
37.95922498
19.15456057
19.64074000
26.25107430
23.15270273
19.79767887
19.09399547
19.28600025
38.62354476
19.57712995
21.69776817
18.24957974
18.24957974
18.24957974
18.24957974
52.73098876
47.49120304
21.36672604
27.34935676
76.21212441
61.17395176
32.25875629
19.68238349
18.24712433
19.14730216
24.40550589
25.33120219
20.90474005
23.69470867
19.18180699
19.86640579
22.05893024
21.30013222
91.76540244
21.46704388
19.20883662
56.66382537
20.10288418
19.38294172
19.53971019
26.31390658
27.90086168
30.57035658
22.99939854
93.22721098
51.10225173
18.85234106
24.90808598
19.44084013
18.24712433
19.53838472
19.83403079
20.30758674
20.18102766
18.24712433
18.24712433
43.83431612
42.48382157
29.32239782
21.75915349
18.24712433
43.36120496
55.93985292
23.53299639
18.27636803
18.56847516
22.26290525
23.52715011
45.47880168
21.04781587
18.24957974
19.98697576
319.61407763
19.14160128
18.43753582
18.24957974
18.24957974
18.24957974
18.24957974
113.03367453
18.24957974
18.24957974
18.24957974
18.24957974
276.20765305
18.24957974
18.24957974
18.24957974
71.50567241
128.51206345
34.84132968
24.20978542
23.42929467
26.44739931
19.35327774
21.86298309
18.64376733
18.72091913
20.61503009
18.31453796
18.67524034
18.91511603
18.92611293
19.65087489
19.94705754
19.59972648
19.59866246
19.23408531
19.66288427
19.96116817
46.46579062
108.34287208
19.84994118
19.69762386
19.30403742
19.37952647
22.40259167
23.42509217
21.94023041
39.51226620
38.44064713
31.62274453
18.24957974
18.24957974
26.57827706
19.08314751
18.74570365
20.80132976
18.27784390
18.68154211
18.58250369
18.24712433
18.38248038
18.26653231
18.24712433
143.47818274
18.24957974
304.70339209
128.63243847
18.24957974
75.32134266
76.57353629
44.74998235
26.58641015
44.77871734
33.26633230
18.50324918
18.50923619
18.53720442
24.66192119
18.46513322
22.74610950
34.86036794
26.20186886
48.42834074
29.72317532
38.41374365
24.85602749
24.99695528
20.58692083
18.77610224
18.92585711
18.64552824
18.76773712
96.04309075
18.95402091
179.09713743
44.72126519
30.33282842
22.44514557
28.75854197
19.87775090
18.67196436
34.69377240
21.20240749
20.34858119
22.32848596
24.38018973
42.25759060
19.94895641
20.97485390
21.88399386
18.82332947
18.97940848
19.11855801
20.09221693
21.45792957
24.45588387
22.14483829
19.82109718
21.86058326
21.31588390
189.72693414
18.24957974
18.54920537
18.49601778
18.66163668
36.03002704
20.19009753
70.56408610
18.24957974
173.21230962
252.15314413
80.45841309
18.24957974
34.30479125
19.79041736
20.36134131
18.24957974
145.53595202
120.87518659
147.21564493
78.13714135
86.00866228
126.39749491
309.63822550
18.24957974
200.69430204
46.86436874
74.35867691
136.84119694
33.38579284
76.95197890
62.21919240
65.85179920
60.10035761
18.88165797
18.24957974
20.66178480
18.24957974
27.54930903
18.24712433
18.24957974
18.24957974
20.46513595
20.26613135
20.04579177
23.77075689
48.69245558
18.24957974
174.43119198
77.35181463
136.69264693
18.24957974
18.24712433
18.90310435
18.97299388
18.24712433
18.24957974
18.24712433
18.36342789
22.99052659
19.49813788
50.23919196
25.34174540
34.94739316
19.44453110
168.12596713
177.08759096
195.24959238
18.24957974
85.33811796
101.08972246
18.70071414
23.90348006
20.13739047
22.40351582
25.54578707
19.83025752
25.47110054
22.73859507
28.84535863
24.60938731
21.92999390
36.11592843
62.44970139
19.02154849
18.24712433
22.48098323
23.73958488
24.75671451
24.27215255
20.01990003
