0.21361635
0.09931117
0.09440424
0.17472570
0.13503168
0.16341615
0.21040379
0.22255598
0.26659917
0.19151336
0.24336150
0.23439697
0.31791204
0.18392387
0.16183908
0.24761778
0.21390936
0.19233302
0.29350712
0.06031108
0.12117506
0.11648597
0.14242200
0.12178214
0.16769542
0.16857636
0.17803689
0.17409468
0.17068487
0.09965761
0.04168225
0.10951983
0.04480662
0.05639778
0.07210629
0.06383225
0.07450647
0.06311783
0.04983210
0.01290375
0.11007329
0.17007491
0.08148161
0.11990536
0.12257499
0.24010106
0.23347677
0.11605794
0.23019431
0.02460397
0.01104152
0.13146770
0.03662814
0.04765847
0.15189594
0.12731292
0.15850970
0.16743209
0.18019232
0.16892873
0.16741773
0.22083049
0.18877479
0.08870513
0.09010027
0.23360029
0.23917129
0.28033227
0.22184165
0.13166112
0.18788906
0.14808013
0.13868279
0.02421349
0.07036644
0.05398927
0.19563080
0.24373877
0.14823142
0.08698720
0.20940124
0.13686154
0.14056245
0.10067548
0.09143805
0.11898228
0.19515299
0.23429164
0.31889831
0.17477262
0.14903672
0.11271133
0.05574847
0.22792589
0.10666540
0.18509303
0.24257057
0.14280598
0.11231203
0.17818914
0.20565437
0.12916768
0.11653097
0.17987155
0.21345644
0.13512552
0.26575845
0.14274852
0.11316712
0.06315144
0.03583625
0.13423021
0.10837653
0.16161022
0.25484149
0.26507668
0.23652463
0.17573400
0.24971289
0.20956211
0.19841726
0.17827340
0.22811453
0.13831414
0.17395680
0.17331333
0.13940765
0.15258442
0.07522042
0.20865436
0.18245787
0.21135463
0.14909513
0.12196024
0.17594562
0.14032594
0.10753772
0.19025132
0.12039562
0.07029280
0.11781695
0.20992311
0.26968151
0.24737265
0.32833682
0.17284222
0.15259112
0.06497202
0.11773077
0.11909527
0.09979147
0.18590503
0.14035371
0.17989836
0.16265586
0.16347839
0.18854785
0.12999595
0.19955003
0.15206734
0.16387673
0.04781350
0.07258832
0.21070255
0.17127855
0.11041801
