0.00675920
0.00525877
0.00369810
0.00463151
0.00539859
0.00521546
0.00590841
0.00369300
0.00369629
0.01813435
0.02261964
0.01629760
0.00669018
0.00369751
0.02264044
0.02717381
0.00910403
0.00371992
0.00398323
0.01042675
0.01256836
0.03337581
0.00626286
0.00369347
0.00620960
0.06461565
0.00573140
0.00454343
0.10278241
0.14385308
0.12405485
0.08871113
0.02782133
0.14568906
0.07062119
0.09367021
0.04208260
0.01847001
0.04971731
0.06989086
0.04947954
0.02632034
0.05072410
0.01853840
0.00936482
0.00877076
0.01358029
0.00508572
0.00725451
0.00612521
0.00397811
0.00764336
0.00742302
0.00369281
0.00369540
0.00369196
0.00369398
0.00369646
0.00369019
0.00369002
0.00369051
0.00369235
0.00388895
0.02458805
0.04968277
0.00369549
0.00369338
0.00368997
0.00369490
0.01347872
0.01219783
0.01286224
0.00874284
0.01219904
0.00785436
0.00878722
0.01512143
0.00907752
0.00817287
0.00734874
0.00927175
0.00777057
0.03913797
0.04024372
0.06711561
0.00953933
0.01038782
0.00711301
0.00930962
0.01347794
0.01352699
0.01626655
0.00942732
0.00951541
0.00733848
0.00911064
0.00628456
0.01383866
0.01119057
0.14251043
0.09368395
0.01873361
0.01470761
0.02923334
0.05281923
0.03883113
0.00974481
0.13418950
0.02502045
0.06111084
0.01602955
0.01981905
0.02623337
0.03749129
0.01246502
0.00961574
0.00808005
0.00748791
0.00535996
0.01442582
0.09535442
0.19360935
0.21272175
0.14618917
0.05171029
0.00591741
0.01036940
0.01168167
0.01527871
0.01498242
0.01419386
0.03911823
0.02324744
0.00976443
0.01636115
0.00830915
0.01414443
0.01189114
0.01495621
0.03056041
0.00369064
0.00838922
0.00527388
0.00369722
0.00369540
0.00427952
0.00518771
0.00368983
0.00369820
0.00369424
0.00416771
0.00986192
0.01033624
0.01900659
0.01071999
0.01471873
0.00370960
0.04933831
0.04663309
0.03835008
0.08896312
0.03022098
0.03940795
0.00635452
0.00949828
0.00447455
0.00558366
0.00783148
0.00369723
0.00850244
0.00548286
0.01274549
0.00746448
0.00792874
0.01547808
0.03000604
0.00369085
0.00369345
0.00635228
0.01115499
0.00741743
0.01016921
0.00565579
0.04519255
0.00856911
0.00730812
0.03485427
0.01125405
0.00369895
0.00395958
0.01838895
0.07360945
0.00618967
0.01080387
0.00629752
0.00445029
0.05434286
0.08162905
0.04165833
0.03182238
0.04679047
0.01460816
0.02847186
0.03890049
0.09508154
0.00740154
0.00417012
0.00575723
0.00384130
0.03406009
0.06175827
0.00369535
0.04188991
0.15074333
0.00377210
0.00770765
0.00859559
0.00586135
0.04634396
0.04010587
0.00783385
0.14114554
0.01389776
0.01141289
0.01034055
0.00973892
0.00869807
0.00438944
0.05120360
0.00565327
0.00441787
0.00369285
0.00387444
0.01197801
0.01524776
0.02276803
0.00609615
0.00508933
0.00480801
0.01517598
0.00369379
0.00369751
0.00388048
0.01128185
0.01793218
0.03656827
0.02040815
0.01788856
0.00564593
0.04244022
0.01584025
0.01072356
0.02036645
0.02191514
0.00672526
0.00531866
0.00370684
0.05199777
0.00711829
0.00695923
0.00530678
0.00638659
0.00476947
0.00945824
0.00466935
0.00779640
0.00639038
0.00593649
0.00432108
0.05682705
0.02626888
0.14082148
0.10776413
0.02459608
0.07580595
0.02064359
0.05641980
0.00729818
0.00514905
0.00940889
0.00919623
0.00402431
0.00857248
0.01668820
0.01943057
0.10959334
0.16146999
0.07113852
0.06751047
0.07534531
0.00625506
0.00385361
0.01307853
0.07759725
0.00940874
0.03998554
0.01496327
0.00986807
0.00448535
0.01049540
0.00420218
0.00369316
0.00369576
0.03432292
0.05056729
0.01261962
0.01546425
0.01334616
0.00407749
0.00459205
0.00695239
0.00369208
0.00369314
0.00373208
0.00369015
0.00424404
0.00524185
0.00382686
0.00618355
0.01111936
0.00391432
0.00422480
0.00393674
0.00369797
0.00369623
0.00412786
0.00425873
0.00369285
0.00450053
0.02036762
0.00752678
0.00385137
0.00431115
0.00370067
0.00369198
0.00401727
0.00369443
0.00369190
0.00369130
0.00373002
0.00478512
0.00410606
0.00369689
0.00389578
0.00418025
0.00492113
0.00369268
0.00395887
0.00375037
0.00369046
0.00369064
0.00369408
0.00373477
0.00372756
0.00406057
0.01873042
0.06165535
0.01851238
0.05090431
0.09293050
0.03853832
0.00623644
0.00652887
0.00479489
0.00839874
0.00450120
0.01100753
0.00464591
0.00387493
0.00573063
0.00406181
0.00539865
0.01307701
0.00949622
0.00533898
0.01079693
0.01309909
0.00402803
0.00506876
0.00455404
0.00809518
0.00479738
0.00384870
0.00487881
0.00690969
0.00570379
0.00370731
0.00376327
0.00369184
0.00439390
0.00408137
0.00383232
0.00375177
0.00432670
0.00541875
0.00725120
0.00535718
0.00486420
0.00397074
0.00393772
0.00372573
0.00394081
0.00369197
0.00369535
0.06461933
0.05697872
0.02535524
0.03286477
0.01764073
0.00375299
0.01090085
0.01252171
0.00502778
0.04852730
0.01532882
0.01928547
0.02571663
0.05015115
0.02612310
0.00635608
0.01092977
0.01897873
0.00469900
0.00395019
0.00747638
0.00674070
0.00391812
0.10930315
0.02657997
0.00948696
0.00502118
0.00396243
0.02619178
0.02649146
0.00756743
0.00791942
0.00598998
0.00914536
0.00798016
0.00401861
0.00518248
0.00611547
0.00390923
0.00433484
0.00863255
0.02342929
0.04064061
0.01386981
0.00635991
0.00544999
0.00404370
0.01113823
0.02845503
0.00371538
0.00369219
0.00369743
0.00369481
0.00369013
0.00388442
0.00527455
0.00468697
0.01294329
0.02434912
0.01411551
0.00769722
0.01157417
0.00910395
0.01707600
0.00482996
0.00720750
0.00961498
0.00456952
0.00384730
0.00371300
0.01069904
0.00369801
0.00790768
0.00584330
0.00368990
0.03122864
0.00752044
0.00369586
0.01188371
0.03708414
0.01501947
0.00977251
0.01608266
0.01136407
0.01865651
0.00921664
0.01750598
0.03755030
0.00991462
0.05694951
0.03310119
0.00587911
0.00520076
0.01738709
0.00900757
0.00573761
0.01061398
0.00369906
0.00369693
0.00396723
0.00398410
0.00450066
0.00369507
0.00369702
0.00369297
0.07690280
0.00369837
0.00511073
0.00772893
0.02375267
0.02904897
0.06816718
0.06772047
0.12092845
0.00423302
0.00369846
0.00369485
0.00369793
0.00369097
0.00369732
0.00606094
0.00723153
0.01589355
0.10732884
0.12517888
0.08485431
0.00748454
0.01679683
0.00748277
0.02226938
0.04789419
0.04379670
0.02146321
0.03218842
0.10699027
0.10477510
0.14141252
0.18342536
0.00434638
0.00383568
0.00448700
0.00473683
0.03440495
0.02306635
0.00450913
0.04989394
0.20531398
0.07616367
0.00393754
0.04352053
0.04805844
0.06797362
0.01700771
0.01033852
0.00694120
0.01487708
0.03175070
0.01475249
0.01434921
0.01260439
0.00597416
0.01279688
0.00448795
0.00443798
0.01389505
0.00609142
0.00370147
0.01815699
0.04142975
0.00384261
0.00374251
0.00369097
0.00369441
0.00369887
0.01136905
0.01822480
0.02149039
0.00791309
0.00616917
0.01386303
0.00632248
0.01032199
0.00596447
0.01465963
0.00947889
0.00791342
0.01529351
0.02193623
0.01322534
0.02043494
0.01710144
0.00805282
0.00944079
0.02804585
0.01919425
0.03453089
0.05518472
0.11458184
0.04550306
0.04628553
0.01032265
0.00572602
0.00971140
0.00874809
0.00396653
0.00444388
0.00505219
0.00435774
0.00888404
0.01084188
0.04478124
0.06111220
0.04812064
0.01727759
0.03057047
0.04436800
0.03477446
0.04549503
0.00507969
0.04476132
0.04162312
0.02048592
0.00791300
0.00681824
0.00368991
0.00369114
0.01015648
0.00844686
0.00527508
0.00371152
0.00695503
0.00772904
0.00534846
0.00411630
0.00369104
0.00369930
0.00532660
0.00640566
0.00385903
0.00550871
0.00369682
0.06471268
0.09318288
0.01302997
0.02847302
0.05700823
0.00882408
0.00521061
0.01136086
0.00611503
0.00775068
0.00562792
0.00777738
0.01768203
0.02437679
0.00429406
0.00742607
0.01235328
0.00438971
0.00577965
0.00369345
0.00552074
0.00369382
0.00847394
0.00528399
0.00523540
0.00678962
0.00851139
0.01019675
0.01394748
0.01243618
0.00661629
0.00578582
0.00430697
0.01245907
0.02046938
0.00857463
0.00799142
0.01852051
0.00369730
0.00385019
0.01568131
0.06785435
0.11104336
0.10408056
0.03585148
0.06359358
0.15495022
0.06986639
0.07541902
0.02012472
0.04287600
0.00818612
0.01210758
0.05374573
0.00661148
0.00742849
0.00688744
0.00634115
0.00711402
0.01031150
0.00578705
0.00369679
0.16584520
0.04416128
0.11747510
0.17676630
0.00419858
0.00422449
0.00696791
0.02187210
0.00844963
0.00369148
0.00369252
0.00369888
0.00369507
0.00391014
0.03110318
0.00835931
0.03719123
0.00370254
0.00556417
0.00563725
0.00659898
0.00597941
0.00509921
0.00536133
0.00490803
0.00686311
0.01079821
0.01163137
0.00677901
0.00782217
0.01054889
0.00380675
0.00576464
0.03020134
0.00915288
0.01284940
0.01220542
0.00848625
0.00471708
0.00398227
0.00369554
0.00369435
0.00369635
0.00369237
0.00369826
0.00369560
0.00685594
0.00515114
0.00542130
0.00544233
0.00478144
0.00534792
0.00447430
0.03504570
0.08726411
0.05298435
0.07451835
0.02211238
0.01764266
0.07663621
0.07029617
0.02886295
0.06107960
0.01142184
0.00555543
0.00700853
0.01278188
0.02203199
0.00867585
0.00799491
0.00443132
0.00376136
0.00418667
0.00478017
0.00371055
0.01989991
0.00885674
0.00369032
0.00369159
0.00632035
0.00457898
0.00669458
0.00701620
0.07682290
0.00535943
0.00416595
0.00369755
0.00369245
0.00369279
0.01257691
0.07119027
0.01766327
0.00439297
0.00369766
0.05510995
0.00550573
0.00469209
0.00373973
0.00404516
0.00375458
0.00520201
0.00459267
0.00550326
0.01154502
0.00401640
0.00528126
0.00467482
0.00730413
0.00552007
0.00382904
0.01776783
0.01026839
0.01359760
0.01354430
0.00561431
0.00981989
0.01129864
0.00664633
0.00844313
0.01619535
0.00820064
0.00622934
0.00685965
0.00722612
0.00792238
0.04483193
0.07299133
0.02423188
0.03898078
0.02010199
0.11185785
0.02189831
0.01197922
0.02171249
0.04242145
0.03404317
0.10861731
0.11061290
0.07137744
0.03914242
0.02459715
0.00785920
0.00429729
0.01536210
0.05717354
0.00432497
0.00690233
0.00496644
0.00616325
0.00857197
0.00786331
0.00468646
0.01463186
0.04154583
0.00991130
0.01681705
0.00609175
0.00554126
0.00721895
0.00376211
0.00369477
0.00555228
0.00568334
0.00546773
0.00615976
0.00660626
0.00389769
0.00578579
0.03708492
0.01763812
0.03529101
0.01877375
0.03336623
0.02024699
0.04985786
0.03403107
0.03256171
0.12094006
0.15456910
0.03257709
0.00643815
0.02647434
0.05378965
0.00709491
0.00722882
0.00883628
0.00557183
0.00466013
0.00380974
0.00385778
0.00744866
0.00473657
0.00397708
0.00459948
0.00675853
0.00801948
0.08625345
0.06689254
0.06830803
0.10397996
0.03762043
0.14341875
0.02167428
0.01816773
0.01628937
0.06141603
0.03399219
0.00821783
0.00411212
0.00463792
0.15633834
0.02472280
0.00387001
0.00369333
0.00369421
0.00369598
0.00369907
0.00369312
0.00369874
0.00369709
0.00369736
0.00659563
0.00395695
0.00382126
0.00369603
0.00369472
0.09827129
0.06212489
0.04315198
0.05824282
0.11255142
0.00378462
0.00418609
0.00426406
0.00450605
0.00830981
0.00624600
0.00904989
0.03379698
0.01226004
0.01133480
0.05797245
0.13548379
0.00767250
0.03107851
0.01095397
0.00921818
0.00737487
0.02768001
0.00369293
0.00369862
0.00369404
0.00369701
0.00369659
0.00369308
0.00369848
0.00369848
0.00369275
0.00369217
0.07925824
0.06891851
0.03093951
0.03278023
0.01604919
0.01539141
0.01290204
0.02702242
0.09285911
0.09197914
0.04217353
0.04231534
0.00637399
0.01363581
0.03801606
0.01925548
0.00949362
0.06513501
0.01894787
0.07405616
0.01460062
0.04339091
0.05074818
0.09054198
0.02594753
0.00457837
0.00371992
0.01548514
0.04502955
0.04097182
0.04534326
0.02654882
0.01938617
0.00447542
0.09309640
0.00369432
0.00369760
0.00369759
0.00369423
0.00369722
0.00942732
0.08193821
0.07671369
0.07440043
0.11330497
0.13103312
0.02738004
0.11637912
0.03588814
0.00885145
0.00463453
0.01511175
0.00976342
0.06854193
0.05416681
0.04964737
0.07793175
0.05482575
0.02992633
0.03300503
0.05393542
0.14735866
0.06592841
0.05112960
0.03403862
0.00737066
0.01963293
0.00476698
0.00830163
0.00369697
0.00369825
0.00369468
0.00424802
0.00421169
0.00369478
0.06856534
0.06288685
0.13180215
0.08179950
0.08987588
0.04149921
0.02637141
0.07922042
0.07420571
0.12203701
0.04721755
0.05068018
0.01388432
0.01834958
0.02117901
0.05535884
0.01020779
0.03111769
0.09963377
0.02563054
0.01017659
0.02841682
0.02467840
0.01384030
0.00535364
0.01447893
0.05834845
0.13312738
0.07754278
0.06945015
0.05639397
0.09979918
0.08819496
0.07448875
0.10533421
0.01893114
0.00812190
0.00384285
0.00369214
0.00846000
0.00372753
0.00369264
0.00573114
0.01080138
0.00377681
0.00369040
0.00369080
0.00369690
0.00369400
0.00444410
0.00592292
0.00440178
0.00369825
0.01030520
0.03292494
0.00993158
0.00754642
0.00369275
0.02408930
0.00393049
0.00406491
0.00548407
0.00369478
0.00369456
0.00525606
0.01187432
0.00701143
0.00620240
0.00635805
0.00405824
0.00369304
0.00369344
0.01337686
0.00493986
0.00736372
0.00717007
0.00580412
0.08677483
0.05149322
0.07384190
0.01306455
0.01118407
0.01748151
0.00369168
0.00369431
0.00369763
0.00369129
0.00811846
0.00686198
0.00472108
0.00915272
0.00743186
0.00661063
0.00442450
0.00796086
0.00369010
0.00369403
0.01203497
0.01554647
0.00557534
0.01633107
0.00369394
0.00369365
0.00369287
0.00369698
0.00369301
0.00789144
0.01072559
0.00396598
0.00430537
0.00565141
0.00439793
0.00403269
0.00624426
0.02805417
0.01614224
0.00481526
0.01741815
0.00931218
0.01451946
0.02660260
0.03289224
0.01650190
0.03608209
0.00693185
0.00369682
0.00584595
0.02301596
0.00369781
0.00685158
0.01705646
0.00619206
0.00856900
0.00369238
0.00369099
0.01510266
0.00753695
0.00377962
0.05034974
0.02647511
0.07641962
0.03153547
0.01078818
0.00877552
0.01007089
0.00510565
0.00401894
0.01220700
0.00772027
0.00493162
0.00564651
0.02168472
0.00369266
0.00369458
0.00381445
0.00369792
0.00484605
0.00556611
0.00369556
0.00412248
0.00380929
0.00369862
0.00478162
0.00434709
0.00487849
0.00387600
0.00523642
0.02422289
0.01487302
0.02981364
0.01079949
0.01065674
0.01069195
0.02597829
0.01898270
0.03812228
0.02440204
0.01374299
0.01908813
0.01266601
0.01142165
0.00414882
0.01246332
0.00626254
0.01390357
0.01496104
0.00926222
0.00472665
0.00531177
0.00676159
0.00792527
0.02517715
0.00684427
0.01254838
0.02021023
0.00372327
0.01665386
0.00440016
0.00369161
0.01549211
0.05475117
0.00826691
0.08496245
0.11051424
0.00369934
0.00369201
0.00369337
0.00369579
0.00369203
0.00369654
0.00369694
0.00369865
0.00369608
0.00369682
0.00369433
0.00369585
0.00966465
0.00369567
0.00369606
0.00850932
0.00369387
0.00369059
0.00369688
0.11653583
0.09439232
0.06895962
0.11606765
0.02147781
0.00653555
0.00369844
0.04060811
0.02078589
0.00941592
0.00521907
0.00477956
0.00387067
0.00431009
0.00369439
0.00369792
0.00369065
0.00369213
0.00369291
0.00369731
0.00369809
0.00369396
0.01152850
0.01203383
0.01385888
0.02133504
0.07688587
0.02924833
0.02767324
0.04588806
0.03277210
0.14184491
0.11695952
0.02239987
0.09296194
0.10946469
0.08492560
0.06617624
0.04030640
0.08067324
0.10306487
0.00692607
0.00497889
0.00431694
0.01370343
0.00386623
0.00369428
