2600.00000000
1691.35403089
703.43924180
984.63961378
719.53421888
440.79110515
894.83635989
596.57963764
1285.88281278
2600.00000000
1299.05814317
676.82493344
2499.81929562
2151.64252902
1678.60186505
600.17592391
507.63365755
865.38863363
1492.17229782
865.92951378
993.79755973
981.86891446
1136.12691374
995.85560778
642.50811441
846.38303589
1345.55461597
1366.70240524
1896.61125536
2600.00000000
1004.18085190
1862.96967334
2130.52031158
840.53342076
1606.92644506
771.40833053
1811.89244227
1673.66698531
1796.53500058
1035.35644265
1425.64866820
1900.81830268
2406.62596219
2250.25107005
2380.06474696
1128.55444532
1088.58221629
2288.93155139
1293.07720405
1982.08942085
2345.30297479
2341.51273717
2526.89115497
1852.20395558
2499.89470894
2364.24168729
2600.00000000
2037.04205051
1844.01052350
2513.77551245
2258.80414868
2066.49760452
2600.00000000
900.69952152
1467.43283427
1065.75569353
1621.91646221
1081.67329054
813.07040150
2131.35755533
1833.22823895
1923.14606712
2597.89891560
1764.88928042
1700.91810673
1635.09270026
1457.72448393
2427.82996041
2205.02002144
1515.26843446
1807.61840313
1755.08643938
2305.09490167
2363.07145379
2571.13445407
1292.90891412
1547.03486860
948.28007239
543.89804764
2349.53032263
1387.85589680
1703.37112987
1944.41952901
1814.85296522
1519.78791644
1015.21353976
794.82560214
629.98624768
1868.03743268
2147.98245833
1523.67706449
1109.59055982
1335.58526478
1218.65265490
1651.18431397
1255.90243576
2377.55640626
2378.43810661
1323.66512968
2582.64143864
1728.08872549
1825.92367714
2572.89947520
1110.09395557
2134.38771073
2006.42698352
540.83889877
395.38029350
1571.66610504
1960.51814616
1214.27707223
2065.23876005
1921.77371570
2450.11431365
893.10823684
757.44558505
1844.58491529
1648.03050054
2111.92949956
2229.59578999
2502.41620006
1947.24259485
2211.51025366
2421.19988744
2291.37196136
1973.84175321
1973.05413853
2600.00000000
2329.08814060
2600.00000000
2294.77992577
1446.27410835
1950.19421441
1491.79330699
1493.01879888
416.55746229
497.59827976
504.34325453
2528.64600260
2600.00000000
1704.91529027
829.33050887
2471.05289400
1997.20097785
1991.60280767
1729.13414259
1110.72570738
2174.85744581
2219.02595250
2079.21112831
2578.91170383
1731.50880475
1914.45950684
1727.32855406
535.45131636
2519.60917356
1741.83093200
1998.16625509
2600.00000000
1467.93154808
1115.50896402
1986.61345713
2311.75899258
1152.68557602
1204.40981958
2600.00000000
2526.97517055
1553.04578805
2600.00000000
1755.60993754
1061.75307811
1576.70935678
500.53830126
1398.96298577
886.52880622
870.73659434
2600.00000000
2600.00000000
2485.38015266
2014.23813267
2583.15668162
2363.57978012
2347.06416622
2540.41647502
2515.53661445
927.04903990
1310.07239106
1391.86321875
1307.94113814
1540.32825128
960.13982581
2428.14913137
2239.14272033
2442.33443626
1850.05834845
1363.59298883
1430.60005604
1082.41543415
1354.37943303
2464.96453209
1930.69804488
988.83825162
1052.65715701
2233.55581104
2397.51648295
2244.90421415
2600.00000000
1978.81646845
2088.77465221
1731.85376157
644.70047327
1295.05233503
1363.39927255
949.18683204
2381.22888978
1927.86286031
2548.40485557
2343.90016630
2119.04899342
1557.80906438
2318.06532876
2600.00000000
2600.00000000
2208.72010316
2403.54342825
1979.39768650
1222.93890719
2249.53957498
1326.02180385
1615.59655288
1353.29176229
1738.59555626
2160.70701674
2328.45255353
2212.62487834
1556.54939473
2167.16287021
1810.41710937
1598.40884408
509.81626008
655.18302173
2139.29715639
2153.02783374
889.37711292
