0.25981065
0.24893326
0.29595042
0.31836371
0.29138885
0.23182715
0.23841668
0.29913543
0.31685207
0.26574789
0.25434885
0.16847080
0.23351297
0.17842308
0.17953126
0.17195530
0.27019749
0.22800407
0.14842495
0.24627790
0.22900649
0.30407114
0.31179195
0.28245588
0.23858019
0.24474227
0.15737480
0.14318621
0.17277555
0.24544255
0.15141001
0.25837366
0.12577527
0.20756186
0.17267068
0.22589435
0.24497955
0.25861716
0.18768663
0.16226340
0.20645368
0.20014053
0.23172140
0.24018070
0.25619285
0.28161431
0.26257621
0.26996910
0.22556909
0.23720897
0.28296687
0.25282833
0.22039611
0.22166337
0.21877250
0.24378250
0.25170771
0.27685634
0.19826809
0.15111852
0.14989215
0.05573662
0.07398726
0.20503003
0.23327213
0.25771871
0.25761473
0.27413432
0.25928189
0.22244895
0.13991499
0.09040199
0.17948771
0.23457671
0.11250646
0.25043068
0.19904035
0.18013467
0.23299042
0.27460088
0.25671184
0.13089671
0.24497866
0.23825227
0.20495715
0.25847053
0.28203732
0.26355020
0.27413877
0.23060700
0.29332438
0.25693223
0.16636109
0.27074758
0.20558722
0.16481390
0.26653437
0.18563024
0.19983483
0.19400245
0.21839393
0.14914833
0.18588707
0.13053946
0.27557753
0.19189718
0.23524944
0.22530782
0.23649358
0.24315421
0.28448917
0.23288556
0.20539349
0.16555772
0.26918884
0.25262393
0.19454632
0.21548618
0.22912469
0.16295568
0.21339335
0.23540940
0.30762673
0.29633966
0.17697098
0.18266917
0.22985962
0.23704190
0.22170958
0.20284655
0.21218920
0.21790960
0.21911020
0.22486704
0.18147746
0.23228393
0.21653926
0.21727597
0.18236080
0.18930136
0.18102157
0.21143915
0.19185719
0.21310897
0.29164301
0.27575171
0.15740768
0.23900676
0.25244353
0.29308266
0.15864738
0.24516439
0.18820740
0.11494143
0.22047521
0.30836611
0.12568552
0.24452454
0.29353767
0.25900373
0.20491094
0.19594332
0.28345564
0.28800744
0.30601556
0.27977741
0.11837527
0.21719688
0.24662537
0.24348835
0.23408438
0.24242460
0.13404707
0.20700555
0.21044028
0.23180493
0.24680044
0.27587257
0.28672064
0.27613207
0.26374126
0.22632003
0.11079221
0.19711992
0.23338144
0.20353438
0.25508201
0.29053572
0.14522838
0.13877127
0.12405924
0.13547250
0.24424283
0.24576336
0.23120507
0.20945296
0.22529538
0.21734707
0.25144821
0.25852829
0.19178076
0.25571386
0.20403027
0.21516537
0.25236000
0.26985535
0.28410082
0.22229877
0.25852474
0.13349520
0.17390950
0.28121351
0.20761607
0.18284513
0.27066938
0.26676543
0.22908914
0.19711548
0.24842316
0.26322228
0.28508636
0.13830293
0.32894961
0.25111763
0.26623311
0.18103490
0.09634536
0.12555755
0.18383778
0.22501900
0.23412171
0.21516270
0.14258635
0.19907234
0.23538540
0.24402066
0.25319802
0.16339024
0.15042091
0.15294386
0.20462301
0.15357216
0.14664671
0.09212531
0.21753014
0.16342668
0.22118615
0.21550484
0.21755946
0.23497395
0.20227247
0.22802362
0.21727331
0.20020452
0.10764896
0.22798096
0.25872469
0.25949251
0.20670518
0.24635255
0.23291844
0.25384586
0.16701604
0.28062254
0.25714374
0.20590537
0.18225505
0.21689207
0.25942408
0.22738910
0.22314123
0.26457129
0.27026236
0.29582245
0.32215746
0.21633753
0.24180431
0.25969690
0.18675352
0.25402626
0.25294030
0.19291116
0.16743905
0.27191619
0.23104156
0.22464754
0.22417210
0.23511525
0.14584779
0.15957960
0.25449459
0.21096816
0.22255293
0.25727437
0.23917472
0.23618432
0.23324192
0.20337531
0.14676224
0.25369656
0.24235618
0.17204417
0.18801722
0.27652397
0.22466442
0.27521406
0.26109212
0.15152109
0.20383209
0.16961631
0.23858197
0.22012062
0.25226669
0.25292164
0.25085280
0.26263486
0.25727704
0.21049449
0.21095127
0.20957293
0.23865395
0.23800966
0.21939724
0.22839686
0.20110119
0.24660227
0.21929593
0.23593638
0.30171970
0.29567493
0.23760798
0.25025472
0.22272622
0.20681182
0.22408234
0.28508992
0.23337522
0.30526641
0.23006668
0.33175782
0.16510094
0.26522269
0.24584778
0.25921613
0.27376997
0.27338073
0.08545793
0.17577838
0.21704048
0.16407186
0.20925390
0.19660805
0.22098797
0.23892678
0.19173277
0.17309103
0.18830249
0.23034928
0.18739959
0.17093777
0.13755289
0.05923720
0.11165067
0.14622281
0.16935059
0.25399516
0.26167509
0.19363632
0.13521123
0.22903760
0.20312737
0.22275110
0.22658841
0.24362965
0.27731934
0.21692850
0.10204746
0.21865076
0.19557452
0.30123626
0.23826916
0.23827360
0.26515515
0.26152046
0.26337602
0.20736991
0.27249650
0.29020158
0.31439488
0.28752755
0.27262535
0.21182306
0.25390274
0.23409682
0.25210406
0.20504602
0.16798025
0.26835793
0.27027569
0.28043592
0.25262393
0.31888180
0.33957550
0.30034848
0.19086987
0.21027321
0.28966571
0.28059322
0.29413752
0.27835198
0.20674250
0.16604827
0.21136806
0.24062059
0.19829742
0.19592821
0.25534328
0.26502362
