0.14449234
0.20585298
0.21950926
0.25565089
0.12521121
0.16089184
0.09745697
0.07976671
0.10548983
0.14631770
0.11200900
0.12215503
0.08419314
0.17215367
0.11449123
0.23830080
0.20376982
0.12362490
0.16670553
0.15206035
0.08981392
0.16441645
0.12843923
0.17788197
0.09852146
0.15050557
0.07944785
0.12156632
0.14010732
0.11251758
0.17352409
0.05299812
0.12265906
0.10293121
0.10141617
0.15696496
0.17137548
0.23807253
0.16124542
0.17852926
0.18844622
0.13161984
0.22891381
0.24557351
0.21627118
0.15314903
0.06721211
0.11010806
0.07358275
0.06095146
0.06101212
0.04994518
0.06378344
0.15465752
0.19330534
0.19479867
0.13392249
0.12282388
0.08538685
0.12133621
0.17935215
0.16162454
0.25862798
0.06702559
0.18304517
0.21103056
0.08251776
0.20389034
0.11519919
0.12349623
0.10523721
0.11646289
0.21042157
0.09540071
0.14437900
0.21067379
0.19051183
0.14936422
0.09177241
0.06680634
0.06611578
0.07357413
0.06682525
0.07773918
0.07985147
0.08175249
0.09624490
0.06150377
0.08583812
0.06416567
0.22258292
0.17371964
0.14334859
0.11324956
0.15754042
0.16855962
0.15727304
0.16152078
0.08648741
0.09266626
0.18402849
0.19285758
0.18402689
0.10366718
0.18316250
0.20969925
0.08909695
0.07174055
0.07537060
0.09216271
0.21491194
0.17529358
0.20648751
0.15726985
0.12829397
0.10662575
0.13829234
0.05662120
0.05040719
0.05387184
0.19047351
0.23937670
0.16901058
0.14362954
0.21992988
0.23180789
0.14448036
0.24092830
0.29003422
0.19955083
0.19081273
0.18138503
0.19486172
0.10551776
0.10522979
0.13761631
0.12205726
0.11812535
0.19403564
0.11360537
0.08099010
0.12350653
0.08279862
0.10275490
0.21199551
0.19027238
0.11490188
0.11903157
0.20868161
0.12728743
0.09616477
0.07926523
0.08681010
0.11012594
0.11393604
0.09136855
0.09544859
0.13711587
0.15645973
0.19888198
0.08145766
0.13526018
0.28671792
0.15985265
0.10468306
0.09011044
0.19268198
0.15055425
0.20547147
0.25006308
0.17893632
0.13629299
0.23569645
0.21378815
0.17521137
0.16562404
0.08489064
0.08612466
0.08586231
0.07493529
0.14908806
0.10113043
0.10962095
0.13044816
0.13392409
0.11491002
0.10396537
0.22467087
0.16126138
0.14617962
0.12999322
0.10790526
0.09873680
0.08930774
0.07369250
0.08601300
0.08915146
0.11361463
0.14180498
0.13267419
0.09151429
0.07893512
0.13766420
0.17002981
0.12826284
0.14017357
0.18435493
0.17541410
0.17771595
0.09945185
0.19792261
0.14243791
0.16214333
0.17150079
0.16358319
