1056.36656894
1235.62438298
2097.30037650
491.68720446
1738.34985469
1668.21284801
647.51701940
1054.01435676
369.62667753
2000.16383341
441.76138688
369.23728974
243.33461553
1767.63173799
460.15762896
1430.08645205
501.26031867
2376.70474853
2157.69474747
2419.12253075
388.73573098
1586.73147238
439.83190751
2593.84469580
2044.30438462
1111.76793513
399.89884308
2453.83682720
497.50064040
1532.54750810
1747.45751038
737.46711086
239.25898165
176.72399687
143.18454444
1319.61723450
1394.76499175
1127.87855033
980.34462423
1272.86838873
729.15273191
380.52575578
559.11058040
180.31307142
275.00382044
149.46219542
195.74525025
180.68873427
1349.53823533
1750.55895132
2261.22217693
2364.83939204
2500.92067706
826.34859214
1156.41581488
286.04008891
253.46611436
531.51357786
1379.86597872
544.49222596
971.48797590
318.67998103
1787.37821878
431.91495013
361.37690799
2045.52410668
1589.40441839
285.94369622
1347.50524923
535.94667772
389.04610256
281.47303574
265.66317166
164.85590399
357.28664137
1454.58631013
1760.16333024
1283.88113041
2394.29017417
2569.36629735
1531.40558668
1241.54729086
1425.32249984
693.03141880
1408.57254821
607.83238594
1108.60239194
442.76906822
722.62298889
1108.90703991
585.70087043
1970.08645708
265.48351139
2406.49123932
1965.15953696
579.18665523
1109.87782442
1098.35669234
1142.99760198
934.78548325
513.56071535
1116.37538224
851.08359548
1269.61785701
2359.71489050
1680.10084251
1811.93738909
216.71986842
223.73169291
1569.27462177
1516.65060549
735.72120066
253.51019127
1914.02322459
1839.26203547
2270.87077922
1565.66554339
2528.87002471
540.01123704
1697.72221325
2057.32450429
1664.33854031
2229.07536971
2040.66448692
2009.24840053
912.81204992
1172.19035499
1437.13339193
742.99633190
2105.85693423
2128.67010783
1447.05449050
808.87706039
463.29154792
1626.64113045
1212.21877643
348.76431222
384.70334581
178.92221504
435.67214465
1196.46636978
1580.65363959
2004.71914917
1935.56687280
883.38781538
941.14323470
366.05166870
189.03600541
256.00036673
2169.19724514
2240.23707319
647.17719653
613.84028493
213.00073015
1369.31123389
2551.62112800
163.65906421
1974.02382364
2600.00000000
254.23742133
1838.76129443
360.99919435
571.97202756
236.46722653
444.39392928
1551.77150870
1116.27722809
996.53038780
2260.76147565
1942.92482174
1615.26129410
381.23421476
378.67718420
194.12241081
183.67668093
162.44874811
215.24684734
231.73561687
284.20197632
342.92766748
154.17093731
217.63242652
173.96567361
2477.36593580
1694.88307820
1180.77839919
705.75958420
1113.96818926
1808.95755747
1444.57319890
1676.86849478
357.98979837
456.71821859
2012.79518307
1731.56473040
1698.08677673
1606.11574473
1673.47703036
1964.06211921
265.79575928
241.97331384
302.07218259
737.59026808
2325.45420949
1776.85613165
1368.99745223
781.90959352
438.39684468
269.68744980
1389.78599848
244.61493580
196.92680055
155.47741978
1534.69506122
2295.00198267
1908.85725663
1259.40617687
2032.18412444
2285.75132360
1378.73485837
2569.46691244
2600.00000000
1692.35595832
1885.85917406
1922.24588219
1646.39201469
511.38372092
431.58824610
716.60869355
348.74395690
548.82469098
2331.60216561
1097.12362263
336.46623544
871.75646388
296.41310601
554.10991465
2332.78604929
1600.16663630
660.94702415
840.74810679
2018.46077713
893.62875611
368.32227399
333.51901161
318.95584783
725.36157565
1202.38179889
589.46470417
444.51963038
1065.81341897
1689.07903064
1906.18504707
254.32598935
1131.77640514
2406.05059160
1315.14023565
611.18002291
1916.30218902
357.14566377
264.36950883
1600.77960473
313.11132880
1406.49117720
1278.81595805
2227.01856743
2507.35716055
2064.87024907
1589.99692224
2375.25681552
1592.88191746
1092.16682631
957.82111140
2099.91683988
912.07150574
383.82258480
814.57577099
1546.63695249
535.87925037
667.55801147
1134.71313476
1328.01543181
1855.39283705
1673.87821402
1061.03205064
1445.48156335
417.92676410
332.39508269
332.90938173
229.73499404
1221.43112652
363.68117183
336.06784057
945.98579802
764.10120789
422.54909562
331.04482793
2514.38378799
1438.53113488
853.89112203
566.32207688
347.67203988
332.56641563
352.91541279
281.85877315
526.88200081
246.93030245
820.64028480
1067.21750966
521.44693442
280.81929180
329.96385219
1560.14622664
1881.23794936
1438.35209605
1539.33067060
2068.21855493
1450.44097147
1937.28145217
305.55108133
1998.99447989
733.81353979
1364.29832621
1689.56604969
1567.37580315
