2538.79385019
1508.56381716
516.17657109
798.64998461
532.34441284
252.33938200
708.44017624
408.83319547
1101.25696242
2488.03399550
1114.49193975
489.44177526
2320.68914059
1970.93611900
1495.75392011
412.44576273
319.48454192
678.85913515
1308.48035477
679.40246395
807.84939013
795.86674187
950.82309314
809.91675531
454.96959820
659.76749586
1161.19890992
1182.44243880
1714.75027573
2496.89499716
818.27968921
1680.95639258
1949.71827772
653.89139854
1423.75401340
584.45336735
1629.64792627
1490.79669933
1614.22095885
849.59641712
1241.65556145
1718.97636906
2227.07390520
2069.99107754
2200.39244287
943.21634288
903.06315283
2108.84667194
1108.48392391
1800.61541530
2165.47329829
2161.66590163
2347.88355881
1670.14193660
2320.76489531
2184.49774954
2581.88580532
1855.81682478
1661.91141147
2334.70853957
2078.58287739
1885.40572905
2540.39142881
714.32988139
1283.62889149
880.13329055
1438.81189288
896.12294921
626.30404955
1950.55931181
1651.08031370
1741.40521506
2419.21278355
1582.43197317
1518.17119118
1452.04778199
1273.87658981
2248.37389751
2024.55526034
1331.68105152
1625.35453783
1572.58475302
2125.08319644
2183.32221820
2392.32715479
1108.31487210
1363.59129766
762.12583744
355.91310702
2169.71978405
1203.69169579
1520.63531957
1762.77498549
1632.62185200
1336.22099396
829.36232392
607.97665291
442.39104287
1686.04709453
1967.25947855
1340.12774884
924.16660467
1151.18442580
1033.72244226
1468.21224515
1071.14085917
2197.87274649
2198.75843845
1139.21032623
2403.88623342
1545.46481592
1643.74268290
2394.10016647
924.67227938
1953.60318524
1825.06315821
352.84010887
206.72298794
1388.33404387
1778.94648380
1029.32705059
1884.14118559
1740.02665076
2270.75913577
706.70422968
570.42741017
1662.48840363
1465.04415387
1931.04330196
2049.24228754
2323.29780165
1765.61083183
2031.07487493
2241.71380907
2111.29813006
1792.33040907
1791.53922873
2515.07290869
2149.18505681
2572.44306590
2114.72152290
1262.37437645
1768.57581387
1308.09964818
1309.33068808
227.99602935
309.40373227
316.17924268
2349.64635093
2539.54721585
1522.18647065
642.63776917
2291.79250861
1815.79538486
1810.17187082
1546.51496580
925.30689123
1994.25613364
2038.62459861
1898.17680912
2400.13961347
1548.90037846
1732.67932925
1544.70120307
347.42813596
2340.56861064
1559.26923572
1816.76503207
2459.40185669
1284.12986306
930.11180249
1805.15993265
2131.77745681
967.45671928
1019.41512722
2522.08230372
2347.96795474
1369.62942956
2444.64460010
1573.11062114
876.11255461
1393.40012726
312.35706375
1214.84906843
700.09501287
684.23130698
2455.53103798
2488.27102706
2306.18462918
1832.90966976
2404.40380900
2183.83284581
2167.24246293
2361.47011026
2336.47761436
740.79868848
1125.55605099
1207.71715957
1123.41514953
1356.85431836
774.03928197
2248.69451341
2058.83243844
2262.94403757
1667.98661595
1179.31894554
1246.62936506
896.86845263
1170.06367842
2285.67658366
1748.99138190
802.86763039
866.97545474
2053.22023627
2217.92318581
2064.62001551
2591.26107970
1797.32764569
1907.78362871
1549.24689696
457.17188224
1110.46799664
1179.12435227
763.03670215
2201.56185596
1746.14336197
2369.49465556
2164.06413905
1938.19502697
1374.41427004
2138.11234284
2574.28661626
2491.19861074
2028.27209295
2223.97741611
1797.91149501
1038.02809914
2069.27636141
1141.57766947
1432.46337226
1168.97108361
1556.01921289
1980.04164319
2148.54659233
2032.19454571
1373.14889766
1986.52672339
1628.16591429
1415.19785180
321.67702545
467.70188697
1958.53485678
1972.32769523
702.95621433
