0.15759186
0.22748747
0.24304327
0.28421203
0.13562882
0.17627245
0.10401410
0.08386321
0.11316429
0.15967112
0.12059025
0.13214754
0.08890534
0.18910075
0.12341775
0.26444862
0.22511456
0.13382186
0.18289480
0.16621255
0.09530795
0.18028732
0.13930585
0.19562582
0.10522665
0.16444150
0.08350000
0.13147694
0.15259691
0.12116957
0.19066179
0.05337124
0.13272168
0.11024979
0.10852401
0.17179937
0.18821432
0.26418860
0.17667521
0.19636316
0.20765952
0.14292886
0.25375595
0.27273293
0.23935479
0.16745265
0.06956234
0.11842490
0.07681910
0.06243085
0.06249995
0.04989366
0.06565675
0.16917097
0.21319451
0.21489555
0.14555180
0.13290942
0.09026509
0.13121483
0.19730050
0.17710706
0.28760321
0.06934986
0.20150721
0.23338522
0.08699692
0.22525184
0.12422418
0.13367530
0.11287654
0.12566366
0.23269153
0.10167182
0.15746276
0.23297882
0.21001243
0.16314140
0.09753886
0.06910012
0.06831351
0.07680928
0.06912166
0.08155366
0.08395977
0.08612521
0.10263345
0.06306000
0.09077913
0.06609215
0.24654446
0.19088453
0.15628903
0.12200337
0.17245487
0.18500679
0.17215030
0.17698887
0.09151874
0.09855703
0.20262730
0.21268447
0.20262548
0.11108813
0.20164085
0.23186874
0.09449125
0.07472066
0.07885563
0.09798344
0.23780648
0.19267741
0.22821026
0.17214667
0.13914038
0.11445821
0.15052948
0.05749828
0.05041993
0.05436650
0.20996879
0.26567418
0.18552047
0.15660905
0.24352240
0.25705258
0.15757822
0.26744159
0.32337790
0.22030872
0.21035519
0.19961614
0.21496738
0.11319611
0.11286809
0.14975941
0.13203617
0.12755736
0.21402639
0.12240867
0.08525678
0.13368703
0.08731685
0.11004895
0.23448440
0.20973969
0.12388552
0.12858962
0.23070955
0.13799383
0.10254217
0.08329198
0.09188631
0.11844526
0.12278534
0.09707882
0.10172637
0.14918937
0.17122386
0.21954684
0.08578937
0.14707556
0.31960033
0.17508872
0.11224531
0.09564570
0.21248445
0.16449696
0.22705289
0.27784697
0.19682683
0.14825202
0.26148202
0.23652638
0.19258376
0.18166288
0.08969986
0.09110552
0.09080668
0.07835977
0.16282683
0.10819853
0.11787003
0.14159421
0.14555362
0.12389479
0.11142779
0.24892283
0.17669339
0.15951383
0.14107599
0.11591570
0.10547195
0.09473136
0.07694411
0.09097833
0.09455334
0.12241922
0.15453071
0.14412987
0.09724483
0.08291595
0.14981396
0.18668147
0.13910492
0.15267237
0.20299914
0.19281469
0.19543672
0.10628647
0.21845402
0.15525167
0.17769802
0.18835706
0.17933815
