0.23747089
0.12570079
0.12090268
0.19944277
0.16062908
0.18838404
0.23432958
0.24621226
0.28927865
0.21585811
0.26655634
0.25779063
0.33945349
0.20843693
0.18684194
0.27071823
0.23775740
0.21665959
0.31558982
0.08756564
0.14707978
0.14249468
0.16785550
0.14767339
0.19256840
0.19342980
0.20268052
0.19882574
0.19549155
0.12603954
0.06934997
0.13568304
0.07240505
0.08373914
0.09909927
0.09100873
0.10144621
0.09031015
0.07731907
0.04120973
0.13622423
0.19489512
0.10826665
0.14583823
0.14844866
0.26336822
0.25689084
0.14207615
0.25368118
0.05265046
0.03938880
0.15714414
0.06440795
0.07519365
0.17711933
0.15308151
0.18358640
0.19231091
0.20478814
0.19377436
0.19229687
0.24452503
0.21318027
0.11532997
0.11669417
0.25701162
0.26245906
0.30270717
0.24551377
0.15733328
0.21231418
0.17338814
0.16419922
0.05226864
0.09739800
0.08138405
0.21988423
0.26692525
0.17353608
0.11365014
0.23334926
0.16241836
0.16603719
0.12703484
0.11800228
0.14493563
0.21941701
0.25768764
0.34041789
0.19948864
0.17432351
0.13880375
0.08310423
0.25146307
0.13289191
0.20958017
0.26578295
0.16823096
0.13841331
0.20282939
0.22968549
0.15489513
0.14253869
0.20447448
0.23731453
0.16072084
0.28845657
0.16817478
0.13924944
0.09034301
0.06363363
0.15984539
0.13456509
0.18661816
0.27778173
0.28778992
0.25987111
0.20042870
0.27276687
0.23350656
0.22260888
0.20291178
0.25164752
0.16383874
0.19869091
0.19806171
0.16490800
0.17779253
0.10214433
0.23261894
0.20700345
0.23525933
0.17438063
0.14784755
0.20063562
0.16580592
0.13374489
0.21462405
0.14631762
0.09732599
0.14379615
0.23385955
0.29229262
0.27047853
0.34964707
0.19760105
0.17779908
0.09212321
0.14371188
0.14504612
0.12617044
0.21037415
0.16583308
0.20450070
0.18764061
0.18844490
0.21295836
0.15570504
0.22371653
0.17728692
0.18883440
0.07534524
0.09957060
0.23462171
0.19607206
0.13656130
