36.25783066
33.86162744
34.62705392
33.34097724
33.33863281
33.56889968
33.52921672
33.34097724
33.33863281
34.11297417
35.58475021
33.56652062
33.34097724
66.38472511
73.71855872
55.37902022
136.35634608
34.30413284
66.13158566
84.34356877
33.34097724
33.34097724
85.27024449
265.69020184
48.36826013
35.40903447
106.60211932
33.48608386
33.34097724
33.33863281
33.76401160
160.92730963
33.74354965
58.38681061
41.40183289
49.29952863
46.26728060
66.45537165
97.77224848
220.81625435
39.14077570
116.96153449
315.36154374
39.81715823
44.09573413
230.26610745
65.60134148
33.34097724
78.63160530
66.55204938
50.80747689
39.61827551
39.24803914
34.61664547
34.96173429
34.00550788
34.20208522
34.15660490
34.06062413
36.13985937
39.29426318
34.59762229
34.48796361
34.21446590
34.34328228
34.04419210
43.69568327
53.13905568
34.31409839
35.94471998
34.35801852
38.50036036
44.24292885
33.92476639
33.34097724
33.33863281
33.34097724
33.34097724
52.54912931
33.34097724
33.34097724
33.34097724
167.17189384
143.61708352
33.34097724
90.13359948
37.23025498
33.34097724
99.45942853
41.35720623
33.90531252
57.53273116
57.95444111
45.85901159
64.41042707
130.27497172
63.98678661
153.53739321
39.53797212
51.45459941
34.23231054
34.52931698
34.43340331
44.32019572
34.45927829
38.03163938
35.90670537
34.22883922
34.70417496
34.62705392
34.75348245
34.73481558
34.21446590
42.29524976
78.67609268
36.62252619
36.62366190
36.38945066
34.19490872
146.45011756
33.34097724
33.70438455
33.33863281
83.02314227
184.63641819
36.83379270
36.30188005
156.27305151
34.71004345
33.72792006
62.88095826
36.62309404
36.89330932
36.35274978
34.69116949
52.15980740
34.20505574
34.66926136
40.98082897
38.02249422
34.81910707
34.14722799
34.33055474
52.79410197
34.60852628
36.63331821
33.34097724
33.34097724
33.34097724
33.34097724
66.26393308
61.26096949
36.31723816
42.02947245
88.68379393
74.32530023
46.71698229
34.70902269
33.33863281
34.19812538
39.21867455
40.10253223
35.87613251
38.54000317
34.23107070
34.88472775
36.97815687
36.25365417
103.53411183
36.41302194
34.25687868
70.01901763
35.11051805
34.42311477
34.57279778
41.04082142
42.55605106
45.10489303
37.87611891
104.92985114
64.70880993
33.91649562
39.69853957
34.47839635
33.33863281
34.57153222
34.85381600
35.30596868
35.18512969
33.33863281
33.33863281
57.76936256
56.47990619
43.91333815
36.69192910
33.33863281
57.31763457
69.32776650
38.38559978
33.36655479
33.64545957
37.17291284
38.38001773
59.33952246
36.01274175
33.34097724
34.99984833
321.08473069
34.19268217
33.52043829
33.34097724
33.34097724
33.34097724
33.34097724
123.84112372
33.34097724
33.34097724
33.34097724
33.34097724
279.64014243
33.34097724
33.34097724
33.34097724
84.19005903
138.61993727
49.18283133
39.03180004
38.28658505
41.16828069
34.39479150
36.79106593
33.71734877
33.79101354
35.59951654
33.40299955
33.74739930
33.97643335
33.98693322
34.67893818
34.96173429
34.63010152
34.62908559
34.28098620
34.69040478
34.97520716
60.28190255
119.36233105
34.86900729
34.72357424
34.34777669
34.41985387
37.30628586
38.28257250
36.86482190
53.64265595
52.61947076
46.10971630
33.34097724
33.34097724
41.29324317
34.13687032
33.81467789
35.77739605
33.36796395
33.75341624
33.65885406
33.33863281
33.46787118
33.35716361
33.33863281
152.90963419
33.34097724
306.84796208
138.73487171
33.34097724
87.83327276
89.02887111
58.64364351
41.30100866
58.67107976
47.67901897
33.58318160
33.58889802
33.61560217
39.46350067
33.54678837
37.63427775
49.20100912
40.93384746
62.15575146
44.29600175
52.59378323
39.64883396
39.78339225
35.57267774
33.84370255
33.98668896
33.71903010
33.83571551
107.61846185
34.01357985
186.91872216
58.61622428
44.87810041
37.34691645
43.37496684
34.89556010
33.74427138
49.04194319
36.16034630
35.34511031
37.23552950
39.19450260
56.26390016
34.96354733
35.94307743
36.81112707
33.88879525
34.03781998
34.17068038
35.10033292
36.40431957
39.26677560
37.06018214
34.84146695
36.78877456
36.26869393
197.06808489
33.34097724
33.62706072
33.57627705
33.73441048
50.31780324
35.19378963
83.29102951
33.34097724
181.29987039
256.67282301
92.73816347
33.34097724
48.67054278
34.81217376
35.35729371
33.34097724
154.87439866
131.32822365
156.47817464
90.52180605
98.03755854
136.60094070
311.55975626
33.34097724
207.53976164
60.66246616
86.91411654
146.57261965
47.79308026
89.39020928
75.32329923
78.79172341
73.30022923
33.94448749
33.34097724
35.64415808
33.34097724
42.22038749
33.33863281
33.34097724
33.34097724
35.45639715
35.26638695
35.05600604
38.61261424
62.40792912
33.34097724
182.46366302
89.77197367
146.43078365
33.34097724
33.33863281
33.96496456
34.03169530
33.33863281
33.34097724
33.33863281
33.44967981
37.86764794
34.53310442
63.88475780
40.11259892
49.28410107
34.48192049
176.44341487
185.00000098
202.34113603
33.34097724
97.39732076
112.43700139
33.77172176
38.73933874
35.14346476
37.30716824
40.30741854
34.85021327
40.23610761
37.62710294
43.45785965
39.41334116
36.85504805
50.39982216
75.54338992
34.07805539
33.33863281
37.38113436
38.58285111
39.55400962
39.09134836
35.03128453
