2194.52025814
2482.84353299
2481.49517416
2460.88244251
2419.73605359
2114.12526996
998.09462567
2477.94468982
2235.80884808
2431.21208342
2397.09678283
2475.68666892
2472.51109388
2486.55799720
2453.94756283
2429.52466390
2213.87895412
2217.45946301
2397.02330174
2440.88305114
2438.12910778
1461.37499777
2482.32260090
2470.22263643
2465.55847181
2458.85012896
1968.51616486
1805.48938651
2326.94039499
2359.74089676
2154.38270992
2247.47959261
2386.75861998
2490.71196769
2476.61080344
2470.10193151
2460.64901864
2342.50714800
1895.77860291
2454.40532801
1668.61915541
2449.75073536
2476.33949852
2458.45128249
2485.39572082
2487.01655316
2478.12846164
2418.71311767
2458.15284900
2474.99831250
2473.59413135
2445.70443725
2482.10971872
2490.94720239
2144.55100846
2469.21691002
2078.33207551
2420.53412256
1037.65851091
2490.75335642
2460.91196975
2265.20250309
1972.50020903
2486.24376649
2478.69167677
2373.76567441
2103.88244606
2028.34993204
2325.29722241
2476.24775875
2413.84800664
2450.21173262
2212.88252545
2441.42777198
2459.15786596
2453.61004801
2446.44421664
2318.73999595
1927.14164989
2466.10801489
2488.50853463
2490.02494762
2385.45715822
2468.07639283
1639.80761479
2225.57583092
1877.69152733
2040.87208330
2096.47801241
2483.44216510
2259.32081867
1465.74771233
2427.17636351
2407.14421212
2489.14008638
2485.45003504
2488.46540632
2388.62439738
2318.43940733
1646.59479221
1357.42630543
1947.79292525
2294.53890316
1411.07863339
2469.45847499
1445.03334076
2256.91692952
2410.82831843
2428.42517234
2467.00241010
2359.72990189
2441.69916642
2416.29196678
2290.80238881
2203.93831981
2339.59340515
1236.54806024
2459.90375404
2463.25622573
2457.82023162
1065.85992443
2169.02186589
2348.60664152
2295.69435292
2492.13756611
2482.24360164
2294.43782584
1980.51633002
2095.63262361
2450.88986051
2001.88762269
2253.17566710
1879.86556538
2369.04413045
2491.16292779
2483.70724652
2482.72561507
1542.54172590
2421.67739233
2415.41046588
1075.12672792
663.49057200
2017.83095735
2453.49137726
2481.46391717
2488.29161978
2492.98110339
2492.77223441
2445.52699772
2380.42410131
1899.19327994
1721.43884753
2388.61308732
2474.81422405
1175.59382243
2423.60561375
2058.18341011
2204.17930889
2461.58139114
2492.87627080
2289.66335999
1476.64603425
2490.30641935
2486.09672884
2367.22791145
2452.68352309
2483.85601327
2480.76691683
2489.48218044
2200.37838746
2484.15462316
2449.59963307
2035.35049381
2472.98610820
1736.86666092
2148.81397042
2442.22457594
1968.61029412
2173.76341212
2465.91399391
2463.51844335
2484.87444327
2465.59976456
2292.08399494
2481.06672989
1990.57514962
2003.28936457
2451.60563777
2447.81403098
2420.02462995
2370.83307793
2301.97546984
1835.65618428
2384.05698223
2279.72034134
2319.84039122
2491.74977715
2450.56969333
2128.78976440
2472.30484712
2473.95409716
2489.90078346
2492.30446805
2493.38848947
2456.61437629
2341.21027761
2349.57937352
2394.63338384
2362.85148402
1862.32678592
2444.72245833
2460.07133406
2004.73293365
2318.36024523
1771.16654345
2474.65357657
2279.98773195
2483.93611581
2482.02157408
2481.85714907
2408.54201280
2490.87071430
2481.89240860
2381.24368936
2100.94210195
2485.79573629
2398.16476595
2079.92469263
2180.27210437
2366.26820542
1534.90471339
2225.76037852
2285.95702946
2486.37738085
2457.93524334
1791.38082471
2472.22870084
2469.30886858
2460.58730773
2026.35176607
1592.37522211
2380.18896667
2439.49079065
2320.44047346
2332.89731705
1909.09336196
2470.29468616
2062.76817271
2458.81786629
2491.25611565
2461.38555550
2418.21399893
2379.53432129
1167.86416440
2334.75056882
2417.53085143
2324.56348385
2298.11208240
2358.25121953
2248.29834253
2434.54348181
2334.13074299
2349.73972479
2476.50481566
2490.44600860
2490.60762515
2460.96234365
2428.83804892
2478.91766117
2491.41479102
2491.69723238
2382.43292037
2475.75630665
2429.90619033
1769.75260433
2494.41243545
2374.42574286
2427.99648473
2238.47360536
2035.31583001
2092.80342672
2270.86034804
2488.57888859
2252.09671247
2494.66109988
2493.43981407
2293.29600714
2029.52969414
2355.23920171
2458.32157692
2361.62540399
2382.84641531
1800.41947558
2260.69315009
2040.29831621
2072.20976808
2454.07354657
2400.00543439
1671.90612457
2368.70809788
2375.56161335
2387.11551433
2116.35710660
2455.24297674
1824.77066226
800.05890811
2432.18688395
2489.01265764
1624.02343248
2083.61752706
2467.16333845
2447.95110461
1628.65138686
1523.54592910
2379.66325800
2493.38115632
2460.61196456
2216.18764612
1576.89728220
1872.30300317
2354.17010814
1870.30309386
2493.77225040
2494.63952017
2098.63825153
1969.88867130
2239.00377162
2482.78707046
2248.09174212
2306.27578776
2444.35528276
2494.17921838
2494.41292024
2487.30624617
1854.80111975
2460.03530159
2458.90506602
2419.27616465
2227.30652244
2034.94240629
2490.34074713
2492.28281627
2481.95249787
2468.94122594
2350.64421682
614.18765578
2493.11619447
2492.02562436
2493.22960018
2479.98730916
2479.10220786
2484.91538289
2493.11815561
2486.86894288
2343.46806694
1080.48611816
2467.07640451
2493.69487892
2421.49651141
2407.72045946
2462.52933878
2002.94760605
2339.30587655
2297.63422456
1999.84996188
2493.52965024
2490.96816925
2460.79918935
2085.43274533
2456.95228891
2471.24613746
2453.30337812
2457.73221586
2262.73342976
2459.45921343
2131.90292246
2246.73307881
2197.19370919
2428.18534083
2471.63508606
2046.66174495
2380.62343000
787.09071409
2207.27231345
2431.04039305
1897.90872896
2338.96350912
2494.66142448
2489.78637003
2489.40132999
2259.17790173
2485.02476915
2491.51065422
2399.99487561
909.89085443
2484.04138730
2327.77368691
2438.02833058
2434.60326429
1409.65133455
2342.38316437
2476.88888106
2488.71842511
2492.04799387
2475.31612028
2422.61214267
2477.25200602
2491.92489339
2490.07544051
2488.94126616
2330.04130516
2379.88125047
2417.97313094
2458.53159172
2304.49852203
1890.93916209
809.07234949
2407.89951225
