0.00820477
0.00674540
0.00522744
0.00613531
0.00688139
0.00670328
0.00737726
0.00522248
0.00522568
0.01926867
0.02363123
0.01748217
0.00813764
0.00522686
0.02365145
0.02806077
0.01048544
0.00524866
0.00550476
0.01177197
0.01385498
0.03409307
0.00772202
0.00522294
0.00767022
0.06447808
0.00720510
0.00604964
0.10160047
0.14154731
0.12229082
0.08791423
0.02869058
0.14333305
0.07031929
0.09273761
0.04256161
0.01959514
0.04998741
0.06960894
0.04975614
0.02723066
0.05096665
0.01966166
0.01073910
0.01016129
0.01483921
0.00657708
0.00868653
0.00758814
0.00549979
0.00906474
0.00885043
0.00522229
0.00522481
0.00522146
0.00522343
0.00522585
0.00521975
0.00521958
0.00522006
0.00522185
0.00541307
0.02554577
0.04995382
0.00522490
0.00522284
0.00521953
0.00522432
0.01474042
0.01349459
0.01414082
0.01013414
0.01349577
0.00926997
0.01017730
0.01633819
0.01045965
0.00957977
0.00877819
0.01064858
0.00918847
0.03969755
0.04077305
0.06690963
0.01090883
0.01173411
0.00854891
0.01068541
0.01473967
0.01478737
0.01745197
0.01079989
0.01088557
0.00876820
0.01049187
0.00774312
0.01509052
0.01251489
0.14024140
0.09275098
0.01985153
0.01593569
0.03006395
0.05300445
0.03939911
0.01110869
0.13214816
0.02596633
0.06106918
0.01722146
0.02090726
0.02714607
0.03809594
0.01375446
0.01098316
0.00948948
0.00891355
0.00684383
0.01566162
0.09437574
0.18994209
0.20853151
0.14381947
0.05192585
0.00738602
0.01171619
0.01299255
0.01649117
0.01620298
0.01543600
0.03967836
0.02424184
0.01112778
0.01754399
0.00971231
0.01538792
0.01319629
0.01617749
0.03135471
0.00522018
0.00979019
0.00676010
0.00522658
0.00522481
0.00579295
0.00667629
0.00521939
0.00522754
0.00522368
0.00568420
0.01122259
0.01168393
0.02011704
0.01205719
0.01594651
0.00523862
0.04961878
0.04698758
0.03893123
0.08815932
0.03102456
0.03996015
0.00781117
0.01086891
0.00598264
0.00706141
0.00924771
0.00522659
0.00990032
0.00696336
0.01402727
0.00889076
0.00934231
0.01668508
0.03081550
0.00522039
0.00522292
0.00780899
0.01248028
0.00884500
0.01152148
0.00713156
0.04558646
0.00996516
0.00873868
0.03553107
0.01257664
0.00522826
0.00548177
0.01951630
0.07322578
0.00765083
0.01213877
0.00775573
0.00595905
0.05448639
0.08102594
0.04214895
0.03258215
0.04714066
0.01583897
0.02932331
0.03946657
0.09411032
0.00882954
0.00568655
0.00723023
0.00536672
0.03475863
0.06169889
0.00522476
0.04237419
0.14824902
0.00529941
0.00912727
0.00999092
0.00733149
0.04670636
0.04063897
0.00925002
0.13891385
0.01514800
0.01273112
0.01168813
0.01110296
0.01009060
0.00589987
0.05143303
0.00712911
0.00592752
0.00522233
0.00539895
0.01328078
0.01646106
0.02377555
0.00755987
0.00658060
0.00630697
0.01639125
0.00522325
0.00522686
0.00540482
0.01260367
0.01907203
0.03719817
0.02148024
0.01902960
0.00712197
0.04290945
0.01703733
0.01206066
0.02143969
0.02294600
0.00817177
0.00680365
0.00523594
0.05220547
0.00855404
0.00839933
0.00679210
0.00784236
0.00626949
0.01082997
0.00617211
0.00921360
0.00784605
0.00740458
0.00583338
0.05690260
0.02718060
0.13859867
0.10644588
0.02555358
0.07536218
0.02170925
0.05650650
0.00872901
0.00663868
0.01078196
0.01057512
0.00554472
0.00996843
0.01786209
0.02052941
0.10822503
0.15868217
0.07082246
0.06729369
0.07491415
0.00771443
0.00537870
0.01435119
0.07710446
0.01078181
0.04052193
0.01618436
0.01122858
0.00599314
0.01183874
0.00571773
0.00522264
0.00522516
0.03501426
0.05081414
0.01390483
0.01667162
0.01461150
0.00559645
0.00609693
0.00839268
0.00522158
0.00522261
0.00526049
0.00521970
0.00575844
0.00672895
0.00535267
0.00764488
0.01244563
0.00543775
0.00573972
0.00545955
0.00522731
0.00522562
0.00564544
0.00577273
0.00522234
0.00600791
0.02144082
0.00895135
0.00537651
0.00582371
0.00522994
0.00522149
0.00553787
0.00522387
0.00522141
0.00522082
0.00525848
0.00628471
0.00562423
0.00522626
0.00541971
0.00569640
0.00641701
0.00522217
0.00548107
0.00527828
0.00522000
0.00522018
0.00522353
0.00526310
0.00525609
0.00557999
0.01984842
0.06159878
0.01963635
0.05114193
0.09201814
0.03911432
0.00769633
0.00798075
0.00629422
0.00979946
0.00600856
0.01233686
0.00614931
0.00539943
0.00720435
0.00558120
0.00688146
0.01434971
0.01086690
0.00682342
0.01213203
0.01437119
0.00554834
0.00656059
0.00605996
0.00950420
0.00629664
0.00537392
0.00637584
0.00835115
0.00717824
0.00523639
0.00529082
0.00522135
0.00590420
0.00560022
0.00535799
0.00527964
0.00583884
0.00690100
0.00868331
0.00684112
0.00636163
0.00549262
0.00546050
0.00525432
0.00546351
0.00522148
0.00522476
0.06448166
0.05705012
0.02629196
0.03359601
0.01878855
0.00528083
0.01223310
0.01380961
0.00652074
0.04882997
0.01653990
0.02038829
0.02664347
0.05040938
0.02703882
0.00781269
0.01226122
0.02008994
0.00620095
0.00547263
0.00890233
0.00818678
0.00544143
0.10794278
0.02748318
0.01085790
0.00651431
0.00548453
0.02710562
0.02739709
0.00899090
0.00933325
0.00745660
0.01052565
0.00939233
0.00553918
0.00667120
0.00757866
0.00543279
0.00584675
0.01002686
0.02441872
0.04115908
0.01512081
0.00781642
0.00693139
0.00556358
0.01246398
0.02930694
0.00524425
0.00522169
0.00522679
0.00522424
0.00521968
0.00540866
0.00676075
0.00618925
0.01421965
0.02531338
0.01535979
0.00911713
0.01288799
0.01048537
0.01823928
0.00632833
0.00864081
0.01098241
0.00607502
0.00537255
0.00524193
0.01203681
0.00522735
0.00932183
0.00731394
0.00521947
0.03200465
0.00894519
0.00522526
0.01318907
0.03769993
0.01623902
0.01113563
0.01727311
0.01268364
0.01977654
0.01059497
0.01865749
0.03815333
0.01127385
0.05702171
0.03382596
0.00734877
0.00668898
0.01854186
0.01039162
0.00721114
0.01195408
0.00522837
0.00522630
0.00548920
0.00550561
0.00600804
0.00522449
0.00522639
0.00522245
0.07642902
0.00522770
0.00660141
0.00914797
0.02473325
0.02988462
0.06793243
0.06749795
0.11924998
0.00574772
0.00522778
0.00522427
0.00522728
0.00522050
0.00522668
0.00752563
0.00866418
0.01708918
0.10602249
0.12338410
0.08416294
0.00891027
0.01796775
0.00890855
0.02329054
0.04821418
0.04422881
0.02250643
0.03293817
0.10569319
0.10353863
0.13917353
0.18003676
0.00585798
0.00536125
0.00599475
0.00623775
0.03509404
0.02406571
0.00601628
0.05015921
0.20132643
0.07571011
0.00546033
0.04396019
0.04837393
0.06774417
0.01817285
0.01168615
0.00838179
0.01610052
0.03251243
0.01597934
0.01558710
0.01389002
0.00744122
0.01407724
0.00599567
0.00594708
0.01514537
0.00755527
0.00523072
0.01929068
0.04192663
0.00536799
0.00527063
0.00522050
0.00522385
0.00522819
0.01268848
0.01935664
0.02253287
0.00932709
0.00763089
0.01511423
0.00778000
0.01167007
0.00743179
0.01588902
0.01085004
0.00932741
0.01650556
0.02296651
0.01449398
0.02150630
0.01826402
0.00946300
0.01081299
0.02890895
0.02029956
0.03521654
0.05530521
0.11307703
0.04588848
0.04664953
0.01167071
0.00719986
0.01107620
0.01013925
0.00548852
0.00595281
0.00654447
0.00586902
0.01027147
0.01217574
0.04518641
0.06107049
0.04843443
0.01843535
0.03136449
0.04478448
0.03545345
0.04588067
0.00657122
0.04516703
0.04211470
0.02155589
0.00932701
0.00826220
0.00521948
0.00522067
0.01150909
0.00984625
0.00676127
0.00524050
0.00839525
0.00914807
0.00683264
0.00563420
0.00522057
0.00522860
0.00681138
0.00786091
0.00538397
0.00698850
0.00522619
0.06457245
0.09226361
0.01430396
0.02932444
0.05707882
0.01021315
0.00669856
0.01268052
0.00757823
0.00916912
0.00710445
0.00919510
0.01882872
0.02534029
0.00580709
0.00885340
0.01364579
0.00590012
0.00725203
0.00522292
0.00700021
0.00522328
0.00987260
0.00676993
0.00672267
0.00823436
0.00990902
0.01154826
0.01519636
0.01372642
0.00806578
0.00725803
0.00581965
0.01374868
0.02153980
0.00997053
0.00940328
0.01964426
0.00522666
0.00537537
0.01688275
0.06762816
0.10963538
0.10286310
0.03650100
0.06348398
0.15234080
0.06958514
0.07498584
0.02120457
0.04333330
0.00959265
0.01340681
0.05390560
0.00806109
0.00885575
0.00832951
0.00779816
0.00854989
0.01165988
0.00725923
0.00522617
0.16293765
0.04458342
0.11589112
0.17355991
0.00571423
0.00573942
0.00840777
0.02290413
0.00984895
0.00522100
0.00522201
0.00522820
0.00522449
0.00543368
0.03188262
0.00976110
0.03780408
0.00523175
0.00704245
0.00711353
0.00804894
0.00744632
0.00659021
0.00684516
0.00640426
0.00830584
0.01213327
0.01294363
0.00822404
0.00923866
0.01189077
0.00533311
0.00723743
0.03100546
0.01053296
0.01412833
0.01350197
0.00988457
0.00621853
0.00550383
0.00522495
0.00522379
0.00522573
0.00522187
0.00522760
0.00522501
0.00829887
0.00664071
0.00690349
0.00692394
0.00628114
0.00683211
0.00598240
0.03571726
0.08650680
0.05316505
0.07410981
0.02313784
0.01879043
0.07616972
0.07000316
0.02970369
0.06103879
0.01273983
0.00703394
0.00844729
0.01406265
0.02305966
0.01006898
0.00940668
0.00594059
0.00528897
0.00570264
0.00627990
0.00523954
0.02098592
0.01024492
0.00521987
0.00522110
0.00777793
0.00608422
0.00814192
0.00845474
0.07635130
0.00684331
0.00568249
0.00522690
0.00522194
0.00522227
0.01386329
0.07087280
0.01881047
0.00590329
0.00522701
0.05523249
0.00698560
0.00619423
0.00526793
0.00556501
0.00528237
0.00669019
0.00609753
0.00698320
0.01285964
0.00553702
0.00676728
0.00617743
0.00873479
0.00699956
0.00535480
0.01891218
0.01161794
0.01485606
0.01480421
0.00709121
0.01118171
0.01262000
0.00809499
0.00984263
0.01738272
0.00960677
0.00768942
0.00830248
0.00865892
0.00933612
0.04523571
0.07262457
0.02519935
0.03954466
0.02118246
0.11042758
0.02292963
0.01328196
0.02274889
0.04289119
0.03474216
0.10727571
0.10921670
0.07105485
0.03970188
0.02555462
0.00927468
0.00581023
0.01657227
0.05723961
0.00583716
0.00834399
0.00646108
0.00762513
0.00996795
0.00927867
0.00618876
0.01586202
0.04203953
0.01127063
0.01798741
0.00755559
0.00702016
0.00865194
0.00528969
0.00522420
0.00703089
0.00715835
0.00694865
0.00762173
0.00805602
0.00542156
0.00725800
0.03770068
0.01878601
0.03595587
0.01989057
0.03408375
0.02132350
0.05012411
0.03473040
0.03330124
0.11926127
0.15197010
0.03331620
0.00789251
0.02738044
0.05394831
0.00853130
0.00866155
0.01022502
0.00704990
0.00616314
0.00533602
0.00538275
0.00887537
0.00623749
0.00549879
0.00610415
0.00820412
0.00943057
0.08552379
0.06669267
0.06806942
0.10276525
0.03822154
0.14112486
0.02271173
0.01930113
0.01747417
0.06136602
0.03469258
0.00962350
0.00563013
0.00614154
0.15369093
0.02567683
0.00539464
0.00522280
0.00522365
0.00522538
0.00522838
0.00522259
0.00522806
0.00522646
0.00522672
0.00804568
0.00547921
0.00534723
0.00522542
0.00522415
0.09721279
0.06205548
0.04360173
0.05827963
0.11110217
0.00531160
0.00570208
0.00577791
0.00601328
0.00971295
0.00770562
0.01043278
0.03450271
0.01355510
0.01265517
0.05801667
0.13340703
0.00909308
0.03185863
0.01228476
0.01059647
0.00880360
0.02855312
0.00522241
0.00522794
0.00522348
0.00522638
0.00522597
0.00522255
0.00522780
0.00522781
0.00522223
0.00522167
0.07872000
0.06866320
0.03172343
0.03351378
0.01724056
0.01660078
0.01417952
0.02791353
0.09194871
0.09109281
0.04265005
0.04278798
0.00783011
0.01489322
0.03860635
0.02035912
0.01086437
0.06498323
0.02005993
0.07366027
0.01583163
0.04383412
0.05099008
0.08969498
0.02686805
0.00608362
0.00524866
0.01669195
0.04542793
0.04148123
0.04573305
0.02745289
0.02048623
0.00598349
0.09217950
0.00522376
0.00522696
0.00522694
0.00522367
0.00522658
0.01079989
0.08132664
0.07624508
0.07399512
0.11183510
0.12907815
0.02826136
0.11482514
0.03653666
0.01023978
0.00613824
0.01632878
0.01112679
0.06829692
0.05431515
0.04991938
0.07742980
0.05495606
0.03073798
0.03373244
0.05409010
0.14495697
0.06575492
0.05136105
0.03473774
0.00879951
0.02072624
0.00626707
0.00970500
0.00522634
0.00522759
0.00522411
0.00576231
0.00572697
0.00522421
0.06831969
0.06279659
0.12982613
0.08119172
0.08904711
0.04199418
0.02728033
0.07868321
0.07380572
0.12032820
0.04755605
0.05092393
0.01513493
0.01947801
0.02223001
0.05547457
0.01155900
0.03189673
0.09853799
0.02655973
0.01152865
0.02926977
0.02563365
0.01509212
0.00683768
0.01571327
0.05838238
0.13111510
0.07705149
0.06918029
0.05648138
0.09869887
0.08741219
0.07408102
0.10408245
0.02004365
0.00953018
0.00536823
0.00522164
0.00985904
0.00525607
0.00522213
0.00720485
0.01213635
0.00530399
0.00521995
0.00522034
0.00522627
0.00522345
0.00595302
0.00739138
0.00591186
0.00522759
0.01165374
0.03365453
0.01129035
0.00897046
0.00522223
0.02506067
0.00545347
0.00558421
0.00696454
0.00522421
0.00522399
0.00674277
0.01317993
0.00845010
0.00766322
0.00781460
0.00557773
0.00522252
0.00522291
0.01464135
0.00643522
0.00879275
0.00860440
0.00727583
0.08603092
0.05171472
0.07345187
0.01433759
0.01250857
0.01863368
0.00522120
0.00522375
0.00522698
0.00522081
0.00952684
0.00830475
0.00622243
0.01053280
0.00885903
0.00806028
0.00593396
0.00937356
0.00521966
0.00522348
0.01333618
0.01675160
0.00705331
0.01751472
0.00522339
0.00522311
0.00522236
0.00522634
0.00522249
0.00930603
0.01206263
0.00548799
0.00581810
0.00712730
0.00590812
0.00555287
0.00770393
0.02891704
0.01733107
0.00631403
0.01857206
0.01068790
0.01575269
0.02750520
0.03362273
0.01768088
0.03672530
0.00837271
0.00522619
0.00731651
0.02401669
0.00522715
0.00829462
0.01822027
0.00765316
0.00996506
0.00522188
0.00522052
0.01631993
0.00896125
0.00530673
0.05060254
0.02738119
0.07595906
0.03230309
0.01212351
0.01016592
0.01142585
0.00659647
0.00553950
0.01350351
0.00913955
0.00642721
0.00712254
0.02272189
0.00522215
0.00522401
0.00534060
0.00522727
0.00634398
0.00704433
0.00522497
0.00564021
0.00533559
0.00522794
0.00628131
0.00585867
0.00637552
0.00540047
0.00672367
0.02519060
0.01609657
0.03062837
0.01213451
0.01199567
0.01202991
0.02689797
0.02009380
0.03870966
0.02536485
0.01499747
0.02019635
0.01394996
0.01273965
0.00566583
0.01375281
0.00772171
0.01515365
0.01618219
0.01063930
0.00622785
0.00679695
0.00820710
0.00933894
0.02611875
0.00828752
0.01383555
0.02128774
0.00525192
0.01782869
0.00591029
0.00522112
0.01669872
0.05488352
0.00967123
0.08426813
0.10912073
0.00522864
0.00522152
0.00522284
0.00522519
0.00522154
0.00522592
0.00522631
0.00522797
0.00522547
0.00522619
0.00522378
0.00522525
0.01103073
0.00522507
0.00522545
0.00990701
0.00522332
0.00522014
0.00522625
0.11497755
0.09343996
0.06870318
0.11452218
0.02252064
0.00798725
0.00522777
0.04112747
0.02184765
0.01078880
0.00670679
0.00627930
0.00539528
0.00582268
0.00522383
0.00522727
0.00522019
0.00522163
0.00522239
0.00522667
0.00522743
0.00522341
0.01284358
0.01333508
0.01511018
0.02238177
0.07641255
0.03007853
0.02854654
0.04626294
0.03350588
0.13959409
0.11538965
0.02341746
0.09204872
0.10809990
0.08423228
0.06599597
0.04083401
0.08009628
0.10187520
0.00836708
0.00647318
0.00582935
0.01495899
0.00539097
0.00522372
