0.14250019
0.21189405
0.22733817
0.26821140
0.12069482
0.16104668
0.08930705
0.06930082
0.09839156
0.14456452
0.10576421
0.11723853
0.07430675
0.17378290
0.10857141
0.24858987
0.20953817
0.11890083
0.16762149
0.15105900
0.08066340
0.16503273
0.12434545
0.18026112
0.09051090
0.14930066
0.06894021
0.11657275
0.13754110
0.10633937
0.17533272
0.03902774
0.11780855
0.09549797
0.09378459
0.15660571
0.17290282
0.24833171
0.16144655
0.18099316
0.19220843
0.12794246
0.23797395
0.25681470
0.22367617
0.15229020
0.05510260
0.10361440
0.06230727
0.04802232
0.04809092
0.03557512
0.05122505
0.15399618
0.19770369
0.19939252
0.13054657
0.11799494
0.07565674
0.11631252
0.18192378
0.16187530
0.27157824
0.05489166
0.18610028
0.21774946
0.07241203
0.20967446
0.10937205
0.11875533
0.09810587
0.11080119
0.21706075
0.08698159
0.14237202
0.21734598
0.19454446
0.14800989
0.08287829
0.05464370
0.05386274
0.06229753
0.05466510
0.06700785
0.06939668
0.07154658
0.08793631
0.04864694
0.07616709
0.05165733
0.23081423
0.17555387
0.14120671
0.10716718
0.15725651
0.16971832
0.15695412
0.16175796
0.07690139
0.08388915
0.18721233
0.19719731
0.18721053
0.09633029
0.18623297
0.21624386
0.07985256
0.06022390
0.06432918
0.08331968
0.22213898
0.17733387
0.21261165
0.15695051
0.12418117
0.09967619
0.13548851
0.04312515
0.03609761
0.04001585
0.19450113
0.24980662
0.17022831
0.14152444
0.22781386
0.24124691
0.14248665
0.25156135
0.30709611
0.20476682
0.19488475
0.18422280
0.19946383
0.09842315
0.09809748
0.13472397
0.11712796
0.11268130
0.19852960
0.10756957
0.07068438
0.11876697
0.07272967
0.09529858
0.21884075
0.19427367
0.10903582
0.11370615
0.21509300
0.12304285
0.08784568
0.06873369
0.07726632
0.10363462
0.10794354
0.08242155
0.08703575
0.13415802
0.15603434
0.20401041
0.07121315
0.13205939
0.30334565
0.15987145
0.09747917
0.08099873
0.19699873
0.14935572
0.21146259
0.26189203
0.18145351
0.13322740
0.24564456
0.22086807
0.17724090
0.16639842
0.07509557
0.07649114
0.07619444
0.06383688
0.14769758
0.09346144
0.10306352
0.12661739
0.13054837
0.10904502
0.09666752
0.23317553
0.16146460
0.14440837
0.12610288
0.10112321
0.09075443
0.08009094
0.06243139
0.07636486
0.07991421
0.10758004
0.13946101
0.12913484
0.08258638
0.06836036
0.13477813
0.17138098
0.12414597
0.13761602
0.18758151
0.17747017
0.18007338
0.09156310
0.20292544
0.14017680
0.16246202
0.17304454
0.16409038
