0.24591692
0.14604162
0.14175413
0.21193582
0.17725277
0.20205399
0.24310991
0.25372801
0.29221119
0.22660421
0.27190704
0.26407419
0.33704633
0.21997282
0.20067600
0.27562601
0.24617294
0.22732040
0.31572228
0.11196489
0.16514541
0.16104827
0.18371014
0.16567585
0.20579304
0.20656277
0.21482901
0.21138446
0.20840510
0.14634432
0.09568777
0.15496154
0.09841772
0.10854561
0.12227108
0.11504155
0.12436826
0.11441732
0.10280878
0.07054227
0.15544513
0.20787215
0.13046285
0.16403599
0.16636861
0.26905820
0.26327016
0.16067428
0.26040208
0.08076545
0.06891512
0.17413871
0.09127169
0.10090955
0.19198809
0.17050842
0.19776692
0.20556296
0.21671234
0.20687066
0.20555041
0.25222034
0.22421135
0.13677448
0.13799350
0.26337809
0.26824580
0.30421062
0.25310386
0.17430771
0.22343744
0.18865398
0.18044297
0.08042426
0.12075086
0.10644115
0.23020187
0.27223668
0.18878618
0.13527342
0.24223393
0.17885163
0.18208534
0.14723369
0.13916240
0.16322945
0.22978437
0.26398216
0.33790809
0.21197682
0.18948981
0.15775014
0.10797827
0.25842002
0.15246744
0.22099438
0.27121596
0.18404564
0.15740125
0.21496204
0.23896006
0.17212904
0.16108759
0.21643205
0.24577720
0.17733476
0.29147660
0.18399544
0.15814839
0.11444669
0.09057977
0.17655248
0.15396256
0.20047604
0.28193780
0.29088090
0.26593326
0.21281683
0.27745663
0.24237449
0.23263656
0.21503566
0.25858484
0.18012085
0.21126398
0.21070175
0.18107632
0.19258965
0.12499208
0.24158133
0.21869188
0.24394072
0.18954085
0.16583147
0.21300173
0.18187868
0.15322964
0.22550149
0.16446436
0.12068652
0.16221123
0.24268991
0.29490441
0.27541182
0.34615508
0.21029011
0.19259551
0.11603743
0.16213593
0.16332817
0.14646129
0.22170387
0.18190294
0.21645548
0.20138968
0.20210837
0.22401306
0.17285275
0.23362633
0.19213785
0.20245642
0.10104501
0.12269226
0.24337095
0.20892383
0.15574633
