2600.00000000
1702.99774442
650.08113522
949.78364543
667.23511336
370.15154159
854.07160769
536.19049069
1270.84774038
2600.00000000
1284.88996785
621.71568547
2564.65759059
2193.57184054
1689.40652444
540.02340177
441.39213279
822.68630967
1490.71045273
823.26277810
959.54415667
946.83064244
1111.23835385
961.73761809
585.14092302
802.43020079
1334.44576864
1356.98501880
1921.76027656
2600.00000000
970.61063822
1885.90517968
2171.05984476
796.19569859
1613.01507752
722.52238544
1831.46722052
1684.14694446
1815.09930539
1003.83748902
1419.80976847
1926.24413494
2465.33241626
2298.66852682
2437.02355301
1103.16763980
1060.56535839
2339.89406742
1278.51550094
2012.86264811
2399.97456084
2395.93493699
2593.51069681
1874.43111009
2564.73796587
2420.15938363
2600.00000000
2071.43099541
1865.69857484
2579.53208448
2307.78437228
2102.82463624
2600.00000000
860.32054772
1464.34320693
1036.23691913
1628.99139268
1053.20184612
766.92569531
2171.95217662
1854.20684842
1950.04099908
2600.00000000
1781.37139207
1713.19110766
1643.03458755
1453.99607635
2487.93157376
2250.46141133
1515.32624565
1826.91196247
1770.92355359
2357.12091752
2418.91215229
2600.00000000
1278.33613804
1549.18281556
911.03175565
480.04261061
2404.48005545
1379.53034645
1715.80553234
1972.71419074
1834.62253697
1520.14309595
982.36924374
747.48044306
571.79515514
1891.30638234
2189.67094821
1524.28813824
1082.95598770
1323.82046414
1199.19404043
1660.18498101
1238.89474478
2434.35017104
2435.28988462
1311.11602002
2600.00000000
1742.14947137
1846.42166841
2600.00000000
1083.49250537
2175.18170714
2038.80154915
476.78217895
321.75283520
1575.43471324
1989.87204845
1194.53055759
2101.48296360
1948.57835106
2511.68217038
852.22977935
707.64093333
1866.31075988
1656.82365614
2151.24581325
2276.65419149
2567.42536352
1975.72300582
2257.37868129
2480.86526194
2342.49504903
2004.07230875
2003.23287139
2600.00000000
2382.69283936
2600.00000000
2346.12724723
1441.79230051
1978.86883307
1490.30652544
1491.61265101
344.32339796
430.69645733
437.88523114
2595.38100813
2600.00000000
1717.45129385
784.25566881
2533.99844630
2028.96850008
2023.00198714
1743.26367378
1084.16582455
2218.31422899
2265.38889050
2116.37467164
2600.00000000
1745.79458156
1940.78288927
1741.33928295
471.04010983
2585.74958294
1756.79587372
2029.99728965
2600.00000000
1464.87473460
1089.26380509
2017.68435235
2364.22348555
1128.88652628
1184.01406941
2600.00000000
2593.60024036
1555.58923542
2600.00000000
1771.48149635
1031.97094366
1580.80979576
433.82992340
1391.36824844
845.21744199
828.38615010
2600.00000000
2600.00000000
2549.26839546
2047.12664842
2600.00000000
2419.45392497
2401.85163337
2600.00000000
2581.40906169
888.40378511
1296.62892011
1383.80133812
1294.35743716
1542.03492301
923.67184515
2488.27174521
2286.82928111
2503.39040047
1872.14432847
1353.67101214
1425.08694274
1053.99282055
1343.85123210
2527.50948851
1958.08987425
954.25854101
1022.27653832
2280.87477001
2455.62356071
2292.96986388
2600.00000000
2009.37434528
2126.56744663
1746.16223550
587.47753249
1280.62058960
1353.46454992
911.99817736
2438.26429293
1955.06814307
2600.00000000
2398.47945178
2158.83374839
1560.66592100
2370.94475967
2600.00000000
2600.00000000
2254.40494729
2462.04706087
2009.99380573
1203.76231522
2297.91021751
1313.62775626
1622.25565233
1342.69199590
1753.34761999
2203.23274427
2382.01543257
2258.56664492
1559.32336887
2210.11337347
1829.89481516
1603.93704403
443.71834399
598.64980110
2180.41417954
2195.04829414
848.25315870
