34.08368284
32.46110854
32.97941238
32.10855346
32.10696594
32.26288974
32.23601866
32.10855346
32.10696594
32.63130644
33.62791054
32.26127877
32.10855346
54.48392439
59.44998478
47.03147892
101.86477781
32.76074836
54.31251257
66.64464509
32.10855346
32.10855346
67.27213786
189.44240395
42.28418578
33.50892571
81.71688589
32.20681151
32.10855346
32.10696594
32.39500858
118.50285488
32.38115289
49.06818570
37.56691236
42.91478852
40.86152039
54.53176226
75.73779308
159.05628599
36.03585136
88.73170025
223.07704806
36.49385964
39.39107104
165.45519599
53.95346098
32.10855346
62.77682410
54.59722700
43.93588643
36.35918743
36.10848414
32.97236437
33.20603914
32.55853630
32.69164744
32.66085072
32.59585793
34.00379930
36.13978447
32.95948294
32.88522823
32.70003094
32.78725816
32.58473108
39.12017905
45.51470069
32.76749647
33.87166187
32.79723672
35.60219805
39.49074304
32.50386270
32.10855346
32.10696594
32.10855346
32.10855346
45.11523567
32.10855346
32.10855346
32.10855346
122.73133673
106.78134158
32.10855346
70.56532882
34.74215400
32.10855346
76.88025669
37.53669369
32.49068963
48.48985105
48.77540936
40.58506354
53.14704060
97.74681251
52.86017506
113.49881836
36.30481048
44.37408146
32.71211433
32.91323041
32.84828306
39.54306382
32.86580415
35.28480652
33.84592050
32.70976375
33.03163442
32.97941238
33.06502269
33.05238253
32.70003094
38.17188410
62.80694846
34.33063418
34.33140321
34.17280851
32.68678791
108.69971318
32.10855346
32.35463249
32.10696594
65.75052639
134.55733213
34.47369199
34.11351061
115.35125258
33.03560823
32.37056941
52.11137019
34.33101869
34.51399331
34.14795673
33.02282785
44.85160873
32.69365890
33.00799289
37.28183214
35.27861393
33.10946000
32.65450120
32.77863979
45.28111740
32.96686651
34.33794192
32.10855346
32.10855346
32.10855346
32.10855346
54.40213081
51.01440474
34.12391026
37.99191463
69.58360190
59.86083607
41.16603313
33.03491703
32.10696594
32.68896606
36.08860009
36.68709889
33.82521828
35.62904193
32.71127478
33.15389464
34.57144731
34.08085476
79.63940346
34.18876966
32.72875049
56.94486325
33.30678715
32.84131624
32.94267317
37.32245566
38.34848410
40.07441679
35.17949679
80.58451976
53.34908872
32.49826219
36.41353774
32.87874982
32.10696594
32.94181620
33.13296293
33.43913535
33.35730996
32.10696594
32.10696594
48.65008456
47.77693709
39.26756272
34.37762993
32.10696594
48.34419972
56.47678680
35.52448863
32.12587314
32.31473180
34.70332511
35.52070878
49.71330869
33.91772239
32.10855346
33.23184783
226.95246896
32.68528022
32.23007441
32.10855346
32.10855346
32.10855346
32.10855346
93.39017185
32.10855346
32.10855346
32.10855346
32.10855346
198.88852055
32.10855346
32.10855346
32.10855346
66.54069690
103.39755468
42.83576767
35.96205917
35.45744142
37.40876392
32.82213731
34.44475982
32.36341113
32.41329278
33.63790948
32.15055148
32.38375966
32.53884866
32.54595858
33.01454549
33.20603914
32.98147604
32.98078811
32.74507476
33.02231003
33.21516221
50.35143557
90.35738490
33.14324962
33.04477053
32.79030152
32.83910814
34.79363784
35.45472434
34.49470323
45.85571051
45.16286695
40.75482669
32.10855346
32.10855346
37.49338149
32.64748757
32.42931694
33.75835949
32.12682735
32.38783400
32.32380180
32.10696594
32.19447891
32.11951396
32.10696594
113.07373520
32.10855346
217.31212853
103.47538184
32.10855346
69.00767671
69.81726879
49.24209853
37.49863985
49.26067682
41.81747036
32.27256066
32.27643149
32.29451405
36.25438259
32.24791720
35.01573553
42.84807664
37.25001890
51.62030086
39.52668102
45.14547280
36.37987990
36.47099522
33.61973574
32.44897082
32.54579319
32.36454963
32.44356244
82.40509599
32.56400218
136.10278025
49.22353177
39.92084556
34.82115059
38.90300789
33.16122969
32.38164161
42.74036612
34.01767190
33.46563986
34.74572561
36.07223220
47.63066994
33.20726683
33.87054962
34.45834410
32.47950506
32.58041624
32.67038184
33.29989035
34.18287690
36.12117142
34.62699022
33.12460085
34.44320824
34.09103883
142.97535889
32.10855346
32.30227313
32.26788528
32.37496436
43.60430692
33.36317399
65.93192459
32.10855346
132.29800928
183.33634125
72.32899333
32.10855346
42.48887462
33.10476515
33.47388977
32.10855346
114.40416339
98.46001559
115.49015044
70.82820052
75.91744616
102.03040355
220.50269102
32.10855346
150.06619049
50.60913189
68.38527572
108.78266472
41.89470626
70.06194672
60.53662496
62.88524710
59.16671553
32.51721672
32.10855346
33.66813822
32.10855346
38.12119158
32.10696594
32.10855346
32.10855346
33.54099706
33.41233282
33.26987468
35.67821008
51.79106141
32.10855346
133.08606431
70.32045613
108.68662134
32.10855346
32.10696594
32.53108264
32.57626895
32.10696594
32.10855346
32.10696594
32.18216073
35.17376072
32.91579505
52.79108688
36.69391549
42.90434185
32.88113617
129.00949025
134.80352999
146.54597309
32.10855346
75.48391308
85.66794045
32.40022946
35.76402079
33.32909681
34.79423534
36.82583640
33.13052337
36.77754864
35.01087716
38.95913825
36.22041739
34.48808493
43.65984553
60.68565803
32.60766140
32.10696594
34.84432104
35.65805616
36.31567018
36.00238195
33.25313466
