1070.09808111
1229.59827139
1996.30116610
567.65713279
1676.91382538
1614.50725209
706.31153548
1068.00512750
459.04999968
1909.87091931
523.23409078
458.70352984
346.67772722
1702.96828769
539.60271676
1402.62691834
576.17510756
2244.90985712
2050.03892762
2282.65239220
476.05287165
1542.00667527
521.51727677
2438.11684836
1949.14634144
1119.39316203
485.98559628
2313.54051230
572.82981742
1493.79481539
1685.01764403
786.34741442
343.05130578
287.40886685
257.56610059
1304.33351164
1371.19855540
1133.72808073
1002.45520199
1262.73727867
778.94943832
468.74779201
627.64916912
290.60235706
374.85638285
263.15183492
304.33361599
290.93661471
1330.95664855
1687.77724713
2142.15566343
2234.35228880
2355.43482554
865.43246437
1159.11999545
384.67624442
355.69254200
603.09388164
1357.94169726
614.64203564
994.57472492
413.71859904
1720.53833036
514.47291881
451.70951180
1950.23162691
1544.38501174
384.59047604
1329.14773622
607.03836950
476.32903437
380.61256745
366.54525138
276.84886375
448.07007043
1424.42642563
1696.32304065
1272.53620655
2260.55703407
2416.33643543
1492.77875545
1234.86836206
1398.38804435
746.80938158
1383.48425628
671.00090414
1116.57652196
524.13070645
773.13939729
1116.84759193
651.30870297
1883.10864246
366.38539309
2271.41330956
1878.72476273
645.51247830
1117.71137751
1107.46009352
1147.18072506
961.91754569
587.11976636
1123.49278076
887.44119944
1259.84501743
2229.79260489
1625.08496327
1742.39061255
322.99643193
329.23541987
1526.47390193
1479.65005409
784.79393676
355.73176080
1833.22464551
1766.70356271
2150.74080606
1523.26261270
2380.30362299
610.65493700
1640.76412349
1960.73139606
1611.05996685
2113.55204637
1945.90762977
1917.95419419
942.36600303
1173.15588092
1408.89715128
791.26721004
2003.91462827
2024.21335583
1417.72475592
849.88662804
542.39121819
1577.51752923
1208.77240827
440.48706420
472.46493209
289.36479953
517.81599897
1194.75621672
1536.59873536
1913.92415256
1852.39377354
916.18487931
967.57455189
455.86902488
298.36385765
357.94747152
2060.27363106
2123.48351763
706.00916756
676.34661828
319.68721349
1348.55028624
2400.54712157
275.78393849
1886.61203627
2456.01874676
356.37883626
1766.25801286
451.37342940
639.09303995
340.56725523
525.57647689
1510.89996515
1123.40544506
1016.85698627
2141.74574020
1858.94073643
1567.39196750
469.37816533
467.10296821
302.88964434
293.59523277
274.70702227
321.68576581
336.35715903
383.04072683
435.29372882
267.34158381
323.80840875
284.95456333
2334.47626519
1638.23791517
1180.79735915
758.13466084
1121.35090627
1739.73921511
1415.51694990
1622.20888180
448.69572614
536.54239490
1921.11005377
1670.87655096
1641.08850513
1559.25443178
1619.19122132
1877.74830132
366.66322532
345.46646690
398.94129617
786.45699737
2199.30810317
1711.17597755
1348.27108929
825.89148941
520.24038518
370.12597746
1366.76834198
347.81693182
305.38493695
268.50406704
1495.70566727
2172.21229148
1828.62806556
1250.75885885
1938.36196468
2163.98123115
1356.93524790
2416.42596082
2464.27869388
1635.98933201
1808.16480953
1840.54100970
1595.09149001
585.18271816
514.18222378
767.78799180
440.46895242
618.49698053
2204.77843748
1106.36293156
429.54446960
905.83552418
393.90595756
623.19967193
2205.83183465
1553.96102835
718.26129804
878.24487837
1926.15119151
925.29707341
457.88936625
426.92208595
413.96406006
775.57613965
1200.01965293
654.65769057
525.68832333
1078.50370842
1633.07358415
1826.25038437
356.45764239
1137.19631773
2271.02122961
1300.34996329
673.97956778
1835.25242467
447.94463125
365.39417482
1554.50643599
408.76371830
1381.63229198
1268.02931262
2111.72194285
2361.16188601
1967.44545611
1544.91221039
2243.62151389
1547.47922421
1101.95246857
982.41420907
1998.62924541
941.70708092
471.68124771
854.95723223
1506.33133478
606.97837393
724.14362869
1139.80936384
1311.80606772
1781.05644286
1619.54818690
1074.24933791
1416.32519528
502.02649718
425.92203539
426.37964889
334.57704292
1216.96938200
453.75980190
429.18998543
971.88337254
810.04592691
506.13935978
424.72060442
2367.41404534
1410.14083635
889.93928312
634.06582139
439.51518106
426.07448419
444.18063445
380.95578926
598.97279255
349.87710099
860.35332117
1079.75304159
594.13677395
380.03087854
423.75877278
1518.35162973
1804.05293176
1409.98153101
1499.83034425
1970.42471492
1420.73798221
1853.91937362
402.03675403
1908.83045082
783.09653644
1344.08989642
1633.50692443
1524.78436927
