0.16293675
0.22081690
0.23369857
0.26779018
0.14474929
0.17840604
0.11856932
0.10188248
0.12614654
0.16465857
0.13229593
0.14186646
0.10605784
0.18902908
0.13463737
0.25142422
0.21885190
0.14325295
0.18388997
0.17007550
0.11135980
0.18173073
0.14779421
0.19443246
0.11957343
0.16860890
0.10158171
0.14131114
0.15880046
0.13277566
0.19032177
0.07663226
0.14234190
0.12373305
0.12230395
0.17470190
0.18829503
0.25120890
0.17873956
0.19504304
0.20439749
0.15079441
0.24256967
0.25828440
0.23064416
0.17110242
0.09004001
0.13050281
0.09604930
0.08413447
0.08419169
0.07375249
0.08680582
0.17252535
0.20898098
0.21038961
0.15296645
0.14249737
0.10718384
0.14109409
0.19581925
0.17909718
0.27059840
0.08986407
0.19930279
0.22570079
0.10447749
0.21896559
0.13530517
0.14313159
0.12590825
0.13649719
0.22512635
0.11662969
0.16282984
0.22536426
0.20634592
0.16753229
0.11320721
0.08965725
0.08900586
0.09604117
0.08967509
0.09996996
0.10196244
0.10375563
0.11742601
0.08465546
0.10760952
0.08716637
0.23659788
0.19050622
0.16185788
0.13346612
0.17524472
0.18563889
0.17499251
0.17899930
0.10822198
0.11405035
0.20023033
0.20855862
0.20022883
0.12442728
0.19941347
0.22444500
0.11068350
0.09431159
0.09773573
0.11357536
0.22936202
0.19199089
0.22141544
0.17498950
0.14765719
0.12721803
0.15708843
0.08004983
0.07418829
0.07745643
0.20630979
0.25243909
0.18606427
0.16212289
0.23409533
0.24529959
0.16292546
0.25390268
0.30022321
0.21487221
0.20662976
0.19773682
0.21044908
0.12617289
0.12590125
0.15645075
0.14177423
0.13806535
0.20966986
0.13380176
0.10303649
0.14314130
0.10474242
0.12356674
0.22661102
0.20612006
0.13502472
0.13892017
0.22348509
0.14670774
0.11735042
0.10140945
0.10852637
0.13051968
0.13411367
0.11282625
0.11667486
0.15597869
0.17422533
0.21424131
0.10347752
0.15422826
0.29709502
0.17742580
0.12538553
0.11163950
0.20839299
0.16865482
0.22045703
0.26251931
0.19542700
0.15520248
0.24896759
0.22830197
0.19191334
0.18286983
0.10671578
0.10787980
0.10763233
0.09732512
0.16727180
0.12203442
0.13004334
0.14968919
0.15296795
0.13503240
0.12470855
0.23856740
0.17875462
0.16452832
0.14926005
0.12842496
0.11977655
0.11088233
0.09615282
0.10777447
0.11073492
0.13381049
0.16040183
0.15178895
0.11296373
0.10109807
0.15649592
0.18702569
0.14762782
0.15886295
0.20053826
0.19210457
0.19427586
0.12045105
0.21333635
0.16099885
0.17958655
0.18841323
0.18094473
