0.01031581
0.00908692
0.00780870
0.00857318
0.00920144
0.00905145
0.00961899
0.00780452
0.00780722
0.01963231
0.02330586
0.01812797
0.01025928
0.00780822
0.02332289
0.02703582
0.01223628
0.00782657
0.00804223
0.01331961
0.01507364
0.03211540
0.00990930
0.00780491
0.00986568
0.05770151
0.00947402
0.00850105
0.08896092
0.12259870
0.10638351
0.07743623
0.02756616
0.12410241
0.06262018
0.08149783
0.03924645
0.01990722
0.04549944
0.06202202
0.04530470
0.02633681
0.04632402
0.01996324
0.01244987
0.01196332
0.01590243
0.00894519
0.01072147
0.00979656
0.00803803
0.01103996
0.01085949
0.00780437
0.00780649
0.00780367
0.00780532
0.00780736
0.00780223
0.00780208
0.00780249
0.00780399
0.00796501
0.02491803
0.04547116
0.00780656
0.00780483
0.00780204
0.00780608
0.01581924
0.01477017
0.01531433
0.01194045
0.01477116
0.01121277
0.01197680
0.01716466
0.01221456
0.01147364
0.01079866
0.01237365
0.01114415
0.03683473
0.03774036
0.05974903
0.01259279
0.01328773
0.01060559
0.01240466
0.01581861
0.01585877
0.01810253
0.01250106
0.01257321
0.01079025
0.01224169
0.00992707
0.01611404
0.01394520
0.12149904
0.08150908
0.02012311
0.01682573
0.02872262
0.04803998
0.03658343
0.01276109
0.11468402
0.02527217
0.05483100
0.01790843
0.02101211
0.02626558
0.03548607
0.01498900
0.01265538
0.01139761
0.01091264
0.00916980
0.01659494
0.08287724
0.16335018
0.17900365
0.12451201
0.04713173
0.00962637
0.01327264
0.01434742
0.01729348
0.01705081
0.01640496
0.03681857
0.02382004
0.01277716
0.01818002
0.01158525
0.01636447
0.01451898
0.01702934
0.02980952
0.00780259
0.01165083
0.00909930
0.00780798
0.00780649
0.00828489
0.00902872
0.00780193
0.00780879
0.00780554
0.00819333
0.01285700
0.01324548
0.02034669
0.01355979
0.01683484
0.00781812
0.04518903
0.04297340
0.03618943
0.07764262
0.02953152
0.03705585
0.00998436
0.01255918
0.00844463
0.00935302
0.01119403
0.00780799
0.01174356
0.00927046
0.01521872
0.01089345
0.01127369
0.01745676
0.02935548
0.00780277
0.00780490
0.00998253
0.01391606
0.01085492
0.01310868
0.00941209
0.04179356
0.01179816
0.01076539
0.03332629
0.01399719
0.00780940
0.00802286
0.01984083
0.06506763
0.00984935
0.01362848
0.00993768
0.00842476
0.04928787
0.07163586
0.03889896
0.03084310
0.04310230
0.01674428
0.02809895
0.03664023
0.08265374
0.01084190
0.00819530
0.00949518
0.00792599
0.03267584
0.05536126
0.00780645
0.03908863
0.12824197
0.00786931
0.01109261
0.01181986
0.00958045
0.04273659
0.03762747
0.01119597
0.12038116
0.01616245
0.01412728
0.01324901
0.01275627
0.01190379
0.00837493
0.04671675
0.00941003
0.00839821
0.00780440
0.00795313
0.01459013
0.01726813
0.02342739
0.00977276
0.00894815
0.00871774
0.01720934
0.00780517
0.00780822
0.00795807
0.01401995
0.01946673
0.03473009
0.02149460
0.01943100
0.00940402
0.03953935
0.01775338
0.01356271
0.02146045
0.02272886
0.01028801
0.00913597
0.00781586
0.04736719
0.01060991
0.01047964
0.00912624
0.01001064
0.00868617
0.01252639
0.00860418
0.01116530
0.01001374
0.00964199
0.00831894
0.05132247
0.02629466
0.12011576
0.09304106
0.02492461
0.06686661
0.02168743
0.05098893
0.01075725
0.00899706
0.01248596
0.01231179
0.00807587
0.01180092
0.01844788
0.02069394
0.09453923
0.13702734
0.06304388
0.06007243
0.06648934
0.00990290
0.00793607
0.01549148
0.06833372
0.01248584
0.03752891
0.01703512
0.01286204
0.00845347
0.01337584
0.00822155
0.00780466
0.00780678
0.03289110
0.04619560
0.01511562
0.01744543
0.01571068
0.00811943
0.00854087
0.01047404
0.00780377
0.00780463
0.00783653
0.00780219
0.00825583
0.00907307
0.00791416
0.00984434
0.01388688
0.00798579
0.00824008
0.00800415
0.00780860
0.00780717
0.00816068
0.00826787
0.00780441
0.00846591
0.02146140
0.01094447
0.00793423
0.00831080
0.00781081
0.00780369
0.00807011
0.00780570
0.00780362
0.00780313
0.00783484
0.00869899
0.00814283
0.00780771
0.00797061
0.00820359
0.00881039
0.00780426
0.00802228
0.00785151
0.00780244
0.00780259
0.00780541
0.00783873
0.00783283
0.00810557
0.02012050
0.05527696
0.01994192
0.04647162
0.08089199
0.03634361
0.00988766
0.01012716
0.00870700
0.01165863
0.00846646
0.01379529
0.00858498
0.00795353
0.00947339
0.00810659
0.00920149
0.01549023
0.01255749
0.00915262
0.01362280
0.01550832
0.00807892
0.00893130
0.00850974
0.01141000
0.00870904
0.00793205
0.00877573
0.01043907
0.00945140
0.00781624
0.00786207
0.00780357
0.00837858
0.00812261
0.00791863
0.00785266
0.00832354
0.00921795
0.01071877
0.00916752
0.00876376
0.00803200
0.00800496
0.00783133
0.00800749
0.00780368
0.00780645
0.05770452
0.05144670
0.02554637
0.03169684
0.01922802
0.00785366
0.01370791
0.01503543
0.00889774
0.04452480
0.01733452
0.02057510
0.02584236
0.04585477
0.02617527
0.00998565
0.01373160
0.02032387
0.00862846
0.00801517
0.01090320
0.01030066
0.00798890
0.09430155
0.02654945
0.01254991
0.00889233
0.00802519
0.02623152
0.02647696
0.01097777
0.01126606
0.00968580
0.01227013
0.01131580
0.00807121
0.00902444
0.00978858
0.00798162
0.00833020
0.01185012
0.02396898
0.03806543
0.01613955
0.00998878
0.00924354
0.00809176
0.01390233
0.02808517
0.00782286
0.00780386
0.00780815
0.00780601
0.00780217
0.00796130
0.00909985
0.00861861
0.01538072
0.02472234
0.01634079
0.01108407
0.01425938
0.01223621
0.01876550
0.00873572
0.01068298
0.01265476
0.00852241
0.00793090
0.00782091
0.01354263
0.00780863
0.01125644
0.00956567
0.00780199
0.03035682
0.01093928
0.00780687
0.01451290
0.03515260
0.01708115
0.01278378
0.01795193
0.01408730
0.02005997
0.01232850
0.01911766
0.03553439
0.01290017
0.05142277
0.03189047
0.00959500
0.00903941
0.01902029
0.01215727
0.00947911
0.01347296
0.00780948
0.00780774
0.00802912
0.00804294
0.00846601
0.00780622
0.00780782
0.00780450
0.06776496
0.00780892
0.00896568
0.01111004
0.02423383
0.02857162
0.06061029
0.06024443
0.10382293
0.00824681
0.00780899
0.00780604
0.00780856
0.00780286
0.00780807
0.00974392
0.01070266
0.01779704
0.09268455
0.10730412
0.07427741
0.01090988
0.01853685
0.01090843
0.02301898
0.04400627
0.04065033
0.02235871
0.03114290
0.09240726
0.09059298
0.12059983
0.15500927
0.00833966
0.00792138
0.00845483
0.00865944
0.03295828
0.02367173
0.00847295
0.04564411
0.17293653
0.06715959
0.00800481
0.04042414
0.04414079
0.06045176
0.01870956
0.01324735
0.01046487
0.01696453
0.03078440
0.01686249
0.01653220
0.01510315
0.00967285
0.01526080
0.00845560
0.00841468
0.01616023
0.00976889
0.00781146
0.01965085
0.03871175
0.00792705
0.00784507
0.00780286
0.00780568
0.00780933
0.01409138
0.01970638
0.02238098
0.01126087
0.00983256
0.01613401
0.00995812
0.01323381
0.00966491
0.01678643
0.01254329
0.01126114
0.01730560
0.02274613
0.01561172
0.02151654
0.01878633
0.01137531
0.01251209
0.02775004
0.02050039
0.03306143
0.04997737
0.09862491
0.04204788
0.04268874
0.01323435
0.00946961
0.01273373
0.01194476
0.00802855
0.00841951
0.00891773
0.00834896
0.01205610
0.01365961
0.04145670
0.05483210
0.04419174
0.01893060
0.02981776
0.04111824
0.03326092
0.04204130
0.00894025
0.04144038
0.03887013
0.02155829
0.01126080
0.01036417
0.00780200
0.00780300
0.01309825
0.01169804
0.00910028
0.00781970
0.01047620
0.01111013
0.00916038
0.00815122
0.00780292
0.00780968
0.00914248
0.01002625
0.00794051
0.00929163
0.00780765
0.05778098
0.08109869
0.01545171
0.02809990
0.05147086
0.01200699
0.00904748
0.01408467
0.00978822
0.01112785
0.00938927
0.01114972
0.01926185
0.02474500
0.00829680
0.01086199
0.01489749
0.00837514
0.00951354
0.00780490
0.00930148
0.00780520
0.01172022
0.00910758
0.00906778
0.01034072
0.01175089
0.01313124
0.01620317
0.01496538
0.01019877
0.00951859
0.00830738
0.01498413
0.02154475
0.01180269
0.01132503
0.01994858
0.00780805
0.00793327
0.01762322
0.06035408
0.09572682
0.09002414
0.03414303
0.05686441
0.13168751
0.06200198
0.06654971
0.02126246
0.03989626
0.01148448
0.01469625
0.04879881
0.01019482
0.01086397
0.01042084
0.00997341
0.01060641
0.01322522
0.00951960
0.00780763
0.14061073
0.04094894
0.10099456
0.14955535
0.00821861
0.00823982
0.01048674
0.02269360
0.01170030
0.00780328
0.00780413
0.00780934
0.00780622
0.00798237
0.03025406
0.01162633
0.03524031
0.00781234
0.00933706
0.00939691
0.01018458
0.00967714
0.00895624
0.00917093
0.00879966
0.01040091
0.01362385
0.01430622
0.01033203
0.01118640
0.01341965
0.00789769
0.00950124
0.02951544
0.01227629
0.01530382
0.01477638
0.01173030
0.00864327
0.00804144
0.00780661
0.00780563
0.00780727
0.00780401
0.00780883
0.00780666
0.01039504
0.00899877
0.00922004
0.00923726
0.00869598
0.00915994
0.00844442
0.03348307
0.07625109
0.04817522
0.06581204
0.02289040
0.01922960
0.06754661
0.06235398
0.02841926
0.05480541
0.01413461
0.00932989
0.01052002
0.01524851
0.02282456
0.01188559
0.01132789
0.00840922
0.00786051
0.00820885
0.00869494
0.00781890
0.02107834
0.01203374
0.00780233
0.00780337
0.00995638
0.00853016
0.01026288
0.01052629
0.06769952
0.00916937
0.00819188
0.00780825
0.00780407
0.00780435
0.01508064
0.06308627
0.01924648
0.00837781
0.00780834
0.04991613
0.00928919
0.00862280
0.00784280
0.00809295
0.00785496
0.00904043
0.00854137
0.00928717
0.01423550
0.00806939
0.00910534
0.00860865
0.01076212
0.00930094
0.00791595
0.01933212
0.01318991
0.01591661
0.01587296
0.00937812
0.01282258
0.01403371
0.01022337
0.01169499
0.01804422
0.01149638
0.00988185
0.01039808
0.01069823
0.01126847
0.04149821
0.06456138
0.02462632
0.03670599
0.02124384
0.09639391
0.02271507
0.01459112
0.02256288
0.03952398
0.03266198
0.09373984
0.09537427
0.06323957
0.03683837
0.02492548
0.01121673
0.00829945
0.01736177
0.05160626
0.00832212
0.01043304
0.00884750
0.00982771
0.01180051
0.01122010
0.00861819
0.01676369
0.03880682
0.01289745
0.01855341
0.00976915
0.00931829
0.01069235
0.00786112
0.00780597
0.00932732
0.00943465
0.00925807
0.00982485
0.01019055
0.00797217
0.00951856
0.03515324
0.01922588
0.03368399
0.02015599
0.03210755
0.02136260
0.04561456
0.03265207
0.03144863
0.10383244
0.13137536
0.03146123
0.01005286
0.02646294
0.04883478
0.01059076
0.01070044
0.01201699
0.00934333
0.00859663
0.00790013
0.00793949
0.01088049
0.00865923
0.00803719
0.00854695
0.01031526
0.01134800
0.07542334
0.05956633
0.06072565
0.08994174
0.03559183
0.12224298
0.02253158
0.01965964
0.01812123
0.05508095
0.03262022
0.01151046
0.00814779
0.00857844
0.13282440
0.02502839
0.00794950
0.00780479
0.00780551
0.00780696
0.00780949
0.00780462
0.00780922
0.00780788
0.00780810
0.01018184
0.00802071
0.00790957
0.00780700
0.00780593
0.08526622
0.05566152
0.04012229
0.05248202
0.09696196
0.00787957
0.00820838
0.00827223
0.00847043
0.01158579
0.00989549
0.01219193
0.03246035
0.01482112
0.01406332
0.05226059
0.11574407
0.01106382
0.03023386
0.01375142
0.01232977
0.01082006
0.02745041
0.00780447
0.00780913
0.00780537
0.00780781
0.00780746
0.00780459
0.00780901
0.00780902
0.00780432
0.00780384
0.06969411
0.06122564
0.03012001
0.03162760
0.01792451
0.01738578
0.01534693
0.02691183
0.08083352
0.08011281
0.03932092
0.03943707
0.01000031
0.01594790
0.03591587
0.02055054
0.01255536
0.05812688
0.02029860
0.06543349
0.01673810
0.04031798
0.04634375
0.07893574
0.02603147
0.00852966
0.00782657
0.01746255
0.04166007
0.03833670
0.04191700
0.02652394
0.02065757
0.00844534
0.08102787
0.00780560
0.00780830
0.00780828
0.00780553
0.00780798
0.01250106
0.07188907
0.06761007
0.06571546
0.09757913
0.11209888
0.02720473
0.10009693
0.03417305
0.01202941
0.00857565
0.01715673
0.01277633
0.06091722
0.04914368
0.04544216
0.06860768
0.04968337
0.02929020
0.03181172
0.04895417
0.12546985
0.05877669
0.04665614
0.03265825
0.01081661
0.02085968
0.00868414
0.01157910
0.00780777
0.00780883
0.00780590
0.00825910
0.00822934
0.00780598
0.06093639
0.05628559
0.11272873
0.07177546
0.07839019
0.03876864
0.02637864
0.06966313
0.06555598
0.10473086
0.04345208
0.04628806
0.01615143
0.01980859
0.02212595
0.05011998
0.01314028
0.03026594
0.08638212
0.02577185
0.01311473
0.02805387
0.02499203
0.01611539
0.00916463
0.01663844
0.05256854
0.11381412
0.06828912
0.06166107
0.05096778
0.08651759
0.07701348
0.06578779
0.09105091
0.02028489
0.01143189
0.00792725
0.00780382
0.01170881
0.00783281
0.00780423
0.00947381
0.01362645
0.00787317
0.00780239
0.00780273
0.00780772
0.00780534
0.00841969
0.00963088
0.00838503
0.00780883
0.01322006
0.03174612
0.01291405
0.01096056
0.00780432
0.02450954
0.00799903
0.00810912
0.00927145
0.00780598
0.00780580
0.00908471
0.01450521
0.01052239
0.00985978
0.00998726
0.00810367
0.00780456
0.00780489
0.01573582
0.00882573
0.01081092
0.01065232
0.00953358
0.07585037
0.04695395
0.06525801
0.01548003
0.01393987
0.01909761
0.00780345
0.00780559
0.00780832
0.00780312
0.01142907
0.01039999
0.00864655
0.01227615
0.01086674
0.01019413
0.00840364
0.01130000
0.00780215
0.00780536
0.01463678
0.01751278
0.00934620
0.01815538
0.00780529
0.00780505
0.00780442
0.00780778
0.00780453
0.01124314
0.01356437
0.00802810
0.00830607
0.00940850
0.00838188
0.00808273
0.00989406
0.02775686
0.01800073
0.00872368
0.01904572
0.01240675
0.01667163
0.02656799
0.03171934
0.01829529
0.03433190
0.01045722
0.00780765
0.00956783
0.02363045
0.00780846
0.01039147
0.01874949
0.00985131
0.01179808
0.00780402
0.00780288
0.01714929
0.01095281
0.00787547
0.04601742
0.02646357
0.06736922
0.03060812
0.01361563
0.01196722
0.01302816
0.00896152
0.00807148
0.01477768
0.01110295
0.00881898
0.00940449
0.02254014
0.00780425
0.00780582
0.00790399
0.00780856
0.00874890
0.00933864
0.00780662
0.00815628
0.00789977
0.00780913
0.00869613
0.00834023
0.00877546
0.00795440
0.00906862
0.02461895
0.01696120
0.02919790
0.01362489
0.01350798
0.01353682
0.02605667
0.02032712
0.03600286
0.02476568
0.01603569
0.02041348
0.01515362
0.01413446
0.00817785
0.01498760
0.00990904
0.01616720
0.01703330
0.01236583
0.00865111
0.00913033
0.01031776
0.01127084
0.02540052
0.01038549
0.01505728
0.02133250
0.00782931
0.01841975
0.00838371
0.00780338
0.01746825
0.04962228
0.01155065
0.07436599
0.09529346
0.00780971
0.00780372
0.00780482
0.00780681
0.00780373
0.00780742
0.00780775
0.00780915
0.00780704
0.00780765
0.00780562
0.00780686
0.01269544
0.00780671
0.00780703
0.01174919
0.00780524
0.00780255
0.00780770
0.10022528
0.08208926
0.06125931
0.09984182
0.02237068
0.01013264
0.00780898
0.03803881
0.02180397
0.01249172
0.00905441
0.00869444
0.00795004
0.00830993
0.00780566
0.00780856
0.00780260
0.00780381
0.00780445
0.00780806
0.00780869
0.00780531
0.01422197
0.01463585
0.01613060
0.02225374
0.06775109
0.02873490
0.02744486
0.04236320
0.03162095
0.12095397
0.10057229
0.02312586
0.08091774
0.09443386
0.07433580
0.05897967
0.03779170
0.07085303
0.08919226
0.01045248
0.00885770
0.00831555
0.01600328
0.00794640
0.00780557
