1191.39596339
1354.50266253
2138.54171701
677.59416511
1811.93260889
1748.11494098
819.38372602
1189.25568535
566.53128202
2050.15716879
632.16665976
566.17697805
451.61812485
1838.57619682
648.90540188
1531.44371451
686.30474248
2392.77177716
2193.49455991
2431.36772054
583.91861127
1673.97503087
630.41102632
2590.34743231
2090.32065981
1241.80567086
594.07592785
2462.95426162
682.88381093
1624.67303750
1820.21966553
901.22932133
447.90970526
391.00911768
360.49156726
1430.92776475
1499.30471500
1256.46472091
1122.22358991
1388.39098630
893.66406726
576.44835418
738.94270020
394.27481690
480.43393690
366.20360239
408.31655763
394.61663255
1458.15288577
1823.04166689
2287.69417615
2381.97548835
2505.79586033
982.10258816
1282.43078017
490.47583845
460.83677644
713.83218541
1485.74810188
725.64145834
1114.16492490
520.17487886
1856.54352125
623.20738617
559.02481607
2091.43048501
1676.40714466
490.38813073
1456.30307155
717.86586332
584.20101840
486.32027641
471.93487984
380.21033903
555.30308215
1553.73613731
1831.78069202
1398.41148082
2408.77275734
2568.07453563
1623.63400311
1359.89191688
1527.10899402
860.79728162
1511.86821172
783.27467490
1238.92534286
633.08354909
887.72265358
1239.20254207
763.13720719
2022.78976169
471.77140694
2419.87450748
2018.30675668
757.20992227
1240.08585898
1229.60277999
1270.22154719
1080.76932393
697.49687439
1245.99798735
1004.60896965
1385.43332723
2377.31270400
1758.93182812
1878.88991225
427.40136436
433.78142401
1658.09104112
1610.20844456
899.64071750
460.87688202
1971.77782203
1903.75261015
2296.47344014
1654.80714042
2531.22697396
721.56420617
1774.96551475
2102.16766773
1744.58970810
2258.44379373
2087.00871661
2058.42321713
1060.77569521
1296.78403545
1537.85572567
906.26035999
2146.32732956
2167.08503802
1546.88293404
966.20524004
651.75695498
1710.28883190
1333.20589929
547.54861418
580.24954368
393.00927656
626.62605777
1318.87278323
1668.44481033
2054.30205096
1991.38038923
1034.00258189
1086.55424248
563.27838121
402.21181521
463.14269287
2203.96068345
2268.59982860
819.07452116
788.74126267
424.01732015
1476.14433872
2551.92820464
379.12133442
2026.37237184
2600.00000000
461.53858871
1903.29698584
558.68113440
750.64533198
445.36948706
634.56201029
1642.16495717
1245.90867688
1136.95101745
2287.27498402
1998.07538756
1699.93431791
577.09298107
574.76633876
406.83993589
397.33536545
378.02006771
426.06106236
441.06419505
488.80333965
542.23785067
370.48808701
428.23170105
388.49931913
2484.36339939
1772.38218554
1304.59829755
872.37864032
1243.80768227
1876.17856323
1544.62520662
1755.99071467
555.94288476
645.77588211
2061.65043484
1805.75882377
1775.29723109
1691.61278181
1752.90482092
2017.30821619
472.05552132
450.37947634
505.06344175
901.34138209
2346.13890764
1846.96947334
1475.85882876
941.66753981
629.10526254
475.59657083
1494.77432863
452.78308836
409.39165033
371.67685551
1626.62709626
2318.43042405
1967.07730737
1376.14171867
2079.29243412
2310.01324863
1484.71889538
2568.16608531
2600.00000000
1770.08275896
1946.15135023
1979.25961882
1728.26016302
695.51602699
622.91011815
882.25024578
547.53009288
729.58356860
2351.73293340
1228.48080976
536.35859315
1023.41921424
499.91424752
734.39259403
2352.81014926
1686.19968758
831.60368840
995.20470767
2066.80555932
1043.32081466
565.34440515
533.67691395
520.42589008
890.21449388
1324.25523265
766.56191981
634.67638573
1199.99165298
1767.10108221
1964.64586368
461.61917675
1260.01137930
2419.47356208
1426.85414314
786.32069004
1973.85145194
555.17480662
470.75777592
1686.75742760
515.10796176
1509.97437207
1393.80268009
2256.57230916
2511.65241716
2109.03354150
1676.94626396
2391.45430280
1679.57132134
1223.97062040
1101.72944381
2140.92243725
1060.10187400
579.44813917
971.39049726
1637.49302406
717.80451117
837.61902628
1262.68350981
1438.56928515
1918.43002778
1753.26985796
1195.64108556
1545.45172750
610.47953460
532.65425094
533.12221168
439.24382818
1341.58821736
561.12146592
535.99609363
1090.96049122
925.46368832
614.68539442
531.42565403
2518.04594602
1539.12753209
1007.16353828
745.50444141
546.55475550
532.81014680
551.32570092
486.67125891
709.61791308
454.88984066
976.90859886
1201.26923521
704.67254574
485.72543474
530.44207412
1649.78511368
1941.94649751
1538.96462465
1630.84503759
2112.08016527
1549.96429334
1992.94048514
508.22889199
2049.09317393
897.90493673
1471.58309363
1767.54422088
1656.36330591
