0.26258159
0.14787066
0.14294631
0.22355289
0.18371797
0.21220320
0.25935762
0.27155295
0.31575248
0.24040014
0.29243232
0.28343597
0.36000000
0.23278371
0.21062052
0.29670371
0.26287564
0.24122271
0.34275594
0.10873213
0.16981216
0.16510642
0.19113452
0.17042140
0.21649765
0.21738172
0.22687583
0.22291963
0.21949771
0.14821833
0.09003718
0.15811556
0.09317264
0.10480495
0.12056922
0.11226581
0.12297792
0.11154885
0.09821596
0.06115653
0.15867099
0.21888559
0.12997781
0.16853795
0.17121706
0.28916031
0.28251250
0.16467688
0.27921839
0.07289828
0.05928769
0.18014134
0.08496513
0.09603462
0.20064209
0.17597180
0.20727932
0.21623339
0.22903892
0.21773534
0.21621898
0.26982133
0.23765185
0.13722697
0.13862707
0.28263647
0.28822723
0.32953432
0.27083609
0.18033545
0.23676297
0.19681273
0.18738204
0.07250641
0.11882319
0.10238789
0.24453220
0.29281093
0.19696456
0.13550294
0.25835152
0.18555433
0.18926837
0.14923981
0.13996960
0.16761160
0.24405269
0.28333027
0.36000000
0.22359998
0.19777272
0.16131839
0.10415333
0.27694192
0.15525099
0.23395702
0.29163858
0.19151986
0.16091767
0.22702862
0.25459135
0.17783315
0.16515159
0.22871700
0.26242111
0.18381214
0.31490877
0.19146220
0.16177580
0.11158258
0.08417043
0.18291366
0.15696820
0.21039086
0.30395306
0.31422458
0.28557119
0.22456477
0.29880625
0.25851296
0.24732854
0.22711319
0.27713122
0.18701208
0.22278126
0.22213550
0.18810947
0.20133301
0.12369440
0.25760198
0.23131251
0.26031184
0.19783133
0.17060013
0.22477713
0.18903102
0.15612641
0.23913362
0.16902995
0.11874929
0.16644213
0.25887523
0.31884576
0.29645771
0.36000000
0.22166272
0.20133974
0.11340962
0.16635565
0.16772499
0.14835267
0.23477190
0.18905889
0.22874391
0.21144021
0.21226566
0.23742410
0.17866437
0.24846534
0.20081410
0.21266541
0.09619019
0.12105296
0.25965744
0.22009350
0.15901693
