0.20141877
0.25841150
0.27109567
0.30466459
0.18351016
0.21665089
0.15773158
0.14130059
0.16519263
0.20311419
0.17124774
0.18067153
0.14541193
0.22711106
0.17355328
0.28854955
0.25647663
0.18203676
0.22205074
0.20844807
0.15063260
0.21992460
0.18650839
0.23243158
0.15872029
0.20700395
0.14100443
0.18012472
0.19734590
0.17172011
0.22838392
0.11643750
0.18113968
0.16281614
0.16140895
0.21300354
0.22638826
0.28833753
0.21697929
0.23303280
0.24224383
0.18946260
0.27983076
0.29530455
0.26808809
0.20945924
0.12963968
0.16948211
0.13555684
0.12382469
0.12388103
0.11360189
0.12645508
0.21086035
0.24675705
0.24814408
0.19160133
0.18129276
0.14652067
0.17991100
0.23379711
0.21733143
0.30742975
0.12946644
0.23722725
0.26322051
0.14385581
0.25658857
0.17421084
0.18191726
0.16495800
0.17538458
0.26265488
0.15582169
0.20131350
0.26288914
0.24416239
0.20594385
0.15245168
0.12926279
0.12862139
0.13554883
0.12928036
0.13941739
0.14137932
0.14314502
0.15660580
0.12433769
0.14693981
0.12681010
0.27395053
0.22856555
0.20035644
0.17239999
0.21353804
0.22377285
0.21328969
0.21723505
0.14754289
0.15328189
0.23814057
0.24634116
0.23813909
0.16349972
0.23733622
0.26198398
0.14996667
0.13384577
0.13721742
0.15281419
0.26682560
0.23002745
0.25900086
0.21328673
0.18637347
0.16624769
0.19566012
0.11980268
0.11403100
0.11724903
0.24412681
0.28954886
0.22419170
0.20061739
0.27148635
0.28251883
0.20140765
0.29099001
0.33660036
0.25255796
0.24444188
0.23568528
0.24820264
0.16521857
0.16495110
0.19503221
0.18058072
0.17692870
0.24743537
0.17273047
0.14243690
0.18192682
0.14411668
0.16265238
0.26411678
0.24394000
0.17393469
0.17777041
0.26103878
0.18543858
0.15653137
0.14083481
0.14784261
0.16949872
0.17303761
0.15207657
0.15586617
0.19456740
0.21253428
0.25193673
0.14287117
0.19284380
0.33352013
0.21568567
0.16444329
0.15090801
0.24617807
0.20704917
0.25805715
0.29947453
0.23341088
0.19380308
0.28613059
0.26578181
0.22995109
0.22104623
0.14605978
0.14720595
0.14696228
0.13681309
0.20568735
0.16114355
0.16902968
0.18837432
0.19160282
0.17394225
0.16377669
0.27588985
0.21699412
0.20298594
0.18795176
0.16743611
0.15892031
0.15016245
0.13565877
0.14710224
0.15001730
0.17273907
0.19892271
0.19044189
0.15221193
0.14052820
0.19507669
0.22513838
0.18634456
0.19740743
0.23844377
0.23013939
0.23227739
0.15958446
0.25104565
0.19951059
0.21781329
0.22650465
0.21915065
