23.06560910
20.63583351
21.41198412
20.10788866
20.10551138
20.33900444
20.29876550
20.10788866
20.10551138
20.89070177
22.38309835
20.33659205
20.10788866
53.61460098
61.05118638
42.45469899
124.56656997
21.08453870
53.35791488
71.82505975
20.10788866
20.10788866
72.76471879
255.71247736
35.34571358
22.20492072
94.39546709
20.25502832
20.10788866
20.10551138
20.53685001
149.48178873
20.51610137
45.50463048
28.28168215
36.29002976
33.21529795
53.68623732
85.44188401
210.20981661
25.98894608
104.90002442
306.07974714
26.67480517
31.01332671
219.79206832
52.82024163
20.10788866
66.03306795
53.78426958
37.81910536
26.47313597
26.09771234
21.40142984
21.75135358
20.78172980
20.98106133
20.93494380
20.83761828
22.94598495
26.14458402
21.38214013
21.27094506
20.99361547
21.12423665
20.82095602
30.60767087
40.18335109
21.09464388
22.74811154
21.13917936
25.33955810
31.16258372
20.69985708
20.10788866
20.10551138
20.10788866
20.10788866
39.58515946
20.10788866
20.10788866
20.10788866
155.81386364
131.92903508
20.10788866
77.69621256
24.05165772
20.10788866
87.15270256
28.23643025
20.68013064
44.63858482
45.06620321
32.80130883
51.61264173
118.39999159
51.18306580
141.98833478
26.39170747
38.47529448
21.01171012
21.31287781
21.21562033
31.24093314
21.24185784
24.86427004
22.70956432
21.00819017
21.49018567
21.41198412
21.54018399
21.52125558
20.99361547
29.18761637
66.07817862
23.43541425
23.43656587
23.19907318
20.97378428
134.80176177
20.10788866
20.47638755
20.10551138
70.48613321
173.52307737
23.64964074
23.11027565
144.76232143
21.49613638
20.50025280
50.06174407
23.43599005
23.70999123
23.16185809
21.47699798
39.19038290
20.98407346
21.45478290
27.85477969
24.85499674
21.60672806
20.92543551
21.11133079
39.83356435
21.39319689
23.44635747
20.10788866
20.10788866
20.10788866
20.10788866
53.49211657
48.41905820
23.12584894
28.91811535
76.22609429
61.66642873
33.67130026
21.49510132
20.10551138
20.97704601
26.06793634
26.96417745
22.67856311
25.37975633
21.01045292
21.67326813
23.79602755
23.06137410
91.28447482
23.22297471
21.03662248
57.29981230
21.90222189
21.20518764
21.35696781
27.91561268
29.45207167
32.03662458
24.70657062
92.69976935
51.91520514
20.69147042
26.55452458
21.26124375
20.10551138
21.35568451
21.64192328
22.10041091
21.97787888
20.10551138
20.10551138
44.87853159
43.57100909
30.82837524
23.50578955
20.10551138
44.42047459
56.59887630
25.22318965
20.13382456
20.41663699
23.99351217
25.21752940
46.47069045
22.81708633
20.10788866
21.79000162
311.88311967
20.97152653
20.28986408
20.10788866
20.10788866
20.10788866
20.10788866
111.87600119
20.10788866
20.10788866
20.10788866
20.10788866
269.85786571
20.10788866
20.10788866
20.10788866
71.66939923
126.86187555
36.17169746
25.87844360
25.12278766
28.04485773
21.17646755
23.60631534
20.48953340
20.56423027
22.39807157
20.17077995
20.52000496
20.75224793
20.76289491
21.46459531
21.75135358
21.41507441
21.41404425
21.06106776
21.47622256
21.76501521
47.42627389
107.33445771
21.65732741
21.50985675
21.12879403
21.20188106
24.12875384
25.11871889
23.68110468
40.69400712
39.65648644
33.05552607
20.10788866
20.10788866
28.17157102
20.91493272
20.58822616
22.57844328
20.13525348
20.52610620
20.43021915
20.10551138
20.23656047
20.12430182
20.10551138
141.35178044
20.10788866
297.44688465
126.97842030
20.10788866
75.36365677
76.57600623
45.76506178
28.17944531
45.79288243
34.64681571
20.35348647
20.35928297
20.38636127
26.31619263
20.31658334
24.46134111
36.19012993
27.80713994
49.32637665
31.21640020
39.63043901
26.50412257
26.64056610
22.37085674
20.61765748
20.76264723
20.49123829
20.60955854
95.42604925
20.78991487
175.83735790
45.73725839
31.80665444
24.16995369
30.28246099
21.68425224
20.51683322
36.02883537
22.96675892
22.14010094
24.05700614
26.04342572
43.35197668
21.75319202
22.74644597
23.62665755
20.66338196
20.81449462
20.94921648
21.89189406
23.21415041
26.11671132
23.87920205
21.62940121
23.60399187
23.07662457
186.12891982
20.10788866
20.39798035
20.34648517
20.50683416
37.32257106
21.98666016
70.75777372
20.10788866
170.13978235
246.56875917
80.33726819
20.10788866
35.65223141
21.59969761
22.15245504
20.10788866
143.34407254
119.46800027
144.97031846
78.08985816
85.71091124
124.81459152
302.22469414
20.10788866
196.74731158
47.81216945
74.43162256
134.92598020
34.76247507
76.94240698
62.67841035
66.19542942
60.62699582
20.71985448
20.10788866
22.44333857
20.10788866
29.11170524
20.10551138
20.10788866
20.10788866
22.25294698
22.06027462
21.84694613
25.45338473
49.58208749
20.10788866
171.31988048
77.32952014
134.78215698
20.10788866
20.10551138
20.74061845
20.80828413
20.10551138
20.10788866
20.10551138
20.21811422
24.69798097
21.31671831
51.07960750
26.97438517
36.27438605
21.26481727
165.21528473
173.89175419
191.47584985
20.10788866
85.06170331
100.31209967
20.54466819
25.58188472
21.93563020
24.12964858
27.17193434
21.63827007
27.09962430
24.45406578
30.36651519
26.26533035
23.67119390
37.40573912
62.90158466
20.85529376
20.10551138
24.20465102
25.42320460
26.40796968
25.93882623
21.82187825
