2237.90735724
2549.49624909
2548.03908738
2525.76305638
2481.29644946
2151.02507106
944.93877119
2544.20210446
2282.52763977
2493.69851245
2456.83035219
2541.76187751
2538.33005637
2553.51044388
2518.26858172
2491.87493030
2258.82816091
2262.69759114
2456.75094170
2504.14985779
2501.17369099
1445.60254117
2548.93328152
2535.85693684
2530.81640765
2523.56674972
1993.66635721
1817.48448901
2381.01284784
2416.46011447
2194.53099722
2295.14012955
2445.65797386
2557.99960994
2542.76058304
2535.72649191
2525.51079688
2397.83572598
1915.05939654
2518.76328526
1669.56981351
2513.73310042
2542.46738576
2523.13571921
2552.25438015
2554.00600201
2544.40070536
2480.19096995
2522.81320428
2541.01797566
2539.50048718
2509.36029513
2548.70322128
2558.25382639
2183.90594808
2534.77005554
2112.34362294
2482.15891686
987.69517774
2558.04433844
2525.79496625
2314.29315158
1997.97188512
2553.17085701
2545.00936789
2431.61659093
2139.95572485
2058.32827956
2379.23708304
2542.36824325
2474.93327942
2514.23129686
2257.75132761
2504.73853369
2523.89931889
2517.90383188
2510.15976939
2372.15073551
1948.95321611
2531.41029491
2555.61837566
2557.25715229
2444.25149348
2533.53750680
1638.43338855
2271.46889164
1895.51282390
2071.86087848
2131.95380659
2550.14318651
2307.93685749
1450.32810238
2489.33713893
2467.68853684
2556.30088911
2552.31307712
2555.57176721
2447.67430609
2371.82589154
1645.76824242
1333.26593611
1971.27090104
2345.99678839
1391.24762151
2535.03111306
1427.94222984
2305.33899175
2471.66992406
2490.68671767
2532.37686138
2416.44823239
2505.03182771
2477.57444959
2341.95876417
2248.08538882
2394.68686503
1202.63368491
2524.70539477
2528.32838685
2522.45374706
1018.17224274
2210.35142790
2404.42740481
2347.24547464
2559.54024391
2548.84790759
2345.88755486
2006.63484949
2131.04020099
2514.96414479
2029.73065195
2301.29583633
1897.86229120
2426.51405229
2558.48695928
2550.42965810
2549.36881604
1533.31884117
2483.39444029
2476.62181789
1028.18681071
583.33457413
2046.96049918
2517.77558525
2548.00530818
2555.38395734
2560.45184860
2560.22612539
2509.16853749
2438.81230504
1918.74961349
1726.65167534
2447.66208340
2540.81903260
1136.76087800
2485.47825532
2090.56910500
2248.34582399
2526.51840514
2560.33855676
2340.72782391
1462.10584059
2557.56133676
2553.01195448
2424.55127746
2516.90254306
2550.59042925
2547.25206493
2556.67058770
2244.23819551
2550.91313482
2513.56980526
2065.89373637
2538.84340094
1743.32440244
2188.51290045
2505.59963401
1993.76808202
2215.47558286
2531.20061783
2528.61176354
2551.69103924
2530.86103242
2343.34378670
2547.57607074
2017.50534357
2031.24550433
2515.73768013
2511.64011791
2481.60831186
2428.44735497
2354.03343258
1850.08553064
2442.73833335
2329.98247509
2373.33992477
2559.12116317
2514.61814242
2166.87288485
2538.10716698
2539.88949965
2557.12296897
2559.72061365
2560.89210780
2521.15058787
2396.43420748
2405.47862930
2454.16817459
2419.82170377
1878.90825824
2508.29907756
2524.88649730
2032.80555907
2371.74034163
1780.39203909
2540.64542202
2330.27144219
2550.67699549
2548.60796400
2548.43027107
2469.19912999
2558.17116626
2548.46837579
2439.69802796
2136.77811609
2552.68667399
2457.98451387
2114.06475282
2222.50947981
2423.51413004
1525.06557661
2271.66833091
2336.72241913
2553.31525309
2522.57803940
1802.23746762
2538.02487624
2534.86943449
2525.44410634
2056.16887595
1587.17354252
2438.55819672
2502.64525188
2373.98842933
2387.45045072
1929.44856100
2535.93480047
2095.52382500
2523.53188369
2558.58766674
2526.30676697
2479.65157592
2437.85072616
1128.40749209
2389.45324659
2478.91330333
2378.44413704
2349.85829752
2414.85023099
2296.02494670
2497.29873076
2388.78340527
2405.65191977
2542.64604281
2557.71218987
2557.88684771
2525.84940496
2491.13291042
2545.25358761
2558.75914607
2559.06437841
2440.98322137
2541.83713449
2492.28724317
1778.86400523
2561.99867887
2432.32992215
2490.22343805
2285.40742382
2065.85627546
2127.98270824
2320.40754397
2555.69440668
2300.12981780
2562.26740873
2560.94757393
2344.65359958
2059.60323999
2411.59516497
2522.99554732
2418.49668789
2441.43008238
1812.00547269
2309.41992619
2071.24081250
2105.72728929
2518.40473145
2459.97371102
1673.12201748
2426.15090430
2433.55744924
2446.04366702
2153.43700088
2519.66852623
1838.32162520
730.92299388
2494.75197238
2556.16317778
1621.37553611
2118.05557246
2532.55077549
2511.78825240
1626.37693317
1512.79022003
2437.99006714
2560.88418292
2525.47075280
2261.32314777
1570.44664406
1889.68948456
2410.43980323
1887.52819693
2561.30683548
2562.24408769
2134.28836150
1995.14961506
2285.98037069
2549.43523044
2295.80167512
2358.68075526
2507.90227356
2561.74664286
2561.99920277
2554.31907116
1870.77532487
2524.84755727
2523.62611980
2480.79945078
2273.33923753
2065.45271913
2557.59843455
2559.69721472
2548.53331384
2534.47212573
2406.62939780
530.05326676
2560.59784055
2559.41926927
2560.72039729
2546.40954851
2545.45302590
2551.73528239
2560.59995994
2553.84648064
2398.87418418
1033.97866524
2532.45682660
2561.22322068
2483.19896357
2468.31128320
2527.54284534
2030.87616835
2394.37613493
2349.34187999
2027.52856655
2561.04465923
2558.27648513
2525.67308528
2120.01726581
2521.51576761
2536.96302705
2517.57241593
2522.35862907
2311.62484176
2524.22498293
2170.23725239
2294.33337745
2240.79653658
2490.42753348
2537.38336102
2078.11772423
2439.02771812
716.90835977
2251.68841180
2493.51296790
1917.36140847
2394.00614091
2562.26775952
2556.99932320
2556.58321319
2307.78240817
2551.85349533
2558.86274474
2459.96230024
849.61758926
2550.79076163
2381.91338044
2501.06478179
2497.36333725
1389.70514991
2397.70173777
2543.06109953
2555.84520279
2559.44344384
2541.36142825
2484.40461826
2543.45352606
2559.31041003
2557.31171959
2556.08602552
2384.36397919
2438.22565004
2479.39127161
2523.22250881
2356.76007695
1909.82944762
740.66375523
2468.50478426
