1069.04103847
1229.71119873
2002.03803264
562.91457212
1680.30791351
1617.44357388
702.58603623
1066.93273257
453.51078111
1914.97380043
518.16567705
453.16176984
340.31423261
1706.55349119
534.65437060
1404.00904995
571.49502816
2252.47032465
2056.16997279
2290.48970976
470.63837299
1544.41118893
516.43626981
2447.09453288
1954.53731667
1118.69770996
480.64395641
2321.60440121
568.12519956
1495.84568415
1688.47117550
783.20899644
336.66121056
280.61062174
250.54895204
1304.99463888
1372.35015286
1133.13777853
1000.90198353
1263.09328812
775.75675451
463.27970895
623.34666360
283.82753693
368.69958505
256.17565900
297.65951774
284.16424643
1331.81306252
1691.25102092
2148.96240570
2241.83531418
2363.80601871
862.87415313
1158.71594869
378.59147754
349.39517310
598.61125754
1358.99605266
610.24411986
992.96370138
407.84686440
1724.25241410
509.34023989
446.11644909
1955.63056295
1546.80697104
378.50508002
1329.99088141
602.58467911
470.91656144
374.49799258
360.32748956
269.97315863
442.45031160
1425.96846156
1699.85949977
1272.96409336
2268.23227718
2425.15435569
1494.82217118
1235.01994671
1399.73908286
743.38094318
1384.72597213
667.01639341
1115.86040920
519.06886960
769.90409552
1116.13346753
647.17974549
1888.01521622
360.16645867
2279.16818591
1883.59917975
641.34100420
1117.00358917
1106.67710969
1146.68910105
960.06697434
582.51996850
1122.82740032
885.04432724
1260.17981149
2237.24218395
1628.09887497
1746.26498773
316.45922966
322.74398199
1528.76447919
1481.59716782
781.64412367
349.43467958
1837.76530887
1770.75627888
2157.61052230
1525.52963442
2388.85723442
606.22777495
1643.89304538
1966.20735028
1613.97100203
2120.14897464
1951.27484831
1923.11636796
940.37201670
1172.85479055
1410.32527647
788.16487988
2009.70734128
2030.15496459
1419.21763359
847.21428456
537.46332632
1580.18252304
1208.73257319
434.81168230
467.02411509
282.58090163
512.70784230
1194.61356971
1538.96358056
1919.05676506
1857.07504679
913.99884851
965.76547597
450.30647315
291.64596988
351.66664303
2066.47975010
2130.15329549
702.28145036
672.40131958
313.12573736
1349.53575352
2409.24922364
268.90042191
1891.54430822
2465.12774575
350.08650148
1770.30746082
445.77790145
634.87447782
334.15893893
520.52524509
1513.07630405
1122.73942400
1015.40940815
2148.54947559
1863.67003314
1569.98268802
463.91470619
461.62281999
296.20495424
286.84236605
267.81560626
315.13894951
329.91796072
376.94396305
429.58025264
260.39614064
317.27716252
278.13831535
2342.69372259
1641.34830675
1180.55232076
754.78929593
1120.66981470
1743.59414169
1416.99363280
1625.20169679
443.08055664
531.57160058
1926.29537648
1674.22635432
1644.21980643
1561.78546163
1622.16190109
1882.61555576
360.44632886
339.09408742
392.96116666
783.31938321
2206.53407152
1714.82138632
1349.25450860
823.04313617
515.15001194
363.93448107
1367.88744282
341.46179353
298.71855038
261.56715095
1497.77055257
2179.23950592
1833.13501197
1251.02700388
1943.67383406
2170.94806890
1357.98222077
2425.24453777
2473.44828146
1639.08322972
1812.52165332
1845.13534024
1597.88539280
580.56871163
509.04741256
764.51343626
434.79343767
614.12734164
2212.04453197
1105.57189980
423.78882130
903.57357852
387.88889270
618.86452835
2213.10565604
1556.45322989
714.62345299
875.78054908
1931.37349210
923.17788262
452.34163417
421.14720186
408.09412593
772.35871193
1199.91561441
650.55329868
520.63791195
1077.50832296
1636.14609419
1830.73988995
350.16588568
1136.63145584
2278.77322996
1300.98187030
670.01690622
1839.80796225
442.32395229
359.16796959
1557.00263822
402.85563848
1382.86042326
1268.42414034
2118.30544689
2369.57508847
1972.97065948
1547.33803681
2251.17253113
1549.92388026
1101.12908506
980.71398539
2004.38318893
939.70826124
466.23468220
852.32208279
1508.47416175
602.52424346
720.54893187
1139.26366923
1312.52200785
1785.21444065
1622.52148510
1073.22274567
1417.80780685
496.80252095
420.13981572
420.60078591
328.12478706
1216.98967358
448.18177854
423.43173691
970.10590279
807.08134288
500.94555232
418.92957197
2375.87310880
1411.57808425
887.56073493
629.81038348
433.83267019
420.29338275
438.53234573
374.84373199
594.45993933
343.53707451
857.75775326
1078.76682027
589.58844743
373.91203685
417.96068508
1520.58262828
1808.37961400
1411.41761037
1501.92548498
1975.97177183
1422.25296257
1858.61183749
396.07933041
1913.92569986
779.93427254
1345.04264573
1636.58261312
1527.06255342
