0.24271105
0.14610862
0.14196164
0.20984351
0.17629700
0.20028549
0.23999603
0.25026618
0.28748829
0.22403122
0.26784949
0.26027332
0.33085419
0.21761713
0.19895266
0.27144659
0.24295868
0.22472393
0.31022892
0.11314857
0.16458639
0.16062351
0.18254276
0.16509945
0.20390202
0.20464652
0.21264188
0.20931021
0.20642848
0.14640141
0.09740484
0.15473624
0.10004533
0.10984135
0.12311704
0.11612442
0.12514549
0.11552064
0.10429250
0.07308335
0.15520399
0.20591299
0.13104037
0.16351333
0.16576951
0.26509401
0.25949564
0.16026178
0.25672154
0.08297153
0.07150953
0.17328498
0.09313348
0.10245551
0.19054945
0.16977366
0.19613891
0.20367947
0.21446349
0.20494433
0.20366734
0.24880792
0.22171677
0.13714516
0.13832424
0.25960003
0.26430823
0.29909450
0.24966248
0.17344845
0.22096822
0.18732460
0.17938265
0.08264152
0.12164663
0.10780585
0.22751098
0.26816833
0.18745246
0.13569329
0.23914875
0.17784347
0.18097121
0.14726164
0.13945483
0.16273322
0.22710716
0.26018431
0.33168772
0.20988316
0.18813304
0.15743346
0.10929260
0.25480444
0.15232388
0.21860522
0.26718105
0.18286727
0.15709600
0.21277055
0.23598217
0.17134117
0.16066154
0.21419240
0.24257591
0.17637630
0.28677777
0.18281872
0.15781866
0.11554904
0.09246423
0.17561966
0.15377000
0.19875925
0.27755155
0.28620158
0.26207147
0.21069564
0.27321722
0.23928470
0.22986588
0.21284176
0.25496386
0.17907109
0.20919368
0.20864987
0.17999525
0.19113130
0.12574887
0.23851754
0.21637817
0.24079961
0.18818240
0.16524997
0.21087449
0.18077132
0.15306110
0.22296463
0.16392766
0.12158440
0.16174836
0.23958979
0.29009325
0.27123942
0.33966446
0.20825172
0.19113696
0.11708766
0.16167553
0.16282871
0.14651454
0.21929146
0.18079479
0.21421506
0.19964295
0.20033809
0.22152498
0.17204117
0.23082322
0.19069430
0.20067474
0.10258653
0.12352441
0.24024852
0.20693022
0.15549531
