0.00854628
0.00702368
0.00543994
0.00638715
0.00716557
0.00697974
0.00768292
0.00543477
0.00543811
0.02008956
0.02464114
0.01822566
0.00847625
0.00543935
0.02466224
0.02926261
0.01092577
0.00546209
0.00572929
0.01226804
0.01444130
0.03555627
0.00804261
0.00543525
0.00798857
0.06725782
0.00750330
0.00629777
0.10598866
0.14766633
0.12757549
0.09170941
0.02991971
0.14952944
0.07335212
0.09674179
0.04439175
0.02043018
0.05213929
0.07261099
0.05189801
0.02839653
0.05316096
0.02049958
0.01119042
0.01058758
0.01546819
0.00684807
0.00904891
0.00790293
0.00572409
0.00944352
0.00921992
0.00543458
0.00543721
0.00543371
0.00543576
0.00543829
0.00543193
0.00543175
0.00543225
0.00543411
0.00563362
0.02663864
0.05210424
0.00543729
0.00543515
0.00543170
0.00543670
0.01536511
0.01406530
0.01473953
0.01055925
0.01406653
0.00965764
0.01060428
0.01703210
0.01089887
0.00998086
0.00914454
0.01109598
0.00957261
0.04140359
0.04252568
0.06979472
0.01136750
0.01222854
0.00890533
0.01113441
0.01536433
0.01541410
0.01819415
0.01125384
0.01134324
0.00913413
0.01093248
0.00806463
0.01573038
0.01304315
0.14630384
0.09675573
0.02069767
0.01661217
0.03135258
0.05528705
0.04109222
0.01157603
0.13785993
0.02707742
0.06370121
0.01795365
0.02179915
0.02830828
0.03973258
0.01433644
0.01144505
0.00988666
0.00928577
0.00712637
0.01632622
0.09845089
0.19815797
0.21755283
0.15003694
0.05416172
0.00769206
0.01220984
0.01354151
0.01719172
0.01689104
0.01609083
0.04138357
0.02527821
0.01159594
0.01829015
0.01011915
0.01604067
0.01375408
0.01686444
0.03269927
0.00543238
0.01020039
0.00703902
0.00543905
0.00543721
0.00602996
0.00695157
0.00543155
0.00544005
0.00543603
0.00591650
0.01169486
0.01217619
0.02097469
0.01256562
0.01662345
0.00545162
0.05175469
0.04900949
0.04060406
0.09196512
0.03235482
0.04167756
0.00813562
0.01132585
0.00622787
0.00735338
0.00963441
0.00543906
0.01031529
0.00725108
0.01462106
0.00926199
0.00973311
0.01739403
0.03213670
0.00543259
0.00543523
0.00813336
0.01300705
0.00921425
0.01200670
0.00742657
0.04754766
0.01038295
0.00910333
0.03705658
0.01310757
0.00544081
0.00570530
0.02034792
0.07638454
0.00796835
0.01265074
0.00807779
0.00620325
0.05683320
0.08452267
0.04396121
0.03397989
0.04916920
0.01651126
0.03057985
0.04116261
0.09817398
0.00919812
0.00591895
0.00752951
0.00558526
0.03625067
0.06435821
0.00543716
0.04419621
0.15465841
0.00551504
0.00950875
0.01040982
0.00763516
0.04871608
0.04238580
0.00963682
0.14491877
0.01579035
0.01326876
0.01218057
0.01157005
0.01051382
0.00614151
0.05364755
0.00742402
0.00617036
0.00543461
0.00561889
0.01384223
0.01716030
0.02479172
0.00787344
0.00685174
0.00656626
0.01708747
0.00543558
0.00543935
0.00562502
0.01313578
0.01988440
0.03879592
0.02239696
0.01984013
0.00741657
0.04475465
0.01776155
0.01256924
0.02235465
0.02392622
0.00851185
0.00708445
0.00544882
0.05445346
0.00891068
0.00874927
0.00707240
0.00816817
0.00652715
0.01128522
0.00642555
0.00959882
0.00817202
0.00771142
0.00607214
0.05935410
0.02834430
0.14458993
0.11104401
0.02664679
0.07861351
0.02263588
0.05894084
0.00909323
0.00691234
0.01123514
0.01101933
0.00577098
0.01038636
0.01862204
0.02140493
0.11290025
0.16554361
0.07387709
0.07019542
0.07814606
0.00803469
0.00559776
0.01495902
0.08043127
0.01123498
0.04226369
0.01687161
0.01170111
0.00623883
0.01233771
0.00595148
0.00543494
0.00543757
0.03651738
0.05300184
0.01449332
0.01737999
0.01523060
0.00582495
0.00634711
0.00874233
0.00543384
0.00543491
0.00547443
0.00543188
0.00599395
0.00700651
0.00557061
0.00796213
0.01297089
0.00565937
0.00597443
0.00568211
0.00543982
0.00543805
0.00587606
0.00600886
0.00543462
0.00625424
0.02235583
0.00932521
0.00559548
0.00606206
0.00544256
0.00543374
0.00576383
0.00543622
0.00543365
0.00543304
0.00547234
0.00654303
0.00585393
0.00543872
0.00564055
0.00592922
0.00668106
0.00543445
0.00570457
0.00549299
0.00543219
0.00543238
0.00543587
0.00547716
0.00546985
0.00580778
0.02069443
0.06425377
0.02047318
0.05334384
0.09599115
0.04079509
0.00801581
0.00831255
0.00655295
0.01021006
0.00625492
0.01285741
0.00640177
0.00561940
0.00750252
0.00580903
0.00716563
0.01495747
0.01132376
0.00710508
0.01264370
0.01497988
0.00577476
0.00683086
0.00630854
0.00990201
0.00655548
0.00559277
0.00663811
0.00869901
0.00747528
0.00544929
0.00550608
0.00543359
0.00614603
0.00582888
0.00557615
0.00549442
0.00607784
0.00718602
0.00904556
0.00712354
0.00662328
0.00571661
0.00568311
0.00546799
0.00568624
0.00543373
0.00543716
0.06726155
0.05950802
0.02741716
0.03503768
0.01958864
0.00549565
0.01274915
0.01439397
0.00678928
0.05093170
0.01724256
0.02125769
0.02778390
0.05257955
0.02819637
0.00813721
0.01277849
0.02094642
0.00645564
0.00569577
0.00927407
0.00852752
0.00566321
0.11260577
0.02865999
0.01131437
0.00678258
0.00570818
0.02826607
0.02857018
0.00936647
0.00972366
0.00776570
0.01096772
0.00978530
0.00576520
0.00694626
0.00789305
0.00565419
0.00608610
0.01044732
0.02546276
0.04292844
0.01576198
0.00814110
0.00721773
0.00579066
0.01299003
0.03056277
0.00545749
0.00543395
0.00543927
0.00543661
0.00543186
0.00562902
0.00703969
0.00644344
0.01482178
0.02639618
0.01601132
0.00949817
0.01343242
0.01092569
0.01901557
0.00658854
0.00900122
0.01144428
0.00632425
0.00559135
0.00545507
0.01254436
0.00543986
0.00971174
0.00761686
0.00543163
0.03337737
0.00931878
0.00543768
0.01374654
0.03931942
0.01692864
0.01160413
0.01800754
0.01321921
0.02061944
0.01104004
0.01945190
0.03979246
0.01174834
0.05947838
0.03527759
0.00765320
0.00696481
0.01933126
0.01082789
0.00750960
0.01245804
0.00544092
0.00543876
0.00571305
0.00573017
0.00625437
0.00543687
0.00543886
0.00543474
0.07972657
0.00544022
0.00687346
0.00953035
0.02579091
0.03116548
0.07086184
0.07040853
0.12440289
0.00598277
0.00544031
0.00543665
0.00543978
0.00543271
0.00543916
0.00783771
0.00902560
0.01781563
0.11060228
0.12871613
0.08779559
0.00928235
0.01873227
0.00928056
0.02428569
0.05028923
0.04613118
0.02346761
0.03435133
0.11025871
0.10801080
0.14518970
0.18782346
0.00609781
0.00557956
0.00624051
0.00649403
0.03660062
0.02509445
0.00626297
0.05231853
0.21003558
0.07897651
0.00568293
0.04585093
0.05045591
0.07066542
0.01894626
0.01217851
0.00873098
0.01678415
0.03390715
0.01665771
0.01624848
0.01447787
0.00774965
0.01467320
0.00624147
0.00619077
0.01578760
0.00786864
0.00544337
0.02011253
0.04372925
0.00558659
0.00548501
0.00543271
0.00543621
0.00544073
0.01322427
0.02018134
0.02349519
0.00971723
0.00794754
0.01575511
0.00810311
0.01216173
0.00773981
0.01656348
0.01130617
0.00971756
0.01720673
0.02394762
0.01510799
0.02242415
0.01904138
0.00985903
0.01126751
0.03014754
0.02116512
0.03672843
0.05768751
0.11796247
0.04786276
0.04865679
0.01216240
0.00749783
0.01154212
0.01056458
0.00571234
0.00619675
0.00681405
0.00610933
0.01070253
0.01268930
0.04713027
0.06370259
0.05051902
0.01922014
0.03270947
0.04671092
0.03697560
0.04785461
0.00684196
0.04711005
0.04392548
0.02247588
0.00971714
0.00860620
0.00543164
0.00543289
0.01199378
0.01025889
0.00704023
0.00545357
0.00874501
0.00953046
0.00711470
0.00586433
0.00543278
0.00544116
0.00709251
0.00818752
0.00560326
0.00727731
0.00543865
0.06735628
0.09624725
0.01490974
0.03058103
0.05953796
0.01064168
0.00697481
0.01321595
0.00789259
0.00955242
0.00739829
0.00957952
0.01963055
0.02642425
0.00604471
0.00922301
0.01422305
0.00614177
0.00755227
0.00543523
0.00728953
0.00543561
0.01028637
0.00704927
0.00699997
0.00857716
0.01032437
0.01203464
0.01584081
0.01430717
0.00840127
0.00755852
0.00605782
0.01433040
0.02245909
0.01038855
0.00979672
0.02048142
0.00543914
0.00559429
0.01760027
0.07054439
0.11437170
0.10730600
0.03806854
0.06622064
0.15892748
0.07258616
0.07822086
0.02210934
0.04519687
0.00999429
0.01397372
0.05622725
0.00839638
0.00922547
0.00867643
0.00812206
0.00890635
0.01215109
0.00755978
0.00543862
0.16998348
0.04650115
0.12089850
0.18106598
0.00594783
0.00597411
0.00875808
0.02388254
0.01026170
0.00543323
0.00543428
0.00544074
0.00543687
0.00565513
0.03325005
0.01017004
0.03942808
0.00544445
0.00733360
0.00740776
0.00838370
0.00775497
0.00686176
0.00712776
0.00666776
0.00865173
0.01264499
0.01349046
0.00856639
0.00962497
0.01239199
0.00555020
0.00753703
0.03233489
0.01097535
0.01472650
0.01407300
0.01029886
0.00647398
0.00572832
0.00543735
0.00543615
0.00543817
0.00543413
0.00544011
0.00543741
0.00864446
0.00691446
0.00718861
0.00720995
0.00653930
0.00711415
0.00622762
0.03725085
0.09024101
0.05545462
0.07730687
0.02412638
0.01959060
0.07945603
0.07302229
0.03097672
0.06366951
0.01327784
0.00732473
0.00879931
0.01465797
0.02404480
0.01049127
0.00980027
0.00618400
0.00550414
0.00593574
0.00653801
0.00545258
0.02188121
0.01067483
0.00543205
0.00543334
0.00810095
0.00633385
0.00848071
0.00880708
0.07964549
0.00712583
0.00591472
0.00543939
0.00543421
0.00543456
0.01444998
0.07392961
0.01961151
0.00614508
0.00543950
0.05761163
0.00727429
0.00644863
0.00548219
0.00579214
0.00549726
0.00696608
0.00634774
0.00727179
0.01340283
0.00576295
0.00704651
0.00643110
0.00909927
0.00728885
0.00557283
0.01971762
0.01210734
0.01548576
0.01543167
0.00738448
0.01165221
0.01315282
0.00843175
0.01025511
0.01812190
0.01000903
0.00800860
0.00864823
0.00902011
0.00972665
0.04718171
0.07575729
0.02627721
0.04124408
0.02208627
0.11519823
0.02390914
0.01384346
0.02372057
0.04473561
0.03623349
0.11190980
0.11393488
0.07411955
0.04140811
0.02664787
0.00966254
0.00604799
0.01727633
0.05970572
0.00607608
0.00869154
0.00672704
0.00794153
0.01038585
0.00966672
0.00644292
0.01653531
0.04384704
0.01174498
0.01875279
0.00786898
0.00731035
0.00901283
0.00550490
0.00543657
0.00732154
0.00745453
0.00723573
0.00793798
0.00839109
0.00564248
0.00755849
0.03932020
0.01958599
0.03749979
0.02073841
0.03554656
0.02223342
0.05228192
0.03622122
0.03473014
0.12441467
0.15854072
0.03474575
0.00822049
0.02855280
0.05627181
0.00888696
0.00902285
0.01065407
0.00734137
0.00641620
0.00555323
0.00560199
0.00924594
0.00649376
0.00572305
0.00635465
0.00854561
0.00982519
0.08921541
0.06956836
0.07100477
0.10720391
0.03986363
0.14722558
0.02368180
0.02012342
0.01821731
0.06401091
0.03618176
0.01002648
0.00586009
0.00639366
0.16033611
0.02677538
0.00561440
0.00543511
0.00543600
0.00543780
0.00544093
0.00543489
0.00544059
0.00543892
0.00543920
0.00838030
0.00570263
0.00556492
0.00543784
0.00543652
0.10141087
0.06473025
0.04547693
0.06079080
0.11590205
0.00552775
0.00593515
0.00601427
0.00625983
0.01011981
0.00802551
0.01087083
0.03598367
0.01412843
0.01318951
0.06051644
0.13917334
0.00947308
0.03322502
0.01280305
0.01104161
0.00917106
0.02977629
0.00543470
0.00544048
0.00543582
0.00543885
0.00543841
0.00543485
0.00544033
0.00544034
0.00543452
0.00543393
0.08211682
0.07162427
0.03308396
0.03495189
0.01797358
0.01730607
0.01477991
0.02910899
0.09591870
0.09502572
0.04448402
0.04462792
0.00815538
0.01552453
0.04026511
0.02122726
0.01132112
0.06778485
0.02091510
0.07683785
0.01650360
0.04571939
0.05318540
0.09356733
0.02801821
0.00633323
0.00546209
0.01740119
0.04738225
0.04326455
0.04770059
0.02862839
0.02135987
0.00622876
0.09615949
0.00543611
0.00543944
0.00543942
0.00543602
0.00543905
0.01125384
0.08483640
0.07953466
0.07718721
0.11666673
0.13465690
0.02947189
0.11978633
0.03810574
0.01066946
0.00639021
0.01702229
0.01159491
0.07124212
0.05665455
0.05206832
0.08077072
0.05732323
0.03205581
0.03518002
0.05641974
0.15122372
0.06858998
0.05357245
0.03622888
0.00916679
0.02161029
0.00652463
0.01011152
0.00543880
0.00544010
0.00543648
0.00599800
0.00596113
0.00543658
0.07126588
0.06550347
0.13543729
0.08469563
0.09289138
0.04379973
0.02844836
0.08207843
0.07698961
0.12552783
0.04960258
0.05311639
0.01577671
0.02030797
0.02317921
0.05786420
0.01204584
0.03326478
0.10279348
0.02769653
0.01201418
0.03052399
0.02673032
0.01573204
0.00711996
0.01638011
0.06089800
0.13678211
0.08037601
0.07216377
0.05891463
0.10296134
0.09118562
0.07727684
0.10857818
0.02089812
0.00992912
0.00558683
0.00543390
0.01027223
0.00546982
0.00543441
0.00750304
0.01264821
0.00551982
0.00543213
0.00543254
0.00543873
0.00543578
0.00619697
0.00769765
0.00615403
0.00544010
0.01214469
0.03509874
0.01176555
0.00934515
0.00543452
0.02613252
0.00567577
0.00581218
0.00725231
0.00543658
0.00543635
0.00702093
0.01373701
0.00880224
0.00798126
0.00813921
0.00580541
0.00543481
0.00543522
0.01526175
0.00670006
0.00915974
0.00896323
0.00757709
0.08974450
0.05394145
0.07662043
0.01494482
0.01303655
0.01942706
0.00543344
0.00543610
0.00543947
0.00543303
0.00992564
0.00865059
0.00647805
0.01097518
0.00922889
0.00839553
0.00617708
0.00976571
0.00543183
0.00543581
0.01390003
0.01746343
0.00734493
0.01825962
0.00543572
0.00543543
0.00543464
0.00543881
0.00543478
0.00969526
0.01257129
0.00571179
0.00605620
0.00742212
0.00615012
0.00577948
0.00802374
0.03015598
0.01806801
0.00657362
0.01936277
0.01113700
0.01642124
0.02868296
0.03506556
0.01843298
0.03830255
0.00872149
0.00543865
0.00761954
0.02504331
0.00543965
0.00864003
0.01899574
0.00797077
0.01038284
0.00543414
0.00543273
0.01701306
0.00933554
0.00552268
0.05278107
0.02855359
0.07923625
0.03368874
0.01263481
0.01059240
0.01190692
0.00686830
0.00576553
0.01407461
0.00952156
0.00669170
0.00741716
0.02369240
0.00543443
0.00543637
0.00555801
0.00543977
0.00660486
0.00733556
0.00543737
0.00587060
0.00555278
0.00544048
0.00653948
0.00609852
0.00663778
0.00562047
0.00700101
0.02626808
0.01678002
0.03194145
0.01264629
0.01250143
0.01253716
0.02804943
0.02095044
0.04037289
0.02644987
0.01563329
0.02105744
0.01454040
0.01327765
0.00589733
0.01433471
0.00804229
0.01579624
0.01686935
0.01108630
0.00648370
0.00707747
0.00854871
0.00972959
0.02723645
0.00863262
0.01442103
0.02219612
0.00546549
0.01858719
0.00615239
0.00543336
0.01740826
0.05724755
0.01007628
0.08790534
0.11383476
0.00544120
0.00543377
0.00543514
0.00543760
0.00543379
0.00543836
0.00543877
0.00544050
0.00543789
0.00543865
0.00543613
0.00543767
0.01149468
0.00543748
0.00543787
0.01032227
0.00543566
0.00543233
0.00543871
0.11994535
0.09747457
0.07166599
0.11947024
0.02348243
0.00831933
0.00544029
0.04289546
0.02278028
0.01124228
0.00698340
0.00653739
0.00561507
0.00606098
0.00543619
0.00543977
0.00543239
0.00543389
0.00543468
0.00543915
0.00543994
0.00543574
0.01338608
0.01389888
0.01575089
0.02333755
0.07970939
0.03136780
0.02976942
0.04825344
0.03494364
0.14562848
0.12037530
0.02441811
0.09602305
0.11276970
0.08786794
0.06884147
0.04258929
0.08355273
0.10627529
0.00871562
0.00673967
0.00606794
0.01559315
0.00561056
0.00543607
