1180.11049956
1330.87160328
2055.56650441
705.19851491
1753.67853855
1694.69124924
836.25598103
1178.13221981
602.54201506
1973.87180940
663.20943119
602.21452846
496.32666953
1778.30546524
678.68121285
1494.41993348
713.24978604
2290.55381436
2106.35995001
2326.22841911
618.61329209
1626.16301136
661.58668217
2473.17490837
2010.99531363
1226.70468101
628.00179831
2355.42416533
710.08778584
1580.59270079
1761.33834536
911.90665846
492.89894135
440.30517646
412.09750867
1401.51206638
1464.71354457
1240.25418313
1116.17380397
1362.19490956
904.91402077
611.70846103
761.90356081
443.32369392
522.96140405
417.37719813
456.30261104
443.63963744
1426.67650975
1763.94674858
2193.42956878
2280.57469992
2395.02307046
986.65860325
1264.25486351
532.24323103
504.84755859
738.69366849
1452.18303559
749.60909397
1108.72510175
559.69434209
1794.91283744
654.92828773
595.60371578
2012.02113583
1628.41103772
532.16216193
1424.96670853
742.42203609
618.87432374
528.40220473
515.10564319
430.32376064
592.16368103
1515.02503605
1772.02431426
1371.45694982
2305.34367551
2452.58785398
1579.63231123
1335.85294333
1490.41330929
874.53493208
1476.32610642
802.88003493
1224.04236591
664.05692089
899.42231448
1224.29858384
784.26677824
1948.57584963
514.95454360
2315.60513082
1944.43216463
778.78813131
1225.11504222
1215.42543065
1252.96975107
1077.85722393
723.59478210
1230.57967980
1007.46146991
1359.46111661
2276.26484312
1704.68940291
1815.56782335
473.94288297
479.84003398
1611.48128561
1567.22293727
910.43829654
504.88462857
1901.42501912
1838.54865612
2201.54432762
1608.44594434
2418.52929541
745.84045025
1719.50949494
2021.94561793
1691.43284230
2166.39315665
2007.93405241
1981.51219804
1059.37691902
1277.52171655
1500.34661757
916.55689629
2062.76282160
2081.94937281
1508.69055381
971.96453023
681.31693104
1659.72820980
1311.18679849
584.99615109
615.22193734
442.15394271
658.08819904
1297.93856032
1621.05137489
1977.70296418
1919.54386207
1034.63027074
1083.20428024
599.53532729
450.65993843
506.97893951
2116.03388949
2175.78047817
835.97017998
807.93285501
470.81497809
1443.30618418
2437.66364367
429.31718311
1951.88729093
2490.09595378
505.49625048
1838.12751815
595.28604749
772.72041685
490.55099303
665.42347692
1596.76065176
1230.49712927
1129.78650806
2193.04210543
1925.73211395
1650.15743211
612.30429591
610.15375785
454.93775525
446.15258863
428.29927161
472.70402884
486.57156987
530.69732417
580.08736088
421.33738881
474.71037123
437.98534532
2375.21283899
1717.12169870
1284.74451479
885.23969423
1228.55515957
1813.06169715
1506.60371446
1701.97090323
592.75505679
675.78856738
1984.49514666
1747.97204908
1719.81610358
1642.46575560
1699.11858171
1943.50920397
515.21715328
495.18177470
545.72669423
912.01023731
2247.45060085
1786.06345212
1443.04228455
949.28409595
660.37975205
518.49017968
1460.52606452
497.40345660
457.29632966
422.43617906
1582.39885625
2221.83938077
1897.08028784
1350.87279271
2000.80181768
2214.05930391
1451.23173005
2452.67247424
2497.90333471
1714.99631642
1877.73822273
1908.34051645
1676.33928543
721.76386564
654.65352002
894.36411489
584.97903167
753.25282471
2252.62121311
1214.38838269
574.65310614
1024.84796139
540.96724406
757.69785355
2253.61689417
1637.46238010
847.55101077
998.76901937
1989.26007821
1043.24320366
601.44497325
572.17440405
559.92635419
901.72554664
1302.91361052
787.43227333
665.52919524
1188.05557881
1712.24032368
1894.83288086
505.57073879
1243.53239388
2315.23453310
1397.74677842
805.69549626
1903.34169536
592.04511472
514.01763462
1637.97790461
555.01094147
1474.57561207
1367.19699061
2164.66332532
2400.43634274
2028.29181164
1628.90935092
2289.33606003
1631.33571691
1210.21957092
1097.23086599
2057.76702722
1058.75409954
614.48119138
976.75731376
1592.44233869
742.36532771
853.11104590
1246.00227002
1408.57519778
1852.11513556
1699.45598899
1184.03430715
1507.36767572
643.16381110
571.22914672
571.66168736
484.88898713
1318.93465637
597.54166958
574.31804432
1087.27701868
934.30671888
647.05132812
570.09354268
2406.34594347
1501.52216058
1009.82268247
767.96864184
584.07751787
571.37324277
588.48734899
528.72662126
734.79837570
499.35074819
981.85774858
1189.23646045
730.22732472
527.85238682
569.18441022
1603.80403632
1873.85163658
1501.37158365
1586.29754033
2031.10783553
1511.53868409
1920.98587385
548.65255057
1972.88834863
908.83389754
1439.09018111
1712.64992106
1609.88432319
