2600.00000000
1732.79566529
676.70462620
977.31070712
693.91032172
395.93107507
881.31010792
562.47061367
1299.34277564
2600.00000000
1313.42733892
648.25365767
2597.05332285
2224.84878933
1719.16346925
566.31508056
467.38644895
849.83018661
1519.86835033
850.40839303
987.10064525
974.34880114
1139.25218405
989.30071971
611.56862627
829.51300775
1363.13254509
1385.73974866
1952.21774284
2600.00000000
998.20049104
1916.25454672
2202.26892232
823.25970920
1642.54171036
749.36427897
1861.65246299
1713.88803220
1845.23520036
1031.52751720
1448.75390817
1956.71511957
2497.42869386
2330.26233078
2469.03448243
1131.15713766
1088.42641498
2371.61216194
1307.03365368
2043.59477820
2431.87379155
2427.82198868
2600.00000000
1904.74588405
2597.13394046
2452.11946941
2600.00000000
2102.33970275
1895.98702114
2600.00000000
2339.40565953
2133.82799201
2600.00000000
887.57788782
1493.42161013
1064.02462810
1658.56619239
1081.04070252
793.90146002
2203.16394447
1884.46064841
1980.58372869
2600.00000000
1811.40560102
1743.01976042
1672.65172597
1483.04328407
2520.09598537
2281.90987604
1544.55835721
1857.08347132
1800.92626344
2388.89094912
2450.86847780
2600.00000000
1306.85375001
1578.51700102
938.44198457
506.15345380
2436.39286974
1408.35304804
1745.64206731
2003.32527757
1864.81729237
1549.38972980
1009.99454749
774.39758243
598.18262234
1921.67203342
2220.93613624
1553.54726894
1110.88454962
1352.47520645
1227.47304752
1689.85382602
1267.29344521
2466.35304051
2467.29558722
1339.73245980
2600.00000000
1772.06543047
1876.65199693
2600.00000000
1111.42268483
2206.40321167
2069.61188223
502.88319228
347.38645180
1604.84804534
2020.53486437
1222.79550479
2132.48227437
1979.11667094
2543.91818748
879.46272666
734.43796089
1896.60105186
1686.48236712
2182.39515365
2308.18162460
2599.82944033
2006.34316390
2288.84800083
2513.00836939
2374.22098522
2034.77793692
2033.93596875
2600.00000000
2414.53996755
2600.00000000
2377.86413411
1470.80271517
2009.49847548
1519.46320525
1520.77326865
370.02506238
456.65852719
463.86897438
2600.00000000
2600.00000000
1747.29279061
811.28368152
2566.30174456
2059.74918758
2053.76468625
1773.18299207
1112.09803400
2249.66577342
2296.88235995
2147.41887931
2600.00000000
1775.72153027
1971.29770668
1771.25279942
497.12381145
2600.00000000
1786.75599014
2060.78107884
2600.00000000
1493.95474030
1117.21138440
2048.43101937
2396.01493063
1156.95356381
1212.24731053
2600.00000000
2600.00000000
1584.94273555
2600.00000000
1801.48588834
1059.74579117
1610.23933315
459.80144032
1420.22664003
872.42924786
855.54721144
2600.00000000
2600.00000000
2581.61773097
2077.96208077
2600.00000000
2451.41188386
2433.75652325
2600.00000000
2600.00000000
915.74579314
1325.20168285
1412.63691629
1322.92335162
1571.34755835
951.12018258
2520.43718240
2318.38739102
2535.60141878
1902.45220802
1382.41575063
1454.04699254
1081.83406164
1372.56636501
2559.79322326
1988.65687035
981.79909402
1050.02215825
2312.41492771
2487.69056715
2324.54648699
2600.00000000
2040.09595852
2157.64238442
1776.09029265
613.91228036
1309.14508895
1382.20866594
939.41131993
2470.27896305
1985.62602897
2600.00000000
2430.37417490
2190.00596559
1590.03472678
2402.75646867
2600.00000000
2600.00000000
2285.86530133
2494.13343347
2040.71728658
1232.05509517
2329.50173525
1342.25176865
1651.81014451
1371.40363384
1783.29734030
2234.53881965
2413.86051845
2290.03954604
1588.68812701
2241.44019320
1860.07531699
1633.43630758
469.71967343
625.11823215
2211.65145941
2226.32969429
875.47411693
