0.27594462
0.26658762
0.30703295
0.32631342
0.30310898
0.25187251
0.25754098
0.30977278
0.32501308
0.28105198
0.27124624
0.19737179
0.25332269
0.20593299
0.20688627
0.20036924
0.28487964
0.24858379
0.18012784
0.26430341
0.24944611
0.31401860
0.32066024
0.29542461
0.25768164
0.26298242
0.18782673
0.17562134
0.20107484
0.26358481
0.18269567
0.27470848
0.16064402
0.23099890
0.20098463
0.24676896
0.26318653
0.27491795
0.21390173
0.19203203
0.23004562
0.22461488
0.25178153
0.25905844
0.27283250
0.29470067
0.27832362
0.28468317
0.24648917
0.25650208
0.29586418
0.26993825
0.24203924
0.24312937
0.24064257
0.26215680
0.26897426
0.29060774
0.22300417
0.18244492
0.18138997
0.10039502
0.11609468
0.22882095
0.25311552
0.27414508
0.27405563
0.28826620
0.27548976
0.24380515
0.17280736
0.13021504
0.20684881
0.25423775
0.14922986
0.26787573
0.22366848
0.20740534
0.25287319
0.28866754
0.27327894
0.16504961
0.26318576
0.25739956
0.22875826
0.27479181
0.29506455
0.27916147
0.28827002
0.25082290
0.30477397
0.27346853
0.19555696
0.28535284
0.22930027
0.19422603
0.28172853
0.21213277
0.22435191
0.21933475
0.24031691
0.18075011
0.21235369
0.16474230
0.28950769
0.21752374
0.25481645
0.24626442
0.25588669
0.26161633
0.29717370
0.25278298
0.22913361
0.19486588
0.28401197
0.26976242
0.21980260
0.23781560
0.24954778
0.19262754
0.23601529
0.25495405
0.31707721
0.30736779
0.20468386
0.20958558
0.25017999
0.25635836
0.24316912
0.22694267
0.23497945
0.23990028
0.24093307
0.24588525
0.20856044
0.25226544
0.23872148
0.23935522
0.20932031
0.21529075
0.20816827
0.23433424
0.21748934
0.23577066
0.30332761
0.28965752
0.18785501
0.25804859
0.26960724
0.30456604
0.18892144
0.26334554
0.21434970
0.15132448
0.24210728
0.31771324
0.16056681
0.26279512
0.30495744
0.27525049
0.22871851
0.22100434
0.29628463
0.30020020
0.31569124
0.29312053
0.15427836
0.23928718
0.26460231
0.26190376
0.25381424
0.26098870
0.16775963
0.23052035
0.23347499
0.25185339
0.26475291
0.28976149
0.29909326
0.28998471
0.27932583
0.24713514
0.14775521
0.22201648
0.25320955
0.22753436
0.27187692
0.30237509
0.17737807
0.17182350
0.15916785
0.16898582
0.26255279
0.26386078
0.25133738
0.23262567
0.24625372
0.23941638
0.26875104
0.27484150
0.21742360
0.27242045
0.22796093
0.23753963
0.26953538
0.28458532
0.29683963
0.24367595
0.27483844
0.16728490
0.20205029
0.29435590
0.23104553
0.20973694
0.28528557
0.28192729
0.24951720
0.22201266
0.26614881
0.27887938
0.29768742
0.17142063
0.33541968
0.26846666
0.28146938
0.20817974
0.13532767
0.16045673
0.21059085
0.24601597
0.25384634
0.23753733
0.17510533
0.22369600
0.25493341
0.26236168
0.27025626
0.19300136
0.18184482
0.18401513
0.22847083
0.18455560
0.17859815
0.13169748
0.23957386
0.19303271
0.24271885
0.23783165
0.23959908
0.25457946
0.22644883
0.24860061
0.23935293
0.22466993
0.14505131
0.24856392
0.27501045
0.27567094
0.23026196
0.26436762
0.25281126
0.27081356
0.19612037
0.29384753
0.27365047
0.22957394
0.20922934
0.23902497
0.27561208
0.24805479
0.24440066
0.28003984
0.28493544
0.30692287
0.32957691
0.23854795
0.26045511
0.27584677
0.21309904
0.27096874
0.27003457
0.21839599
0.19648425
0.28635811
0.25119672
0.24569643
0.24528744
0.25470101
0.17791090
0.18972336
0.27137161
0.23392908
0.24389459
0.27376285
0.25819307
0.25562066
0.25308953
0.22739752
0.17869753
0.27068513
0.26092984
0.20044569
0.21418611
0.29032184
0.24571095
0.28919502
0.27704697
0.18279122
0.22779046
0.19835718
0.25768317
0.24180226
0.26945511
0.27001852
0.26823885
0.27837408
0.27376514
0.23352162
0.23391455
0.23272887
0.25774510
0.25719086
0.24117999
0.24892169
0.22544127
0.26458243
0.24109284
0.25540737
0.31199583
0.30679597
0.25684532
0.26772437
0.24404366
0.23035369
0.24521023
0.29769048
0.25320420
0.31504680
0.25035811
0.33783538
0.19447295
0.28060019
0.26393341
0.27543319
0.28795277
0.28761794
0.12596203
0.20365795
0.23915264
0.19358771
0.23245443
0.22157615
0.24254837
0.25797978
0.21738232
0.20134622
0.21443150
0.25060121
0.21365481
0.19949393
0.17077543
0.10340631
0.14849368
0.17823351
0.19812860
0.27094199
0.27754846
0.21901979
0.16876107
0.24947286
0.22718424
0.24406507
0.24736601
0.26202531
0.29100603
0.23905632
0.14023276
0.24053784
0.22068708
0.31157997
0.25741408
0.25741791
0.28054209
0.27741544
0.27901164
0.23083377
0.28685730
0.30208766
0.32289934
0.29978739
0.28696815
0.23466449
0.27086248
0.25382494
0.26931521
0.22883471
0.19694981
0.28329720
0.28494691
0.29368699
0.26976242
0.32675911
0.34456034
0.31081627
0.21664003
0.23333127
0.30162669
0.29382230
0.30547345
0.29189433
0.23029407
0.19528787
0.23427308
0.25943685
0.22302939
0.22099134
0.27210167
0.28042895
