1057.81075471
1218.17745659
1989.04559365
552.64021149
1667.92312751
1605.17752002
692.04787753
1055.70643078
443.44305187
1902.14580001
507.97583384
443.09469977
330.46029815
1694.11913506
524.43338513
1392.14611074
561.20446159
2239.00489317
2043.07529458
2276.95247091
460.53829480
1532.28307163
506.24969294
2433.26151386
1941.63459247
1107.37363944
470.52498062
2308.00839591
557.84099759
1483.80929272
1676.07097152
772.51856483
326.81417557
270.86944973
240.86455763
1293.31870859
1360.54700794
1121.78643500
989.80039428
1251.49649709
765.08039798
453.19352909
612.95816463
274.08028912
358.79203906
246.48063740
287.88614541
274.41636268
1320.08648017
1678.84556663
2135.69247005
2228.38996908
2350.13030705
852.03325761
1147.31629556
368.66524868
339.52408743
588.26947643
1347.21812968
599.88036772
981.87710520
397.86538078
1711.78462995
499.16706532
436.06268555
1942.72577394
1534.67432881
368.57901435
1318.26774062
592.23539338
460.81595782
364.57949511
350.43575598
260.25207764
432.40347231
1414.06404752
1687.43778661
1261.34865930
2254.73707603
2411.36277517
1482.78771286
1223.47617791
1387.88420836
732.76573498
1372.89945295
656.54541524
1104.54169751
508.87732052
759.23879292
1104.81424011
636.74623288
1875.23813259
350.27502923
2265.65233006
1870.83043670
630.91851924
1105.68271835
1095.37574253
1135.31216308
949.04251035
572.20857908
1111.49553004
874.16155883
1248.58852315
2223.80551392
1615.81269639
1733.75562834
306.65035024
312.92323253
1516.66591389
1469.58768762
770.95664764
339.56351929
1825.08313244
1758.20066268
2144.32425291
1513.43717879
2375.13420842
595.87160850
1631.57703629
1953.28258485
1601.71150683
2106.93345903
1938.37828596
1910.27298864
929.38475065
1161.42843334
1398.45040778
777.46508807
1996.70041723
2017.10942103
1407.32596987
836.40296590
527.23703555
1567.98684428
1197.23845347
424.77927012
456.93086315
272.83600835
502.52830732
1183.14611660
1526.84575218
1906.22105313
1844.35639998
903.06139357
954.73024919
440.24479589
281.88395537
341.79126723
2053.36559978
2116.91888468
691.74386694
661.92017088
303.32315392
1337.77569825
2395.48768321
259.18136700
1878.76055917
2451.26066733
340.21411009
1757.75269231
435.72477733
624.46420622
324.31662999
510.33094535
1501.00736908
1111.40771988
1004.28041868
2135.28031984
1850.93893035
1557.80627372
453.82732701
451.53976950
286.43432915
277.08942412
258.09860025
305.33256371
320.08366174
367.02084587
419.55772108
250.69314781
307.46673827
268.40181280
2329.05788580
1629.03710391
1169.11142519
744.15254072
1109.34201946
1731.08982673
1405.10616956
1612.92099013
433.03252700
521.35643755
1913.44599295
1661.85305458
1631.90318019
1549.62452947
1609.88693570
1869.84867049
350.55437083
329.24245745
383.00779772
772.62874311
2193.15540002
1702.37141458
1337.49498452
812.27746965
504.96586442
354.03593495
1356.09272664
331.60569167
288.94317785
251.86194642
1485.73052563
2165.91238579
1820.46158080
1239.45300249
1930.79162777
2157.63660884
1346.20621262
2411.45278693
2459.56548801
1626.77630495
1799.88715469
1832.43924401
1585.65627855
570.26100755
498.87479105
753.85831503
424.76105995
603.75625524
2198.65545285
1094.27262006
413.77722804
892.65581383
377.94510379
608.48449480
2199.71457277
1544.30236874
704.06255917
864.91527720
1918.51451752
912.22309120
442.27611310
411.14059784
398.11217531
761.68877330
1188.43814731
640.11341442
510.44339942
1066.26204701
1623.84471680
1818.07098246
340.29334436
1125.27351378
2265.25812007
1289.31351895
659.54026097
1827.12192785
432.27735165
349.27842600
1544.85073940
392.88358181
1371.03742755
1256.81728090
2105.09341316
2355.88848074
1960.03312015
1535.20439156
2237.70955080
1537.78535112
1089.83819648
969.65052530
1991.38632063
928.72224883
456.14292127
841.50111701
1496.41391886
592.17507188
709.97684658
1127.90075570
1300.83186059
1772.63151726
1610.24584056
1061.98456391
1405.91880588
486.65302642
410.13511435
410.59521390
318.29387485
1205.47995863
438.12411420
413.42081808
959.06247823
796.34582347
490.78823283
408.92715640
2362.17460598
1399.70084938
876.67321376
619.40967645
423.80210707
410.28839134
428.49290632
364.92458152
584.12599883
333.67705306
846.92652111
1067.51816739
579.26370775
363.99464607
407.96009945
1508.49951608
1795.75293846
1399.54067859
1489.87761060
1963.02856429
1410.35556601
1845.89028814
386.12007218
1901.09967900
769.25002591
1333.29107661
1624.28041127
1514.96720256
