1994.30688523
2282.30314243
2280.95631292
2260.36696033
2219.26723985
1914.00308144
799.23824449
2277.40985555
2035.54864546
2230.73025350
2196.65364666
2275.15439572
2271.98242243
2286.01339368
2253.43994622
2229.04474786
2013.64362449
2017.22007234
2196.58024891
2240.39025236
2237.63943254
1261.99316176
2281.78280119
2269.69656055
2265.03768606
2258.33695184
1768.55912689
1605.71725429
2126.57683053
2159.34012981
1954.21486121
2047.20615298
2186.32720939
2290.16265271
2276.07748207
2269.57599254
2260.13380121
2142.12592765
1695.90406423
2253.89719220
1469.00226207
2249.24787881
2275.80648487
2257.93855774
2284.85243556
2286.47142955
2277.59341894
2218.24546414
2257.64046274
2274.46682003
2273.06423151
2245.20617004
2281.57016046
2290.39762061
1944.39431092
2268.69197485
1878.25048380
2220.06440364
838.75725618
2290.20399450
2260.39645408
2064.90896204
1772.53865233
2285.69951937
2278.15599526
2173.34900049
1903.77187500
1828.32503032
2124.93552164
2275.71484915
2213.38587114
2249.70835321
2012.64832598
2240.93435537
2258.64433980
2253.10281422
2245.94511036
2118.38573242
1727.23153909
2265.58660584
2287.96171880
2289.47641187
2185.02722376
2267.55275123
1440.22339965
2025.32723463
1677.83750310
1840.83297890
1896.37583949
2282.90109558
2059.03394866
1266.36091676
2226.69911092
2206.68968010
2288.59255425
2284.90668817
2287.91863940
2188.19087062
2118.08548472
1447.00287901
1158.16236852
1747.85939168
2094.21208862
1211.75384376
2268.93326583
1245.67003954
2056.63278601
2210.36960788
2227.94650335
2266.47998662
2159.32914741
2241.20544200
2215.82705933
2090.47981225
2003.71426489
2139.21548958
1037.42122403
2259.38938189
2262.73805119
2257.30822261
866.92668353
1968.83741338
2148.21850309
2095.36622786
2291.58663422
2281.70389153
2094.11112595
1780.54568140
1895.53140953
2250.38571196
1801.89273465
2052.89576695
1680.00907534
2168.63281173
2290.61310134
2283.16587634
2282.18535826
1343.06783020
2221.20637671
2214.94655823
876.18297657
465.01370035
1817.81798630
2252.98427806
2280.92509138
2287.74504998
2292.42921476
2292.22058267
2245.02893175
2179.99987537
1699.31486832
1521.76204584
2188.17957339
2274.28294037
976.53612081
2223.13241112
1858.12467112
2003.95498064
2261.06511621
2292.32450106
2089.34207532
1277.24687776
2289.75756435
2285.55264850
2166.81865269
2252.17734016
2283.31447435
2280.22888159
2288.93426030
2000.15837024
2283.61274556
2249.09694790
1835.31765201
2272.45689799
1537.17236093
1948.65243781
2241.73025560
1768.65314939
1973.57358173
2265.39280492
2262.99997140
2284.33174925
2265.07893196
2091.75996477
2280.52835459
1790.59309224
1803.29288667
2251.10067738
2247.31337105
2219.55548890
2170.41973017
2101.64022072
1635.84983673
2183.62863586
2079.41033409
2119.48487962
2291.19928508
2250.06590792
1928.65094334
2271.77640959
2273.42378905
2289.35238853
2291.75334686
2292.83613877
2256.10373497
2140.83052818
2149.19013181
2194.19304166
2162.44718902
1662.49018845
2244.22530488
2259.55677185
1804.73481844
2118.00641241
1571.43334038
2274.12247510
2079.67742142
2283.39448604
2281.48211579
2281.31787727
2208.08589538
2290.32121927
2281.35309682
2180.81853384
1900.83486584
2285.25199733
2197.72041846
1879.84129456
1980.07489179
2165.86003516
1335.43947961
2025.51157292
2085.63994853
2285.83298219
2257.42310389
1591.62469449
2271.70034967
2268.78382911
2260.07216030
1826.32913068
1392.84480501
2179.76500742
2238.99957098
2120.08428124
2132.52699622
1709.20372162
2269.76852856
1862.70423366
2258.30472576
2290.70618351
2260.86950269
2217.74691150
2179.11110454
968.81522979
2134.37814602
2217.06453884
2124.20261529
2097.78121514
2157.85214218
2048.02397426
2234.05787341
2133.75902320
2149.35030122
2275.97161451
2289.89699528
2290.05842852
2260.44677085
2228.35891164
2278.38172336
2290.86467890
2291.14679991
2182.00641602
2275.22395446
2229.42584156
1570.02100494
2293.85892339
2174.00832028
2227.51830196
2038.21038036
1835.28302754
1892.70542154
2070.56038983
2288.03199296
2051.81803607
2294.10730578
2292.88740516
2092.97060230
1829.50345433
2154.84354060
2257.80899928
2161.22249962
2182.41944197
1600.65309368
2060.40472358
1840.25986258
1872.13512032
2253.56578708
2199.55899920
1472.28550314
2168.29716028
2175.14290247
2186.68369895
1916.23238672
2254.73389087
1624.97666113
601.42714000
2231.70394841
2288.46527004
1424.45711982
1883.52994056
2266.64073244
2247.45028921
1429.07982516
1324.09357852
2179.23989501
2292.82881394
2260.09678916
2015.94969796
1377.38442026
1672.45509063
2153.77565961
1670.45744963
2293.21946444
2294.08575055
1898.53362846
1769.93007663
2038.73994530
2282.24674394
2047.81760818
2105.93566119
2243.85854576
2293.62597084
2293.85940763
2286.76079398
1654.97305793
2259.52078024
2258.39182659
2218.80787251
2027.05596320
1834.91002736
2289.79185319
2291.73171963
2281.41311793
2268.41660345
2150.25376736
415.76670374
2292.56415261
2291.47481943
2292.67742970
2279.45015815
2278.56606073
2284.37264243
2292.56611153
2286.32398668
2143.08575671
881.53628816
2266.55389710
2293.14218071
2221.02570094
2207.26527385
2262.01198868
1802.95151577
2138.92828710
2097.30389929
1799.85738496
2292.97713943
2290.41856369
2260.28380159
1885.34310000
2256.44126432
2270.71890072
2252.79649215
2257.22030668
2062.44268914
2258.94534549
1931.76057043
2046.46048587
1996.97730404
2227.70694386
2271.10740818
1846.61607389
2180.19897798
588.47365457
2007.04447710
2230.55875787
1698.03177428
2138.58630799
2294.10763001
2289.23810487
2288.85350155
2058.89119381
2284.48190462
2290.96043337
2199.54845241
711.13451440
2283.49963813
2127.40917733
2237.53876964
2234.11758808
1210.32816377
2142.00208464
2276.35524430
2288.17137122
2291.49716357
2274.78426735
2222.14006685
2276.71795740
2291.37420271
2289.52684749
2288.39395953
2129.67422363
2179.45764023
2217.50631671
2258.01877589
2104.16041125
1691.07011233
610.43035829
2207.44412356
