42.45421166
39.91360556
40.72515909
39.36157931
39.35909359
39.60323708
39.56116270
39.36157931
39.35909359
40.18009925
41.74056923
39.60071466
39.36157931
74.39664924
82.17244315
62.72770533
148.58498416
40.38277775
74.12825480
93.43775033
39.36157931
39.36157931
94.42027049
285.71291223
55.29445439
41.55426429
117.03767241
39.51543052
39.36157931
39.35909359
39.81010708
174.63667265
39.78841202
65.91675480
47.90820794
56.28184411
53.06686310
74.47155317
107.67568528
238.13471696
45.51089220
128.02137911
338.37760824
46.22803571
50.76445229
248.15404847
73.56605641
39.36157931
87.38156565
74.57405701
57.88066616
46.01716768
45.62461967
40.71412339
41.08000837
40.06615669
40.27458042
40.22635931
40.12459443
42.32913104
45.67362933
40.69395382
40.57768675
40.28770720
40.42428646
40.10717215
50.34029308
60.35275336
40.39334386
42.12223193
40.43991076
44.83188338
50.92051744
39.98054947
39.36157931
39.35909359
39.36157931
39.36157931
59.72727613
39.36157931
39.36157931
39.36157931
181.25757550
156.28327689
39.36157931
99.57670683
43.48523739
39.36157931
109.46454021
47.86089193
39.95992324
65.01120579
65.45832933
52.63399049
72.30337368
142.13712671
71.85420329
166.80141621
45.93202494
58.56678635
40.30662721
40.62153221
40.51983847
51.00244065
40.54727277
44.33491577
42.08192644
40.30294670
40.80692769
40.72515909
40.85920661
40.83941481
40.28770720
48.85546497
87.42873398
42.84088491
42.84208906
42.59376350
40.26697144
159.28703863
39.36157931
39.74688671
39.35909359
92.03775070
199.77456802
43.06488301
42.50091561
169.70193404
40.81314983
39.77184054
70.68173418
42.84148698
43.12798630
42.55485090
40.79313847
59.31449244
40.27772994
40.76991008
47.46183297
44.32521949
40.92878598
40.21641732
40.41079193
59.98701163
40.70551492
42.85232729
39.36157931
39.36157931
39.36157931
39.36157931
74.26857790
68.96411970
42.51719924
48.57367106
98.03953136
82.81574885
53.54366525
40.81206756
39.35909359
40.27038195
45.59348548
46.53060726
42.04951115
44.87391519
40.30531266
40.99836117
43.21794703
42.44978348
113.78477697
42.61875526
40.33267590
78.24995586
41.23775832
40.50892991
40.66763331
47.52544076
49.13198298
51.83442633
44.17002314
115.26462800
72.61973805
39.97178027
46.10226870
40.56754293
39.35909359
40.66629147
40.96558658
41.44498743
41.31686629
39.35909359
39.35909359
65.26209736
63.89493422
50.57106455
42.91447027
39.35909359
64.78314679
77.51704773
44.71020695
39.38869824
39.68441072
43.42443962
44.70428852
66.92688012
42.19435290
39.36157931
41.12041929
344.44569277
40.26461071
39.55185526
39.36157931
39.36157931
39.36157931
39.36157931
135.31555442
39.36157931
39.36157931
39.36157931
39.36157931
300.50352090
39.36157931
39.36157931
39.36157931
93.27498960
150.98498660
56.15811426
45.39534932
44.60522529
47.66058113
40.47889980
43.01958139
39.76063220
39.83873624
41.75622542
39.42733929
39.79249367
40.03533004
40.04646267
40.78017007
41.08000837
40.72839035
40.72731319
40.35823623
40.79232767
41.09429316
67.92605105
130.56685536
40.98169334
40.82749604
40.42905172
40.50547250
43.56585013
44.60097093
43.09778213
60.88670219
59.80185658
52.89980347
39.36157931
39.36157931
47.79307425
40.20543546
39.86382668
41.94482452
39.39019233
39.79887321
39.69861241
39.35909359
39.49612029
39.37874113
39.35909359
166.13582642
39.36157931
329.35097089
151.10684736
39.36157931
97.13775506
98.40540399
66.18906527
47.80130772
66.21815493
54.56367735
39.61837969
39.62444059
39.65275402
45.85306560
39.57979328
43.91360786
56.17738750
47.41202021
69.91282410
50.97678867
59.77462104
46.04956768
46.19223488
41.72776923
39.89460046
40.04620369
39.76241484
39.88613209
118.11526299
40.07471511
202.19441093
66.15999368
51.59396647
43.60892925
50.00024925
41.00984631
39.78917725
56.00873574
42.35085258
41.48648786
43.49082977
45.56785685
63.66591098
41.08193067
42.12049039
43.04085148
39.94241059
40.10041603
40.24128302
41.22695940
42.60952846
45.64448525
43.30491541
40.95249334
43.01715194
42.46572958
212.95540676
39.36157931
39.66490309
39.61105904
39.77872210
57.36148321
41.32604811
92.32178168
39.36157931
196.23694916
276.15211727
102.33823019
39.36157931
55.61495356
40.92143485
41.49940547
39.36157931
168.21899389
143.25385097
169.91941854
99.98830797
107.95698378
148.84431883
334.34671288
39.36157931
224.05814028
68.32954865
96.16320754
159.41692309
54.68461234
98.78851756
83.87389046
87.55133299
81.72890378
40.00145902
39.36157931
41.80355721
39.36157931
48.77609126
39.35909359
39.36157931
39.36157931
41.60448120
41.40302038
41.17996124
44.95090204
70.18019880
39.36157931
197.47087567
99.19328829
159.26653959
39.36157931
39.35909359
40.02317011
40.09392226
39.35909359
39.36157931
39.35909359
39.47683264
44.16104168
40.62554789
71.74602590
46.54128060
56.26548684
40.57127946
191.08782808
200.16006147
218.54622885
39.36157931
107.27816322
123.22418316
39.81828188
45.08526336
41.27269050
43.56678568
46.74784067
40.96176674
46.67223232
43.90600068
50.08813746
45.79988332
43.08741929
57.44844485
84.10724453
40.14307616
39.35909359
43.64520924
44.91934529
45.94902892
45.45848621
41.15374993
