2600.00000000
1674.76690490
769.53269220
1027.19883927
784.28064826
528.86610656
944.91140038
671.61638331
1303.23038885
2568.21844740
1315.30304932
745.14578885
2415.57008499
2096.53293251
1663.08199348
674.91168915
590.11447126
917.92821358
1492.25509183
918.42382638
1035.59033830
1024.66002535
1166.00786230
1037.47614417
713.70101345
900.51323256
1357.90813876
1377.28602700
1862.84573928
2576.30126173
1045.10463185
1832.01968894
2077.17847595
895.15318349
1597.40523360
831.81331114
1785.21721411
1658.56012375
1771.14506761
1073.67107469
1431.29895861
1866.70069034
2330.17628913
2186.88872635
2305.83803545
1159.06914900
1122.44227625
2222.33196038
1309.82266704
1941.17006512
2273.98554593
2270.51252093
2440.37624596
1822.15497576
2415.63918682
2291.33923948
2600.00000000
1991.52359863
1814.64726850
2428.35827795
2194.72598062
2018.51395806
2600.00000000
950.28386222
1469.58612376
1101.52615110
1611.14070605
1116.11157239
869.98859956
2077.94564909
1804.76737504
1887.15979925
2505.44122423
1742.14784144
1683.53054399
1623.21419823
1460.69028478
2349.60568209
2145.44315520
1513.41826632
1781.30087790
1733.16541989
2237.14256736
2290.26694518
2480.91673434
1309.66846162
1542.52610367
993.88230106
623.34382158
2277.85909853
1396.66914029
1685.77826868
1906.65284231
1787.92996493
1517.55950376
1055.21397187
853.27074418
702.22712695
1836.66331731
2093.17918050
1521.12316119
1141.69238923
1348.77314263
1241.62685814
1637.95907241
1275.75912990
2303.53962283
2304.34753190
1337.85062762
2491.46067622
1708.42719900
1798.07414670
2482.53403730
1142.15365478
2080.72220469
1963.47076819
620.54069903
487.25581710
1565.09590238
1921.40413380
1237.61747679
2017.36046882
1885.90230268
2370.02501297
943.32790743
819.01913592
1815.17358828
1635.06920797
2060.14356640
2167.96212823
2417.94964927
1909.23964009
2151.39020682
2343.53049326
2224.56812753
1933.61266137
1932.89096375
2592.88276004
2259.12776384
2600.00000000
2227.69087254
1450.19821418
1911.94423267
1491.90781950
1493.03074751
506.66062603
580.91897442
587.09944868
2441.98422686
2600.00000000
1687.19319520
884.88786583
2389.21120139
1955.01690550
1949.88725745
1709.38512304
1142.73253401
2117.80494621
2158.27690171
2030.16346147
2488.04309041
1711.56104495
1879.20023467
1707.73064784
615.60401423
2433.70370823
1721.01929260
1955.90139674
2542.10082876
1470.04309920
1147.11547028
1945.31547569
2243.24892708
1181.18069682
1228.57603437
2599.27657879
2440.45323010
1548.03395718
2528.63957802
1733.64510544
1097.85852262
1569.71707423
583.61293961
1406.84665464
937.29912259
922.82859270
2538.56995153
2568.43466247
2402.33938295
1970.62818656
2491.93279748
2290.73272866
2275.59933971
2452.76960476
2429.97198978
974.42813639
1325.39549264
1400.34108140
1323.44260857
1536.38077665
1004.74948785
2349.89814099
2176.71005676
2362.89624917
1820.18893881
1374.43684390
1435.83595485
1116.79160451
1365.99438912
2383.63238675
1894.07973680
1031.04608466
1089.52385746
2171.59072716
2321.82920054
2181.98935957
2600.00000000
1938.17103268
2038.92659481
1711.87713164
715.70988939
1311.63249533
1374.25934013
994.71317217
2306.90474882
1891.48183453
2460.08942167
2272.70014131
2066.66721549
1552.39858533
2249.02747330
2600.00000000
2571.10514107
2148.83356964
2327.35173866
1938.70360742
1245.55438535
2186.23677773
1340.01006699
1605.34972264
1364.99774774
1718.05469196
2104.83879502
2258.54537033
2152.41154632
1551.24433996
2110.75434512
1783.86535479
1589.60048778
592.11440739
725.31513228
2085.22076896
2097.80229830
939.90904878
