0.01211234
0.01087315
0.00958421
0.01035511
0.01098863
0.01083739
0.01140968
0.00958000
0.00958272
0.02150695
0.02521130
0.01998999
0.01205534
0.00958373
0.02522848
0.02897253
0.01404891
0.00960224
0.00981970
0.01514133
0.01691006
0.03409469
0.01170242
0.00958039
0.01165843
0.05989532
0.01126350
0.01028237
0.09141680
0.12533659
0.10898546
0.07979549
0.02950732
0.12685291
0.06485522
0.08389114
0.04128553
0.02178417
0.04759095
0.06425205
0.04739458
0.02826766
0.04842244
0.02184065
0.01426429
0.01377366
0.01774580
0.01073023
0.01252141
0.01158874
0.00981547
0.01284256
0.01266059
0.00957984
0.00958198
0.00957914
0.00958081
0.00958286
0.00957769
0.00957754
0.00957795
0.00957947
0.00974184
0.02683699
0.04756242
0.00958206
0.00958031
0.00957750
0.00958157
0.01766191
0.01660405
0.01715277
0.01375061
0.01660505
0.01301682
0.01378726
0.01901861
0.01402701
0.01327988
0.01259924
0.01418743
0.01294762
0.03885359
0.03976682
0.06196000
0.01440842
0.01510918
0.01240455
0.01421871
0.01766127
0.01770178
0.01996435
0.01431591
0.01438867
0.01259076
0.01405437
0.01172034
0.01795918
0.01577216
0.12422771
0.08390249
0.02200187
0.01867684
0.03067347
0.05015279
0.03860018
0.01457813
0.11735556
0.02719409
0.05700073
0.01976862
0.02289832
0.02819584
0.03749362
0.01682471
0.01447153
0.01320322
0.01271418
0.01095673
0.01844412
0.08528211
0.16642972
0.18221443
0.12726594
0.04923692
0.01141712
0.01509396
0.01617775
0.01914851
0.01890381
0.01825254
0.03883729
0.02572979
0.01459433
0.02004248
0.01339243
0.01821172
0.01635075
0.01888216
0.03176949
0.00957805
0.01345855
0.01088563
0.00958349
0.00958198
0.01006440
0.01081447
0.00957738
0.00958430
0.00958103
0.00997206
0.01467484
0.01506658
0.02222732
0.01538352
0.01868603
0.00959371
0.04727794
0.04504373
0.03820289
0.08000361
0.03148915
0.03907657
0.01177812
0.01437452
0.01022548
0.01114148
0.01299792
0.00958349
0.01355206
0.01105823
0.01705635
0.01269483
0.01307825
0.01931316
0.03131164
0.00957823
0.00958038
0.01177627
0.01574277
0.01265597
0.01492863
0.01120105
0.04385400
0.01360713
0.01256569
0.03531573
0.01582459
0.00958492
0.00980017
0.02171722
0.06732319
0.01164198
0.01545279
0.01173105
0.01020544
0.05141114
0.07394649
0.04093513
0.03281173
0.04517371
0.01859471
0.03004458
0.03865746
0.08505674
0.01264284
0.00997405
0.01128483
0.00970248
0.03465984
0.05753544
0.00958194
0.04112639
0.13102717
0.00964533
0.01289565
0.01362900
0.01137081
0.04480493
0.03965297
0.01299988
0.12310046
0.01800800
0.01595577
0.01507014
0.01457326
0.01371363
0.01015519
0.04881846
0.01119897
0.01017867
0.00957988
0.00972985
0.01642250
0.01912295
0.02533385
0.01156474
0.01073322
0.01050087
0.01906367
0.00958066
0.00958373
0.00973484
0.01584754
0.02133998
0.03673131
0.02338485
0.02130395
0.01119291
0.04158088
0.01961227
0.01538646
0.02335042
0.02462946
0.01208431
0.01092261
0.00959144
0.04947436
0.01240891
0.01227754
0.01091280
0.01180461
0.01046905
0.01434145
0.01038636
0.01296895
0.01180774
0.01143287
0.01009873
0.05346280
0.02822516
0.12283283
0.09553115
0.02684362
0.06913726
0.02357930
0.05312646
0.01255748
0.01078253
0.01430069
0.01412505
0.00985363
0.01360991
0.02031259
0.02257748
0.09704187
0.13988620
0.06528247
0.06228611
0.06875682
0.01169598
0.00971265
0.01733141
0.07061666
0.01430056
0.03955359
0.01888799
0.01467992
0.01023439
0.01519803
0.01000053
0.00958014
0.00958228
0.03487690
0.04829294
0.01695239
0.01930174
0.01755244
0.00989755
0.01032252
0.01227190
0.00957924
0.00958011
0.00961228
0.00957765
0.01003510
0.01085918
0.00969056
0.01163692
0.01571335
0.00976279
0.01001921
0.00978130
0.00958411
0.00958267
0.00993915
0.01004723
0.00957988
0.01024693
0.02335137
0.01274628
0.00971080
0.01009053
0.00958634
0.00957916
0.00984781
0.00958119
0.00957909
0.00957860
0.00961058
0.01048197
0.00992114
0.00958321
0.00974748
0.00998242
0.01059431
0.00957974
0.00979958
0.00962739
0.00957790
0.00957805
0.00958090
0.00961450
0.00960855
0.00988358
0.02199923
0.05745044
0.02181916
0.04857128
0.08328022
0.03835835
0.01168060
0.01192211
0.01049004
0.01346642
0.01024749
0.01562099
0.01036700
0.00973026
0.01126286
0.00988460
0.01098868
0.01733015
0.01437282
0.01093940
0.01544706
0.01734838
0.00985670
0.01071623
0.01029113
0.01321571
0.01049210
0.00970859
0.01055935
0.01223663
0.01124069
0.00959182
0.00963804
0.00957904
0.01015887
0.00990075
0.00969507
0.00962854
0.01010337
0.01100528
0.01251868
0.01095443
0.01054728
0.00980938
0.00978212
0.00960704
0.00978467
0.00957916
0.00958194
0.05989835
0.05358806
0.02747059
0.03367263
0.02109927
0.00962955
0.01553289
0.01687154
0.01068238
0.04660814
0.01918989
0.02245764
0.02776906
0.04794925
0.02810476
0.01177941
0.01555677
0.02220431
0.01041085
0.00979242
0.01270465
0.01209706
0.00976592
0.09680220
0.02848208
0.01436517
0.01067693
0.00980252
0.02816148
0.02840898
0.01277985
0.01307056
0.01147705
0.01408305
0.01312072
0.00984892
0.01081014
0.01158069
0.00975858
0.01011009
0.01365952
0.02587998
0.04009461
0.01798491
0.01178258
0.01103108
0.00986965
0.01572893
0.03003068
0.00959849
0.00957933
0.00958366
0.00958150
0.00957763
0.00973810
0.01088618
0.01040091
0.01721971
0.02663966
0.01818783
0.01288704
0.01608897
0.01404885
0.02063287
0.01051901
0.01248259
0.01447090
0.01030391
0.00970744
0.00959652
0.01536621
0.00958414
0.01306086
0.01135591
0.00957745
0.03232137
0.01274104
0.00958237
0.01634462
0.03715736
0.01893440
0.01460100
0.01981248
0.01591545
0.02193820
0.01414191
0.02098798
0.03754235
0.01471837
0.05356394
0.03386788
0.01138549
0.01082524
0.02088980
0.01396924
0.01126863
0.01529596
0.00958500
0.00958325
0.00980648
0.00982042
0.01024704
0.00958171
0.00958333
0.00957998
0.07004313
0.00958444
0.01075089
0.01291323
0.02614705
0.03052120
0.06282849
0.06245955
0.10640341
0.01002600
0.00958451
0.00958153
0.00958408
0.00957833
0.00958357
0.01153566
0.01250244
0.01965629
0.09517164
0.10991378
0.07661019
0.01271140
0.02040231
0.01270993
0.02492202
0.04608525
0.04270118
0.02425621
0.03311404
0.09489203
0.09306254
0.12332096
0.15801888
0.01011962
0.00969784
0.01023576
0.01044209
0.03494464
0.02558023
0.01025404
0.04773683
0.17609644
0.06943269
0.00978197
0.04247310
0.04622091
0.06266863
0.02057647
0.01506846
0.01226265
0.01881681
0.03275254
0.01871391
0.01838085
0.01693982
0.01146399
0.01709879
0.01023654
0.01019528
0.01800576
0.01156083
0.00958700
0.02152564
0.04074635
0.00970356
0.00962089
0.00957833
0.00958117
0.00958485
0.01591956
0.02158165
0.02427866
0.01306533
0.01162504
0.01797932
0.01175166
0.01505481
0.01145599
0.01863721
0.01435850
0.01306560
0.01916073
0.02464687
0.01745265
0.02340698
0.02065388
0.01318073
0.01432704
0.02969274
0.02238231
0.03504866
0.05210642
0.10116181
0.04411045
0.04475668
0.01505535
0.01125905
0.01455053
0.01375495
0.00980591
0.01020014
0.01070254
0.01012900
0.01386722
0.01548418
0.04351431
0.05700185
0.04627228
0.02079936
0.03177780
0.04317302
0.03524982
0.04410382
0.01072525
0.04349785
0.04090605
0.02344908
0.01306525
0.01216110
0.00957745
0.00957847
0.01491812
0.01350616
0.01088662
0.00959530
0.01227408
0.01291332
0.01094723
0.00992960
0.00957838
0.00958520
0.01092917
0.01182036
0.00971713
0.01107957
0.00958316
0.05997545
0.08348866
0.01729130
0.03004554
0.05361243
0.01381770
0.01083338
0.01591280
0.01158033
0.01293119
0.01117803
0.01295325
0.02113338
0.02666250
0.01007641
0.01266310
0.01673243
0.01015540
0.01130335
0.00958038
0.01108951
0.00958068
0.01352853
0.01089398
0.01085385
0.01213746
0.01355945
0.01495137
0.01804906
0.01680090
0.01199432
0.01130844
0.01008707
0.01681980
0.02343542
0.01361169
0.01313002
0.02182587
0.00958356
0.00970982
0.01948101
0.06257012
0.09823943
0.09248893
0.03613932
0.05905120
0.13450160
0.06423184
0.06881770
0.02315077
0.04194079
0.01329082
0.01652951
0.05091797
0.01199034
0.01266510
0.01221826
0.01176708
0.01240538
0.01504615
0.01130946
0.00958313
0.14349963
0.04300229
0.10355133
0.15251924
0.00999756
0.01001895
0.01228471
0.02459391
0.01350844
0.00957875
0.00957960
0.00958486
0.00958171
0.00975934
0.03221775
0.01343385
0.03724580
0.00958788
0.01112538
0.01118574
0.01198002
0.01146832
0.01074138
0.01095786
0.01058348
0.01219816
0.01544812
0.01613621
0.01212870
0.01299024
0.01524221
0.00967395
0.01129095
0.03147293
0.01408925
0.01714217
0.01661031
0.01353869
0.01042578
0.00981891
0.00958210
0.00958112
0.00958277
0.00957948
0.00958435
0.00958215
0.01219224
0.01078426
0.01100739
0.01102475
0.01047894
0.01094678
0.01022527
0.03547384
0.07860041
0.05028916
0.06807384
0.02479235
0.02110087
0.06982296
0.06458679
0.03036757
0.05697493
0.01596316
0.01111816
0.01231826
0.01708640
0.02472597
0.01369528
0.01313290
0.01018977
0.00963646
0.00998772
0.01047788
0.00959450
0.02296511
0.01384468
0.00957779
0.00957884
0.01174990
0.01031173
0.01205897
0.01232459
0.06997714
0.01095629
0.00997061
0.00958376
0.00957955
0.00957983
0.01691712
0.06532522
0.02111788
0.01015810
0.00958385
0.05204467
0.01107711
0.01040514
0.00961860
0.00987085
0.00963086
0.01082627
0.01032303
0.01107508
0.01606489
0.00984709
0.01089173
0.01039087
0.01256239
0.01108896
0.00969236
0.02120425
0.01501054
0.01776010
0.01771608
0.01116679
0.01464013
0.01586141
0.01201912
0.01350308
0.01990555
0.01330281
0.01167474
0.01219531
0.01249797
0.01307300
0.04355617
0.06681269
0.02654283
0.03872377
0.02313200
0.09891210
0.02461556
0.01642349
0.02446209
0.04156539
0.03464585
0.09623578
0.09788391
0.06547980
0.03885727
0.02684449
0.01302082
0.01007908
0.01921738
0.05374896
0.01010194
0.01223055
0.01063173
0.01162015
0.01360949
0.01302421
0.01040049
0.01861428
0.04084222
0.01471563
0.02041900
0.01156110
0.01110646
0.01249204
0.00963708
0.00958147
0.01111556
0.01122380
0.01104573
0.01161727
0.01198603
0.00974905
0.01130841
0.03715800
0.02109711
0.03567644
0.02203502
0.03408678
0.02325175
0.04770703
0.03463587
0.03342234
0.10641299
0.13418683
0.03343504
0.01184719
0.02839484
0.05095424
0.01238960
0.01250020
0.01382778
0.01113171
0.01037875
0.00967641
0.00971610
0.01268176
0.01044187
0.00981462
0.01032865
0.01211179
0.01315319
0.07776572
0.06177577
0.06294481
0.09240584
0.03760027
0.12497788
0.02443053
0.02153451
0.01998320
0.05725279
0.03460375
0.01331701
0.00992615
0.01036040
0.13564802
0.02694827
0.00972619
0.00958027
0.00958100
0.00958246
0.00958501
0.00958010
0.00958474
0.00958338
0.00958361
0.01197725
0.00979800
0.00968593
0.00958250
0.00958143
0.08769112
0.05783822
0.04216872
0.05463207
0.09948491
0.00965568
0.00998724
0.01005163
0.01025149
0.01339297
0.01168850
0.01400420
0.03444253
0.01665542
0.01589127
0.05440878
0.11842449
0.01286662
0.03219738
0.01557675
0.01414319
0.01262082
0.02939060
0.00957995
0.00958464
0.00958086
0.00958332
0.00958297
0.00958007
0.00958452
0.00958453
0.00957980
0.00957932
0.07198846
0.06344899
0.03208258
0.03360281
0.01978484
0.01924158
0.01718564
0.02884750
0.08322126
0.08249450
0.04136063
0.04147775
0.01179420
0.01779165
0.03792703
0.02243288
0.01437067
0.06032425
0.02217883
0.06769212
0.01858848
0.04236605
0.04844234
0.08130757
0.02795976
0.01031122
0.00960224
0.01931900
0.04371939
0.04036815
0.04397847
0.02845636
0.02254081
0.01022620
0.08341723
0.00958109
0.00958381
0.00958379
0.00958102
0.00958349
0.01431591
0.07420182
0.06988695
0.06797645
0.10010726
0.11474874
0.02914286
0.10264617
0.03616960
0.01384031
0.01035760
0.01901062
0.01459349
0.06313798
0.05126574
0.04753318
0.07089292
0.05180995
0.03124581
0.03378847
0.05107464
0.12823181
0.06097951
0.04875734
0.03464210
0.01261734
0.02274461
0.01046699
0.01338622
0.00958328
0.00958434
0.00958139
0.01003839
0.01000838
0.00958147
0.06315731
0.05846752
0.11538387
0.07408726
0.08075745
0.04080371
0.02830984
0.07195722
0.06781563
0.10731895
0.04552642
0.04838617
0.01799689
0.02168471
0.02402149
0.05225022
0.01496049
0.03222973
0.08881637
0.02769796
0.01493472
0.02999912
0.02691160
0.01796054
0.01095151
0.01848798
0.05471931
0.11647836
0.07057169
0.06388807
0.05310513
0.08895299
0.07936920
0.06804939
0.09352431
0.02216501
0.01323778
0.00970376
0.00957929
0.01351702
0.00960852
0.00957971
0.01126328
0.01545074
0.00964922
0.00957785
0.00957819
0.00958322
0.00958083
0.01020033
0.01142167
0.01016537
0.00958434
0.01504094
0.03372232
0.01473237
0.01276250
0.00957980
0.02642507
0.00977614
0.00988716
0.01105923
0.00958147
0.00958129
0.01087092
0.01633686
0.01232065
0.01165249
0.01178103
0.00988165
0.00958003
0.00958037
0.01757779
0.01060977
0.01261161
0.01245167
0.01132355
0.07819633
0.04905765
0.06751517
0.01731986
0.01576679
0.02096777
0.00957892
0.00958108
0.00958383
0.00957859
0.01323494
0.01219723
0.01042908
0.01408912
0.01266789
0.01198964
0.01018414
0.01310478
0.00957761
0.00958085
0.01646954
0.01936965
0.01113460
0.02001764
0.00958078
0.00958054
0.00957990
0.00958329
0.00958001
0.01304745
0.01538813
0.00980545
0.01008576
0.01119743
0.01016220
0.00986055
0.01168706
0.02969961
0.01986169
0.01050687
0.02091544
0.01422082
0.01852145
0.02850078
0.03369532
0.02015872
0.03632978
0.01225494
0.00958316
0.01135810
0.02553861
0.00958397
0.01218863
0.02061673
0.01164395
0.01360704
0.00957949
0.00957834
0.01900311
0.01275468
0.00965154
0.04811327
0.02839548
0.06964408
0.03257478
0.01543983
0.01377759
0.01484743
0.01074670
0.00984919
0.01661162
0.01290608
0.01060297
0.01119339
0.02443916
0.00957972
0.00958131
0.00968031
0.00958407
0.01053229
0.01112698
0.00958212
0.00993471
0.00967605
0.00958464
0.01047908
0.01012020
0.01055908
0.00973114
0.01085470
0.02653540
0.01881345
0.03115273
0.01544917
0.01533128
0.01536036
0.02798517
0.02220759
0.03801474
0.02668336
0.01788017
0.02229467
0.01699071
0.01596301
0.00995646
0.01682331
0.01170216
0.01801279
0.01888615
0.01417955
0.01043369
0.01091693
0.01211431
0.01307538
0.02732352
0.01218260
0.01689356
0.02322139
0.00960500
0.02028423
0.01016404
0.00957885
0.01932475
0.05174835
0.01335754
0.07669951
0.09780243
0.00958524
0.00957919
0.00958031
0.00958230
0.00957920
0.00958293
0.00958325
0.00958467
0.00958254
0.00958316
0.00958111
0.00958236
0.01451192
0.00958221
0.00958253
0.01355774
0.00958072
0.00957801
0.00958321
0.10277559
0.08448752
0.06348295
0.10238892
0.02426827
0.01192763
0.00958449
0.04006776
0.02369682
0.01430650
0.01084037
0.01047738
0.00972674
0.01008965
0.00958115
0.00958407
0.00957806
0.00957928
0.00957993
0.00958357
0.00958421
0.00958079
0.01605125
0.01646860
0.01797588
0.02415036
0.07002915
0.03068586
0.02938500
0.04442841
0.03359610
0.12367807
0.10312551
0.02502979
0.08330619
0.09693562
0.07666907
0.06118419
0.03981859
0.07315709
0.09165008
0.01225016
0.01064201
0.01009531
0.01784750
0.00972307
0.00958106
