0.27082160
0.26007155
0.30653829
0.32868919
0.30203012
0.24316570
0.24967808
0.30968602
0.32719525
0.27668934
0.26542374
0.18055105
0.24483178
0.19038682
0.19148202
0.18399475
0.28108685
0.23938737
0.16073987
0.25744728
0.24037806
0.31456394
0.32219437
0.29320173
0.24983968
0.25592962
0.16958494
0.15556245
0.18480540
0.25662170
0.16368998
0.26940144
0.13835535
0.21918448
0.18470176
0.23730235
0.25616412
0.26964208
0.19954192
0.17441632
0.21808927
0.21185003
0.24306118
0.25142145
0.26724616
0.29237001
0.27355479
0.28086113
0.23698090
0.24848451
0.29370674
0.26392102
0.23186848
0.23312090
0.23026388
0.25498109
0.26281352
0.28766774
0.20999951
0.16340191
0.16218989
0.06913662
0.08717361
0.21668228
0.24459377
0.26875415
0.26865139
0.28497759
0.27029903
0.23389729
0.15232953
0.10339617
0.19143899
0.24588307
0.12524187
0.26155144
0.21076273
0.19207837
0.24431535
0.28543868
0.26775907
0.14341683
0.25616324
0.24951560
0.21661026
0.26949717
0.29278806
0.27451737
0.28498198
0.24195983
0.30394300
0.26797688
0.17846603
0.28163050
0.21723296
0.17693696
0.27746661
0.19750960
0.21154790
0.20578380
0.22988974
0.16145478
0.19776342
0.14306376
0.28640391
0.20370318
0.24654792
0.23672269
0.24777750
0.25436015
0.29521122
0.24421172
0.21704149
0.17767207
0.28009001
0.26371902
0.20632131
0.22701603
0.24049487
0.17510049
0.22494770
0.24670601
0.31807791
0.30692297
0.18895172
0.19458320
0.24122120
0.24831940
0.23316657
0.21452437
0.22375764
0.22941108
0.23059762
0.23628707
0.19340544
0.24361713
0.22805678
0.22878487
0.19427844
0.20113775
0.19295488
0.22301638
0.20366366
0.22466665
0.30228131
0.28657605
0.16961744
0.25026126
0.26354073
0.30370411
0.17084263
0.25634680
0.20005659
0.12764833
0.23194665
0.31880863
0.13826664
0.25571445
0.30415378
0.27002413
0.21656459
0.20770195
0.29418979
0.29868830
0.31648560
0.29055462
0.13104198
0.22870670
0.25779068
0.25469038
0.24539651
0.25363909
0.14653030
0.21863468
0.22202920
0.24314374
0.25796370
0.28669549
0.29741656
0.28695195
0.27470620
0.23772304
0.12354768
0.20886478
0.24470179
0.21520415
0.26614832
0.30118698
0.15758072
0.15119920
0.13665941
0.14793905
0.25543603
0.25693876
0.24255091
0.22105344
0.23671040
0.22885513
0.26255706
0.26955426
0.20358812
0.26677277
0.21569423
0.22669897
0.26345817
0.28074871
0.29482741
0.23374886
0.26955074
0.14598490
0.18592607
0.29197391
0.21923805
0.19475710
0.28155321
0.27769496
0.24045974
0.20886039
0.25956743
0.27419329
0.29580142
0.15073635
0.33915117
0.26223035
0.27716888
0.19296806
0.10926997
0.13814017
0.19573813
0.23643725
0.24543339
0.22669634
0.15496962
0.21079435
0.24668230
0.25521647
0.26428638
0.17552997
0.16271247
0.16520588
0.21628003
0.16582682
0.15898244
0.10509932
0.22903606
0.17556598
0.23264927
0.22703447
0.22906504
0.24627566
0.21395700
0.23940669
0.22878224
0.21191326
0.12044123
0.23936453
0.26974835
0.27050718
0.21833782
0.25752105
0.24424421
0.26492664
0.17911332
0.29138986
0.26818591
0.21754738
0.19417393
0.22840546
0.27043955
0.23877961
0.23458147
0.27552651
0.28115096
0.30641182
0.33243853
0.22785741
0.25302606
0.27070918
0.19861974
0.26510493
0.26403168
0.20470529
0.17953138
0.28278542
0.24238930
0.23607014
0.23560026
0.24641530
0.15819288
0.17176394
0.26556778
0.22255090
0.23400005
0.26831501
0.25042725
0.24747186
0.24456390
0.21504694
0.15909662
0.26477909
0.25357146
0.18408258
0.19986864
0.28733927
0.23608682
0.28604469
0.27208807
0.16379977
0.21549837
0.18168314
0.24984144
0.23159622
0.26336595
0.26401324
0.26196862
0.27361275
0.26831765
0.22208278
0.22253421
0.22117201
0.24991258
0.24927583
0.23088131
0.23977557
0.21279944
0.25776785
0.23078118
0.24722683
0.31224003
0.30626603
0.24887886
0.26137754
0.23417131
0.21844322
0.23551156
0.29580493
0.24469565
0.31574522
0.24142584
0.34192651
0.17722064
0.27617028
0.25702219
0.27023404
0.28461750
0.28423282
0.09850999
0.18777308
0.22855213
0.17620360
0.22085671
0.20835890
0.23245341
0.25018221
0.20354070
0.18511719
0.20015057
0.24170513
0.19925824
0.18298913
0.14999509
0.07259622
0.12439609
0.15856351
0.18142054
0.26507419
0.27266422
0.20542196
0.14768084
0.24040880
0.21480190
0.23419590
0.23798828
0.25483003
0.28812532
0.22844147
0.11490531
0.23014356
0.20733747
0.31176225
0.24953229
0.24953668
0.27610353
0.27251140
0.27434523
0.21899477
0.28335894
0.30085675
0.32476683
0.29821403
0.28348629
0.22339579
0.26498285
0.24540880
0.26320523
0.21669809
0.18006624
0.27926882
0.28116413
0.29120542
0.26371902
0.32920122
0.34965266
0.31088486
0.20268790
0.22186409
0.30032715
0.29136087
0.30474662
0.28914587
0.21837471
0.17815688
0.22294612
0.25185620
0.21002849
0.20768702
0.26640653
0.27597355
