0.18953321
0.25412048
0.26849486
0.30653699
0.16923820
0.20679507
0.14002451
0.12140402
0.14847977
0.19145456
0.15534176
0.16602131
0.12606322
0.21864911
0.15795452
0.28827455
0.25192778
0.16756847
0.21291448
0.19749919
0.13197956
0.21050502
0.17263596
0.22467862
0.14114498
0.19586264
0.12106839
0.16540164
0.18491762
0.15587708
0.22009159
0.09322782
0.16655184
0.14578662
0.14419191
0.20266170
0.21782999
0.28803427
0.20716724
0.22535995
0.23579839
0.17598382
0.27839395
0.29592968
0.26508651
0.19864511
0.10818925
0.15334085
0.11489488
0.10159938
0.10166323
0.09001434
0.10458028
0.20023293
0.24091302
0.24248487
0.17840756
0.16672533
0.12731969
0.16515943
0.22622611
0.20756630
0.30967062
0.10799291
0.23011333
0.25957031
0.12429973
0.25205463
0.15869970
0.16743304
0.14821388
0.16002986
0.25892930
0.13786012
0.18941392
0.25919478
0.23797261
0.19466128
0.13404104
0.10776213
0.10703526
0.11488581
0.10778204
0.11926987
0.12149324
0.12349423
0.13874871
0.10218074
0.12779469
0.10498261
0.27173015
0.22029741
0.18832933
0.15664755
0.20326743
0.21486607
0.20298599
0.20745708
0.12847813
0.13498189
0.23114835
0.24044171
0.23114667
0.14656129
0.23023682
0.25816900
0.13122489
0.11295581
0.11677674
0.13445186
0.26365579
0.22195412
0.25478837
0.20298263
0.17248306
0.14967543
0.18300719
0.09704141
0.09050064
0.09414748
0.23793229
0.28940702
0.21534073
0.18862505
0.26893760
0.28144021
0.18952061
0.29104021
0.34272834
0.24748692
0.23828934
0.22836589
0.24255124
0.14850918
0.14820606
0.18229561
0.16591840
0.16177973
0.24168172
0.15702207
0.12269175
0.16744388
0.12459537
0.14560103
0.26058601
0.23772058
0.15838676
0.16273360
0.25709785
0.17142359
0.13866437
0.12087617
0.12881779
0.15335967
0.15737013
0.13361594
0.13791053
0.18176886
0.20212991
0.24678291
0.12318389
0.17981559
0.33923766
0.20570124
0.14763059
0.13229167
0.24025689
0.19591389
0.25371890
0.30065534
0.22578841
0.18090270
0.28553325
0.26247291
0.22186759
0.21177612
0.12679739
0.12809630
0.12782015
0.11631854
0.19437060
0.14389115
0.15282813
0.17475053
0.17840924
0.15839533
0.14687515
0.27392789
0.20718405
0.19130922
0.17427167
0.15102222
0.14137164
0.13144676
0.11501040
0.12797876
0.13128227
0.15703182
0.18670454
0.17709362
0.13376935
0.12052870
0.18234602
0.21641356
0.17245030
0.18498734
0.23149196
0.22208098
0.22450387
0.14212430
0.24577309
0.18737075
0.20811237
0.21796189
0.20962794
