0.26946074
0.16538596
0.16091820
0.23405084
0.19790946
0.22375350
0.26653571
0.27760027
0.31770156
0.24933599
0.29654367
0.28838148
0.36000000
0.24242576
0.22231757
0.30041902
0.26972753
0.25008229
0.34220122
0.12987641
0.18529302
0.18102360
0.20463834
0.18584577
0.22764977
0.22845186
0.23706567
0.23347629
0.23037166
0.16570140
0.11291488
0.17468094
0.11575961
0.12631336
0.14061595
0.13308244
0.14280131
0.13243195
0.12033531
0.08671208
0.17518487
0.22981630
0.14915216
0.18413695
0.18656765
0.29357505
0.28754364
0.18063389
0.28455496
0.09736512
0.08501652
0.19466446
0.10831312
0.11835622
0.21326436
0.19088153
0.21928618
0.22741001
0.23902819
0.22877270
0.22739693
0.27602921
0.24684252
0.15572917
0.15699944
0.28765611
0.29272849
0.33020553
0.27694987
0.19484057
0.24603606
0.20979006
0.20123379
0.09700958
0.13903181
0.12412041
0.25308491
0.29688718
0.20992781
0.15416500
0.26562289
0.19957555
0.20294522
0.16662817
0.15821750
0.18329650
0.25264986
0.28828558
0.36000000
0.23409356
0.21066103
0.17758680
0.12572216
0.28248956
0.17208198
0.24349028
0.29582353
0.20498795
0.17722324
0.23720429
0.26221137
0.19257029
0.18106458
0.23873612
0.26931514
0.19799490
0.31693608
0.20493564
0.17800179
0.13246256
0.10759210
0.19717972
0.17363996
0.22210920
0.30699620
0.31631533
0.29031871
0.23496889
0.30232661
0.26576936
0.25562198
0.23728102
0.28266132
0.20089814
0.23335075
0.23276487
0.20189378
0.21389121
0.14345135
0.26494285
0.24109097
0.26740145
0.21071422
0.18600793
0.23516157
0.20272988
0.17287623
0.24818690
0.18458334
0.13896476
0.18223546
0.26609804
0.32050802
0.30019582
0.36000000
0.23233592
0.21389731
0.13412019
0.18215700
0.18339937
0.16582328
0.24422961
0.20275516
0.23876053
0.22306126
0.22381017
0.24663589
0.19332444
0.25665337
0.21342042
0.22417286
0.11849738
0.14105483
0.26680772
0.23091220
0.17549873
