2043.97492519
2368.68863129
2367.17009071
2343.95574394
2297.61610506
1953.43296469
696.54363857
2363.17148557
2090.47471286
2310.54057040
2272.11944158
2360.62847085
2357.05209381
2372.87191286
2336.14558541
2308.64017494
2065.77695946
2069.80937866
2272.03668615
2321.43214956
2318.33062002
1218.29647544
2368.10195029
2354.47480100
2349.22195356
2341.66692398
1789.44595329
1605.84291458
2193.10833602
2230.04872003
1998.77145682
2103.61846864
2260.47645793
2377.55017254
2361.66924407
2354.33886144
2343.69285871
2210.63983105
1707.52789334
2336.66112697
1451.69774535
2331.41905960
2361.36369667
2341.21773751
2371.56294094
2373.38834500
2363.37845198
2296.46406030
2340.88163754
2359.85323421
2358.27182576
2326.86206206
2367.86219940
2377.81509715
1987.69885708
2353.34213786
1913.12216831
2298.51490149
741.10103967
2377.59678511
2343.98899793
2123.57825838
1793.93283957
2372.51802184
2364.01275273
2245.84362084
1941.89735311
1856.83157903
2191.25777207
2361.26037806
2290.98490419
2331.93824117
2064.65476755
2322.04562179
2342.01350170
2335.76547151
2327.69521195
2183.87293189
1742.84939565
2349.84085667
2375.06863540
2376.77644093
2259.01073348
2352.05767144
1419.24978520
2078.95014576
1687.15797576
1870.93420098
1933.55837633
2369.36281916
2116.95422310
1223.22108776
2305.99548618
2283.43499701
2375.77989782
2371.62411037
2375.02006369
2262.57772253
2183.53440477
1426.89359937
1101.22800376
1766.10715090
2156.61732259
1161.65200617
2353.61419170
1199.89227268
2114.24692950
2287.58408909
2307.40191216
2350.84813706
2230.03633745
2322.35127001
2293.73732630
2152.40920785
2054.58167801
2207.35833310
965.09323282
2342.85353128
2346.62913181
2340.50703919
772.86186615
2015.25827908
2217.50916599
2157.91860627
2379.15570143
2368.01298022
2156.50348790
1802.96070719
1932.60628763
2332.70195828
1827.02935600
2110.03346742
1689.60640783
2240.52615198
2378.05805012
2369.66135756
2368.55583048
1309.70758028
2299.80246791
2292.74456765
783.29826989
319.70787183
1844.98496256
2335.63182284
2367.13488865
2374.82434286
2380.10570492
2379.87047375
2326.66222717
2253.34243438
1711.37355039
1511.18402162
2262.56498500
2359.64591123
896.44571738
2301.97405784
1890.43045944
2054.85308329
2344.74290966
2379.98764098
2151.12641766
1235.49493039
2377.09343832
2372.35242598
2238.48070073
2334.72200617
2369.82890075
2366.34991713
2376.16516894
2050.57243240
2370.16519939
2331.24888608
1864.71570964
2357.58706159
1528.55904091
1992.49986448
2322.94299356
1789.55196298
2020.59827480
2349.62234752
2346.92444496
2370.97587087
2349.26845803
2153.85257060
2366.68757078
1814.28909055
1828.60801732
2333.50807664
2329.23791603
2297.94110379
2242.54088965
2164.99248803
1639.81718430
2257.43383569
2139.92845094
2185.11221244
2378.71896807
2332.34138152
1969.94832350
2356.81981582
2358.67722429
2376.63660551
2379.34366873
2380.56450882
2339.14898805
2209.17927748
2218.60467038
2269.34512716
2233.55190692
1669.85398902
2325.75614366
2343.04226226
1830.23378502
2183.44525132
1567.18804852
2359.46498779
2140.22958998
2369.91911336
2367.76292967
2367.57775192
2285.00921969
2377.72895519
2367.61746170
2254.26546591
1938.58589643
2372.01344396
2273.32221910
1914.91579599
2027.92845507
2237.39986636
1301.10666993
2079.15798585
2146.95229636
2372.66850020
2340.63656700
1589.95365489
2356.73405881
2353.44570287
2343.62335902
1854.58121655
1365.83076093
2253.07762245
2319.86416632
2185.78803345
2199.81710499
1722.52316127
2354.55594442
1895.59388323
2341.63058932
2378.16299959
2344.52235683
2295.90194580
2252.34035167
887.74046835
2201.90426306
2295.13257553
2190.43142543
2160.64148704
2228.37102469
2104.54055625
2314.29243789
2201.20620654
2218.78526023
2361.54987916
2377.25064570
2377.43266052
2344.04572972
2307.86689953
2364.26725952
2378.34170201
2378.65979142
2255.60479451
2360.70689783
2309.06985534
1565.59565049
2381.71769111
2246.58699916
2306.91911818
2093.47579979
1864.67667079
1929.42000652
2129.95020252
2375.14786902
2108.81833361
2381.99774047
2380.62231130
2155.21755570
1858.16024361
2224.97884808
2341.07166128
2232.17107844
2256.07047829
1600.13310996
2118.49976195
1870.28801646
1906.22714003
2336.28747007
2275.39520565
1455.39957601
2240.14770739
2247.86623241
2260.87839734
1955.94649034
2337.60449868
1627.55775711
473.51304271
2311.63840441
2375.63638579
1401.47341824
1919.07471779
2351.02937682
2329.39229027
1406.68548522
1288.31424814
2252.48556200
2380.55625012
2343.65112789
2068.37704069
1348.39928846
1681.08934447
2223.77481995
1678.83701862
2380.99670574
2381.97343710
1935.99126785
1790.99168925
2094.07288045
2368.62504240
2104.30787998
2169.83556624
2325.34262539
2381.45503879
2381.71823708
2373.71460131
1661.37847848
2343.00168199
2341.72879487
2297.09817169
2080.89927476
1864.25611577
2377.13209875
2379.31928419
2367.68513508
2353.03165859
2219.80391181
264.18223779
2380.25784638
2379.02963106
2380.38556548
2365.47191206
2364.47509859
2371.02197764
2380.26005504
2373.22210423
2211.72203141
789.33409016
2350.93147060
2380.90956890
2299.59875728
2284.08397483
2345.81050155
1828.22312409
2207.03451436
2160.10331685
1824.73451389
2380.72348605
2377.83871033
2343.86198306
1921.11904201
2339.52954996
2355.62748218
2335.42009558
2340.40791461
2120.79755345
2342.35288344
1973.45440566
2102.77773435
2046.98580317
2307.13181056
2356.06552155
1877.45459893
2253.56692113
458.90808117
2058.33646830
2310.34721031
1709.92687110
2206.64893537
2381.99810603
2376.50775151
2376.07411402
2116.79326804
2371.14516997
2378.44966449
2275.38331421
597.20731733
2370.03767157
2194.04680104
2318.21712332
2314.35976575
1160.04456225
2210.50019896
2361.98241898
2375.30501699
2379.05482392
2360.21115379
2300.85519681
2362.39137539
2378.91618643
2376.83330673
2375.55598371
2196.60062444
2252.73106816
2295.63067690
2341.30818289
2167.83398471
1702.07764738
483.66410650
2284.28562659
