0.25495409
0.24579045
0.28539999
0.30428204
0.28155710
0.23137943
0.23693077
0.28808320
0.30300856
0.25995591
0.25035281
0.17800496
0.23279964
0.18638924
0.18732282
0.18094047
0.26370447
0.22815868
0.16111735
0.24355344
0.22900317
0.29224128
0.29874567
0.27403154
0.23706852
0.24225975
0.16865714
0.15670398
0.18163148
0.24284970
0.16363211
0.25374350
0.14203617
0.21093717
0.18154314
0.22638135
0.24245965
0.25394864
0.19419331
0.17277554
0.21000359
0.20468508
0.23129034
0.23841686
0.25190628
0.27332255
0.25728393
0.26351207
0.22610734
0.23591333
0.27446202
0.24907184
0.22174937
0.22281696
0.22038156
0.24145120
0.24812778
0.26931421
0.20310765
0.16338655
0.16235340
0.08303220
0.09840742
0.20880423
0.23259675
0.25319174
0.25310415
0.26702105
0.25450864
0.22347878
0.15394815
0.11223599
0.18728614
0.23369579
0.13085787
0.24705195
0.20375823
0.18783117
0.23235943
0.26741410
0.25234350
0.14635071
0.24245890
0.23679226
0.20874284
0.25382511
0.27367892
0.25810447
0.26702479
0.23035151
0.28318769
0.25252917
0.17622763
0.26416789
0.20927364
0.17492421
0.26061848
0.19246090
0.20442754
0.19951406
0.22006263
0.16172677
0.19267726
0.14604975
0.26823688
0.19774048
0.23426253
0.22588723
0.23531066
0.24092189
0.27574448
0.23227108
0.20911043
0.17555084
0.26285474
0.24889965
0.19997224
0.21761300
0.22910274
0.17335875
0.21584990
0.23439729
0.29523668
0.28572791
0.18516592
0.18996635
0.22972189
0.23577258
0.22285589
0.20696476
0.21483546
0.21965461
0.22066605
0.22551589
0.18896240
0.23176424
0.21850017
0.21912081
0.18970657
0.19555363
0.18857833
0.21420359
0.19770679
0.21561033
0.28177122
0.26838362
0.16868484
0.23742788
0.24874767
0.28298406
0.16972923
0.24261537
0.19463203
0.13290921
0.22181600
0.29585957
0.14196055
0.24207633
0.28336737
0.25427431
0.20870391
0.20114914
0.27487378
0.27870844
0.29387936
0.27177507
0.13580204
0.21905418
0.24384617
0.24120339
0.23328103
0.24030724
0.14900473
0.21046851
0.21336209
0.23136071
0.24399366
0.26848544
0.27762437
0.26870405
0.25826543
0.22673996
0.12941370
0.20214037
0.23268884
0.20754423
0.25097045
0.28083839
0.15842441
0.15298462
0.14059050
0.15020558
0.24183900
0.24311997
0.23085536
0.21253032
0.22587675
0.21918070
0.24790917
0.25387377
0.19764240
0.25150275
0.20796198
0.21734273
0.24867730
0.26341624
0.27541731
0.22335226
0.25387078
0.14853981
0.18258678
0.27298491
0.21098284
0.19011459
0.26410201
0.26081313
0.22907279
0.20213663
0.24536072
0.25782821
0.27624758
0.15259008
0.31320012
0.24763067
0.26036468
0.18858956
0.11724297
0.14185274
0.19095085
0.22564392
0.23331248
0.21734049
0.15619863
0.20378519
0.23437708
0.24165184
0.24938329
0.17372485
0.16279885
0.16492431
0.20846134
0.16545361
0.15961928
0.11368780
0.21933493
0.17375554
0.22241493
0.21762872
0.21935963
0.23403044
0.20648112
0.22817515
0.21911856
0.20473898
0.12676568
0.22813921
0.25403923
0.25468607
0.21021546
0.24361633
0.23229879
0.24992906
0.17677939
0.27248704
0.25270735
0.20954166
0.18961748
0.21879739
0.25462842
0.22764060
0.22406199
0.25896468
0.26375912
0.28529219
0.30747808
0.21833022
0.23978467
0.25485826
0.19340721
0.25008104
0.24916617
0.19859470
0.17713576
0.26515239
0.23071761
0.22533097
0.22493044
0.23414948
0.15894623
0.17051458
0.25047559
0.21380680
0.22356637
0.25281741
0.23756938
0.23505012
0.23257130
0.20741021
0.15971660
0.24980329
0.24024959
0.18101533
0.19447181
0.26903421
0.22534520
0.26793068
0.25603367
0.16372570
0.20779503
0.17896998
0.23707002
0.22151728
0.24859869
0.24915045
0.24740756
0.25733335
0.25281965
0.21340776
0.21379257
0.21263139
0.23713066
0.23658788
0.22090787
0.22848959
0.20549438
0.24382671
0.22082252
0.23484125
0.29026032
0.28516791
0.23624948
0.24690371
0.22371236
0.21030530
0.22485482
0.27625058
0.23268360
0.29324823
0.22989632
0.31556589
0.17516602
0.25951345
0.24319109
0.25445324
0.26671410
0.26638618
0.10807087
0.18416122
0.21892241
0.17429907
0.21236262
0.20170914
0.22224798
0.23736050
0.19760197
0.18189726
0.19471213
0.23013440
0.19395149
0.18008325
0.15195820
0.08598126
0.13013691
0.15926216
0.17874613
0.25005484
0.25652479
0.19920561
0.14998547
0.22902937
0.20720134
0.22373333
0.22696605
0.24132243
0.26970426
0.21882808
0.12204670
0.22027899
0.20083845
0.28985304
0.23680649
0.23681023
0.25945656
0.25639452
0.25795773
0.21077546
0.26564126
0.28055689
0.30093850
0.27830416
0.26574982
0.21452701
0.24997698
0.23329151
0.24846168
0.20881770
0.17759169
0.26215474
0.26377035
0.27232982
0.24889965
0.30471851
0.32215189
0.28910513
0.19687502
0.21322134
0.28010544
0.27246234
0.28387272
0.27057421
0.21024690
0.17596410
0.21414369
0.23878745
0.20313235
0.20113641
0.25119056
0.25934575
