0.24610401
0.13820662
0.13357476
0.20939352
0.17192468
0.19871796
0.24307154
0.25454250
0.29611669
0.22524009
0.27418168
0.26571969
0.34455302
0.21807605
0.19722930
0.27819936
0.24638059
0.22601379
0.32151620
0.10139282
0.15884485
0.15441862
0.17890072
0.15941790
0.20275734
0.20358889
0.21251908
0.20879787
0.20557921
0.13853364
0.08380830
0.14784300
0.08675752
0.09769890
0.11252681
0.10471660
0.11479244
0.10404223
0.09150128
0.05664309
0.14836543
0.20500344
0.12137656
0.15764632
0.16016630
0.27110402
0.26485108
0.15401459
0.26175263
0.06768741
0.05488525
0.16856050
0.07903752
0.08944950
0.18784356
0.16463863
0.19408656
0.20250878
0.21455369
0.20392152
0.20249522
0.25291373
0.22265503
0.12819514
0.12951207
0.26496768
0.27022637
0.30907992
0.25386821
0.16874308
0.22181895
0.18424166
0.17537112
0.06731881
0.11088449
0.09542541
0.22912671
0.27453780
0.18438447
0.12657351
0.24212519
0.17365197
0.17714541
0.13949445
0.13077486
0.15677500
0.22867568
0.26562027
0.34548400
0.20943781
0.18514462
0.15085558
0.09708599
0.25961137
0.14514858
0.21917967
0.27343509
0.17926317
0.15047867
0.21266280
0.23858837
0.16638941
0.15446110
0.21425089
0.24595306
0.17201326
0.29532309
0.17920894
0.15128582
0.10407395
0.07829002
0.17116815
0.14676379
0.19701327
0.28501812
0.29467954
0.26772808
0.21034529
0.28017702
0.24227704
0.23175695
0.21274234
0.25978943
0.17502313
0.20866771
0.20806032
0.17605535
0.18849344
0.11546636
0.24142018
0.21669223
0.24396908
0.18519975
0.15958602
0.21054504
0.17692216
0.14597200
0.22404879
0.15810910
0.11081498
0.15567499
0.24261780
0.29902623
0.27796797
0.35439340
0.20761561
0.18849977
0.10579247
0.15559365
0.15688165
0.13866000
0.21994615
0.17694837
0.21427620
0.19800030
0.19877672
0.22244081
0.16717126
0.23282623
0.18800535
0.19915272
0.08959584
0.11298182
0.24335355
0.20613960
0.14869083
