27.33387047
24.82260419
25.62478561
24.27695294
24.27449593
24.51581996
24.47423147
24.27695294
24.27449593
25.08602031
26.62846943
24.51332666
24.27695294
58.90742535
66.59342161
47.37323858
132.23900685
25.28635821
58.64213043
77.72863300
24.27695294
24.27695294
78.69980667
267.78333256
40.02582948
26.44431601
101.05601474
24.42902742
24.27695294
24.27449593
24.72030095
157.98984112
24.69885643
50.52545976
32.72488204
41.00181647
37.82396321
58.98146426
91.80214318
220.75458731
30.35525136
111.91287767
319.83983784
31.06411304
35.54814147
230.65821200
58.08642450
24.27695294
71.74238731
59.08278436
42.58217475
30.85568019
30.46766547
25.61387736
25.97553697
24.97339361
25.17941038
25.13174615
25.03115649
27.21023432
30.51610915
25.59394071
25.47901634
25.19238557
25.32738757
25.01393541
35.12888060
45.02571341
25.29680230
27.00572456
25.34283143
29.68408398
35.70240432
24.88877501
24.27695294
24.27449593
24.27695294
24.27695294
44.40745941
24.27695294
24.27695294
24.27695294
164.53428343
139.84839694
24.27695294
83.79669463
28.35298954
24.27695294
93.57033977
32.67811246
24.86838698
49.63036836
50.07232836
37.39608957
56.83832369
125.86561156
56.39434048
150.24506903
30.77152072
43.26037138
25.21108709
25.52235545
25.42183611
35.78338145
25.44895358
29.19285553
26.96588452
25.20744908
25.70560992
25.62478561
25.75728510
25.73772187
25.19238557
33.66119981
71.78901092
27.71607827
27.71726852
27.47181071
25.17188927
142.81747017
24.27695294
24.65781068
24.27449593
76.34480106
182.83743509
27.93748957
27.38003506
153.11209064
25.71176021
24.68247633
55.23541146
27.71667339
27.99986411
27.43334749
25.69197994
43.99944269
25.18252354
25.66901980
32.28366197
29.18327123
25.82606095
25.12191897
25.31404887
44.66419539
25.60536830
27.72738851
24.27695294
24.27695294
24.27695294
24.27695294
58.78083302
53.53763261
27.39613065
33.38266016
82.27727101
67.22929819
38.29525908
25.71069043
24.27449593
25.17526040
30.43689083
31.36319039
26.93384358
29.72563039
25.20978772
25.89483266
28.08878595
27.32949343
97.84068490
27.49651386
25.23683496
62.71623261
26.13146516
25.41105352
25.56792416
32.34653519
33.93452450
36.60575906
29.02986714
99.30344607
57.15103457
24.88010708
30.93979844
25.46898966
24.27449593
25.56659782
25.86243656
26.33630112
26.20965956
24.27449593
24.27449593
49.87836255
48.52698789
35.35698703
27.78881384
24.27449593
49.40494307
61.99178836
29.56381272
24.30375869
24.59605618
28.29289388
29.55796263
51.52391980
27.07701265
24.27695294
26.01548120
325.83784596
25.16955581
24.46503151
24.27695294
24.27695294
24.27695294
24.27695294
119.12281723
24.27695294
24.27695294
24.27695294
24.27695294
282.40313400
24.27695294
24.27695294
24.27695294
77.56775188
134.61129321
40.87951550
30.24104281
29.46004342
32.48011492
25.38137021
27.89271110
24.67139742
24.74859949
26.64394482
24.34195349
24.70289094
24.94292296
24.95392702
25.67916130
25.97553697
25.62797955
25.62691484
25.26210010
25.69117851
25.98965679
52.51155194
114.42895785
25.87835731
25.72594073
25.33209780
25.40763604
28.43267133
29.45583819
27.97000876
45.55349600
44.48117858
37.65883285
24.27695294
24.27695294
32.61107796
25.11106393
24.77340017
26.83036591
24.30523553
24.70919681
24.61009386
24.27449593
24.40994019
24.29391657
24.27449593
149.58716571
24.27695294
310.91744332
134.73174667
24.27695294
81.38590875
82.63891842
50.79462550
32.61921635
50.82337921
39.30349172
24.53078769
24.53677861
24.56476506
30.69347323
24.49264689
28.77641303
40.89856617
32.23442446
54.47538103
35.75802571
44.45425757
30.88770603
31.02872566
26.61581725
24.80381857
24.95367103
24.67315948
24.79544800
102.12116092
24.98185319
185.22933279
50.76588963
36.36807611
28.47525296
34.79276372
25.90618516
24.69961283
40.73186206
27.23170501
26.37732228
28.35851733
30.41155817
48.30060949
25.97743707
27.00400313
27.91373556
24.85107657
25.00725730
25.14649751
26.12079095
27.48739361
30.48730164
28.17474998
25.84949452
27.89030971
27.34525538
195.86605679
24.27695294
24.57677383
24.52355159
24.68927841
42.06898751
26.21873535
76.62555195
24.27695294
179.34066992
258.33294908
86.52632693
24.27695294
40.34262741
25.81879471
26.39009072
24.27695294
151.64627601
126.96943950
153.32706355
84.20354246
92.08019315
132.49534663
315.85549270
24.27695294
206.84057198
52.91038981
80.42261565
142.94585468
39.42303010
83.01760765
68.27522000
71.91019411
66.15500440
24.90944309
24.27695294
26.69073000
24.27695294
33.58274274
24.27449593
24.27695294
24.27695294
26.49395300
26.29481871
26.07433554
29.80172817
54.73966798
24.27695294
180.56034660
83.41770395
142.79720786
24.27695294
24.27449593
24.93090345
25.00083853
24.27449593
24.27695294
24.27449593
24.39087528
29.02098940
25.52632476
56.28741236
31.37374047
40.98564810
25.47268304
174.25101273
183.21847672
201.39231407
24.27695294
91.40921185
107.17108145
24.72838134
29.93453784
26.16599393
28.43359608
31.57791511
25.85866083
31.50317991
28.76889370
34.87963696
30.64090511
27.95976558
42.15494489
68.50587921
25.04942478
24.27449593
28.51111398
29.77053585
30.78832833
30.30345058
26.04842693
