1187.60239038
1332.29216715
2027.80275234
731.81566987
1738.07216989
1681.46036809
857.59529770
1185.70377828
633.29326799
1949.39799876
691.51753593
632.97896967
531.35533935
1761.70734128
706.36625075
1489.25421375
739.54270684
2253.32684696
2076.55068614
2287.56479341
648.71733580
1615.69184295
689.96013693
2428.59357474
1985.02649582
1232.32016935
657.72775583
2315.58479260
736.50804410
1571.95670238
1745.42350727
930.19943338
528.06564980
477.58989768
450.51818585
1400.08785572
1460.74413606
1245.32401707
1126.24050071
1362.35404705
923.48839743
642.09057040
786.23713688
480.48685589
556.91746178
455.58525600
492.94309676
480.79007600
1424.23889736
1747.92686703
2160.11390896
2243.74960319
2353.58900325
1001.94102944
1268.35816183
565.82549867
539.53308218
763.96193422
1448.71824541
774.43778268
1119.09176649
592.17112120
1777.64591507
683.56988386
626.63438219
1986.01100695
1617.84933864
565.74769432
1422.59795185
767.54015607
648.96785540
562.13915502
549.37806165
468.01044521
623.33288169
1509.02952461
1755.67913964
1371.24309405
2267.52110300
2408.83558524
1571.03498883
1337.07290278
1485.40894103
894.33271037
1471.88904638
825.56344019
1229.76506881
692.33089622
918.21784861
1230.01096853
807.69976125
1925.12073704
549.23304702
2277.36931744
1921.14392311
802.44174587
1230.79454717
1221.49514766
1257.52751414
1089.46697441
749.47109774
1236.03911738
1021.90614019
1359.73034715
2239.61330939
1691.05588436
1797.46910041
509.87297420
515.53264000
1601.60136756
1559.12535495
928.79020412
539.56865931
1879.86872593
1819.52446801
2167.90187692
1598.68826305
2376.14860488
770.82090667
1705.27915386
1995.53581849
1678.33318103
2134.16628495
1982.08851520
1956.73069997
1071.73089311
1281.09074310
1494.94222330
934.66240066
2034.70926536
2053.12315160
1502.95013942
987.83870402
708.89582546
1647.90533137
1313.40009259
616.45399660
645.46255489
479.36421195
686.60254182
1300.68537656
1610.78605809
1953.07486844
1897.25790177
1047.98082147
1094.59869848
630.40766308
487.52766121
541.57862989
2085.83504470
2143.17556800
857.32100619
830.41277727
506.87103372
1440.19887524
2394.51239043
467.04440375
1928.29882271
2444.83318974
540.15565048
1819.12028976
626.32950677
796.61838541
525.81225613
693.64241943
1587.47355095
1235.95989125
1139.30500520
2159.74204922
1903.19694547
1638.71998015
642.66241031
640.59847696
491.63320532
483.20182769
466.06748474
508.68401017
521.99308902
564.34184730
611.74288915
459.38596515
510.60955479
475.36348887
2334.57655310
1702.98751698
1288.02267076
904.60637916
1234.09612696
1795.06389886
1500.94733954
1688.44686185
623.90044204
703.59009551
1959.59352174
1732.59548747
1705.57341500
1631.33805650
1685.70940668
1920.25813116
549.48508110
530.25655078
578.76596695
930.29884099
2211.95945055
1769.15290491
1439.94560317
966.07163750
688.80181130
552.62629888
1456.72529075
532.38876294
493.89679716
460.44050583
1573.69012183
2187.37962442
1875.69896209
1351.48788515
1975.24350394
2179.91286040
1447.80525006
2408.91679774
2452.32615827
1700.94772634
1857.13582469
1886.50572805
1663.84745945
747.71391444
683.30618136
913.36334866
616.43756660
777.93477610
2216.92183616
1220.49986284
606.52747824
1038.59245722
574.19818544
782.20079840
2217.87741998
1626.53617282
868.43546330
1013.56374486
1964.16656390
1056.24690145
632.24040535
604.14859640
592.39378990
920.42832691
1305.46007563
810.73777812
693.74388035
1195.22751194
1698.30272067
1873.54206083
540.22713906
1248.47021042
2277.01364413
1396.47420034
828.26551959
1881.70821536
623.21909017
548.33386846
1627.03093655
587.67632664
1470.20904650
1367.15468841
2132.50611596
2358.78427669
2001.62644352
1618.32758418
2252.15813303
1620.65623756
1216.49893403
1108.06041712
2029.91465750
1071.13315531
644.75163964
992.43847652
1583.32914142
767.48573140
873.77158928
1250.84062175
1406.86654651
1832.54460938
1686.03322617
1191.36818162
1501.68053518
672.27917653
603.24140568
603.65652741
520.37826586
1320.83593513
628.49429231
606.20590975
1098.50742295
951.69741702
676.01013867
602.15153376
2364.45589084
1496.07042581
1024.17226394
792.05796997
615.57235782
603.37969882
619.80459986
562.45050692
760.22350946
534.25763480
997.33351083
1196.36083809
755.83654007
561.61147892
601.27901314
1594.23329013
1853.40575594
1495.92591279
1577.43180132
2004.32906282
1505.68357214
1898.64184204
581.57399562
1948.45414312
927.25041615
1436.15265557
1698.69582308
1600.06871670
