0.19109925
0.26670101
0.28352675
0.32805645
0.16734320
0.21130489
0.13314751
0.11135154
0.14304470
0.19334826
0.15107690
0.16357771
0.11680530
0.22518047
0.15413524
0.30667960
0.26413437
0.16538872
0.21846788
0.20042372
0.12373060
0.21564752
0.17132040
0.23223824
0.13445905
0.19850808
0.11095868
0.16285237
0.18569653
0.15170352
0.22686895
0.07837027
0.16419872
0.13989226
0.13802560
0.20646663
0.22422167
0.30639835
0.21174053
0.23303576
0.24525434
0.17523920
0.29511399
0.31564021
0.27953715
0.20176506
0.09588317
0.14873477
0.10373236
0.08816948
0.08824422
0.07460877
0.09165874
0.20362366
0.25124119
0.25308111
0.17807627
0.16440179
0.11827605
0.16256885
0.23404963
0.21220764
0.33172448
0.09565335
0.23859976
0.27308024
0.11474107
0.26428286
0.15500750
0.16523019
0.14273346
0.15656449
0.27232991
0.13061401
0.19095961
0.27264066
0.24779934
0.19710184
0.12614364
0.09538321
0.09453239
0.10372174
0.09540652
0.10885344
0.11145597
0.11379820
0.13165414
0.08884999
0.11883206
0.09212968
0.28731377
0.22710988
0.18969006
0.15260538
0.20717565
0.22075228
0.20684622
0.21207980
0.11963204
0.12724493
0.23981129
0.25068951
0.23980933
0.14079904
0.23874432
0.27143995
0.12284723
0.10146261
0.10593515
0.12662451
0.27786244
0.22904911
0.26748280
0.20684228
0.17114143
0.14444426
0.18346031
0.08283422
0.07517801
0.07944677
0.24775214
0.30800520
0.22130790
0.19003621
0.28404499
0.29867975
0.19108450
0.30991690
0.36000000
0.25893619
0.24817008
0.23655432
0.25315880
0.14307912
0.14272432
0.18262738
0.16345725
0.15861279
0.25214099
0.15304378
0.11285887
0.16524288
0.11508713
0.13967503
0.27426915
0.24750432
0.15464119
0.15972933
0.27018613
0.16990128
0.13155541
0.11073368
0.12002963
0.14875680
0.15345119
0.12564604
0.13067301
0.18201080
0.20584415
0.25811211
0.11343494
0.17972442
0.36000000
0.21002452
0.14205070
0.12409593
0.25047317
0.19856807
0.26623095
0.32117176
0.23353729
0.18099692
0.30347081
0.27647784
0.22894782
0.21713539
0.11766468
0.11918510
0.11886186
0.10539881
0.19676159
0.13767355
0.14813461
0.17379559
0.17807823
0.15465122
0.14116644
0.28988631
0.21176020
0.19317813
0.17323506
0.14602072
0.13472437
0.12310694
0.10386758
0.11904752
0.12291439
0.15305518
0.18778819
0.17653825
0.12582561
0.11032695
0.18268638
0.22256368
0.17110307
0.18577815
0.24021350
0.22919760
0.23203369
0.13560539
0.25693008
0.18856802
0.21284684
0.22437606
0.21462087
