0.26759420
0.25912445
0.29573466
0.31318691
0.29218276
0.24580466
0.25093564
0.29821469
0.31200986
0.27221727
0.26334133
0.19647183
0.24711733
0.20422124
0.20508413
0.19918506
0.27568198
0.24282779
0.18086300
0.25705683
0.24360834
0.30205791
0.30806977
0.28522705
0.25106296
0.25586110
0.18783186
0.17678382
0.19982375
0.25640638
0.18318734
0.26647528
0.16322669
0.22691034
0.19974210
0.24118505
0.25604586
0.26666488
0.21143436
0.19163840
0.22604745
0.22113167
0.24572232
0.25230921
0.26477717
0.28457175
0.26974762
0.27550414
0.24093179
0.24999525
0.28562493
0.26215736
0.23690381
0.23789057
0.23563958
0.25511377
0.26128479
0.28086693
0.21967369
0.18296037
0.18200545
0.10869064
0.12290162
0.22493891
0.24692981
0.26596529
0.26588433
0.27874742
0.26718247
0.23850227
0.17423667
0.13568305
0.20505022
0.24794562
0.15289484
0.26029042
0.22027501
0.20555398
0.24671045
0.27911070
0.26518129
0.16721453
0.25604517
0.25080762
0.22488217
0.26655070
0.28490113
0.27050602
0.27875088
0.24485458
0.29368988
0.26535290
0.19482909
0.27611031
0.22537278
0.19362436
0.27282966
0.20983314
0.22089363
0.21635222
0.23534480
0.18142627
0.21003312
0.16693635
0.27987118
0.21471293
0.24846945
0.24072835
0.24943821
0.25462455
0.28681028
0.24662880
0.22522193
0.19420355
0.27489659
0.26199821
0.21677570
0.23308066
0.24370037
0.19217745
0.23145107
0.24859400
0.30482649
0.29603774
0.20309055
0.20752748
0.24427263
0.24986516
0.23792655
0.22323873
0.23051344
0.23496767
0.23590253
0.24038513
0.20659955
0.24616033
0.23390065
0.23447430
0.20728737
0.21269168
0.20624457
0.22992942
0.21468179
0.23122963
0.29238067
0.28000681
0.18785746
0.25139511
0.26185774
0.29350166
0.18882276
0.25618979
0.21183986
0.15479084
0.23696540
0.30540221
0.16315680
0.25569157
0.29385595
0.26696588
0.22484618
0.21786348
0.28600552
0.28954981
0.30357195
0.28314144
0.15746463
0.23441271
0.25732739
0.25488473
0.24756227
0.25405644
0.16966757
0.22647716
0.22915164
0.24578736
0.25746371
0.28010092
0.28854783
0.28030297
0.27065479
0.24151650
0.15156002
0.21877966
0.24701492
0.22377432
0.26391221
0.29151847
0.17837397
0.17334610
0.16189049
0.17077749
0.25547221
0.25665618
0.24532028
0.22838286
0.24071866
0.23452965
0.26108273
0.26659568
0.21462228
0.26440420
0.22416044
0.23283086
0.26179269
0.27541557
0.28650789
0.23838533
0.26659291
0.16923785
0.20070671
0.28425967
0.22695255
0.20766450
0.27604941
0.27300958
0.24367269
0.21877620
0.25872725
0.27025068
0.28727529
0.17298143
0.32142969
0.26082532
0.27259508
0.20625495
0.14031089
0.16305715
0.20843743
0.24050346
0.24759133
0.23282878
0.17631674
0.22029992
0.24857532
0.25529922
0.26244523
0.19251582
0.18241717
0.18438168
0.22462198
0.18487091
0.17947836
0.13702492
0.23467220
0.19254419
0.23751898
0.23309519
0.23469503
0.24825494
0.22279172
0.24284302
0.23447222
0.22118150
0.14911251
0.24280980
0.26674861
0.26734647
0.22624328
0.25711496
0.24665440
0.26294967
0.19533907
0.28379951
0.26551759
0.22562050
0.20720503
0.23417536
0.26729319
0.24234895
0.23904132
0.27130110
0.27573249
0.29563502
0.31614094
0.23374357
0.25357344
0.26750562
0.21070779
0.26309014
0.26224455
0.21550247
0.19566845
0.27702025
0.24519296
0.24021421
0.23984401
0.24836496
0.17885628
0.18954864
0.26345481
0.22956267
0.23858323
0.26561931
0.25152589
0.24919740
0.24690628
0.22365045
0.17956832
0.26283342
0.25400316
0.19925426
0.21169178
0.28060813
0.24022736
0.27958816
0.26859202
0.18327383
0.22400613
0.19736379
0.25106435
0.23668930
0.26172004
0.26223002
0.26061911
0.26979329
0.26562138
0.22919385
0.22954952
0.22847627
0.25112040
0.25061872
0.23612603
0.24313364
0.22187970
0.25730940
0.23604715
0.24900434
0.30022695
0.29552015
0.25030594
0.26015341
0.23871817
0.22632631
0.23977412
0.28727806
0.24701008
0.30298861
0.24443386
0.32361633
0.19384787
0.27180831
0.25672192
0.26713127
0.27846371
0.27816062
0.13183333
0.20216193
0.23429092
0.19304657
0.22822786
0.21838108
0.23736467
0.25133283
0.21458492
0.20006940
0.21191390
0.24465391
0.21121086
0.19839275
0.17239740
0.11141639
0.15222847
0.17914829
0.19715689
0.26306593
0.26904596
0.21606712
0.17057405
0.24363256
0.22345739
0.23873754
0.24172548
0.25499475
0.28122745
0.23420373
0.14475087
0.23554478
0.21757632
0.29985051
0.25082077
0.25082423
0.27175572
0.26892555
0.27037039
0.22676087
0.27747211
0.29125829
0.31009656
0.28917614
0.27757245
0.23022835
0.26299396
0.24757196
0.26159341
0.22495136
0.19608986
0.27424959
0.27574287
0.28365420
0.26199821
0.31359033
0.32970361
0.29915923
0.21391301
0.22902155
0.29084103
0.28377668
0.29432303
0.28203152
0.22627234
0.19458552
0.22987406
0.25265173
0.21969652
0.21785172
0.26411565
0.27165331
