2108.09935693
2427.39872372
2425.90550358
2403.07823733
2357.51127457
2019.06711064
783.13540088
2421.97357196
2153.82379812
2370.22023488
2332.43974740
2419.47295996
2415.95621612
2431.51225245
2395.39830690
2368.35152697
2129.53785985
2133.50304171
2332.35837185
2380.93020573
2377.88039170
1296.18842977
2426.82182515
2413.42189760
2408.25663715
2400.82758160
1857.81445046
1677.27284443
2254.74608835
2291.07052123
2063.64961995
2166.74839237
2320.99090112
2436.11250591
2420.49637913
2413.28822472
2402.81973550
2271.98525983
1777.26230813
2395.90525221
1525.69792164
2390.75059209
2420.19592648
2400.38588495
2430.22510658
2432.02007349
2422.17708737
2356.37843923
2400.05538918
2418.71064977
2417.15561003
2386.26957882
2426.58607192
2436.37301312
2052.76164689
2412.30812069
1979.42846429
2358.39508430
826.94984324
2436.15834125
2403.11093684
2186.37536870
1862.22652154
2431.16426227
2422.80081166
2306.60205480
2007.72384608
1924.07647521
2252.92638106
2420.09433063
2350.99064364
2391.26111673
2128.43437959
2381.53344880
2401.16838042
2395.02453109
2387.08883661
2245.66467713
1811.99485287
2408.86522055
2433.67234641
2435.35167566
2319.54961645
2411.04507172
1493.79100508
2142.49139389
1757.23204251
1937.94394731
1999.52391502
2428.06167005
2179.86178387
1301.03092815
2365.75093627
2343.56662507
2434.37174910
2430.28525605
2433.62458459
2323.05712884
2245.33179469
1501.30736480
1181.07198049
1834.86480379
2218.86353315
1240.48846137
2412.57563826
1278.09110225
2177.19963221
2347.64653438
2367.13391123
2409.85570535
2291.05834512
2381.83400059
2353.69717133
2214.72558533
2118.52925069
2268.75847821
1047.20714712
2401.99440318
2405.70704862
2399.68703695
858.18108354
2079.86153775
2278.74005415
2220.14311897
2437.69126390
2426.73433858
2218.75159656
1871.10385673
1998.58770163
2392.01209948
1894.77118023
2173.05642621
1759.63964895
2301.37325044
2436.61191504
2428.35523056
2427.26813726
1386.07532812
2359.66118158
2352.72096612
868.44346866
412.58306680
1912.42739153
2394.89311090
2425.87088849
2433.43212725
2438.62542685
2438.39411797
2386.07307601
2313.97583167
1781.04384195
1584.19231221
2323.04460369
2418.50678372
979.70427366
2361.79656201
1957.11512138
2118.79613051
2403.85227770
2438.50933154
2213.46418463
1313.10011435
2435.66338737
2431.00142759
2299.36190544
2393.99846470
2428.51998011
2425.09900573
2434.75059613
2114.58685602
2428.85067124
2390.58325609
1931.82914430
2416.48226374
1601.27761706
2057.48260137
2382.41585763
1857.91869253
2085.11249334
2408.65035487
2405.99743765
2429.64782542
2408.30236619
2216.14488117
2425.43102928
1882.24334844
1896.32351865
2392.80477646
2388.60581733
2357.83085421
2303.35439399
2227.09904946
1710.68062058
2317.99901216
2202.45293498
2246.88329368
2437.26181272
2391.65753504
2035.30708915
2415.72781118
2417.55424886
2435.21417188
2437.87609700
2439.07658057
2398.35163022
2270.54905981
2279.81729188
2329.71169245
2294.51529530
1740.21658580
2385.18210071
2402.17998722
1897.92217797
2245.24412779
1639.26251710
2418.32887704
2202.74905277
2428.60868849
2426.48845743
2426.30636737
2345.11459886
2436.28830751
2426.34541502
2314.88347239
2004.46760527
2430.66809781
2333.62246958
1981.19218468
2092.32044876
2298.29909312
1377.61783102
2142.69576841
2209.35966344
2431.31223153
2399.81440499
1661.64852533
2415.64348410
2412.40995885
2402.75139466
1921.86363572
1441.26269997
2313.71543526
2379.38836735
2247.54784592
2261.34299400
1792.00754206
2413.50168801
1962.19244923
2400.79185279
2436.71511457
2403.63540241
2355.82569754
2312.99045788
971.14417765
2263.39535039
2355.06915590
2252.11381308
2222.82059790
2289.42080011
2167.65510491
2373.90954299
2262.70893340
2279.99487054
2420.37900452
2435.81797344
2435.99695331
2403.16672267
2367.59114531
2423.05107476
2436.89083727
2437.20362279
2316.20046876
2419.55007923
2368.77404280
1637.69667103
2440.21053447
2307.33303788
2366.65916745
2156.77484435
1931.79075639
1995.45454918
2192.64106581
2433.75025886
2171.86155378
2440.48591423
2439.13341924
2217.48710624
1925.38298539
2286.08518531
2400.24224442
2293.15749102
2316.65838765
1671.65824620
2181.38155210
1937.30853739
1972.64840505
2395.53782575
2335.66089075
1529.33802726
2301.00111611
2308.59094095
2321.38613852
2021.53872527
2396.83289397
1698.62560946
563.82366043
2371.29976338
2434.23063002
1476.31104470
1985.28175981
2410.03392308
2388.75761751
1481.43620467
1365.03871255
2313.13324694
2439.06845957
2402.77870051
2132.09458682
1424.12188325
1751.26460075
2284.90123337
1749.04983062
2439.50157095
2440.46201610
2001.91624003
1859.33441253
2157.36196916
2427.33619513
2167.42630833
2231.86137324
2384.77547753
2439.95226166
2440.21107134
2432.34088974
1731.88239757
2402.14008359
2400.88842084
2357.00197733
2144.40802274
1931.37721379
2435.70140317
2437.85211905
2426.41196000
2412.00281842
2280.99653692
357.98327795
2438.77503148
2437.56729566
2438.90062096
2424.23564069
2423.25544828
2429.69316340
2438.77720331
2431.85660466
2273.04941537
874.37864650
2409.93764937
2439.41588705
2359.46086766
2344.20478171
2404.90206836
1895.94504320
2268.44005889
2222.29140127
1892.51460276
2439.23290698
2436.39623257
2402.98603984
1987.29199656
2398.72584657
2414.55535875
2394.68491403
2399.58956520
2183.64102978
2401.50210324
2038.75471021
2165.92167665
2111.06003094
2366.86831335
2414.98609416
1944.35562288
2314.19657528
549.46222485
2122.22143288
2370.03009891
1779.62128487
2268.06090912
2440.48627370
2435.08746641
2434.66105948
2179.70351261
2429.81430160
2436.99699956
2335.64919760
685.45543273
2428.72526985
2255.66890522
2377.76878746
2373.97574822
1238.90782028
2271.84795599
2420.80433210
2433.90478653
2437.59206844
2419.06260132
2360.69635708
2421.20646949
2437.45574262
2435.40759326
2434.15156857
2258.18014567
2313.37465949
2355.55895183
2400.47482223
2229.89316646
1771.90294063
573.80546342
2344.40307109
