1266.70370768
1428.40865137
2205.70959500
757.31757396
1881.90739856
1818.63818614
897.88858106
1264.58182340
647.20917651
2118.08463252
712.28047718
646.85791746
533.28359462
1908.32200880
728.87536486
1603.82905408
765.95329175
2457.75477634
2260.19016763
2496.01902228
664.44707729
1745.13544190
710.53993183
2600.00000000
2157.90295444
1316.68018903
674.51710087
2527.33410543
762.56176003
1696.25715484
1890.12323539
979.03078705
529.60704556
473.19546738
442.94018787
1504.17694854
1571.96626037
1331.21325772
1198.12580856
1462.00573546
971.53054955
657.04102035
818.13887354
476.43310085
561.85176067
448.60313319
490.35416544
476.77197890
1531.16809412
1892.92098418
2353.58022284
2447.05127192
2569.80751911
1059.20902086
1356.95616205
571.80736110
542.42302018
793.24416105
1558.52615415
804.95194390
1190.13640053
601.25116496
1926.13492023
703.39820050
639.76722188
2159.00324169
1747.54665385
571.72040715
1529.33417739
797.24317312
664.72705738
567.68751238
553.42574536
462.48949452
636.07747292
1625.92989354
1901.58490526
1471.94011284
2473.61824247
2600.00000000
1695.22705001
1433.75158992
1599.53158661
938.94622438
1584.42178513
862.08985477
1313.82461486
713.18948667
965.64019697
1314.09943180
842.12545050
2090.95242368
553.26367736
2484.62458305
2086.50794607
836.24910526
1314.97515738
1304.58217103
1344.85185645
1157.02780474
777.04923734
1320.83647633
1081.52198023
1459.07349481
2442.42856001
1829.36211185
1948.28926409
509.27495541
515.60018419
1729.38796077
1681.91687207
977.45583585
542.46278110
2040.37888578
1972.93828945
2362.28403695
1726.13228224
2595.02007518
800.90973204
1845.25800335
2169.64814798
1815.14324946
2324.58122116
2154.61947442
2126.27964161
1137.20600328
1371.18606400
1610.18595976
984.01858846
2213.42829722
2234.00761183
1619.13558739
1043.44829616
731.70241143
1781.13715846
1407.29491466
628.38964764
660.80954204
475.17843670
706.78749168
1393.08497885
1739.65274864
2122.19389315
2059.81298654
1110.66298080
1162.76300711
643.98423146
484.30188780
544.70911934
2270.56634424
2334.64997405
897.58203353
867.50946213
505.91999402
1549.00492670
2600.00000000
461.40984893
2094.50424451
2600.00000000
543.11880101
1972.48658082
639.42649385
829.74093172
527.08865825
714.65524183
1713.59874718
1320.74793340
1212.72666710
2353.16463329
2066.45044738
1770.87163220
657.68010725
655.37346033
488.89023394
479.46734674
460.31804661
507.94617210
522.82036636
570.14923593
623.12452537
452.85079652
510.09815610
470.70723829
2548.55925091
1842.69687554
1378.93316954
950.42805171
1318.66499495
1945.60121667
1616.89726311
1826.44627462
636.71177700
725.77274050
2129.47912428
1875.78667156
1845.58686889
1762.62161223
1823.38690136
2085.51798714
553.54535004
532.05559118
586.26959707
979.14188475
2411.52267441
1916.64315265
1548.72187044
1019.12147540
709.24538992
557.05596742
1567.47480860
534.43854632
491.42001869
454.02934862
1698.19442022
2384.05232033
2035.71876783
1449.86173927
2146.96950644
2375.70748296
1557.50579276
2600.00000000
2600.00000000
1840.41721046
2014.97265047
2047.79638326
1798.95404214
775.08541355
703.10348723
960.21481959
628.37128550
808.86017526
2417.06862454
1303.46984313
617.29579477
1100.17056768
581.16465553
813.62787144
2418.13658270
1757.25503867
910.00352385
1072.19853943
2134.58994510
1119.90113174
646.03249977
614.63716220
601.50001896
968.11062215
1398.42117095
845.52073079
714.76863431
1275.22552504
1837.46115854
2033.30822021
543.19869647
1334.72943577
2484.22708342
1500.13833605
865.10969215
2042.43469471
635.95029981
552.25875759
1757.80798542
596.22779346
1582.54422133
1467.37092061
2322.72582032
2575.61374410
2176.45501574
1748.08113991
2456.44862448
1750.68363728
1298.99841479
1177.80779122
2208.06985509
1136.53797296
660.01502488
1048.58899075
1708.96696515
797.18234824
915.96716531
1337.37860172
1511.75279694
1987.48956787
1823.74880124
1270.91234684
1617.71668078
690.77973337
613.62328806
614.08722709
521.01564391
1415.60519424
641.84585292
616.93641061
1167.13138811
1003.05688144
694.94944760
612.40524983
2581.95232633
1611.44683615
1084.05459464
824.64422248
627.40433027
613.77784413
632.13427370
568.03547850
789.06610661
536.52719298
1054.05966923
1276.49212761
784.16324025
567.09778285
611.43012290
1721.15341530
2010.80393468
1611.28532875
1702.37611214
2179.47545651
1622.19046517
2061.35967483
589.40784310
2117.02978174
975.73497255
1544.48288141
1837.90048884
1727.67507388
