0.21353954
0.12219795
0.11827680
0.18246192
0.15074231
0.17342442
0.21097238
0.22068323
0.25587827
0.19587699
0.23730898
0.23014540
0.29688252
0.18981220
0.17216418
0.24071018
0.21377369
0.19653198
0.27738048
0.09103286
0.13966944
0.13592238
0.15664794
0.14015457
0.17684399
0.17754796
0.18510790
0.18195767
0.17923287
0.12247479
0.07614652
0.13035572
0.07864321
0.08790574
0.10045846
0.09384664
0.10237645
0.09327575
0.08265908
0.05314954
0.13079799
0.17874546
0.10795029
0.13865482
0.14078813
0.23470355
0.22941006
0.13558034
0.22678704
0.06249922
0.05166142
0.14789432
0.07210776
0.08092213
0.16421859
0.14457422
0.16950366
0.17663357
0.18683031
0.17782954
0.17662209
0.21930438
0.19368858
0.11372263
0.11483749
0.22950877
0.23396056
0.26685242
0.22011241
0.14804889
0.19298079
0.16116936
0.15365992
0.06218718
0.09906813
0.08598109
0.19916724
0.23761045
0.16129026
0.11234983
0.21017124
0.15220456
0.15516197
0.12328817
0.11590652
0.13791719
0.19878542
0.23006123
0.29767066
0.18249941
0.16193377
0.13290605
0.08738688
0.22497434
0.12807473
0.19074648
0.23667694
0.15695477
0.13258697
0.18522956
0.20717711
0.14605637
0.13595834
0.18657397
0.21341176
0.15081730
0.25520644
0.15690886
0.13327028
0.09330260
0.07147496
0.15010186
0.12944210
0.17198130
0.24648267
0.25466164
0.23184562
0.18326765
0.24238439
0.21029979
0.20139390
0.18529690
0.22512508
0.15336533
0.18184748
0.18133328
0.15423916
0.16476875
0.10294696
0.20957440
0.18864071
0.21173220
0.16198045
0.14029689
0.18343675
0.15497297
0.12877181
0.19486848
0.13904659
0.09900929
0.13698597
0.21058826
0.25834137
0.24051430
0.30521300
0.18095682
0.16477411
0.09475743
0.13691711
0.13800748
0.12258176
0.19139535
0.15499516
0.18659540
0.17281687
0.17347416
0.19350723
0.14671825
0.20229911
0.16435556
0.17379247
0.08104601
0.10084364
0.21121111
0.17970728
0.13107346
