0.18354990
0.25680997
0.27311455
0.31626498
0.16052966
0.20312969
0.12739315
0.10627229
0.13698379
0.18572924
0.14476720
0.15688081
0.11155713
0.21657549
0.14773081
0.29555026
0.25432283
0.15863572
0.21007081
0.19258555
0.11826793
0.20733781
0.16438368
0.22341464
0.12866407
0.19072925
0.10589160
0.15617793
0.17831452
0.14537441
0.21821166
0.07431258
0.15748258
0.13392899
0.13212015
0.19844129
0.21564638
0.29527772
0.20355184
0.22418747
0.23602758
0.16818109
0.28434288
0.30423333
0.26924852
0.19388534
0.09128304
0.14249762
0.09888911
0.08380828
0.08388070
0.07066760
0.08718945
0.19568638
0.24182900
0.24361193
0.17093029
0.15767936
0.11298233
0.15590320
0.22516994
0.20400448
0.31981940
0.09106034
0.22957913
0.26299160
0.10955684
0.25446672
0.14857605
0.15848211
0.13668219
0.15008482
0.26226452
0.12493813
0.18341458
0.26256565
0.23849376
0.18936657
0.12060622
0.09079857
0.08997410
0.09887882
0.09082115
0.10385157
0.10637349
0.10864317
0.12594604
0.08446770
0.11352111
0.08764581
0.27678427
0.21844513
0.18218436
0.14624834
0.19912835
0.21228446
0.19880912
0.20388059
0.11429632
0.12167340
0.23075313
0.24129441
0.23075123
0.13480769
0.22971921
0.26140212
0.11741191
0.09668966
0.10102367
0.12107220
0.26762569
0.22032430
0.25756754
0.19880531
0.16421025
0.13834000
0.17614756
0.07863827
0.07121920
0.07535574
0.23844802
0.29683480
0.21282286
0.18251979
0.27361674
0.28779820
0.18353561
0.29868729
0.35731612
0.24928566
0.23885301
0.22759704
0.24368721
0.13701714
0.13667333
0.17534043
0.15676408
0.15206967
0.24270093
0.14667315
0.10773294
0.15849440
0.10989218
0.13371849
0.26414369
0.23820788
0.14822109
0.15315163
0.26018714
0.16300851
0.12585037
0.10567357
0.11468159
0.14251896
0.14706795
0.12012404
0.12499530
0.17474295
0.19783809
0.24848710
0.10829116
0.17252739
0.35335671
0.20188898
0.13602057
0.11862194
0.24108477
0.19078738
0.25635447
0.30959354
0.22467346
0.17376048
0.29244086
0.26628397
0.22022615
0.20877959
0.11238989
0.11386321
0.11354998
0.10050394
0.18903685
0.13177900
0.14191605
0.16678220
0.17093219
0.14823081
0.13516370
0.27927712
0.20357089
0.18556439
0.16623903
0.13986763
0.12892117
0.11766358
0.09902014
0.11372990
0.11747700
0.14668421
0.18034139
0.16943991
0.12029804
0.10527944
0.17539761
0.21403975
0.16417308
0.17839361
0.23114288
0.22046819
0.22321643
0.12977490
0.24734169
0.18109707
0.20462388
0.21579599
0.20634296
