0.01047464
0.00905570
0.00757978
0.00846250
0.00918792
0.00901474
0.00967005
0.00757496
0.00757807
0.02123206
0.02547377
0.01949505
0.01040937
0.00757922
0.02549344
0.02978062
0.01269214
0.00760042
0.00784942
0.01394303
0.01596833
0.03564582
0.01000526
0.00757541
0.00995489
0.06518916
0.00950266
0.00837921
0.10128324
0.14012353
0.12140045
0.08797611
0.03039298
0.14185980
0.07086856
0.09266588
0.04387978
0.02154949
0.05109988
0.07017789
0.05087502
0.02897350
0.05205199
0.02161417
0.01293877
0.01237696
0.01692531
0.00889204
0.01094305
0.00987509
0.00784458
0.01131079
0.01110242
0.00757477
0.00757723
0.00757397
0.00757588
0.00757823
0.00757230
0.00757214
0.00757261
0.00757434
0.00776027
0.02733529
0.05106722
0.00757731
0.00757531
0.00757209
0.00757675
0.01682925
0.01561793
0.01624625
0.01235056
0.01561907
0.01151033
0.01239253
0.01838275
0.01266706
0.01181155
0.01103217
0.01285075
0.01143109
0.04109506
0.04214076
0.06755335
0.01310379
0.01390621
0.01080925
0.01288657
0.01682852
0.01687490
0.01946569
0.01299787
0.01308118
0.01102247
0.01269839
0.01002578
0.01716965
0.01466536
0.13885379
0.09267887
0.02179878
0.01799141
0.03172831
0.05403334
0.04080488
0.01329812
0.13098474
0.02774420
0.06187468
0.01924156
0.02282526
0.02889126
0.03953780
0.01587060
0.01317606
0.01172376
0.01116378
0.00915139
0.01772493
0.09425863
0.18717774
0.20525223
0.14233275
0.05298462
0.00967857
0.01388879
0.01512980
0.01853150
0.01825130
0.01750556
0.04107640
0.02606747
0.01331668
0.01955515
0.01194042
0.01745881
0.01532789
0.01822651
0.03298331
0.00757273
0.01201614
0.00906999
0.00757895
0.00757723
0.00812962
0.00898850
0.00757196
0.00757988
0.00757613
0.00802389
0.01340887
0.01385743
0.02205693
0.01422034
0.01800193
0.00759066
0.05074146
0.04818315
0.04034996
0.08821441
0.03266231
0.04135038
0.01009194
0.01306498
0.00831406
0.00936295
0.01148869
0.00757896
0.01212322
0.00926762
0.01613585
0.01114163
0.01158067
0.01872004
0.03245904
0.00757293
0.00757539
0.01008982
0.01463172
0.01109713
0.01369947
0.00943116
0.04682084
0.01218627
0.01099376
0.03704399
0.01472540
0.00758058
0.00782707
0.02147283
0.07369454
0.00993605
0.01429967
0.01003804
0.00829112
0.05547423
0.08127863
0.04347855
0.03417675
0.04833199
0.01789737
0.03100818
0.04087048
0.09400057
0.01108210
0.00802617
0.00952709
0.00771520
0.03629294
0.06248695
0.00757718
0.04369755
0.14663960
0.00764976
0.01137159
0.01221131
0.00962555
0.04790972
0.04201040
0.01149093
0.13756302
0.01722554
0.01487561
0.01386151
0.01329255
0.01230823
0.00823358
0.05250546
0.00942878
0.00826047
0.00757481
0.00774655
0.01541004
0.01850223
0.02561410
0.00984761
0.00889546
0.00862941
0.01843435
0.00757571
0.00757922
0.00775225
0.01475168
0.02104087
0.03866491
0.02338237
0.02099961
0.00942183
0.04421798
0.01906254
0.01422372
0.02334295
0.02480753
0.01044255
0.00911233
0.00758805
0.05325650
0.01081423
0.01066381
0.00910110
0.01012227
0.00859297
0.01302712
0.00849829
0.01145552
0.01012586
0.00969661
0.00816893
0.05782351
0.02892483
0.13725656
0.10599442
0.02734288
0.07577176
0.02360503
0.05743839
0.01098436
0.00895193
0.01298044
0.01277933
0.00788827
0.01218945
0.01986445
0.02245788
0.10772430
0.15678374
0.07135779
0.06792677
0.07533613
0.00999788
0.00772685
0.01645080
0.07746577
0.01298030
0.04189660
0.01823319
0.01341469
0.00832427
0.01400795
0.00805649
0.00757511
0.00757756
0.03654149
0.05190371
0.01601681
0.01870696
0.01670390
0.00793857
0.00842518
0.01065734
0.00757409
0.00757509
0.00761192
0.00757226
0.00809607
0.00903970
0.00770155
0.00993026
0.01459803
0.00778426
0.00807787
0.00780546
0.00757966
0.00757801
0.00798620
0.00810997
0.00757482
0.00833864
0.02334404
0.01120054
0.00772473
0.00815954
0.00758221
0.00757400
0.00788161
0.00757631
0.00757391
0.00757335
0.00760997
0.00860777
0.00796558
0.00757864
0.00776673
0.00803575
0.00873640
0.00757466
0.00782639
0.00762921
0.00757255
0.00757273
0.00757598
0.00761446
0.00760764
0.00792257
0.02179576
0.06238961
0.02158956
0.05222242
0.09196634
0.04052798
0.00998028
0.01025682
0.00861701
0.01202515
0.00833927
0.01449227
0.00847612
0.00774701
0.00950193
0.00792374
0.00918799
0.01644936
0.01306303
0.00913155
0.01429311
0.01647024
0.00789180
0.00887600
0.00838924
0.01173807
0.00861937
0.00772220
0.00869638
0.01061697
0.00947655
0.00758849
0.00764141
0.00757386
0.00823780
0.00794224
0.00770672
0.00763054
0.00817425
0.00920699
0.01093992
0.00914876
0.00868255
0.00783761
0.00780639
0.00760591
0.00780931
0.00757399
0.00757718
0.06519263
0.05796695
0.02806081
0.03516253
0.02076524
0.00763169
0.01439138
0.01592422
0.00883725
0.04997450
0.01857889
0.02232066
0.02840258
0.05151016
0.02878697
0.01009342
0.01441873
0.02203058
0.00852632
0.00781818
0.01115288
0.01045715
0.00778785
0.10744986
0.02921903
0.01305428
0.00883101
0.00782975
0.02885192
0.02913533
0.01123899
0.01157186
0.00974720
0.01273123
0.01162930
0.00788289
0.00898355
0.00986587
0.00777944
0.00818194
0.01224626
0.02623946
0.04251610
0.01719910
0.01009704
0.00923653
0.00790662
0.01461586
0.03099226
0.00759613
0.00757419
0.00757915
0.00757667
0.00757224
0.00775599
0.00907062
0.00851495
0.01632291
0.02710933
0.01743146
0.01136173
0.01502813
0.01269206
0.02023119
0.00865018
0.01089860
0.01317534
0.00840388
0.00772088
0.00759388
0.01420053
0.00757970
0.01156076
0.00960849
0.00757203
0.03361525
0.01119455
0.00757767
0.01532087
0.03915277
0.01828634
0.01332431
0.01929178
0.01482944
0.02172587
0.01279863
0.02063781
0.03959361
0.01345871
0.05793933
0.03538611
0.00964235
0.00900084
0.02052538
0.01260091
0.00950854
0.01412009
0.00758068
0.00757867
0.00783429
0.00785025
0.00833876
0.00757692
0.00757876
0.00757493
0.07680904
0.00758003
0.00891570
0.01139171
0.02654527
0.03155395
0.06854782
0.06812537
0.11844384
0.00808565
0.00758012
0.00757670
0.00757962
0.00757304
0.00757905
0.00981431
0.01092133
0.01911294
0.10558276
0.12246344
0.08432873
0.01116060
0.01996718
0.01115893
0.02514253
0.04937577
0.04550079
0.02438014
0.03452291
0.10526259
0.10316771
0.13781550
0.17754680
0.00819285
0.00770989
0.00832584
0.00856210
0.03661907
0.02589623
0.00834677
0.05126692
0.19824674
0.07611005
0.00780622
0.04523962
0.04953110
0.06836477
0.02016660
0.01385959
0.01064676
0.01815168
0.03410896
0.01803385
0.01765248
0.01600241
0.00973224
0.01618444
0.00832673
0.00827949
0.01722298
0.00984313
0.00758297
0.02125347
0.04326239
0.00771644
0.00762178
0.00757304
0.00757629
0.00758051
0.01483415
0.02131759
0.02440584
0.01156587
0.00991665
0.01719270
0.01006164
0.01384395
0.00972308
0.01794603
0.01304664
0.01156618
0.01854550
0.02482747
0.01658963
0.02340771
0.02025524
0.01169801
0.01301061
0.03060531
0.02223440
0.03673817
0.05627038
0.11244188
0.04711449
0.04785446
0.01384458
0.00949757
0.01326653
0.01235553
0.00783363
0.00828506
0.00886033
0.00820359
0.01248409
0.01433561
0.04643187
0.06187596
0.04958992
0.02042183
0.03299283
0.04604107
0.03696852
0.04710690
0.00888634
0.04641302
0.04344525
0.02345592
0.01156579
0.01053048
0.00757204
0.00757320
0.01368743
0.01207065
0.00907112
0.00759248
0.01065984
0.01139181
0.00914052
0.00797527
0.00757310
0.00758091
0.00911984
0.01014030
0.00773197
0.00929206
0.00757857
0.06528091
0.09220501
0.01640488
0.03100928
0.05799486
0.01242739
0.00901015
0.01482640
0.00986545
0.01141228
0.00940480
0.01143753
0.02080430
0.02713550
0.00814337
0.01110530
0.01576494
0.00823383
0.00954829
0.00757539
0.00930344
0.00757574
0.01209627
0.00907955
0.00903360
0.01050341
0.01213168
0.01372551
0.01727256
0.01584333
0.01033950
0.00955412
0.00815559
0.01586498
0.02344028
0.01219149
0.01163995
0.02159725
0.00757903
0.00772361
0.01891224
0.06825197
0.10909557
0.10251089
0.03798705
0.06422258
0.15061803
0.07015474
0.07540584
0.02311434
0.04463009
0.01182407
0.01553258
0.05490953
0.01033494
0.01110759
0.01059592
0.01007930
0.01081020
0.01383404
0.00955529
0.00757854
0.16092135
0.04584558
0.11517803
0.17124937
0.00805308
0.00807758
0.01067202
0.02476682
0.01207327
0.00757352
0.00757450
0.00758052
0.00757692
0.00778031
0.03349660
0.01198786
0.03925404
0.00758398
0.00934452
0.00941363
0.01032312
0.00973720
0.00890480
0.00915269
0.00872400
0.01057291
0.01429431
0.01508223
0.01049338
0.01147989
0.01405854
0.00768253
0.00953410
0.03264374
0.01273833
0.01623412
0.01562510
0.01210790
0.00854342
0.00784852
0.00757736
0.00757624
0.00757812
0.00757436
0.00757993
0.00757742
0.01056613
0.00895391
0.00920940
0.00922929
0.00860429
0.00914000
0.00831383
0.03722502
0.08660767
0.05418950
0.07455408
0.02499406
0.02076707
0.07655692
0.07056119
0.03137803
0.06184513
0.01488407
0.00933625
0.01071044
0.01617025
0.02491804
0.01228721
0.01164325
0.00827318
0.00763961
0.00804182
0.00860308
0.00759155
0.02290174
0.01245828
0.00757242
0.00757362
0.01005963
0.00841283
0.01041353
0.01071768
0.07673348
0.00915089
0.00802223
0.00757926
0.00757444
0.00757476
0.01597642
0.07140673
0.02078656
0.00823691
0.00757937
0.05619967
0.00928924
0.00851979
0.00761915
0.00790800
0.00763319
0.00900202
0.00842577
0.00928691
0.01500056
0.00788079
0.00907697
0.00850345
0.01098998
0.00930281
0.00770361
0.02088545
0.01379326
0.01694168
0.01689128
0.00939193
0.01336912
0.01476756
0.01036790
0.01206713
0.01939836
0.01183780
0.00997356
0.01056964
0.01091621
0.01157465
0.04647980
0.07310998
0.02699846
0.04094640
0.02309284
0.10986583
0.02479161
0.01541119
0.02461588
0.04420023
0.03627693
0.10680127
0.10868849
0.07158374
0.04109927
0.02734389
0.01151491
0.00814643
0.01861036
0.05815119
0.00817261
0.01061000
0.00877925
0.00991106
0.01218897
0.01151880
0.00851447
0.01791978
0.04337216
0.01345557
0.01998630
0.00984344
0.00932284
0.01090942
0.00764031
0.00757663
0.00933327
0.00945721
0.00925331
0.00990775
0.01033001
0.00776853
0.00955409
0.03915350
0.02076277
0.03745702
0.02183674
0.03563676
0.02322997
0.05123280
0.03626550
0.03487593
0.11845482
0.15025761
0.03489047
0.01017103
0.02911913
0.05495106
0.01079212
0.01091876
0.01243893
0.00935176
0.00848957
0.00768535
0.00773079
0.01112666
0.00856185
0.00784361
0.00843221
0.01047401
0.01166648
0.08565189
0.06734240
0.06868101
0.10241575
0.03965993
0.13971278
0.02457975
0.02126362
0.01948728
0.06216329
0.03622872
0.01185407
0.00797132
0.00846856
0.15193076
0.02746272
0.00774236
0.00757527
0.00757610
0.00757778
0.00758069
0.00757507
0.00758038
0.00757883
0.00757908
0.01031996
0.00782458
0.00769625
0.00757782
0.00757659
0.09701710
0.06283365
0.04489108
0.05916241
0.11052173
0.00766161
0.00804127
0.00811501
0.00834385
0.01194105
0.00998932
0.01264094
0.03604412
0.01567676
0.01480176
0.05890672
0.13220874
0.01133834
0.03347327
0.01444161
0.01280009
0.01105688
0.03025933
0.00757489
0.00758027
0.00757594
0.00757875
0.00757835
0.00757503
0.00758014
0.00758014
0.00757472
0.00757417
0.07903656
0.06925834
0.03334182
0.03508258
0.01926013
0.01863807
0.01628389
0.02963746
0.09189883
0.09106664
0.04396577
0.04409988
0.01011035
0.01697782
0.04003408
0.02229231
0.01306057
0.06568031
0.02200140
0.07411699
0.01789023
0.04511704
0.05207477
0.08970753
0.02862094
0.00841225
0.00760042
0.01872672
0.04666670
0.04282932
0.04696336
0.02918957
0.02241589
0.00831489
0.09212323
0.00757620
0.00757931
0.00757929
0.00757612
0.00757895
0.01299787
0.08157100
0.07663020
0.07444256
0.11123436
0.12799977
0.02997565
0.11414157
0.03802172
0.01245328
0.00846535
0.01837361
0.01331571
0.06890221
0.05530774
0.05103374
0.07778211
0.05593090
0.03238366
0.03529518
0.05508892
0.14343874
0.06643062
0.05243547
0.03627263
0.01105290
0.02264926
0.00859062
0.01193332
0.00757871
0.00757992
0.00757655
0.00809984
0.00806548
0.00757664
0.06892435
0.06355424
0.12872703
0.08143982
0.08907761
0.04332807
0.02902180
0.07900079
0.07425842
0.11949220
0.04873587
0.05201046
0.01721283
0.02143560
0.02411137
0.05643504
0.01373595
0.03351032
0.09830558
0.02832116
0.01370645
0.03095613
0.02742073
0.01717120
0.00914542
0.01777515
0.05926230
0.12998030
0.07741427
0.06976111
0.05741396
0.09846201
0.08748797
0.07452608
0.10369646
0.02198558
0.01176334
0.00771667
0.00757414
0.01208309
0.00760762
0.00757462
0.00950242
0.01429732
0.00765422
0.00757250
0.00757288
0.00757864
0.00757590
0.00828527
0.00968378
0.00824524
0.00757992
0.01382807
0.03521943
0.01347474
0.01121912
0.00757472
0.02686362
0.00779955
0.00792667
0.00926876
0.00757664
0.00757643
0.00905314
0.01531199
0.01071317
0.00994809
0.01009528
0.00792037
0.00757499
0.00757538
0.01673292
0.00875411
0.01104633
0.01086320
0.00957143
0.08614496
0.05277935
0.07391436
0.01643757
0.01465922
0.02061467
0.00757371
0.00757619
0.00757934
0.00757334
0.01176009
0.01057185
0.00854721
0.01273818
0.01111078
0.01033415
0.00826673
0.01161105
0.00757221
0.00757593
0.01546391
0.01878471
0.00935507
0.01952670
0.00757584
0.00757557
0.00757484
0.00757872
0.00757497
0.01154540
0.01422563
0.00783311
0.00815408
0.00942701
0.00824160
0.00789620
0.00998767
0.03061317
0.01934814
0.00863627
0.02055475
0.01288898
0.01781348
0.02924044
0.03518851
0.01968826
0.03820513
0.01063792
0.00757857
0.00961099
0.02584856
0.00757950
0.01056200
0.02021271
0.00993831
0.01218616
0.00757437
0.00757305
0.01836501
0.01121016
0.00765688
0.05169797
0.02911987
0.07635210
0.03390542
0.01428483
0.01238146
0.01360649
0.00891089
0.00788320
0.01562660
0.01138353
0.00874631
0.00942238
0.02458963
0.00757464
0.00757645
0.00768981
0.00757961
0.00866539
0.00934634
0.00757738
0.00798112
0.00768493
0.00758027
0.00860446
0.00819352
0.00869606
0.00774802
0.00903457
0.02698995
0.01814784
0.03227709
0.01429552
0.01416053
0.01419382
0.02865003
0.02203433
0.04013452
0.02715937
0.01707917
0.02213405
0.01606068
0.01488390
0.00800603
0.01586899
0.01000496
0.01723103
0.01823108
0.01284173
0.00855248
0.00910582
0.01047690
0.01157739
0.02789240
0.01055510
0.01594944
0.02319521
0.00760358
0.01983197
0.00824372
0.00757364
0.01873330
0.05586037
0.01190047
0.08443101
0.10859518
0.00758095
0.00757402
0.00757531
0.00757759
0.00757404
0.00757831
0.00757868
0.00758030
0.00757787
0.00757857
0.00757622
0.00757766
0.01322231
0.00757748
0.00757785
0.01212972
0.00757578
0.00757268
0.00757863
0.11428977
0.09334878
0.06929722
0.11384701
0.02439395
0.01026314
0.00758010
0.04248536
0.02373960
0.01298709
0.00901815
0.00860251
0.00774298
0.00815853
0.00757627
0.00757961
0.00757273
0.00757413
0.00757488
0.00757904
0.00757977
0.00757586
0.01498495
0.01546284
0.01718877
0.02425893
0.07679303
0.03174249
0.03025293
0.04747858
0.03507489
0.13822442
0.11469045
0.02526593
0.09199607
0.10760263
0.08439615
0.06666499
0.04220004
0.08037472
0.10155036
0.01063245
0.00879102
0.00816502
0.01704176
0.00773878
0.00757617
