25.82589238
23.37390009
24.15714744
22.84112797
22.83872895
23.07435696
23.03375009
22.84112797
22.83872895
23.63109874
25.13714108
23.07192251
22.84112797
56.65420950
64.15879145
45.39226675
128.25492908
23.82670802
56.39517639
75.03117593
22.84112797
22.84112797
75.97942676
260.59997140
38.21828021
24.95733428
97.80795619
22.98961300
22.84112797
22.83872895
23.27401153
153.39796059
23.25307318
48.47008534
31.08965869
39.17123076
36.06838509
56.72650085
88.77250586
214.68125626
28.77595894
108.40856213
311.42777520
29.46808919
33.84628008
224.35112346
55.85258692
22.84112797
69.18622494
56.82542947
40.71428749
29.26457603
28.88571971
24.14649666
24.49961994
23.52113039
23.72228450
23.67574530
23.57752988
25.70517444
28.93301996
24.12703058
24.01481879
23.73495344
23.86676895
23.56071527
33.43691512
43.10015074
23.83690560
25.50549177
23.88184829
28.12063327
33.99690183
23.43850906
22.84112797
22.83872895
22.84112797
22.84112797
42.49648954
22.84112797
22.84112797
22.84112797
159.78793294
135.68471302
22.84112797
80.95601172
26.82095695
22.84112797
90.49896731
31.04399302
23.41860226
47.59612098
48.02764930
35.65061065
54.63394531
122.03196648
54.20044154
145.83599010
29.18240299
41.37647649
23.75321353
24.05713496
23.95898820
34.07596764
23.98546562
27.64099940
25.46659209
23.74966140
24.23606404
24.15714744
24.28651952
24.26741804
23.73495344
32.00387633
69.23174809
26.19907885
26.20024100
25.96057679
23.71494092
138.58370654
22.84112797
23.21299623
22.83872895
73.68000688
177.65907117
26.41526412
25.87096733
148.63534075
24.24206915
23.23707970
53.06886698
26.19965991
26.47616642
25.92302142
24.22275577
42.09810333
23.72532418
24.20033756
30.65885283
27.63164132
24.35367203
23.66615008
23.85374509
42.74716572
24.13818844
26.21012213
22.84112797
22.84112797
22.84112797
22.84112797
56.53060516
51.41116119
25.88668302
31.73191112
79.47245140
64.77965929
36.52855686
24.24102463
22.83872895
23.71823247
28.85567145
29.76010735
25.43530742
28.16119905
23.75194483
24.42082051
26.56298942
25.82161865
94.66851851
25.98469686
23.77835368
60.37311662
24.65186771
23.94846012
24.10162810
30.72024205
32.27074968
34.87893449
27.48185806
96.09675380
54.93927520
23.43004572
29.34670882
24.00502878
22.83872895
24.10033307
24.38918906
24.85186888
24.72821648
22.83872895
22.83872895
47.83826171
46.51878386
33.65963751
26.27009762
22.83872895
47.37601646
59.66577159
28.00320080
22.86730102
23.15269934
26.76227975
27.99748879
49.44497850
25.57509723
22.84112797
24.53862135
317.28421097
23.71266253
23.02476728
22.84112797
22.84112797
22.84112797
22.84112797
115.44832386
22.84112797
22.84112797
22.84112797
22.84112797
274.87469835
22.84112797
22.84112797
22.84112797
74.87409212
130.57122183
39.05181649
28.66444608
27.90188079
30.85066886
23.91947743
26.37154257
23.22626229
23.30164214
25.15225121
22.90459430
23.25701246
23.49137894
23.50212328
24.21023969
24.49961994
24.16026599
24.15922641
23.80302248
24.22197325
24.51340648
50.40929934
110.86525470
24.40473403
24.25591497
23.87136800
23.94512330
26.89875800
27.89777482
26.44701575
43.61547597
42.56846870
35.90715233
22.84112797
22.84112797
30.97854075
23.65555125
23.32585745
25.33427215
22.86874300
23.26316949
23.16640569
22.83872895
22.97097629
22.85769120
22.83872895
145.19361542
22.84112797
302.71597798
130.68883221
22.84112797
78.60212817
79.82556277
48.73289790
30.98648704
48.76097293
37.51299195
23.08897140
23.09482091
23.12214680
29.10619768
23.05173085
27.23438629
39.07041749
30.61077749
52.32677572
34.05121038
42.54218311
29.29584595
29.43353706
25.12478753
23.35555787
23.50187333
23.22798276
23.34738487
98.84796149
23.52939030
179.99451237
48.70484029
34.64686162
26.94033456
33.10873168
24.43190505
23.25381172
38.90764814
25.72613835
24.89192182
26.82635427
28.83093672
46.29774872
24.50147519
25.50381097
26.39207078
23.40170043
23.55419479
23.69014848
24.64144546
25.97579188
28.90489240
26.64692443
24.37655250
26.36919786
25.83700857
190.38017536
22.84112797
23.13387212
23.08190609
23.24372123
40.21321312
24.73707805
73.95413115
22.84112797
174.24484094
251.37264746
83.62121590
22.84112797
38.52760069
24.34657730
24.90438887
22.84112797
147.20412408
123.10974052
148.84523961
81.35325663
89.04399295
128.50521842
307.53747345
22.84112797
201.09565658
50.79872334
77.66157189
138.70906076
37.62970885
80.19531371
65.80089397
69.35007097
63.73072230
23.45868931
22.84112797
25.19793210
22.84112797
31.92727110
22.83872895
22.84112797
22.84112797
25.00579967
24.81136560
24.59608654
28.23550068
52.58482465
22.84112797
175.43572931
80.58596644
138.56392249
22.84112797
22.83872895
23.47964314
23.54792752
22.83872895
22.84112797
22.83872895
22.95236138
27.47318987
24.06101058
54.09603727
29.77040841
39.15544402
24.00863498
169.27531608
178.03111899
195.77599514
22.84112797
88.38884898
103.77868760
23.28190120
28.36517561
24.68558150
26.89966092
29.96976388
24.38550245
29.89679267
27.22704444
33.19355443
29.05487034
26.43701435
40.29714163
66.02610888
23.59536698
22.83872895
26.97534915
28.20504459
29.19881389
28.72538082
24.57078946
