2591.23293355
1568.15904272
582.66507680
863.17638492
598.72061415
320.66054293
773.59318827
476.06732540
1163.68140638
2540.82566492
1176.82445144
556.11598514
2374.64321407
2027.31963277
1555.43812526
479.65479919
387.33930185
744.21762182
1369.46539198
744.75717657
872.31188991
860.41247503
1014.29247476
874.36489484
521.88325732
725.25859610
1223.20698755
1244.30295549
1772.91329724
2549.62511664
882.66973847
1739.35415181
2006.24917400
719.42331509
1483.93834139
650.46761155
1688.40208229
1550.51533813
1673.08227305
913.76893538
1303.10477434
1777.11003546
2281.67824504
2125.68653976
2255.18211641
1006.73856220
966.86428261
2164.27223701
1170.85816824
1858.18200386
2220.50552577
2216.72457590
2401.64873552
1728.61481476
2374.71844259
2239.39783015
2600.00000000
1912.99997554
1720.44146017
2388.56523206
2134.21865961
1942.38335056
2592.81941514
779.44198259
1344.78655094
944.09369481
1498.89162644
959.97228675
692.02759223
2007.08436614
1709.68559694
1799.38308712
2472.48249609
1641.51409873
1577.69968239
1512.03557695
1335.10199029
2302.83028420
2080.56632700
1392.50493299
1684.13851641
1631.73527894
2180.39598002
2238.23046424
2445.78361920
1170.69029069
1424.19352547
826.90594031
423.51482833
2224.72251477
1265.40461175
1580.14669455
1820.60441972
1691.35535066
1397.01334026
893.67539142
673.82750061
509.39207464
1744.40949292
2023.66853085
1400.89295820
987.82114651
1213.26206564
1096.61599177
1528.08775917
1133.77449439
2252.67992224
2253.55946204
1201.37114007
2457.26240662
1604.80372125
1702.39893449
2447.54431525
988.32330872
2010.10709634
1882.45992885
420.46317571
275.36100762
1448.76440462
1836.66358822
1092.25113120
1941.12759082
1798.01409855
2325.06003103
771.86929988
636.53908090
1721.01444445
1524.94167396
1987.70391760
2105.08187417
2377.23375495
1823.42056781
2087.04065531
2296.21645781
2166.70666691
1849.95454660
1849.16886192
2567.67676150
2204.33042502
2600.00000000
2170.10628031
1323.67967314
1826.36495462
1369.08732985
1370.30981875
296.48628309
377.32851512
384.05696175
2403.39928301
2591.98106622
1581.68707108
708.24785523
2345.94730270
1873.25653093
1867.67207871
1605.84657663
988.95351246
2050.47766287
2094.53793740
1955.06572067
2453.54181129
1608.21541983
1790.71781270
1604.04541258
415.08879523
2394.38459815
1618.51225335
1874.21944281
2512.39240951
1345.28404267
993.72504804
1862.69495426
2187.04374099
1030.81056108
1082.40805763
2574.63746815
2401.73254523
1430.18971554
2497.73765918
1632.25749430
940.10088755
1453.79529818
380.26133228
1276.48448350
765.30599174
749.55247768
2508.54847813
2541.06105002
2360.23945331
1890.25193728
2457.77638703
2238.73754495
2222.26240152
2415.14091262
2390.32201859
805.72693313
1187.81170961
1269.40211401
1185.68567919
1417.50334230
838.73663215
2303.14867306
2114.60541036
2317.29921775
1726.47446531
1241.20115851
1308.04402912
960.71261179
1232.01017995
2339.87385995
1806.91655923
867.36473426
931.02725544
2109.03219144
2272.59108801
2120.35278599
2600.00000000
1854.91707162
1964.60580975
1608.55953135
524.07024394
1172.82845929
1241.00791692
827.81047800
2256.34340657
1804.08832210
2423.10971815
2219.10615479
1994.80596559
1434.94131976
2193.33462389
2600.00000000
2543.96829823
2084.25734190
2278.60326466
1855.49686543
1100.89174087
2124.97678816
1203.72203936
1492.58720365
1230.92517448
1615.28480570
2036.36190854
2203.69639542
2088.15254867
1433.68473685
2042.80194234
1686.93036460
1475.44161225
389.51655605
534.52710558
2015.00451170
2028.70154289
768.14731884
