0.28645083
0.27716656
0.31729750
0.33642810
0.31340402
0.26256583
0.26819025
0.32001603
0.33513786
0.29151849
0.28178897
0.20848877
0.26400474
0.21698342
0.21792929
0.21146292
0.29531639
0.25930269
0.19137887
0.27490010
0.26015830
0.32422884
0.33081885
0.30577940
0.26832982
0.27358938
0.19901791
0.18690740
0.21216303
0.27418710
0.19392673
0.28522430
0.17204650
0.24185448
0.21207353
0.25750196
0.27379191
0.28543214
0.22489022
0.20319052
0.24090861
0.23552010
0.26247557
0.26969591
0.28336290
0.30506108
0.28881134
0.29512145
0.25722435
0.26715942
0.30621554
0.28049115
0.25280901
0.25389066
0.25142320
0.27277018
0.27953465
0.30099997
0.23392190
0.19367794
0.19263118
0.11226583
0.12784345
0.23969347
0.26379919
0.28466527
0.28457653
0.29867663
0.28599951
0.25456119
0.18411529
0.14185405
0.21789212
0.26491269
0.16072106
0.27844466
0.23458105
0.21844433
0.26355874
0.29907485
0.28380587
0.17641785
0.27379115
0.26804992
0.23963127
0.28530698
0.30542213
0.28964267
0.29868042
0.26152439
0.31505608
0.28399398
0.20668805
0.29578591
0.24016906
0.20536747
0.29218978
0.22313500
0.23525917
0.23028101
0.25110007
0.19199630
0.22335422
0.17611292
0.29990846
0.22848408
0.26548689
0.25700134
0.26654882
0.27223391
0.30751489
0.26346923
0.24000370
0.20600235
0.29445547
0.28031669
0.23074522
0.24861819
0.26025918
0.20378140
0.24683188
0.26562342
0.32726368
0.31762973
0.21574400
0.22060762
0.26088647
0.26701682
0.25393010
0.23782979
0.24580409
0.25068667
0.25171143
0.25662512
0.21959045
0.26295571
0.24951704
0.25014585
0.22034442
0.22626845
0.21920133
0.24516390
0.22844994
0.24658916
0.31362096
0.30005713
0.19904597
0.26869391
0.28016271
0.31484976
0.20010411
0.27394968
0.22533471
0.16279940
0.25287652
0.32789476
0.17196989
0.27340355
0.31523812
0.28576209
0.23959182
0.23193761
0.30663273
0.31051786
0.32588848
0.30349322
0.16573032
0.25007834
0.27519669
0.27251912
0.26449247
0.27161117
0.17910679
0.24137965
0.24431133
0.26254687
0.27534611
0.30016029
0.30941953
0.30038178
0.28980575
0.25786529
0.15925788
0.23294189
0.26389248
0.23841688
0.28241475
0.31267585
0.18865048
0.18313908
0.17058180
0.18032346
0.27316310
0.27446092
0.26203487
0.24346861
0.25699072
0.25020653
0.27931317
0.28535628
0.22838471
0.28295406
0.23884013
0.24834437
0.28009141
0.29502436
0.30718341
0.25443300
0.28535325
0.17863575
0.21313090
0.30471899
0.24190075
0.22075781
0.29571916
0.29238699
0.26022884
0.23293810
0.27673117
0.28936278
0.30802461
0.18273934
0.34546357
0.27903100
0.29193264
0.21921271
0.14692695
0.17186067
0.22160507
0.25675482
0.26452433
0.24834209
0.18639540
0.23460836
0.26560294
0.27297347
0.28080669
0.20415232
0.19308250
0.19523593
0.23934606
0.19577221
0.18986107
0.14332497
0.25036279
0.20418342
0.25348333
0.24863412
0.25038782
0.26525175
0.23733978
0.25931937
0.25014358
0.23557471
0.15657500
0.25928297
0.28552392
0.28617928
0.24112327
0.27496382
0.26349730
0.28135965
0.20724707
0.30421457
0.28417451
0.24044061
0.22025415
0.24981817
0.28612087
0.25877779
0.25515207
0.29051421
0.29537176
0.31718827
0.33966621
0.24934486
0.27108172
0.28635374
0.22409377
0.28151363
0.28058672
0.22934955
0.20760813
0.29678337
0.26189530
0.25643776
0.25603196
0.26537235
0.18917916
0.20089979
0.28191337
0.24476189
0.25464993
0.28428601
0.26883727
0.26628485
0.26377340
0.23828110
0.18995968
0.28123222
0.27155276
0.21153877
0.22517239
0.30071628
0.25645217
0.29959823
0.28754461
0.19402155
0.23867098
0.20946650
0.26833133
0.25257387
0.28001176
0.28057079
0.27880496
0.28886140
0.28428829
0.24435760
0.24474747
0.24357101
0.26839277
0.26784285
0.25195644
0.25963795
0.23634005
0.27517696
0.25186996
0.26607322
0.32222180
0.31706236
0.26750000
0.27829448
0.25479785
0.24121430
0.25595534
0.30802764
0.26388717
0.32524905
0.26106321
0.34786049
0.20561247
0.29107020
0.27453298
0.28594338
0.29836564
0.29803340
0.13763411
0.21472607
0.24994484
0.20473410
0.24329870
0.23250498
0.25331418
0.26862564
0.22834375
0.21243231
0.22541587
0.26130442
0.22464522
0.21059442
0.18209915
0.11525371
0.15999061
0.18949926
0.20923970
0.28148708
0.28804220
0.22996850
0.18010045
0.26018484
0.23806948
0.25481908
0.25809437
0.27263972
0.30139516
0.24984927
0.15179391
0.25131928
0.23162283
0.32180917
0.26806434
0.26806813
0.29101256
0.28791022
0.28949400
0.24169064
0.29727868
0.31239064
0.33304055
0.31010826
0.29738866
0.24549158
0.28140819
0.26450309
0.27987295
0.23970712
0.20807007
0.29374626
0.29538314
0.30405528
0.28031669
0.33687031
0.35453318
0.32105141
0.22760723
0.24416872
0.31193326
0.30418954
0.31575012
0.30227656
0.24115513
0.20642105
0.24510322
0.27007138
0.23394693
0.23192472
0.28263775
0.29090030
