2579.36280933
1483.48783770
427.86694695
728.33920470
445.06498288
147.21838998
632.38134284
313.68378887
1050.22791168
2525.36860170
1064.30620482
399.42864416
2347.36074689
1975.32191059
1469.86171041
317.52654429
218.64195352
600.91543569
1270.65531327
601.49338471
738.12478456
725.37861730
890.20858887
740.32387961
362.75994412
580.60730159
1113.98928333
1136.58642267
1702.81223340
2534.79421503
749.21968895
1666.86504730
1952.75209563
574.35678687
1393.27406183
500.49425325
1612.28727121
1464.58862187
1595.87731717
782.53187866
1199.57252967
1707.30760799
2247.78046858
2080.68852426
2219.39889762
882.11714622
839.40544631
2122.01994739
1057.91536590
1794.14858973
2182.25474986
2178.20475076
2376.28795862
1655.36150803
2347.44132862
2202.49141479
2600.00000000
1852.86736234
1646.60654437
2362.27344403
2089.82778260
1884.34163371
2581.06218362
638.64633246
1244.22034657
815.01452256
1409.29141011
832.02302180
545.01160733
1953.64671934
1635.08530292
1731.16559134
2452.16219024
1562.06277803
1493.70738129
1423.37067313
1233.84664071
2270.43766912
2032.35759496
1295.33432870
1607.72031355
1551.58810561
2139.29104244
2201.24098009
2423.56344364
1057.73554233
1329.27785487
689.48778564
257.39170015
2186.77181626
1159.18965511
1496.32852078
1753.89701619
1615.45069168
1300.16355046
761.00849494
525.51641244
349.37989935
1672.28012225
1971.41099932
1304.31923876
861.85358308
1103.33668911
978.39017837
1440.56511518
1018.19284890
2216.71864942
2217.66077653
1090.59961524
2435.85905196
1522.74012085
1627.28012768
2425.44942935
862.39147873
1956.88454449
1820.15411152
254.12289449
98.69537770
1355.59717719
1771.09894166
973.71471797
1882.99651516
1729.69918669
2294.24926610
630.53478399
485.57458003
1647.22030173
1437.19515718
1932.88717432
2058.61764793
2350.13562850
1756.91355902
2039.29263105
2263.35320838
2124.62760928
1785.33567351
1784.49408017
2554.13039982
2164.92864249
2600.00000000
2128.26913632
1221.61152104
1760.06746592
1270.25034854
1271.55982873
121.32391007
207.91880759
215.12604485
2378.16307361
2580.16417849
1497.97850922
562.38609065
2316.62285852
1810.29580752
1804.31397036
1523.85718494
863.06652725
2000.12784670
2047.32341345
1897.92647065
2431.87370218
1526.39459304
1721.88370326
1521.92785156
248.36607760
2368.50691133
1537.42414060
1811.32723940
2494.91205966
1244.75323940
868.17760129
1798.98267790
2146.41185251
907.90208837
963.17121954
2561.58642452
2376.37773216
1335.70072880
2479.21448958
1552.14748138
810.73759048
1360.98606493
211.06032156
1171.05796124
623.50443635
606.62991543
2490.79459734
2525.62073660
2331.93202659
1828.50059274
2436.40960679
2201.78414424
2184.13664341
2390.74022774
2364.15524201
666.80169806
1076.07530707
1163.47161628
1073.79799010
1322.11160388
702.16033960
2270.77871425
2068.81887097
2285.93619985
1653.06885310
1133.26390442
1204.86325769
832.81602774
1123.41890352
2310.11723467
1739.23513902
732.82559347
801.01828631
2062.84906646
2238.04667706
2074.97522504
2600.00000000
1790.65132765
1908.14542448
1526.76319125
365.10255487
1060.02586121
1133.05691192
690.45668948
2220.64282423
1736.20564690
2399.27608679
2180.75580081
1940.49459810
1340.79045320
2153.15038936
2600.00000000
2528.73486216
2036.31125939
2244.48667516
1791.27237910
982.97018619
2079.92826733
1093.11780255
1402.53836988
1122.25668998
1533.96703048
1985.00762712
2164.24949587
2040.48364581
1339.44445290
1991.90592833
1610.71082732
1384.17271257
220.97413930
376.30351802
1962.13045582
1976.80215628
626.54794991
