2216.40306068
2539.74907741
2538.23693290
2515.12036462
2468.97590761
2126.24246159
874.64713487
2534.25516983
2262.70699192
2481.84593530
2443.58663570
2531.72286625
2528.16155285
2543.91473906
2507.34310236
2479.95354427
2238.11326509
2242.12869981
2443.50422884
2492.69163928
2489.60317334
1394.20235645
2539.16486750
2525.59511557
2520.36439304
2512.84118513
1962.94616107
1780.11645567
2364.90832377
2401.69311542
2171.38998865
2275.79538639
2431.99269213
2548.57329397
2532.75925574
2525.45974858
2514.85858666
2382.36597640
1881.37313879
2507.85647246
1626.62054363
2502.63648460
2532.45499531
2512.39389063
2542.61128051
2544.42899599
2534.46126449
2467.82871525
2512.05920631
2530.95089489
2529.37614731
2498.09868107
2538.92612644
2548.83710273
2160.36402654
2524.46722318
2086.10145369
2469.87091833
919.01686086
2548.61971021
2515.15347854
2295.67110579
1967.41414866
2543.56233862
2535.09289357
2417.42148834
2114.75543783
2030.04795954
2363.06555437
2532.35211187
2462.37263727
2503.15347939
2236.99579984
2493.30252758
2513.18630307
2506.96458949
2498.92832175
2355.71181902
1916.54586745
2520.98068933
2546.10220903
2547.80282131
2430.53314130
2523.18816691
1594.30925382
2251.23096613
1861.08901901
2044.09118146
2106.45158470
2540.42042561
2289.07497085
1399.10622637
2477.31999490
2454.85453019
2546.81047563
2542.67219229
2546.05384191
2434.08510624
2355.37471778
1601.92087235
1277.62697546
1939.70566138
2328.57100995
1337.79647286
2524.73813114
1375.87567192
2286.37908034
2458.98614635
2478.72049704
2521.98372708
2401.68078500
2493.60688841
2465.11346622
2324.38061973
2226.96513801
2379.09830006
1142.06560217
2514.02279446
2517.78249222
2511.68618576
950.64391120
2187.80736866
2389.20637780
2329.86681264
2550.17206040
2539.07627217
2328.45765473
1976.40399102
2105.50350619
2503.91397974
2000.37126305
2282.18336529
1863.52713831
2412.12641658
2549.07903238
2540.71770657
2539.61683596
1485.22843905
2471.15306153
2464.12488905
961.03635697
499.39859487
2018.25124085
2506.83150375
2538.20187911
2545.85894545
2551.11806249
2550.88382211
2497.89968788
2424.88871699
1885.20259799
1685.85626458
2434.07242235
2530.74444515
1073.70722906
2473.31550476
2063.50532197
2227.23540013
2515.90421481
2551.00049584
2323.10323263
1411.32837176
2548.11848352
2543.39744025
2410.08958074
2505.92551922
2540.88454407
2537.42021387
2547.19412399
2222.97277928
2541.21942622
2502.46702786
2037.89888231
2528.69426735
1703.15810054
2165.14481217
2494.19611964
1963.05172425
2193.12487239
2520.76310055
2518.07656151
2542.02668317
2520.41070163
2325.81790305
2537.75644534
1987.68465941
2001.94327507
2504.71670274
2500.46452798
2469.29953745
2414.13266821
2336.91089932
1813.94762626
2428.96288538
2311.95243159
2356.94587974
2549.73716656
2503.55492172
2142.68825795
2527.93025321
2529.77983831
2547.66357488
2550.35923599
2551.57493392
2510.33385471
2380.91157466
2390.29726794
2440.82400666
2405.18154694
1843.85791640
2496.99742078
2514.21073050
2003.56219505
2355.28593983
1741.62440334
2530.56428376
2312.25230223
2540.97437670
2538.82727483
2538.64287705
2456.42212226
2548.75132360
2538.68241957
2425.80786072
2111.45792896
2543.05988601
2444.78434715
2087.88752664
2200.42417805
2409.01329883
1476.66375561
2251.43793080
2318.94669267
2543.71218317
2511.81516800
1764.29412131
2527.84485741
2524.57035198
2514.78937970
2027.80707556
1541.11522969
2424.62502044
2491.13026037
2357.61885420
2371.58883550
1896.30524688
2525.67591721
2068.64699749
2512.80500351
2549.18353981
2515.68459094
2467.26896836
2423.89085503
1065.03864642
2373.66720249
2466.50283868
2362.24268829
2332.57822468
2400.02248651
2276.71359019
2485.58199997
2372.97208617
2390.47709715
2532.64039359
2548.27502874
2548.45627691
2515.20997138
2479.18352589
2535.34632839
2549.36148954
2549.67823916
2427.14154809
2531.80096289
2480.38141486
1740.03871247
2552.72325902
2418.16173556
2478.23973658
2265.69543832
2037.86000789
2102.33064564
2302.01621140
2546.18110892
2280.97334961
2553.00212882
2551.63249294
2327.17713885
2031.37102781
2396.64459770
2512.24842967
2403.80653449
2427.60527042
1774.43070066
2290.61399991
2043.44771866
2079.23546716
2507.48438940
2446.84860231
1630.30678224
2411.74956599
2419.43558070
2432.39293858
2128.74540030
2508.79587071
1801.73983560
652.55594061
2482.93914524
2546.66756807
1576.60776065
2092.02893112
2522.16420346
2500.61825200
1581.79787448
1463.92521532
2424.03545374
2551.56671000
2514.81703160
2240.70239482
1523.75717832
1855.04594870
2395.44564091
1852.80310961
2552.00531043
2552.97792781
2108.87422892
1964.48538642
2266.29000408
2539.68575636
2276.48189394
2341.73357855
2496.58564425
2552.46171298
2552.72380269
2544.75387812
1835.41810459
2514.17032116
2512.90279542
2468.46015577
2253.17188543
2037.44122424
2548.15698111
2550.33495415
2538.74980791
2524.15805165
2391.49145818
444.10683397
2551.26956313
2550.04652104
2551.39674428
2536.54590695
2535.55329205
2542.07259573
2551.27176249
2544.26345543
2383.44361855
967.04675445
2522.06670961
2551.91854061
2470.95020893
2455.50077452
2516.96731002
2001.56000300
2378.77584525
2332.04232126
1998.08608677
2551.73324153
2548.86061645
2515.02699866
2094.06464467
2510.71281370
2526.74294167
2506.62066828
2511.58747869
2292.90211315
2513.52425534
2146.17957254
2274.95819327
2219.40125688
2478.45153310
2527.17913602
2050.58411559
2425.11225820
638.01249496
2230.70411317
2481.65338964
1883.76201209
2378.39189032
2553.00249284
2547.53526361
2547.10345260
2288.91469373
2542.19526919
2549.46899728
2446.83676096
775.72921677
2541.09243555
2365.84283599
2489.49015469
2485.64904425
1336.19579946
2382.22693243
2533.07111157
2546.33759499
2550.07160778
2531.30730691
2472.20135636
2533.47834546
2549.93355424
2547.85944759
2546.58750464
2368.38590272
2424.27992584
2466.99884205
2512.48395505
2339.74042765
1875.94584919
662.66424828
2455.70157692
