0.24147993
0.23097905
0.27636879
0.29800628
0.27196511
0.21446503
0.22082647
0.27944356
0.29654697
0.24721167
0.23620718
0.15330165
0.21609249
0.16290945
0.16397927
0.15666554
0.25150725
0.21077428
0.13394965
0.22841559
0.21174200
0.28420842
0.29166199
0.26334134
0.22098433
0.22693312
0.14258971
0.12889223
0.15745739
0.22760915
0.13683138
0.24009268
0.11208395
0.19103964
0.15735616
0.20873758
0.22716218
0.24032775
0.17185236
0.14730911
0.18996982
0.18387519
0.21436294
0.22252944
0.23798736
0.26252889
0.24414977
0.25128677
0.20842359
0.21966057
0.26383464
0.23473929
0.20342966
0.20465305
0.20186225
0.22600657
0.23365746
0.25793561
0.18206756
0.13654999
0.13536606
0.04446956
0.06208849
0.18859544
0.21586000
0.23946040
0.23936002
0.25530782
0.24096947
0.20541144
0.12573424
0.07793505
0.16393723
0.21711942
0.09927441
0.23242463
0.18281309
0.16456179
0.21558804
0.25575822
0.23848838
0.11702812
0.22716132
0.22066776
0.18852509
0.24018620
0.26293726
0.24509004
0.25531211
0.21328711
0.27383365
0.23870115
0.15126496
0.25203830
0.18913335
0.14977133
0.24797092
0.16986714
0.18358007
0.17794956
0.20149678
0.13464799
0.17011508
0.11668323
0.25670107
0.17591716
0.21776886
0.20817136
0.21896994
0.22540002
0.26530425
0.21548681
0.18894633
0.15048940
0.25053352
0.23454197
0.17847461
0.19868968
0.21185611
0.14797742
0.19666928
0.21792329
0.28764094
0.27674456
0.16150761
0.16700857
0.21256560
0.21949928
0.20469766
0.18648754
0.19550681
0.20102921
0.20218826
0.20774583
0.16585810
0.21490600
0.19970631
0.20041752
0.16671087
0.17341119
0.16541799
0.19478273
0.17587856
0.19639475
0.27221047
0.25686922
0.14262146
0.22139613
0.23436781
0.27360030
0.14381825
0.22734063
0.17235510
0.10162510
0.20350601
0.28835473
0.11199730
0.22672293
0.27403955
0.24070095
0.18848048
0.17982325
0.26430650
0.26870074
0.28608554
0.26075558
0.10494009
0.20034116
0.22875104
0.22572260
0.21664413
0.22469567
0.12006943
0.19050259
0.19381843
0.21444358
0.22892005
0.25698590
0.26745848
0.25723641
0.24527449
0.20914852
0.09761949
0.18095913
0.21596552
0.18715157
0.23691496
0.27114151
0.13086372
0.12463011
0.11042731
0.12144552
0.22645097
0.22791886
0.21386449
0.19286529
0.20815935
0.20048615
0.23340695
0.24024196
0.17580478
0.23752494
0.18763028
0.19837997
0.23428717
0.25117695
0.26492934
0.20526646
0.24023853
0.11953666
0.15855209
0.26214197
0.19109197
0.16717843
0.25196281
0.24819398
0.21182179
0.18095484
0.23048660
0.24477347
0.26588077
0.12417799
0.30822577
0.23308780
0.24768009
0.16543086
0.08367270
0.11187376
0.16813673
0.20789254
0.21668017
0.19837739
0.12831314
0.18284397
0.21790012
0.22623649
0.23509618
0.14839694
0.13587652
0.13831215
0.18820251
0.13891869
0.13223296
0.07959872
0.20066288
0.14843212
0.20419235
0.19870769
0.20069119
0.21750291
0.18593333
0.21079315
0.20041494
0.18393696
0.09458504
0.21075197
0.24043156
0.24117280
0.19021261
0.22848766
0.21551855
0.23572160
0.15189724
0.26157146
0.23890533
0.18944049
0.16660878
0.20004690
0.24110674
0.21018060
0.20607976
0.24607579
0.25156988
0.27624525
0.30166872
0.19951156
0.22409685
0.24137012
0.17095155
0.23589576
0.23484739
0.17689604
0.15230561
0.25316646
0.21370663
0.20753393
0.20707494
0.21763932
0.13146169
0.14471820
0.23634788
0.19432803
0.20551182
0.23903144
0.22155827
0.21867139
0.21583083
0.18699800
0.13234448
0.23557747
0.22462961
0.15675133
0.17217150
0.25761475
0.20755023
0.25635019
0.24271705
0.13693862
0.18743897
0.15440750
0.22098604
0.20316371
0.23419709
0.23482937
0.23283214
0.24420639
0.23903402
0.19387076
0.19431173
0.19298110
0.22105554
0.22043355
0.20246536
0.21115347
0.18480259
0.22872873
0.20236756
0.21843203
0.28193838
0.27610284
0.22004577
0.23225477
0.20567911
0.19031556
0.20698829
0.26588420
0.21595952
0.28536232
0.21276550
0.31093678
0.15004843
0.24670464
0.22800036
0.24090599
0.25495607
0.25458031
0.07316212
0.16035629
0.20019017
0.14905497
0.19267311
0.18046497
0.20400103
0.22131892
0.17575845
0.15776195
0.17244689
0.21303831
0.17157525
0.15568322
0.12345391
0.04784897
0.09844824
0.13182373
0.15415098
0.23586573
0.24327984
0.17759610
0.12119330
0.21177203
0.18675864
0.20570314
0.20940762
0.22585901
0.25838259
0.20008207
0.08917743
0.20174471
0.17946722
0.28147167
0.22068406
0.22068835
0.24663944
0.24313056
0.24492189
0.19085433
0.25372668
0.27081893
0.29417483
0.26823746
0.25385108
0.19515335
0.23577651
0.21665614
0.23404009
0.18861088
0.15282808
0.24973137
0.25158275
0.26139130
0.23454197
0.29850644
0.31848387
0.28061461
0.17492541
0.19365714
0.27030161
0.26154315
0.27461864
0.25937949
0.19024864
0.15096297
0.19471409
0.22295410
0.18209587
0.17980867
0.23716719
0.24651247
