0.13780720
0.20623327
0.22146201
0.26176521
0.11630593
0.15609504
0.08535590
0.06562868
0.09431371
0.13984274
0.10158354
0.11289785
0.07056480
0.16865363
0.10435160
0.24241732
0.20391024
0.11453696
0.16257815
0.14624664
0.07683280
0.16002549
0.11990565
0.17504151
0.08654296
0.14451283
0.06527311
0.11224135
0.13291727
0.10215068
0.17018184
0.03577780
0.11345991
0.09146048
0.08977099
0.15171599
0.16778583
0.24216277
0.15648933
0.17576334
0.18682219
0.12345249
0.23194946
0.25052745
0.21785108
0.14746067
0.05162848
0.09946371
0.05873267
0.04464694
0.04471458
0.03237333
0.04780501
0.14914286
0.19224081
0.19390609
0.12602028
0.11364371
0.07189596
0.11198474
0.17668098
0.15691210
0.26508509
0.05142047
0.18079923
0.21200702
0.06869650
0.20404464
0.10514107
0.11439348
0.09403201
0.10655028
0.21132791
0.08306287
0.13768081
0.21160917
0.18912564
0.14324006
0.07901680
0.05117598
0.05040591
0.05872306
0.05119707
0.06336769
0.06572320
0.06784312
0.08400428
0.04526285
0.07239919
0.04823125
0.22488959
0.17039990
0.13653176
0.10296695
0.15235772
0.16464574
0.15205955
0.15679639
0.07312325
0.08001356
0.18189577
0.19174150
0.18189399
0.09228120
0.18093007
0.21052242
0.07603326
0.05667835
0.06072638
0.07945203
0.21633533
0.17215508
0.20694086
0.15205599
0.11974366
0.09558043
0.13089330
0.03981806
0.03288853
0.03675213
0.18908292
0.24361711
0.16514861
0.13684506
0.22193107
0.23517677
0.13779385
0.24534736
0.30010762
0.19920545
0.18946119
0.17894793
0.19397641
0.09434486
0.09402373
0.13013943
0.11278881
0.10840417
0.19305521
0.10336373
0.06699295
0.11440497
0.06900971
0.09126387
0.21308309
0.18885863
0.10480953
0.10941473
0.20938761
0.11862122
0.08391492
0.06506946
0.07348310
0.09948365
0.10373248
0.07856643
0.08311627
0.12958137
0.15115259
0.19845958
0.06751434
0.12751200
0.29640947
0.15493619
0.09341405
0.07716345
0.19154568
0.14456712
0.20580783
0.25553397
0.17621726
0.12866373
0.23951309
0.21508214
0.17206340
0.16137214
0.07134262
0.07271872
0.07242616
0.06024095
0.14293210
0.08945235
0.09892052
0.12214590
0.12602206
0.10481860
0.09261372
0.22721796
0.15650713
0.13968876
0.12163857
0.09700727
0.08678310
0.07626833
0.05885505
0.07259420
0.07609406
0.10337405
0.13481041
0.12462825
0.07872896
0.06470134
0.13019283
0.16628521
0.11970894
0.13299115
0.18225980
0.17228948
0.17485638
0.08758049
0.19738975
0.13551621
0.15749063
0.16792557
0.15909628
