2162.54173735
2480.38538517
2478.89897277
2456.17577840
2410.81656015
2073.91539831
843.61842957
2474.98496723
2208.05771606
2423.46757899
2385.85933668
2472.49575578
2468.99504515
2484.48015988
2448.53086157
2421.60739072
2183.88249990
2187.82960409
2385.77833213
2434.12872197
2431.09281236
1354.33239642
2479.81111674
2466.47228084
2461.33056936
2453.93538364
1913.39790576
1733.67940766
2308.51989109
2344.67871711
2118.29465134
2220.92338574
2374.46268688
2489.05944032
2473.51450907
2466.33921739
2455.91845510
2325.68046739
1833.21300901
2449.03549566
1582.79553068
2443.90433617
2473.21542623
2453.49570073
2483.19888225
2484.98566572
2475.18755479
2409.68888953
2453.16671172
2471.73692104
2470.18897089
2439.44375230
2479.57643833
2489.31875985
2107.45631767
2465.36358176
2034.45746867
2411.69634050
887.23311733
2489.10506669
2456.20832882
2240.46088065
1917.78986174
2484.13375623
2475.80843546
2360.13944080
2062.62384887
1979.35783506
2306.70848003
2473.11429356
2404.32565746
2444.41253328
2182.78405052
2434.72921480
2454.27462872
2448.15878984
2440.25927501
2299.47988297
1867.78720447
2461.93637815
2486.63040575
2488.30207877
2373.02797317
2464.10629116
1551.03408106
2196.77697744
1813.27406345
1993.16208391
2054.46130215
2481.04530905
2233.97699193
1359.15281734
2419.01865638
2396.93548576
2487.32661980
2483.25875749
2486.58286169
2376.51949445
2299.14851817
1558.51617292
1239.74077499
1890.55288891
2272.80092818
1298.88636996
2465.62987969
1336.31757650
2231.32697730
2400.99679434
2420.39532621
2462.92234724
2344.66659650
2435.02839633
2407.01984580
2268.68184570
2172.92408014
2322.46839700
1106.48624529
2455.09688556
2458.79260466
2452.80003885
918.32197117
2134.43265731
2332.40446590
2274.07468024
2490.63100059
2479.72402903
2272.68950192
1926.62672425
2053.52935706
2445.16009222
1950.18614596
2227.20266060
1815.67069336
2354.93447511
2489.55657259
2481.33753119
2480.25539406
1443.80949106
2412.95666552
2406.04809122
928.53756901
474.75548207
1967.76186075
2448.02796881
2478.86451549
2486.39128178
2491.56090459
2491.33065027
2439.24814538
2367.47959985
1836.97730243
1641.02323925
2376.50702640
2471.53398445
1039.29112445
2415.08231052
2012.24585460
2173.18974322
2456.94628984
2491.44533856
2267.42619585
1371.16697887
2488.61236936
2483.97166393
2352.93230004
2447.13740139
2481.50152963
2478.09615183
2487.70373963
2168.99965926
2481.83071310
2443.73776307
1987.07515892
2469.51869446
1658.03065042
2112.15574883
2435.60760063
1913.50167257
2139.65967325
2461.72249207
2459.08166978
2482.62423298
2461.37608991
2270.09467082
2478.42666165
1937.71542985
1951.73140710
2445.94915531
2441.76933967
2411.13468280
2356.90658641
2280.99889792
1766.93487429
2371.48443825
2256.46514764
2300.69294372
2490.20350732
2444.80714428
2090.08133708
2468.76768153
2470.58579229
2488.16520188
2490.81499101
2492.01000145
2451.47072038
2324.25081516
2333.47679240
2383.14371921
2348.10778609
1796.33618197
2438.36123212
2455.28162350
1953.32277798
2299.06125095
1695.84237336
2471.35688886
2256.75991540
2481.58983358
2479.47926887
2479.29800898
2398.47640217
2489.23444042
2479.33687861
2368.38310255
2059.38245361
2483.63985384
2387.03666671
2036.21314807
2146.83476686
2351.87433319
1435.39055257
2196.98042020
2263.34038760
2484.28105088
2452.92682621
1718.12632146
2468.68373890
2465.46495563
2455.85042584
1977.15508413
1498.74525796
2367.22039063
2432.59391299
2301.35446619
2315.08672076
1847.89101789
2466.55170749
2017.30003439
2453.89981772
2489.65930162
2456.73040330
2409.13866784
2366.49871848
1030.77005480
2317.12972025
2408.38557535
2305.89961664
2276.73995226
2343.03651723
2221.82596449
2427.14006717
2316.44643270
2333.65356146
2473.39766960
2488.76625065
2488.94441453
2456.26386032
2420.85047572
2476.05755759
2489.83422318
2490.14558268
2369.69409460
2472.57252346
2422.02798025
1694.28366614
2493.13878554
2360.86709126
2419.92274684
2210.99530816
1987.03694603
2050.41048898
2246.69801179
2486.70796300
2226.01323572
2493.41290982
2492.06658099
2271.43077655
1980.65838871
2339.71610985
2453.35271507
2346.75617218
2370.14992578
1728.09040696
2235.48983138
1992.52957089
2027.70832042
2448.66974433
2389.06579450
1586.41904069
2354.56403738
2362.11925941
2374.85612234
2076.37574460
2449.95890820
1754.93482321
625.30655412
2424.54218581
2487.18614409
1533.63381365
2040.28407841
2463.09975245
2441.92044777
1538.73560747
1422.86878361
2366.64085656
2492.00191748
2455.87760719
2186.42757049
1481.68258800
1807.33382788
2338.53755567
1805.12915511
2492.43305426
2493.38912063
2056.84272031
1914.91093816
2211.57975621
2480.32314165
2221.59821101
2285.73950977
2437.95646278
2492.88169022
2493.13931996
2485.30501934
1788.03999017
2455.24190180
2453.99594550
2410.30958485
2198.68486817
1986.62528881
2488.65021183
2490.79112238
2479.40312020
2465.05967139
2334.65066114
420.40461932
2491.70982715
2490.50759753
2491.83484406
2477.23672295
2476.26099935
2482.66936425
2491.71198909
2484.82294216
2326.73977134
934.44568775
2463.00391766
2492.34776100
2412.75726485
2397.57073297
2457.99129439
1951.35465716
2322.15142939
2276.21316830
1947.93985646
2492.16561515
2489.34187343
2456.08400124
2042.28515028
2451.84323064
2467.60057443
2447.82072113
2452.70301148
2237.73900787
2454.60683006
2093.51324008
2220.10043910
2165.48891334
2420.13093922
2468.02934607
1999.54452799
2367.69933708
611.01059382
2176.59942928
2423.27830987
1835.56123093
2321.77400821
2493.41326764
2488.03907408
2487.61461118
2233.81944224
2482.78995018
2489.93990146
2389.05415466
746.38379454
2481.70588343
2309.43850074
2430.98171694
2427.20597056
1297.31293518
2325.54378954
2473.82105806
2486.86178615
2490.53225737
2472.08726801
2413.98712154
2474.22136206
2490.39655307
2488.35774144
2487.10744310
2311.93829219
2366.88116848
2408.87313825
2453.58423253
2283.78027625
1827.87807543
635.24284903
2397.76811833
