34.06948463
31.91277133
32.60169682
31.44415783
31.44204770
31.64930042
31.61358360
31.44415783
31.44204770
32.13899707
33.46367560
31.64715914
31.44415783
61.18532906
67.78617839
51.27959576
124.16359560
32.31105027
60.95748978
77.34926563
31.44415783
31.44415783
78.18332420
240.57110379
44.96953017
33.30552187
97.38317237
31.57476167
31.44415783
31.44204770
31.82491177
146.27879988
31.80649490
53.98677078
38.69936656
45.80772249
43.07853426
61.24891479
89.43580811
200.18210912
36.66429204
106.70720975
285.27801448
37.27307313
41.12402427
208.68749116
60.48024116
31.44415783
72.20818767
61.33593001
47.16495799
37.09406786
36.76083497
32.59232865
32.90292737
32.04227156
32.21920186
32.17826710
32.09187919
33.96330405
36.80243913
32.57520675
32.47650797
32.23034515
32.34628690
32.07708946
40.76395672
49.26350578
32.32001981
33.78766798
32.35955032
36.08788339
41.25650753
31.96959983
31.44415783
31.44204770
31.44415783
31.44415783
48.73253994
31.44415783
31.44415783
31.44415783
151.89926549
130.69865441
31.44415783
82.56060834
34.94471944
31.44415783
90.95436198
38.65920014
31.95209028
53.21805280
53.59761471
42.71106993
59.40835338
118.69002775
59.02705392
139.62747297
37.02179043
47.74740347
32.24640629
32.51372825
32.42740073
41.32605191
32.45068963
35.66600900
33.75345276
32.24328192
32.67110995
32.60169682
32.71548938
32.69868818
32.23034515
39.50349036
72.24822874
34.39773045
34.39875265
34.18794979
32.21274262
133.24853921
31.44415783
31.77124418
31.44204770
76.16080992
167.61828777
34.58788180
34.10913148
142.08971430
32.67639191
31.79242742
58.03174823
34.39824154
34.64145000
34.15491700
32.65940432
48.38212903
32.22187549
32.63968581
38.32044012
35.65777786
32.77455511
32.16982738
32.33483143
48.95302867
32.58502094
34.40744385
31.44415783
31.44415783
31.44415783
31.44415783
61.07660966
56.57367018
34.12295461
39.26427631
81.25570445
68.33227877
43.48329025
32.67547317
31.44204770
32.21563779
36.73440525
37.52992526
33.72593552
36.12356407
32.24529038
32.83361729
34.71781741
34.06572556
94.62179868
34.20916523
32.26851896
64.45639009
33.03684084
32.41814048
32.55286334
38.37443659
39.73822572
42.03232219
35.52603211
95.87804001
59.67691420
31.96215568
37.16630988
32.46789691
31.44204770
32.55172426
32.80579503
33.21275705
33.10399538
31.44204770
31.44204770
53.43103394
52.27045304
40.95985796
34.46019685
31.44204770
53.02445417
63.83422646
35.98459262
31.46717901
31.71820849
34.89310838
35.97956848
54.84426329
33.84889127
31.44415783
32.93723208
290.42919418
32.21073861
31.60568253
31.44415783
31.44415783
31.44415783
31.44415783
112.89921443
31.44415783
31.44415783
31.44415783
31.44415783
253.12680944
31.44415783
31.44415783
31.44415783
77.21109850
126.20095085
45.70268858
36.56620802
35.89547398
38.48915687
32.39264800
34.54942539
31.78291268
31.84921499
33.47696610
31.49998128
31.80995979
32.01610290
32.02555336
32.64839548
32.90292737
32.60443982
32.60352543
32.29021704
32.65871604
32.91505368
55.69245665
108.86805730
32.81946802
32.68857036
32.35033211
32.41520550
35.01315136
35.89186247
34.61580977
49.71677342
48.79585107
42.93671781
31.44415783
31.44415783
38.60162990
32.16050491
31.87051418
33.63706733
31.46844733
31.81537537
31.73026426
31.44204770
31.55836928
31.45872644
31.44204770
139.06245569
31.44415783
277.61532770
126.30439810
31.44415783
80.49018912
81.56629269
54.21793437
38.60861927
54.24262849
44.34917562
31.66215493
31.66730002
31.69133521
36.95476208
31.62939904
35.30836191
45.71904958
38.27815421
57.37902264
41.30427602
48.77273090
37.12157213
37.24268191
33.45280971
31.89663796
32.02533351
31.78442597
31.88944919
98.29793595
32.04953677
169.67248554
54.19325557
41.82819649
35.04972111
40.47529448
32.84336699
31.80714450
45.57588158
33.98174340
33.24798664
34.94946679
36.71264918
52.07603586
32.90455920
33.78618959
34.56748150
31.93722384
32.07135421
32.19093580
33.02767368
34.20133261
36.77769881
34.79164462
32.79468022
34.54736303
34.07926216
178.80746430
31.44415783
31.70164852
31.65594045
31.79826915
46.72422506
33.11178980
76.40192301
31.44415783
164.61521318
232.45497214
84.90485767
31.44415783
45.24160100
32.76831475
33.25895237
31.44415783
140.83085063
119.63801180
142.27433628
82.91001538
89.67460161
124.38374407
281.85619887
31.44415783
188.23254322
56.03498462
79.66289850
133.35879776
44.45183699
81.89151671
69.23053218
72.35230269
67.40965909
31.98734989
31.44415783
33.51714591
31.44415783
39.43611024
31.44204770
31.44415783
31.44415783
33.34815086
33.17713134
32.98777707
36.18891799
57.60599626
31.44415783
165.66268989
82.23512543
133.23113764
31.44415783
31.44204770
32.00578037
32.06584166
31.44204770
31.44415783
31.44204770
31.54199605
35.51840778
32.51713715
58.93522244
37.53898583
45.79383686
32.47106884
160.24413894
167.94553207
183.55349727
31.44415783
89.09835277
102.63488375
31.83185133
36.30297693
33.06649467
35.01394555
37.71433408
32.80255238
37.65015037
35.30190420
40.54990253
36.90961579
34.60701278
46.79804655
69.42862578
32.10756827
31.44204770
35.08051909
36.16212955
37.03622506
36.61980475
32.96552636
