0.00628134
0.00494071
0.00354625
0.00438025
0.00506564
0.00490202
0.00552116
0.00354170
0.00354464
0.01644502
0.02045262
0.01480388
0.00621967
0.00354573
0.02047120
0.02452176
0.00837644
0.00356575
0.00380101
0.00955829
0.01147181
0.03006324
0.00583787
0.00354212
0.00579028
0.05797598
0.00536301
0.00430156
0.09207791
0.12877448
0.11108480
0.07950525
0.02510032
0.13041493
0.06334192
0.08393618
0.03784274
0.01674493
0.04466434
0.06268937
0.04445189
0.02375918
0.04556390
0.01680604
0.00860946
0.00807867
0.01237597
0.00478609
0.00672390
0.00571488
0.00379644
0.00707134
0.00687447
0.00354153
0.00354384
0.00354076
0.00354257
0.00354479
0.00353919
0.00353904
0.00353948
0.00354112
0.00371678
0.02221139
0.04463348
0.00354392
0.00354204
0.00353899
0.00354339
0.01228522
0.01114075
0.01173440
0.00805372
0.01114183
0.00725987
0.00809338
0.01375298
0.00835275
0.00754446
0.00680810
0.00852631
0.00718500
0.03521171
0.03619970
0.06020969
0.00876538
0.00952351
0.00659748
0.00856014
0.01228453
0.01232835
0.01477614
0.00866530
0.00874401
0.00679893
0.00838235
0.00585725
0.01260683
0.01024076
0.12757483
0.08394845
0.01698046
0.01338323
0.02636195
0.04743590
0.03493756
0.00894898
0.12014010
0.02259773
0.05484444
0.01456439
0.01795029
0.02368148
0.03374041
0.01137948
0.00883366
0.00746152
0.00693244
0.00503113
0.01313146
0.08544102
0.17323162
0.19030852
0.13086177
0.04644506
0.00552921
0.00950705
0.01067956
0.01389351
0.01362878
0.01292420
0.03519408
0.02101355
0.00896651
0.01486067
0.00766622
0.01288003
0.01086672
0.01360535
0.02754768
0.00353959
0.00773776
0.00495421
0.00354547
0.00354384
0.00406575
0.00487722
0.00353886
0.00354635
0.00354280
0.00396585
0.00905362
0.00947742
0.01722436
0.00982030
0.01339317
0.00355653
0.04432570
0.04190859
0.03450774
0.07973040
0.02724440
0.03545294
0.00591976
0.00872871
0.00424001
0.00523100
0.00723942
0.00354548
0.00783893
0.00514093
0.01163009
0.00691151
0.00732632
0.01407165
0.02705235
0.00353978
0.00354210
0.00591776
0.01020897
0.00686947
0.00932818
0.00529545
0.04062147
0.00789849
0.00677181
0.03138424
0.01029749
0.00354701
0.00377989
0.01667251
0.06601192
0.00577247
0.00989525
0.00586883
0.00421833
0.04879726
0.07317743
0.03746366
0.02867525
0.04204921
0.01329438
0.02568157
0.03499953
0.08519720
0.00685527
0.00396801
0.00538609
0.00367420
0.03067464
0.05542292
0.00354380
0.03767057
0.13493091
0.00361237
0.00712878
0.00792216
0.00547911
0.04165025
0.03607654
0.00724154
0.12635530
0.01265963
0.01043940
0.00948127
0.00894372
0.00801372
0.00416397
0.04599234
0.00529320
0.00418937
0.00354156
0.00370382
0.01094434
0.01386586
0.02058520
0.00568891
0.00478932
0.00453795
0.01380172
0.00354241
0.00354573
0.00370921
0.01032232
0.01626438
0.03291569
0.01847665
0.01622540
0.00528664
0.03816227
0.01439524
0.00982349
0.01843940
0.01982315
0.00625102
0.00499422
0.00355407
0.04670193
0.00660219
0.00646007
0.00498361
0.00594842
0.00450352
0.00869293
0.00441406
0.00720808
0.00595181
0.00554625
0.00410289
0.05101687
0.02371320
0.12606576
0.09652907
0.02221856
0.06797450
0.01868702
0.05065300
0.00676292
0.00484267
0.00864884
0.00845882
0.00383772
0.00790150
0.01515289
0.01760319
0.09816347
0.14451516
0.06380415
0.06056249
0.06756291
0.00583089
0.00368521
0.01192766
0.06957501
0.00864870
0.03596902
0.01361166
0.00905911
0.00424966
0.00961963
0.00399665
0.00354185
0.00354416
0.03090947
0.04542380
0.01151761
0.01405929
0.01216678
0.00388524
0.00434500
0.00645396
0.00354088
0.00354182
0.00357662
0.00353915
0.00403405
0.00492559
0.00366130
0.00576700
0.01017714
0.00373945
0.00401686
0.00375948
0.00354614
0.00354458
0.00393025
0.00404718
0.00354157
0.00426323
0.01844044
0.00696717
0.00368320
0.00409401
0.00354855
0.00354079
0.00383143
0.00354298
0.00354071
0.00354018
0.00357477
0.00451750
0.00391076
0.00354517
0.00372288
0.00397706
0.00463903
0.00354141
0.00377925
0.00359296
0.00353942
0.00353959
0.00354267
0.00357902
0.00357258
0.00387012
0.01697760
0.05533096
0.01678279
0.04572492
0.08327525
0.03467593
0.00581426
0.00607554
0.00452623
0.00774627
0.00426382
0.01007722
0.00439312
0.00370426
0.00536232
0.00387123
0.00506570
0.01192629
0.00872687
0.00501238
0.00988905
0.01194602
0.00384105
0.00477094
0.00431104
0.00747504
0.00452846
0.00368082
0.00460122
0.00641581
0.00533833
0.00355448
0.00360448
0.00354066
0.00416795
0.00388871
0.00366618
0.00359421
0.00410791
0.00508365
0.00672094
0.00502864
0.00458816
0.00378986
0.00376036
0.00357095
0.00376312
0.00354078
0.00354380
0.05797927
0.05115240
0.02289687
0.02960662
0.01600397
0.00359530
0.00998190
0.01143014
0.00473432
0.04360107
0.01393828
0.01747354
0.02321977
0.04505198
0.02358295
0.00592116
0.01000774
0.01719947
0.00444056
0.00377150
0.00692214
0.00626481
0.00374284
0.09790418
0.02399116
0.00871860
0.00472842
0.00378243
0.02364432
0.02391208
0.00700350
0.00731800
0.00559405
0.00841338
0.00737227
0.00383263
0.00487254
0.00570617
0.00373490
0.00411518
0.00795517
0.02117604
0.03655432
0.01263466
0.00592458
0.00511157
0.00385505
0.01019399
0.02566653
0.00356170
0.00354097
0.00354566
0.00354331
0.00353913
0.00371273
0.00495481
0.00442981
0.01180682
0.02199791
0.01285419
0.00711946
0.01058351
0.00837637
0.01549939
0.00455757
0.00668190
0.00883298
0.00432487
0.00367956
0.00355957
0.00980158
0.00354618
0.00730751
0.00546299
0.00353893
0.02814474
0.00696151
0.00354426
0.01086009
0.03337663
0.01366188
0.00897373
0.01461184
0.01039578
0.01691157
0.00847706
0.01588357
0.03379313
0.00910070
0.05112630
0.02981786
0.00549499
0.00488888
0.01577735
0.00829026
0.00536856
0.00972559
0.00354711
0.00354521
0.00378672
0.00380179
0.00426334
0.00354355
0.00354529
0.00354167
0.06895453
0.00354649
0.00480844
0.00714779
0.02146498
0.02619721
0.06114927
0.06075013
0.10829137
0.00402420
0.00354657
0.00354335
0.00354611
0.00353988
0.00354556
0.00565745
0.00670337
0.01444286
0.09614014
0.11208912
0.07605918
0.00692944
0.01524995
0.00692785
0.02013966
0.04303538
0.03937428
0.01941935
0.02900230
0.09583763
0.09385838
0.12659385
0.16413224
0.00412549
0.00366918
0.00425114
0.00447436
0.03098277
0.02085176
0.00427091
0.04482216
0.18368969
0.06829411
0.00376019
0.03912753
0.04318214
0.06097632
0.01543837
0.00947946
0.00644396
0.01353465
0.02861121
0.01342333
0.01306300
0.01150401
0.00557991
0.01167600
0.00425198
0.00420734
0.01265721
0.00568469
0.00354927
0.01646525
0.03725942
0.00367537
0.00358593
0.00353988
0.00354296
0.00354694
0.01040023
0.01652583
0.01944363
0.00731234
0.00575415
0.01262861
0.00589113
0.00946469
0.00557125
0.01334036
0.00871138
0.00731263
0.01390674
0.01984199
0.01205882
0.01850059
0.01552212
0.00743719
0.00867734
0.02530093
0.01739204
0.03109530
0.04954946
0.10262068
0.04089891
0.04159805
0.00946528
0.00535819
0.00891913
0.00805841
0.00378610
0.00421260
0.00475613
0.00413564
0.00817988
0.00992921
0.04025397
0.05484565
0.04323772
0.01567951
0.02755667
0.03988474
0.03131293
0.04089174
0.00478070
0.04023617
0.03743220
0.01854614
0.00731226
0.00633410
0.00353894
0.00354004
0.00931681
0.00778926
0.00495528
0.00355825
0.00645632
0.00714789
0.00502085
0.00391992
0.00353994
0.00354732
0.00500132
0.00596545
0.00369005
0.00516403
0.00354511
0.05806267
0.08350074
0.01188427
0.02568260
0.05117876
0.00812631
0.00489768
0.01039291
0.00570577
0.00716722
0.00527055
0.00719109
0.01604087
0.02202263
0.00407874
0.00687719
0.01127965
0.00416420
0.00540612
0.00354210
0.00517478
0.00354243
0.00781346
0.00496324
0.00491983
0.00630852
0.00784692
0.00935279
0.01270406
0.01135372
0.00615366
0.00541163
0.00409028
0.01137417
0.01853136
0.00790343
0.00738233
0.01679005
0.00354554
0.00368215
0.01425324
0.06086975
0.09945906
0.09323781
0.03227525
0.05706276
0.13868976
0.06266750
0.06762877
0.01822341
0.03855164
0.00755629
0.01106011
0.04826372
0.00614935
0.00687935
0.00639593
0.00590781
0.00659837
0.00945532
0.00541273
0.00354509
0.14842441
0.03970004
0.10520581
0.15818238
0.00399343
0.00401658
0.00646782
0.01978469
0.00779173
0.00354034
0.00354127
0.00354695
0.00354355
0.00373572
0.02803264
0.00771103
0.03347231
0.00355022
0.00521359
0.00527889
0.00613818
0.00558460
0.00479814
0.00503235
0.00462732
0.00637418
0.00989019
0.01063462
0.00629904
0.00723110
0.00966743
0.00364333
0.00539271
0.02722685
0.00842009
0.01172293
0.01114753
0.00782446
0.00445671
0.00380016
0.00354397
0.00354291
0.00354469
0.00354114
0.00354640
0.00354402
0.00636778
0.00484454
0.00508593
0.00510472
0.00451422
0.00502036
0.00423979
0.03155528
0.07821234
0.04758343
0.06682402
0.01999938
0.01600570
0.06871633
0.06305151
0.02603100
0.05481652
0.01044740
0.00520577
0.00650412
0.01166259
0.01992756
0.00799387
0.00738545
0.00420139
0.00360278
0.00398280
0.00451308
0.00355738
0.01802255
0.00815549
0.00353930
0.00354044
0.00588923
0.00433332
0.00622360
0.00651097
0.06888314
0.00503065
0.00396428
0.00354576
0.00354121
0.00354151
0.01147946
0.06385039
0.01602411
0.00416712
0.00354586
0.04948265
0.00516137
0.00443438
0.00358345
0.00385636
0.00359672
0.00488999
0.00434555
0.00515916
0.01055746
0.00383065
0.00496081
0.00441895
0.00676824
0.00517418
0.00366325
0.01611754
0.00941680
0.01239144
0.01234382
0.00525838
0.00901606
0.01033732
0.00618049
0.00778593
0.01471253
0.00756926
0.00580792
0.00637110
0.00669854
0.00732064
0.04029926
0.06545963
0.02189315
0.03507127
0.01820310
0.10018680
0.01980811
0.01094542
0.01964208
0.03814550
0.03065952
0.09729139
0.09907444
0.06401763
0.03521569
0.02221952
0.00726419
0.00408163
0.01396802
0.05132647
0.00410636
0.00640923
0.00467952
0.00574886
0.00790105
0.00726786
0.00442935
0.01331555
0.03736314
0.00909774
0.01526801
0.00568498
0.00519311
0.00669213
0.00360344
0.00354328
0.00520297
0.00532006
0.00512742
0.00574574
0.00614469
0.00372458
0.00541160
0.03337732
0.01600163
0.03177447
0.01701633
0.03005468
0.01833266
0.04478992
0.03064871
0.02933584
0.10830174
0.13834923
0.02934958
0.00599449
0.02389678
0.04830296
0.00658130
0.00670095
0.00813721
0.00522043
0.00440583
0.00364600
0.00368893
0.00689737
0.00447413
0.00379553
0.00435164
0.00628074
0.00740740
0.07730931
0.06001038
0.06127511
0.09314792
0.03385580
0.12838641
0.01960794
0.01647484
0.01479654
0.05511713
0.03061397
0.00758463
0.00391618
0.00438598
0.13993004
0.02233179
0.00369986
0.00354199
0.00354278
0.00354436
0.00354712
0.00354180
0.00354682
0.00354535
0.00354560
0.00613519
0.00377754
0.00365630
0.00354440
0.00354324
0.08804724
0.05575049
0.03879823
0.05228187
0.10080651
0.00362356
0.00398228
0.00405194
0.00426815
0.00766681
0.00582280
0.00832807
0.03043955
0.01119634
0.01036963
0.05204030
0.12129653
0.00709737
0.02801060
0.01002936
0.00847844
0.00683144
0.02497405
0.00354164
0.00354672
0.00354262
0.00354528
0.00354490
0.00354177
0.00354659
0.00354660
0.00354147
0.00354095
0.07105911
0.06182057
0.02788640
0.02953108
0.01458193
0.01399420
0.01176996
0.02438650
0.08321146
0.08242521
0.03792398
0.03805069
0.00593716
0.01242558
0.03420930
0.01744675
0.00872454
0.05844003
0.01717190
0.06641106
0.01328764
0.03901171
0.04558542
0.08114111
0.02342608
0.00433278
0.00356575
0.01407796
0.04047584
0.03685026
0.04075613
0.02396333
0.01756352
0.00424079
0.08342348
0.00354287
0.00354581
0.00354579
0.00354280
0.00354547
0.00866530
0.07345366
0.06878556
0.06671866
0.10147980
0.11731988
0.02470603
0.10422655
0.03230800
0.00815077
0.00438295
0.01374433
0.00896560
0.06148410
0.04863996
0.04460185
0.06987389
0.04922872
0.02698113
0.02973195
0.04843321
0.13190671
0.05914893
0.04592622
0.03065546
0.00682768
0.01778400
0.00450130
0.00765950
0.00354524
0.00354639
0.00354320
0.00403761
0.00400515
0.00354329
0.06150502
0.05643130
0.11800700
0.07332972
0.08054595
0.03732148
0.02380482
0.07102531
0.06654468
0.10928186
0.04243080
0.04552466
0.01264762
0.01663733
0.01916541
0.04970504
0.00936265
0.02804561
0.08926461
0.02314285
0.00933477
0.02563239
0.02229212
0.01260830
0.00502548
0.01317891
0.05237625
0.11919109
0.06952635
0.06229559
0.05062993
0.08941240
0.07904405
0.06679757
0.09435794
0.01715695
0.00749891
0.00367559
0.00354093
0.00780101
0.00357255
0.00354138
0.00536278
0.00989303
0.00361658
0.00353937
0.00353974
0.00354518
0.00354259
0.00421280
0.00553413
0.00417499
0.00354639
0.00944968
0.02966038
0.00911585
0.00698473
0.00354147
0.02176576
0.00375389
0.00387400
0.00514202
0.00354329
0.00354309
0.00493829
0.01085169
0.00650671
0.00578385
0.00592291
0.00386804
0.00354173
0.00354210
0.01219421
0.00465577
0.00682148
0.00664845
0.00542798
0.07777517
0.04625111
0.06621962
0.01191516
0.01023495
0.01586170
0.00354052
0.00354286
0.00354584
0.00354017
0.00749584
0.00637318
0.00446029
0.00841994
0.00688237
0.00614860
0.00419529
0.00735503
0.00353911
0.00354261
0.01099523
0.01413275
0.00522356
0.01483379
0.00354254
0.00354228
0.00354159
0.00354525
0.00354171
0.00729300
0.00982530
0.00378560
0.00408885
0.00529153
0.00417155
0.00384521
0.00582124
0.02530836
0.01466508
0.00454444
0.01580509
0.00856242
0.01321512
0.02401139
0.02963117
0.01498642
0.03248130
0.00643561
0.00354511
0.00546535
0.02080673
0.00354599
0.00636388
0.01548193
0.00577461
0.00789840
0.00354114
0.00353990
0.01373621
0.00697626
0.00361910
0.04522942
0.02389747
0.06852281
0.02841890
0.00988123
0.00808292
0.00924033
0.00480390
0.00383292
0.01114895
0.00714006
0.00464840
0.00528716
0.01961727
0.00354140
0.00354311
0.00365021
0.00354610
0.00457195
0.00521532
0.00354399
0.00392544
0.00364560
0.00354672
0.00451438
0.00412612
0.00460093
0.00370521
0.00492075
0.02188512
0.01353102
0.02688044
0.00989133
0.00976379
0.00979525
0.02345357
0.01720302
0.03430420
0.02204519
0.01252135
0.01729722
0.01155907
0.01044724
0.00394897
0.01137796
0.00583758
0.01266482
0.01360968
0.00851778
0.00446527
0.00498807
0.00628347
0.00732322
0.02273775
0.00635735
0.01145397
0.01829982
0.00356874
0.01512221
0.00417355
0.00354045
0.01408418
0.04916208
0.00762848
0.07615581
0.09898629
0.00354736
0.00354082
0.00354203
0.00354419
0.00354083
0.00354486
0.00354522
0.00354675
0.00354445
0.00354511
0.00354289
0.00354425
0.00887736
0.00354408
0.00354443
0.00784507
0.00354248
0.00353955
0.00354516
0.10436657
0.08458138
0.06185731
0.10394825
0.01943240
0.00608151
0.00354656
0.03652528
0.01881416
0.00865512
0.00490524
0.00451253
0.00370044
0.00409306
0.00354294
0.00354610
0.00353960
0.00354092
0.00354162
0.00354555
0.00354624
0.00354255
0.01054271
0.01099422
0.01262489
0.01930483
0.06893940
0.02637534
0.02496800
0.04124291
0.02952382
0.12698019
0.10474513
0.02025625
0.08330334
0.09804852
0.07612288
0.05937036
0.03625571
0.07232341
0.09233029
0.00643044
0.00469064
0.00409919
0.01248600
0.00369648
0.00354284
