0.25789362
0.24892667
0.28768602
0.30616277
0.28392561
0.23482497
0.24025715
0.29031163
0.30491663
0.26278808
0.25339110
0.18259615
0.23621470
0.19080047
0.19171401
0.18546865
0.26645618
0.23167335
0.16607102
0.24673768
0.23249971
0.29438046
0.30074524
0.27656158
0.24039195
0.24547175
0.17344898
0.16175238
0.18614483
0.24604904
0.16853181
0.25670901
0.14739940
0.21482149
0.18605838
0.22993417
0.24566736
0.25690974
0.19843702
0.17747898
0.21390794
0.20870360
0.23473779
0.24171135
0.25491123
0.27586781
0.26017345
0.26626790
0.22966604
0.23926156
0.27698282
0.25213763
0.22540161
0.22644629
0.22406316
0.24468055
0.25121383
0.27194550
0.20716002
0.16829152
0.16728054
0.08966191
0.10470712
0.21273433
0.23601616
0.25616909
0.25608338
0.26970157
0.25745772
0.22709390
0.15905570
0.11823887
0.19167811
0.23709161
0.13646104
0.25016109
0.20779665
0.19221144
0.23578393
0.27008618
0.25533906
0.15162134
0.24566662
0.24012162
0.21267426
0.25678887
0.27621653
0.26097637
0.26970523
0.23381912
0.28552120
0.25552075
0.18085697
0.26690965
0.21319366
0.17958152
0.26343642
0.19674180
0.20845158
0.20364357
0.22375108
0.16666736
0.19695352
0.15132684
0.27089130
0.20190805
0.23764619
0.22945066
0.23867182
0.24416261
0.27823775
0.23569749
0.21303396
0.18019470
0.26562468
0.25196913
0.20409192
0.22135403
0.23259715
0.17804967
0.21962877
0.23777805
0.29731157
0.28800689
0.18960341
0.19430080
0.23320300
0.23912383
0.22648438
0.21093435
0.21863611
0.22335181
0.22434155
0.22908729
0.19331839
0.23520152
0.22222215
0.22282947
0.19404659
0.19976815
0.19294257
0.21801780
0.20187509
0.21939434
0.28413513
0.27103489
0.17347608
0.24074359
0.25182041
0.28532194
0.17449805
0.24581974
0.19886632
0.13846835
0.22546681
0.29792109
0.14732541
0.24529227
0.28569702
0.25722842
0.21263616
0.20524356
0.27738575
0.28113809
0.29598338
0.27435354
0.14129909
0.22276427
0.24702412
0.24443806
0.23668576
0.24356115
0.15421839
0.21436288
0.21719436
0.23480665
0.24716844
0.27113452
0.28007730
0.27134844
0.26113388
0.23028508
0.13504787
0.20621351
0.23610627
0.21150137
0.25399549
0.28322232
0.16343588
0.15811286
0.14598476
0.15539347
0.24506004
0.24631351
0.23431215
0.21638045
0.22944040
0.22288808
0.25099991
0.25683648
0.20181209
0.25451636
0.21191016
0.22108956
0.25175155
0.26617413
0.27791761
0.22697009
0.25683355
0.15376345
0.18707962
0.27553741
0.21486618
0.19444585
0.26684518
0.26362690
0.23256784
0.20620985
0.24850616
0.26070605
0.27873005
0.15772678
0.31488943
0.25072738
0.26318807
0.19295356
0.12313838
0.14721992
0.19526416
0.22921256
0.23671652
0.22108736
0.16125788
0.20782302
0.23775827
0.24487689
0.25244239
0.17840791
0.16771643
0.16979626
0.21239880
0.17031421
0.16460510
0.11965951
0.22303900
0.17843794
0.22605289
0.22136941
0.22306317
0.23741908
0.21046109
0.23168946
0.22282728
0.20875634
0.13245668
0.23165430
0.25699839
0.25763135
0.21411527
0.24679921
0.23572459
0.25297645
0.18139689
0.27505024
0.25569510
0.21345593
0.19395941
0.22251299
0.25757494
0.23116639
0.22766459
0.26181812
0.26650966
0.28758052
0.30929021
0.22205585
0.24304980
0.25779985
0.19766780
0.25312516
0.25222993
0.20274394
0.18174560
0.26787301
0.23417735
0.22890634
0.22851440
0.23753556
0.16394650
0.17526654
0.25351124
0.21762952
0.22717962
0.25580279
0.24088205
0.23841687
0.23599126
0.21137024
0.16470034
0.25285337
0.24350474
0.18554191
0.19870955
0.27167151
0.22892026
0.27059167
0.25895002
0.16862338
0.21174679
0.18354046
0.24039341
0.22517451
0.25167463
0.25221455
0.25050907
0.26022180
0.25580499
0.21723905
0.21761560
0.21647935
0.24045275
0.23992162
0.22457817
0.23199715
0.20949553
0.24700507
0.22449466
0.23821248
0.29244202
0.28745891
0.23959049
0.25001603
0.22732247
0.21420318
0.22844041
0.27873299
0.23610115
0.29536580
0.23337370
0.31720442
0.17981815
0.26235511
0.24638310
0.25740351
0.26940120
0.26908033
0.11416315
0.18862027
0.22263534
0.17896981
0.21621635
0.20579154
0.22588952
0.24067766
0.20177253
0.18640490
0.19894471
0.23360666
0.19820040
0.18462983
0.15710847
0.09254767
0.13575555
0.16425566
0.18332141
0.25309952
0.25943060
0.20334174
0.15517808
0.23252535
0.21116584
0.22734298
0.23050633
0.24455455
0.27232718
0.22254303
0.12783900
0.22396280
0.20493953
0.29204348
0.24013554
0.24013920
0.26229944
0.25930313
0.26083278
0.21466325
0.26835140
0.28294687
0.30289100
0.28074249
0.26845762
0.21833428
0.25302333
0.23669601
0.25154056
0.21274752
0.18219175
0.26493971
0.26652064
0.27489639
0.25196913
0.30658987
0.32364905
0.29131162
0.20106118
0.21705663
0.28250511
0.27502606
0.28619152
0.27317846
0.21414604
0.18059909
0.21795919
0.24207398
0.20718420
0.20523110
0.25421087
0.26219101
