2158.87768702
2439.71011243
2438.39678495
2418.31958714
2378.24221148
2080.57141940
993.53606702
2434.93854478
2199.09356921
2389.42008566
2356.19112552
2432.73918892
2429.64611764
2443.32807215
2411.56488070
2387.77650653
2177.73342992
2181.22091457
2356.11955352
2398.83979457
2396.15740067
1444.78007642
2439.20271454
2427.41711598
2422.87412978
2416.34007457
1938.74534528
1779.95412179
2287.85745192
2319.80577268
2119.78294164
2210.46109927
2346.12155569
2447.37411944
2433.63931375
2427.29954707
2418.09222779
2303.01976930
1867.89755835
2412.01075280
1646.63987934
2407.47708987
2433.37505753
2415.95159043
2442.19599256
2443.77471449
2435.11754209
2377.24585217
2415.66091046
2432.06871650
2430.70101701
2403.53591755
2438.99536320
2447.60324257
2110.20667497
2426.43751909
2045.70815830
2379.01954603
1032.07205360
2447.41443286
2418.34834724
2227.72355557
1942.62588107
2443.02200538
2435.66612447
2333.46617635
2070.59471155
1997.02458745
2286.25697016
2433.28570122
2372.50714029
2407.92611009
2176.76288920
2399.37036316
2416.63981635
2411.23613476
2404.25647692
2279.87010524
1898.44577045
2423.40939533
2445.22793319
2446.70494866
2344.85390686
2425.32663336
1618.57688362
2189.12641332
1850.28039822
2009.22140407
2063.38265049
2440.29319164
2221.99468162
1449.03918465
2385.48921670
2365.97751525
2445.84307676
2442.24889565
2445.18592538
2347.93885883
2279.57732613
1625.18772520
1343.53204708
1918.56051058
2256.29777453
1395.79044834
2426.67280802
1428.86298760
2219.65324726
2369.56590579
2386.70558057
2424.28055349
2319.79506346
2399.63470658
2374.88760456
2252.65833755
2168.05106056
2300.18172763
1225.79430706
2417.36632570
2420.63169773
2415.33693472
1059.54077379
2134.04176163
2308.96079352
2257.42320485
2448.76267978
2439.12576774
2256.19932327
1950.43373737
2062.55922551
2408.58661972
1971.24978824
2216.00918558
1852.39795317
2328.86730156
2447.81336327
2440.55138605
2439.59525810
1523.83803362
2380.13311282
2374.02900569
1068.56681895
667.62527124
1986.77890341
2411.12054716
2438.36634003
2445.01665394
2449.58430135
2449.38085893
2403.36308802
2339.95161245
1871.22351959
1698.08727725
2347.92784262
2431.88941080
1166.42370491
2382.01123763
2026.08296996
2168.28578856
2419.00037657
2449.48219238
2251.54890153
1459.65436021
2446.97910754
2442.87878788
2327.09826925
2410.33368163
2440.69628773
2437.68744828
2446.17628297
2164.58361786
2440.98713952
2407.32991333
2003.84326951
2430.10879075
1713.11426478
2114.35888206
2400.14646558
1938.83702899
2138.66011903
2423.22041515
2420.88710274
2441.68825818
2422.91434971
2253.90664661
2437.97947197
1960.23122149
1972.61511185
2409.28380056
2405.59070249
2378.52329041
2330.60977086
2263.54113377
1809.33716411
2343.49010847
2241.86420978
2280.94191144
2448.38496585
2408.27477071
2094.85491955
2429.44522932
2431.05163064
2446.58401037
2448.92524549
2449.98110324
2414.16240840
2301.75659256
2309.90825323
2353.79172743
2322.83554460
1835.31484403
2402.57945115
2417.52955188
1974.02117594
2279.50022072
1746.52301129
2431.73293707
2242.12465338
2440.77430915
2438.90950861
2438.74935548
2367.33900004
2447.52874170
2438.78369895
2340.74990701
2067.73075973
2442.58561533
2357.23136165
2047.25939806
2144.99971070
2326.16349708
1516.39943627
2189.30616623
2247.93886418
2443.15214834
2415.44895835
1766.21211074
2429.37106138
2426.52708850
2418.03212018
1995.07833529
1572.37681916
2339.72258678
2397.48370603
2281.52640310
2293.65960879
1880.86639024
2427.48729381
2030.54861707
2416.30865012
2447.90413005
2418.80962888
2376.75970091
2339.08494957
1158.89486904
2295.46471172
2376.09430208
2285.54229466
2259.77811996
2318.35479835
2211.25857746
2392.66493189
2294.86098942
2310.06443847
2433.53607961
2447.11507017
2447.27248780
2418.39741239
2387.10773031
2435.88623763
2448.05868292
2448.33378624
2341.90824092
2432.80701741
2388.14812063
1745.14580734
2450.97844635
2334.10909573
2386.28803058
2201.68909415
2003.80950630
2059.80353323
2233.23440558
2445.29645930
2214.95826297
2451.22065030
2450.03109439
2255.08716985
1998.17369847
2315.42103495
2415.82525470
2321.64131903
2342.31099296
1775.01593086
2223.33135887
2008.66254387
2039.74491289
2411.68759129
2359.02420818
1649.84145065
2328.53999935
2335.21545549
2346.46917767
2082.74527129
2412.82663881
1798.73445591
800.64546216
2390.36956016
2445.71895872
1603.20278589
2050.85628995
2424.43730080
2405.72421485
1607.71050264
1505.33576150
2339.21053641
2449.97396060
2418.05613640
2179.98214042
1557.30100745
1845.03187186
2314.37971722
1843.08392165
2450.35489377
2451.19963124
2065.48676502
1940.08219300
2202.20548630
2439.65511684
2211.05734468
2267.72972629
2402.22181507
2450.75128843
2450.97891854
2444.05688106
1827.98470016
2417.49445556
2416.39358433
2377.79427078
2190.81214020
2003.44578440
2447.01254346
2448.90415623
2438.84222705
2426.16899748
2310.94543113
619.60328083
2449.71588266
2448.65364635
2449.82634200
2436.92809538
2436.06598966
2441.72813415
2449.71779285
2443.63093923
2303.95572287
1073.78696831
2424.35262547
2450.27953246
2379.95693131
2366.53879126
2419.92369583
1972.28223246
2299.90166923
2259.31267721
1969.26506735
2450.11859654
2447.62366471
2418.23849695
2052.62434752
2414.49154179
2428.41402571
2410.93743238
2415.25120568
2225.31863057
2416.93333459
2097.88719548
2209.73398044
2161.48167985
2386.47198006
2428.79286915
2014.86064608
2340.14576243
788.01419130
2171.29843461
2389.25285593
1869.97234217
2299.56819676
2451.22096646
2446.47256949
2446.09753307
2221.85547776
2441.83467848
2448.15205552
2359.01392373
907.62389423
2440.87684561
2288.66909431
2396.05924173
2392.72316117
1394.40023177
2302.89900686
2433.91016671
2445.43237056
2448.67543469
2432.37826741
2381.04357766
2434.26385742
2448.55553245
2446.75412971
2445.64942204
2290.87779818
2339.42286527
2376.52509085
2416.02981317
2265.99863522
1863.18384975
809.42472775
2366.71319213
