2600.00000000
1632.05555643
610.47010817
901.25450702
627.11364318
338.87025222
808.39052888
499.96845579
1212.76484363
2600.00000000
1226.38922292
582.94871621
2468.07538222
2108.03186216
1618.86876421
503.68731267
407.99096953
777.93914890
1426.08520119
778.49846363
910.72457916
898.38937520
1057.90488106
912.85277075
547.46229235
758.28579185
1274.47041427
1296.33897421
1844.30847134
2600.00000000
921.46176045
1809.52029828
2086.18974560
752.23680690
1544.75046285
680.75575704
1756.70222473
1613.76569116
1740.82136220
953.69989495
1357.29427636
1848.65890558
2371.70578196
2210.00123411
2344.23929268
1050.07432358
1008.73973890
2250.00004505
1220.20443813
1932.69995103
2308.29275053
2304.37333193
2496.06991967
1798.38765737
2468.15336581
2327.87694273
2600.00000000
1989.52550664
1789.91497219
2482.50726256
2218.84582351
2019.98498117
2600.00000000
814.45352203
1400.50255353
985.13522995
1560.25137806
1001.59533932
723.83777780
2087.05552476
1778.76519985
1871.74765726
2569.49780614
1708.09707507
1641.94560040
1573.87669596
1390.46331781
2393.63246660
2163.22859585
1449.96851315
1752.28251542
1697.96012817
2266.71428359
2326.66682468
2541.82114341
1220.03041244
1482.81762849
863.65573960
445.49134265
2312.66417719
1318.21343079
1644.48222883
1893.74617306
1759.76364986
1454.64203062
932.87047049
704.97114908
534.51364842
1814.76077981
2104.24704691
1458.66373077
1030.46410043
1264.16128213
1143.24331026
1590.51675296
1181.76265879
2341.64546133
2342.55721227
1251.83487838
2553.72031539
1670.04226324
1771.21167991
2543.64632096
1030.98465319
2090.18895560
1957.86699998
442.32793017
291.91172413
1508.28836038
1910.39347220
1138.71859656
2018.68323207
1870.32853259
2416.67632751
806.60350698
666.31712554
1790.50894072
1587.25544951
2066.96531123
2188.64196935
2470.76079579
1896.66545619
2169.94003175
2386.77642381
2252.52363042
1924.17118180
1923.35672320
2600.00000000
2291.52527338
2600.00000000
2256.04774696
1378.62268419
1899.71767449
1425.69329338
1426.96055316
313.81066493
397.61356043
404.58842116
2497.88457699
2600.00000000
1646.07901816
740.65207116
2438.32854815
1948.32654848
1942.53757836
1671.12331083
1031.63793672
2132.03800260
2177.71188480
2033.13181433
2549.86346169
1673.57890754
1862.76503681
1669.25618323
436.75672520
2488.53974974
1684.25283925
1949.32472483
2600.00000000
1401.01826478
1036.58421896
1937.37817801
2273.60550373
1075.02790485
1128.51504273
2600.00000000
2496.15679872
1489.03341543
2595.67788232
1698.50146849
980.99619517
1513.50349902
400.65378537
1329.69907772
799.79983256
783.46938177
2600.00000000
2600.00000000
2453.14411638
1965.94437305
2554.25311918
2327.19247607
2310.11396786
2510.05621717
2484.32838741
841.70109930
1237.77886451
1322.35733251
1235.57497305
1475.88243253
875.91970371
2393.96251572
2198.51428346
2408.63129203
1796.16892246
1293.12358094
1362.41442015
1002.36277708
1283.59600363
2432.03267932
1879.55702571
905.59624516
971.59026185
2192.73695804
2362.28582840
2204.47214371
2600.00000000
1929.31544804
2043.02128755
1673.93562137
549.72937239
1222.24688662
1292.92326232
864.59340394
2345.44311246
1876.62521081
2518.31686213
2306.84213075
2074.32745563
1493.95903638
2280.12677596
2600.00000000
2600.00000000
2167.05478580
2368.51818739
1929.91647549
1147.67564897
2209.26548947
1254.27187402
1553.71607008
1282.47126230
1680.90719364
2117.40529077
2290.86802388
2171.09264569
1492.65643397
2124.08117621
1755.17660872
1535.94256027
410.24796072
560.56919288
2095.26572770
2109.46438160
802.74521683
