0.25646768
0.15116375
0.14664322
0.22063958
0.18407136
0.21022062
0.25350810
0.26470334
0.30527824
0.23610525
0.28387047
0.27561188
0.35255035
0.22911341
0.20876774
0.28779158
0.25673762
0.23686036
0.33006725
0.11523481
0.17130591
0.16698607
0.19087971
0.17186519
0.21416291
0.21497448
0.22369002
0.22005825
0.21691695
0.15148291
0.09807296
0.16056851
0.10095130
0.11162969
0.12610119
0.11847871
0.12831236
0.11782054
0.10558103
0.07156070
0.16107838
0.21635502
0.13473822
0.17013619
0.17259560
0.28086679
0.27476414
0.16659176
0.27174017
0.08233956
0.06984512
0.18078803
0.09341685
0.10357857
0.19960760
0.17696043
0.20570054
0.21392032
0.22567571
0.21529910
0.21390709
0.26311372
0.23358233
0.14139290
0.14267818
0.27487794
0.28001023
0.31792989
0.26404526
0.18096622
0.23276635
0.19609227
0.18743495
0.08197982
0.12449834
0.10941084
0.23989845
0.28421804
0.19623165
0.13981026
0.25258450
0.18575712
0.18916659
0.15242062
0.14391062
0.16928581
0.23945826
0.27551485
0.35345895
0.22068280
0.19697353
0.16350868
0.11103151
0.26965038
0.15793885
0.23019050
0.28314183
0.19123345
0.16314083
0.22383028
0.24913269
0.17866913
0.16702753
0.22538020
0.25632037
0.18415781
0.30450372
0.19118052
0.16392858
0.11785151
0.09268732
0.18333300
0.15951523
0.20855691
0.29444645
0.30387564
0.27757200
0.22156847
0.28972171
0.25273270
0.24246548
0.22390791
0.26982416
0.18709533
0.21993122
0.21933842
0.18810273
0.20024186
0.12897008
0.25189644
0.22776286
0.25438407
0.19702734
0.17202927
0.22176342
0.18894871
0.15874248
0.23494259
0.17058785
0.12443050
0.16821225
0.25306527
0.30811785
0.28756576
0.36000000
0.21890441
0.20024803
0.11952872
0.16813285
0.16938990
0.15160623
0.23093856
0.18897429
0.22540490
0.20952021
0.21027796
0.23337326
0.17943218
0.24350905
0.19976550
0.21064493
0.10372139
0.12654526
0.25378333
0.21746387
0.16139595
