0.01070080
0.00916589
0.00756936
0.00852422
0.00930892
0.00912159
0.00983046
0.00756415
0.00756751
0.02233733
0.02692568
0.02045837
0.01063019
0.00756876
0.02694695
0.03158449
0.01309951
0.00759168
0.00786104
0.01445262
0.01664344
0.03792900
0.01019306
0.00756463
0.01013857
0.06988666
0.00964939
0.00843412
0.10893040
0.15094478
0.13069163
0.09453579
0.03224689
0.15282295
0.07603019
0.09960883
0.04683585
0.02268070
0.05464598
0.07528308
0.05440275
0.03071141
0.05567591
0.02275066
0.01336629
0.01275858
0.01767862
0.00898886
0.01120749
0.01005224
0.00785581
0.01160528
0.01137988
0.00756395
0.00756660
0.00756308
0.00756514
0.00756769
0.00756128
0.00756110
0.00756160
0.00756348
0.00776460
0.02893932
0.05461066
0.00756669
0.00756453
0.00756105
0.00756609
0.01757472
0.01626440
0.01694407
0.01273002
0.01626564
0.01182113
0.01277542
0.01925517
0.01307238
0.01214696
0.01130389
0.01327109
0.01173541
0.04382356
0.04495471
0.07244406
0.01354481
0.01441280
0.01106274
0.01330983
0.01757392
0.01762409
0.02042660
0.01343023
0.01352034
0.01129339
0.01310627
0.01021525
0.01794293
0.01523399
0.14957128
0.09962288
0.02295035
0.01883184
0.03369134
0.05781918
0.04350967
0.01375502
0.14105916
0.02938165
0.06630132
0.02018416
0.02406073
0.03062245
0.04213904
0.01653772
0.01362298
0.01205200
0.01144625
0.00926941
0.01854358
0.10133173
0.20184433
0.22139589
0.15333454
0.05668476
0.00983967
0.01439395
0.01573638
0.01941607
0.01911297
0.01830629
0.04380337
0.02756790
0.01377508
0.02052338
0.01228636
0.01825572
0.01595066
0.01908616
0.03504891
0.00756173
0.01236827
0.00918135
0.00756846
0.00756660
0.00816414
0.00909320
0.00756090
0.00756947
0.00756541
0.00804977
0.01387481
0.01436003
0.02322961
0.01475260
0.01884322
0.00758113
0.05425828
0.05149090
0.04301757
0.09479357
0.03470167
0.04409974
0.01028682
0.01350282
0.00836365
0.00949825
0.01179771
0.00756847
0.01248410
0.00939513
0.01682465
0.01142229
0.01189721
0.01962002
0.03448180
0.00756195
0.00756461
0.01028453
0.01519759
0.01137416
0.01418916
0.00957203
0.05001726
0.01255230
0.01126234
0.03944143
0.01529893
0.00757023
0.00783686
0.02259778
0.07908711
0.01011819
0.01483841
0.01022851
0.00833884
0.05937782
0.08729099
0.04640183
0.03633988
0.05165190
0.01873012
0.03291237
0.04358062
0.10105258
0.01135790
0.00805223
0.00967581
0.00771585
0.03862901
0.06696362
0.00756655
0.04663873
0.15799335
0.00764506
0.01167104
0.01257939
0.00978231
0.05119512
0.04481370
0.01180014
0.14817502
0.01800339
0.01546142
0.01436444
0.01374899
0.01268422
0.00827659
0.05616643
0.00956946
0.00830568
0.00756399
0.00774976
0.01603953
0.01938441
0.02707748
0.01002252
0.00899256
0.00870477
0.01931098
0.00756496
0.00756876
0.00775593
0.01532736
0.02213051
0.04119481
0.02466337
0.02208588
0.00956195
0.04720169
0.01999051
0.01475625
0.02462072
0.02620499
0.01066608
0.00922716
0.00757831
0.05697885
0.01106814
0.01090543
0.00921500
0.01031963
0.00866535
0.01346186
0.00856293
0.01176183
0.01032351
0.00985918
0.00820666
0.06191909
0.03065876
0.14784352
0.11402659
0.02894753
0.08133409
0.02490422
0.06150249
0.01125216
0.00905365
0.01341138
0.01319382
0.00790307
0.01255574
0.02085795
0.02366333
0.11589783
0.16896649
0.07655940
0.07284799
0.08086286
0.01018507
0.00772845
0.01716534
0.08316654
0.01341122
0.04469060
0.01909338
0.01388111
0.00837470
0.01452285
0.00808503
0.00756431
0.00756697
0.03889787
0.05551550
0.01669587
0.01960587
0.01743912
0.00795747
0.00848385
0.01089843
0.00756321
0.00756428
0.00760412
0.00756123
0.00812784
0.00914859
0.00770108
0.01011192
0.01516115
0.00779055
0.00810816
0.00781348
0.00756923
0.00756745
0.00800900
0.00814287
0.00756400
0.00839023
0.02462190
0.01148601
0.00772615
0.00819650
0.00757199
0.00756311
0.00789586
0.00756561
0.00756302
0.00756240
0.00760202
0.00868136
0.00798669
0.00756812
0.00777159
0.00806259
0.00882050
0.00756382
0.00783612
0.00762284
0.00756154
0.00756173
0.00756525
0.00760687
0.00759950
0.00794017
0.02294709
0.06685834
0.02272404
0.05586026
0.09885212
0.04321013
0.01016603
0.01046517
0.00869135
0.01237802
0.00839092
0.01504675
0.00853895
0.00775026
0.00964860
0.00794143
0.00930899
0.01716377
0.01350071
0.00924795
0.01483131
0.01718637
0.00790688
0.00897152
0.00844497
0.01206748
0.00869391
0.00772342
0.00877721
0.01085475
0.00962114
0.00757878
0.00763603
0.00756296
0.00828115
0.00796144
0.00770667
0.00762427
0.00821241
0.00932954
0.01120410
0.00926656
0.00876225
0.00784827
0.00781449
0.00759763
0.00781765
0.00756310
0.00756655
0.06989042
0.06207425
0.02972413
0.03740622
0.02183236
0.00762552
0.01493762
0.01659572
0.00892960
0.05342864
0.01946733
0.02351489
0.03009383
0.05508980
0.03050964
0.01028842
0.01496720
0.02320111
0.00859326
0.00782725
0.01143446
0.01068188
0.00779443
0.11560097
0.03097700
0.01349124
0.00892284
0.00783977
0.03057989
0.03088646
0.01152761
0.01188768
0.00991390
0.01314179
0.01194982
0.00789724
0.00908785
0.01004228
0.00778534
0.00822073
0.01261719
0.02775393
0.04536073
0.01797479
0.01029234
0.00936151
0.00792291
0.01518045
0.03289515
0.00758704
0.00756331
0.00756868
0.00756600
0.00756121
0.00775997
0.00918203
0.00858096
0.01702699
0.02869490
0.01822614
0.01166037
0.01562641
0.01309943
0.02125466
0.00872723
0.01115940
0.01362220
0.00846081
0.00772199
0.00758461
0.01473117
0.00756927
0.01187567
0.00976386
0.00756098
0.03573249
0.01147953
0.00756707
0.01594306
0.04172254
0.01915087
0.01378335
0.02023849
0.01541148
0.02287149
0.01321470
0.02169451
0.04219941
0.01392872
0.06204437
0.03764806
0.00980049
0.00910655
0.02157290
0.01300083
0.00965574
0.01464416
0.00757034
0.00756816
0.00784467
0.00786193
0.00839036
0.00756626
0.00756826
0.00756412
0.08245614
0.00756964
0.00901445
0.01169281
0.02808474
0.03350273
0.07351980
0.07306282
0.12749340
0.00811657
0.00756973
0.00756604
0.00756919
0.00756207
0.00756857
0.00998650
0.01118398
0.02004503
0.11358129
0.13184149
0.09059035
0.01144281
0.02096907
0.01144100
0.02656736
0.05278098
0.04858934
0.02574267
0.03671432
0.11323495
0.11096888
0.14844814
0.19142634
0.00823254
0.00771010
0.00837639
0.00863196
0.03898178
0.02738265
0.00839903
0.05482668
0.21381791
0.08170002
0.00781430
0.04830682
0.05294900
0.07332179
0.02118480
0.01436236
0.01088698
0.01900521
0.03626655
0.01887776
0.01846521
0.01668030
0.00989773
0.01687721
0.00837736
0.00832625
0.01800062
0.01001768
0.00757281
0.02236048
0.04616800
0.00771719
0.00761479
0.00756207
0.00756559
0.00757015
0.01541657
0.02242985
0.02577048
0.01188120
0.01009721
0.01796786
0.01025404
0.01434545
0.00988781
0.01878276
0.01348298
0.01188154
0.01943121
0.02622656
0.01731551
0.02469078
0.02128068
0.01202414
0.01344401
0.03247657
0.02342158
0.03911062
0.06023903
0.12100095
0.05033490
0.05113535
0.01434613
0.00964388
0.01372084
0.01273539
0.00784396
0.00833227
0.00895456
0.00824416
0.01287446
0.01487729
0.04959650
0.06630270
0.05301263
0.02146088
0.03505920
0.04917376
0.03935979
0.05032669
0.00898270
0.04957612
0.04636581
0.02474293
0.01188111
0.01076120
0.00756099
0.00756225
0.01417614
0.01242724
0.00918258
0.00758310
0.01090113
0.01169292
0.00925764
0.00799717
0.00756214
0.00757059
0.00923528
0.01033913
0.00773399
0.00942157
0.00756805
0.06998591
0.09911029
0.01711566
0.03291355
0.06210443
0.01281312
0.00911662
0.01540819
0.01004182
0.01171506
0.00954353
0.01174238
0.02187461
0.02872320
0.00817901
0.01138299
0.01642342
0.00827686
0.00969875
0.00756461
0.00943388
0.00756499
0.01245494
0.00919169
0.00914199
0.01073192
0.01249325
0.01421734
0.01805425
0.01650823
0.01055461
0.00970505
0.00819222
0.01653164
0.02472601
0.01255795
0.01196134
0.02273236
0.00756855
0.00772495
0.01982792
0.07319978
0.11738117
0.11025838
0.04046156
0.06884110
0.16229691
0.07525804
0.08093827
0.02437343
0.04764748
0.01216050
0.01617208
0.05876697
0.01054968
0.01138547
0.01083199
0.01027314
0.01106377
0.01433473
0.00970632
0.00756802
0.17344223
0.04896230
0.12396070
0.18461426
0.00808134
0.00810784
0.01091430
0.02616095
0.01243007
0.00756259
0.00756365
0.00757016
0.00756626
0.00778628
0.03560414
0.01233767
0.04183208
0.00757390
0.00947831
0.00955307
0.01053690
0.00990309
0.00900267
0.00927082
0.00880709
0.01080709
0.01483262
0.01568492
0.01072106
0.01178819
0.01457757
0.00768051
0.00968339
0.03468159
0.01314948
0.01693094
0.01627216
0.01246753
0.00861175
0.00786006
0.00756675
0.00756553
0.00756757
0.00756350
0.00756953
0.00756681
0.01079976
0.00905579
0.00933216
0.00935367
0.00867760
0.00925709
0.00836340
0.03963726
0.09305552
0.05798810
0.08001690
0.02640676
0.02183434
0.08218342
0.07569770
0.03331244
0.06626935
0.01547057
0.00946937
0.01095586
0.01686186
0.02632453
0.01266149
0.01196491
0.00831943
0.00763408
0.00806916
0.00867629
0.00758210
0.02414346
0.01284654
0.00756140
0.00756270
0.01025187
0.00847049
0.01063469
0.01096370
0.08237440
0.00926887
0.00804797
0.00756880
0.00756358
0.00756393
0.01665219
0.07661234
0.02185542
0.00828019
0.00756892
0.06016254
0.00941853
0.00858619
0.00761195
0.00792440
0.00762714
0.00910783
0.00848449
0.00941600
0.01559658
0.00789497
0.00918890
0.00856852
0.01125825
0.00943320
0.00770332
0.02196239
0.01429062
0.01769633
0.01764181
0.00952960
0.01383182
0.01534454
0.01058534
0.01242343
0.02035377
0.01217536
0.01015877
0.01080356
0.01117845
0.01189070
0.04964835
0.07845479
0.02857496
0.04366275
0.02435017
0.11821437
0.02618777
0.01604076
0.02599768
0.04718249
0.03861169
0.11489938
0.11694082
0.07680382
0.04382811
0.02894862
0.01182607
0.00818232
0.01950137
0.06227355
0.00821064
0.01084722
0.00886685
0.01009115
0.01255523
0.01183028
0.00858043
0.01875436
0.04628675
0.01392533
0.02098976
0.01001802
0.00945487
0.01117111
0.00763484
0.00756596
0.00946615
0.00960022
0.00937966
0.01008758
0.01054435
0.00777353
0.00970502
0.04172333
0.02182969
0.03988821
0.02299142
0.03791920
0.02449851
0.05478977
0.03859932
0.03709619
0.12750527
0.16190703
0.03711192
0.01037237
0.03086894
0.05881190
0.01104422
0.01118121
0.01282561
0.00948615
0.00855350
0.00768356
0.00773272
0.01140610
0.00863169
0.00785476
0.00849145
0.01070011
0.01199003
0.09202164
0.07221587
0.07366388
0.11015547
0.04227115
0.15050047
0.02595859
0.02237147
0.02044996
0.06661352
0.03855954
0.01219295
0.00799290
0.00853078
0.16371692
0.02907716
0.00774522
0.00756448
0.00756538
0.00756719
0.00757035
0.00756426
0.00757001
0.00756833
0.00756861
0.01053347
0.00783416
0.00769535
0.00756724
0.00756591
0.10431563
0.06733866
0.04792980
0.06336740
0.11892388
0.00765788
0.00806857
0.00814833
0.00839587
0.01228704
0.01017581
0.01304412
0.03835985
0.01632804
0.01538153
0.06309082
0.14238318
0.01163508
0.03557891
0.01499196
0.01321629
0.01133062
0.03210232
0.00756408
0.00756989
0.00756520
0.00756825
0.00756782
0.00756422
0.00756975
0.00756976
0.00756389
0.00756329
0.08486570
0.07428838
0.03543671
0.03731973
0.02020425
0.01953136
0.01698478
0.03142962
0.09877909
0.09787889
0.04692887
0.04707394
0.01030674
0.01773542
0.04267587
0.02348422
0.01349805
0.07041795
0.02316954
0.07954409
0.01872240
0.04817422
0.05570055
0.09640872
0.03033003
0.00846986
0.00759168
0.01962724
0.04985052
0.04569955
0.05017143
0.03094514
0.02361791
0.00836454
0.09902182
0.00756549
0.00756886
0.00756884
0.00756540
0.00756846
0.01343023
0.08760725
0.08226268
0.07989627
0.11969474
0.13783025
0.03179546
0.12283954
0.04049906
0.01284113
0.00852731
0.01924528
0.01377405
0.07390315
0.05919772
0.05457444
0.08350873
0.05987181
0.03440026
0.03754970
0.05896102
0.15453091
0.07122958
0.05609073
0.03860704
0.01132631
0.02387034
0.00866280
0.01227868
0.00756820
0.00756952
0.00756587
0.00813192
0.00809475
0.00756597
0.07392710
0.06811813
0.13861694
0.08746535
0.09572731
0.04623905
0.03076365
0.08482701
0.07969707
0.12862742
0.05208879
0.05563098
0.01798963
0.02255750
0.02545194
0.06041715
0.01422863
0.03561899
0.10570941
0.03000576
0.01419671
0.03285606
0.02903174
0.01794461
0.00926295
0.01859791
0.06347545
0.13997263
0.08311083
0.07483224
0.06147607
0.10587862
0.09400777
0.07998662
0.11154084
0.02315242
0.01209481
0.00771744
0.00756326
0.01244068
0.00759947
0.00756378
0.00964912
0.01483586
0.00764988
0.00756148
0.00756190
0.00756813
0.00756516
0.00833250
0.00984531
0.00828921
0.00756952
0.01432827
0.03746777
0.01394607
0.01150611
0.00756389
0.02842910
0.00780709
0.00794460
0.00939637
0.00756597
0.00756574
0.00916312
0.01593345
0.01095882
0.01013121
0.01029043
0.00793778
0.00756419
0.00756460
0.01747052
0.00883966
0.01131921
0.01112111
0.00972377
0.09255501
0.05646270
0.07932490
0.01715103
0.01522734
0.02166948
0.00756280
0.00756548
0.00756889
0.00756239
0.01209129
0.01080595
0.00861585
0.01314931
0.01138892
0.01054882
0.00831245
0.01193008
0.00756118
0.00756519
0.01609779
0.01968998
0.00948973
0.02049261
0.00756511
0.00756481
0.00756402
0.00756821
0.00756416
0.01185906
0.01475832
0.00784340
0.00819059
0.00956755
0.00828527
0.00791164
0.01017403
0.03248508
0.02029945
0.00871219
0.02160466
0.01331244
0.01863937
0.03100016
0.03743432
0.02066736
0.04069746
0.01087742
0.00756805
0.00976656
0.02733110
0.00756906
0.01079530
0.02123467
0.01012063
0.01255219
0.00756351
0.00756209
0.01923597
0.01149643
0.00765276
0.05529295
0.03086973
0.08196186
0.03604638
0.01482236
0.01276345
0.01408858
0.00900926
0.00789757
0.01627378
0.01168395
0.00883123
0.00956254
0.02596928
0.00756380
0.00756576
0.00768838
0.00756918
0.00874369
0.00948029
0.00756677
0.00800350
0.00768311
0.00756989
0.00867778
0.00823326
0.00877687
0.00775135
0.00914303
0.02856576
0.01900105
0.03428497
0.01483392
0.01468790
0.01472392
0.03036150
0.02320516
0.04278453
0.02874903
0.01784506
0.02331302
0.01674333
0.01547038
0.00803044
0.01653598
0.01019273
0.01800933
0.01909110
0.01326133
0.00862155
0.00922011
0.01070324
0.01189366
0.02954195
0.01078783
0.01662300
0.02446090
0.00759511
0.02082282
0.00828756
0.00756272
0.01963437
0.05979551
0.01224315
0.09070098
0.11683989
0.00757063
0.00756314
0.00756452
0.00756700
0.00756316
0.00756777
0.00756817
0.00756992
0.00756729
0.00756805
0.00756551
0.00756706
0.01367301
0.00756688
0.00756727
0.01249113
0.00756504
0.00756168
0.00756811
0.12299984
0.10034753
0.07433044
0.12252090
0.02575761
0.01047201
0.00756971
0.04532748
0.02504979
0.01341857
0.00912528
0.00867567
0.00774590
0.00819541
0.00756557
0.00756918
0.00756174
0.00756325
0.00756406
0.00756856
0.00756935
0.00756513
0.01557969
0.01609663
0.01796361
0.02561156
0.08243882
0.03370668
0.03209539
0.05072875
0.03731142
0.14889047
0.12343327
0.02670085
0.09888428
0.11576622
0.09066328
0.07148310
0.04501884
0.08631321
0.10921935
0.01087150
0.00887959
0.00820243
0.01780459
0.00774135
0.00756545
