2314.55241888
2600.00000000
2600.00000000
2595.43529112
2552.04581401
2229.77471200
1052.90385244
2600.00000000
2358.09184908
2564.14745759
2528.17236737
2600.00000000
2600.00000000
2600.00000000
2588.12235769
2562.36804870
2334.96645079
2338.74215049
2528.09488047
2574.34563643
2571.44156233
1541.43987295
2600.00000000
2600.00000000
2600.00000000
2593.29218635
2076.22775201
1904.31359736
2454.19141632
2488.78003171
2272.22677925
2370.39882221
2517.27062138
2600.00000000
2600.00000000
2600.00000000
2595.18914219
2470.60678814
1999.52491460
2588.60507786
1759.98190957
2583.69674090
2600.00000000
2592.87159684
2600.00000000
2600.00000000
2600.00000000
2550.96711291
2592.55689430
2600.00000000
2600.00000000
2579.42985956
2600.00000000
2600.00000000
2261.85910430
2600.00000000
2192.03025781
2552.88738957
1094.62455596
2600.00000000
2595.46642804
2389.08789404
2080.42898565
2600.00000000
2600.00000000
2503.56936766
2218.97350234
2139.32334654
2452.45866648
2600.00000000
2545.83678121
2584.18286935
2333.91570199
2574.92005263
2593.61669959
2587.76644331
2580.20996789
2445.54397396
2032.59771259
2600.00000000
2600.00000000
2600.00000000
2515.89821065
2600.00000000
1729.59971286
2347.30098078
1980.45182526
2152.52814069
2211.16541728
2600.00000000
2382.88557064
1546.05096528
2559.89173112
2538.76753050
2600.00000000
2600.00000000
2600.00000000
2519.23811130
2445.22699880
1736.75689206
1431.82443583
2054.37478862
2420.02356283
1488.40161106
2600.00000000
1524.20735337
2380.35063389
2542.65247523
2561.20861855
2600.00000000
2488.76843745
2575.20624209
2548.41397341
2416.08335306
2324.48390453
2467.53420312
1304.35653427
2594.40324962
2597.93848072
2592.20614434
1124.36336460
2287.66398624
2477.03879449
2421.24200173
2600.00000000
2600.00000000
2419.91697530
2088.88210407
2210.27394226
2584.89796526
2111.41844902
2376.40541720
1982.74438061
2498.59042955
2600.00000000
2600.00000000
2600.00000000
1627.03139106
2554.09298450
2547.48441764
1134.13534627
700.05891733
2128.23093178
2587.64130324
2600.00000000
2600.00000000
2600.00000000
2600.00000000
2579.24274694
2510.59077753
2003.12574215
1815.68105796
2519.22618468
2600.00000000
1240.07938685
2556.12632256
2170.78319145
2324.73803109
2596.17234281
2600.00000000
2414.88223028
1557.54340731
2600.00000000
2600.00000000
2496.67519969
2586.78940904
2600.00000000
2600.00000000
2600.00000000
2320.72990310
2600.00000000
2583.53740130
2146.70554270
2600.00000000
1831.94991590
2266.35446089
2575.76029422
2076.32701271
2292.66401704
2600.00000000
2598.21499308
2600.00000000
2600.00000000
2417.43482572
2600.00000000
2099.48927846
2112.89660662
2585.65276299
2581.65445742
2552.35012206
2500.47690118
2427.86553265
1936.12493283
2514.42170432
2404.39716971
2446.70435709
2600.00000000
2584.56034422
2245.23863878
2600.00000000
2600.00000000
2600.00000000
2600.00000000
2600.00000000
2590.93455202
2469.23921910
2478.06455480
2525.57467661
2492.06019208
1964.24947766
2578.39434823
2594.57996524
2114.41887161
2445.14352120
1868.11965053
2600.00000000
2404.67913707
2600.00000000
2600.00000000
2600.00000000
2540.24153204
2600.00000000
2600.00000000
2511.45504528
2215.87286589
2600.00000000
2529.29857140
2193.70969617
2299.52752951
2495.66317545
1618.97804814
2347.49558896
2410.97384979
2600.00000000
2592.32742590
1889.43590979
2600.00000000
2600.00000000
2595.12406712
2137.21625090
1679.58155159
2510.34282457
2572.87747710
2447.33715270
2460.47307895
2013.56552541
2600.00000000
2175.61789158
2593.25816489
2600.00000000
2595.96583123
2550.44078480
2509.65249131
1231.92834786
2462.42736041
2549.72039564
2451.68492828
2423.79153331
2487.20914498
2371.26220613
2567.66046659
2461.77374488
2478.23364760
2600.00000000
2600.00000000
2600.00000000
2595.51954806
2561.64400302
2600.00000000
2600.00000000
2600.00000000
2512.70910701
2600.00000000
2562.77037397
1866.62863076
2600.00000000
2504.26541961
2560.75656111
2360.90187514
2146.66898922
2207.29051220
2395.05417542
2600.00000000
2375.26764354
2600.00000000
2600.00000000
2418.71291055
2140.56742316
2484.03292754
2592.73482039
2490.76727252
2513.14514356
1898.96730113
2384.33271446
2151.92309478
2185.57419386
2588.25520941
2531.23958355
1763.44806729
2498.23607822
2505.46321189
2517.64697176
2232.12821682
2589.48839086
1924.64598850
844.07225239
2565.17539921
2600.00000000
1712.95505861
2197.60384482
2600.00000000
2581.79900360
1717.83530512
1607.00004172
2509.78845698
2600.00000000
2595.15006812
2337.40100073
1663.25983450
1974.76954665
2482.90555252
1972.66061263
2600.00000000
2600.00000000
2213.44342146
2077.67508040
2361.46094331
2600.00000000
2371.04434294
2432.40028164
2578.00715615
2600.00000000
2600.00000000
2600.00000000
1956.31355111
2594.54196847
2593.35011830
2551.56085430
2349.12602064
2146.27520837
2600.00000000
2600.00000000
2600.00000000
2600.00000000
2479.18744785
648.06826126
2600.00000000
2600.00000000
2600.00000000
2600.00000000
2600.00000000
2600.00000000
2600.00000000
2600.00000000
2471.62009141
1139.78690273
2600.00000000
2600.00000000
2553.90224288
2539.37519187
2597.17196765
2112.53621719
2467.23099995
2423.28762514
2109.26970549
2600.00000000
2600.00000000
2595.34749943
2199.51801940
2591.29088588
2600.00000000
2587.44305536
2592.11333042
2386.48421961
2593.93447496
2248.52151010
2369.61161234
2317.37161265
2560.95571267
2600.00000000
2158.63342472
2510.80097259
830.39709955
2327.99965026
2563.96640756
2001.77116410
2466.86996842
2600.00000000
2600.00000000
2600.00000000
2382.73486260
2600.00000000
2600.00000000
2531.22844917
959.89166805
2600.00000000
2455.07013501
2571.33529127
2567.72350810
1486.89650328
2470.47604557
2600.00000000
2600.00000000
2600.00000000
2600.00000000
2555.07869258
2600.00000000
2600.00000000
2600.00000000
2600.00000000
2457.46137207
2510.01833327
2550.18678594
2592.95628411
2430.52612858
1994.42165251
853.57705995
2539.56400569
