39.21055638
36.70608545
37.50609622
36.16191071
36.15946034
36.40013136
36.35865541
36.16191071
36.15946034
36.96878879
38.50706412
36.39764481
36.16191071
70.69867492
78.36387329
59.19569904
143.83182511
37.16858458
70.43409787
89.46895340
36.16191071
36.16191071
90.43749912
279.00937519
51.86817163
38.32340901
112.73321250
36.31357367
36.16191071
36.15946034
36.60405904
169.51297902
36.58267255
62.33939048
44.58698016
52.84151765
49.67226350
70.77251349
103.50438142
232.10788718
42.22376158
123.56069734
330.92501836
42.93070512
47.40260000
241.98471320
69.87989566
36.16191071
83.49890616
70.87355942
54.41759957
42.72283627
42.33587150
37.49521748
37.85589846
36.85646684
37.06192614
37.01439089
36.91407342
39.08725478
42.38418409
37.47533477
37.36072138
37.07486622
37.20950291
36.89689893
46.98447363
56.85452614
37.17900041
38.88329841
37.22490499
41.55441034
47.55644542
36.77207721
36.16191071
36.15946034
36.16191071
36.16191071
56.23794511
36.16191071
36.16191071
36.16191071
176.03971241
151.42062460
36.16191071
95.52059518
40.22691776
36.16191071
105.26779337
44.54033714
36.75174435
61.44672114
61.88748523
49.24554766
68.63517213
137.47567589
68.19239032
161.78916386
42.63890453
55.09396104
37.09351713
37.40394322
37.30369588
47.63720344
37.33073998
41.06451113
38.84356618
37.08988897
37.58670182
37.50609622
37.63823717
37.61872687
37.07486622
45.52076431
83.54540362
39.59172995
39.59291697
39.34812336
37.05442539
154.38166368
36.16191071
36.54173786
36.15946034
88.08886603
194.29333673
39.81254211
39.25659605
164.64842746
37.59283546
36.56633677
67.03659730
39.59232345
39.87474788
39.30976422
37.57310872
55.83103246
37.06503088
37.55021071
44.14695401
41.05495276
37.70682691
37.00459030
37.19620031
56.49398638
37.48673144
39.60300958
36.16191071
36.16191071
36.16191071
36.16191071
70.57242515
65.34341255
39.27264808
45.24297837
94.00528304
78.99802922
50.14228407
37.59176858
36.15946034
37.05778739
42.30518013
43.22897318
38.81161194
41.59584433
37.09222128
37.77541253
39.96342910
39.20619118
109.52658316
39.37275966
37.11919534
74.49717576
38.01140471
37.29294247
37.44938862
44.20965710
45.79334939
48.45735574
40.90196377
110.98538619
68.94703684
36.76343274
42.80672690
37.35072184
36.15946034
37.44806587
37.74310409
38.21568640
38.08938753
36.15946034
36.15946034
61.69404427
60.34632637
47.21196282
39.66426870
36.15946034
61.22190585
73.77469181
41.43446452
36.18864392
36.48015047
40.16698473
41.42863027
63.33514874
38.95439360
36.16191071
37.89573460
336.90679619
37.05209823
36.34948035
36.16191071
36.16191071
36.16191071
36.16191071
130.75112720
36.16191071
36.16191071
36.16191071
36.16191071
293.58961623
36.16191071
36.16191071
36.16191071
89.30850762
146.19769219
52.71954762
42.10986207
41.33097602
44.34287537
37.26333948
39.76788482
36.55528784
36.63228101
38.52249763
36.22673537
36.58669614
36.82607864
36.83705293
37.56032476
37.85589846
37.50928151
37.50821968
37.14439211
37.57230945
37.86998007
64.32010840
126.06996914
37.75898176
37.60697761
37.21420039
37.28953424
40.30638395
41.32678217
39.84497331
57.38088059
56.31146480
49.50757996
36.16191071
36.16191071
44.47348403
36.99376464
36.65701458
38.70841427
36.19011676
36.59298495
36.49415016
36.15946034
36.29453810
36.17882843
36.15946034
161.13304079
36.16191071
322.02676736
146.31781972
36.16191071
93.11633276
94.36595185
62.60782787
44.48160040
62.63650378
51.14778848
36.41505859
36.42103330
36.44894402
42.56106823
36.37702100
40.64919550
52.73854674
44.09784974
66.27862347
47.61191631
56.28461663
42.75477545
42.89541349
38.49444617
36.68735067
36.83679763
36.55704513
36.67900274
113.79547645
36.86490353
196.67876209
62.57916976
48.22031595
40.34885035
46.64926626
37.78673431
36.58342690
52.57229372
39.10866737
38.25659656
40.23243060
42.27991602
60.12056053
37.85779342
38.88158164
39.78885238
36.73448079
36.89023890
37.02910234
38.00075939
39.36366409
42.35545453
40.04916052
37.73019707
39.76548992
39.22191048
207.28670368
36.16191071
36.46092030
36.40784207
36.57312045
53.90580099
38.09843875
88.36885723
36.16191071
190.80603362
269.58456393
98.24284125
36.16191071
52.18411232
37.69958033
38.26933044
36.16191071
163.18657925
138.57651692
164.86281867
95.92634210
103.78167899
144.08747125
326.95145464
36.16191071
218.23152242
64.71786703
92.15564627
154.50970079
51.26700340
94.74361637
80.04112083
83.66625889
77.92664241
36.79268937
36.16191071
38.56915621
36.16191071
45.44251954
36.15946034
36.16191071
36.16191071
38.37291168
38.17431624
37.95442968
41.67173619
66.54219528
36.16191071
192.02240992
95.14263003
154.36145620
36.16191071
36.15946034
36.81409166
36.88383749
36.15946034
36.16191071
36.15946034
36.27552478
40.89311006
37.40790179
68.08575154
43.23949471
52.82539304
37.35440522
185.73014877
194.67334729
212.79800721
36.16191071
103.11251334
118.83173217
36.61211756
41.80418648
38.04584005
40.30730619
43.44311686
37.73933858
43.36858389
40.64169652
46.73590443
42.50864237
39.83475785
53.99152577
80.27115588
36.93229228
36.15946034
40.38461433
41.64062827
42.65566666
42.17210097
37.92859118
