0.00626574
0.00474244
0.00315798
0.00410562
0.00488439
0.00469848
0.00540198
0.00315281
0.00315615
0.01781429
0.02236795
0.01594953
0.00619567
0.00315738
0.02238906
0.02699153
0.00864632
0.00318014
0.00344746
0.00998920
0.01216345
0.03328807
0.00576184
0.00315329
0.00570777
0.06500410
0.00522228
0.00401620
0.10375264
0.14544934
0.12534933
0.08946686
0.02764893
0.14731331
0.07110118
0.09450154
0.04212758
0.01815507
0.04987866
0.07035972
0.04963727
0.02612505
0.05090080
0.01822450
0.00891108
0.00830796
0.01319080
0.00456675
0.00676860
0.00562209
0.00344226
0.00716338
0.00693969
0.00315261
0.00315524
0.00315175
0.00315380
0.00315632
0.00314996
0.00314978
0.00315028
0.00315215
0.00335174
0.02436636
0.04984360
0.00315533
0.00315319
0.00314973
0.00315473
0.01308769
0.01178728
0.01246181
0.00827962
0.01178851
0.00737760
0.00832468
0.01475544
0.00861940
0.00770097
0.00686427
0.00881660
0.00729253
0.03913806
0.04026067
0.06754216
0.00908825
0.00994968
0.00662495
0.00885505
0.01308690
0.01313669
0.01591801
0.00897453
0.00906397
0.00685385
0.00865302
0.00578387
0.01345311
0.01076466
0.14408623
0.09451549
0.01842268
0.01433531
0.02908246
0.05302786
0.03882655
0.00929687
0.13563847
0.02480535
0.06144587
0.01567740
0.01952466
0.02603676
0.03746628
0.01205854
0.00916583
0.00760673
0.00700556
0.00484518
0.01404923
0.09621142
0.19596405
0.21536778
0.14782104
0.05190202
0.00541112
0.00993097
0.01126325
0.01491512
0.01461431
0.01381373
0.03911803
0.02300531
0.00931678
0.01601406
0.00783932
0.01376355
0.01147591
0.01458770
0.03042976
0.00315041
0.00792061
0.00475778
0.00315709
0.00315524
0.00374826
0.00467030
0.00314958
0.00315809
0.00315406
0.00363476
0.00941576
0.00989731
0.01869982
0.01028691
0.01434660
0.00316966
0.04949389
0.04674743
0.03833817
0.08972269
0.03008515
0.03941216
0.00585489
0.00904658
0.00394627
0.00507229
0.00735436
0.00315710
0.00803556
0.00496995
0.01234329
0.00698178
0.00745311
0.01511753
0.02986693
0.00315063
0.00315327
0.00585262
0.01072854
0.00693401
0.00972773
0.00514551
0.04528493
0.00810324
0.00682304
0.03478907
0.01082911
0.00315885
0.00342345
0.01807277
0.07413499
0.00568754
0.01037207
0.00579703
0.00392164
0.05457472
0.08227684
0.04169684
0.03171096
0.04690721
0.01423435
0.02830937
0.03889696
0.09593438
0.00691787
0.00363720
0.00524850
0.00330337
0.03398279
0.06210317
0.00315519
0.04193195
0.15244462
0.00323311
0.00722865
0.00813013
0.00535420
0.04645389
0.04012072
0.00735677
0.14270053
0.01351312
0.01099037
0.00990169
0.00929089
0.00823417
0.00385987
0.05138761
0.00514296
0.00388873
0.00315265
0.00333701
0.01156410
0.01488369
0.02251860
0.00559259
0.00457042
0.00428481
0.01481083
0.00315361
0.00315738
0.00334314
0.01085733
0.01760904
0.03652919
0.02012274
0.01756474
0.00513551
0.04249065
0.01548521
0.01029054
0.02008041
0.02165271
0.00623129
0.00480324
0.00316686
0.05219389
0.00663030
0.00646882
0.00479118
0.00588746
0.00424568
0.00900593
0.00414404
0.00731875
0.00589131
0.00543049
0.00379046
0.05709677
0.02607281
0.14237154
0.10881029
0.02437451
0.07636498
0.02036178
0.05668332
0.00681294
0.00463105
0.00895583
0.00873992
0.00348916
0.00810666
0.01634609
0.01913026
0.11066739
0.16333479
0.07162639
0.06794304
0.07589732
0.00575392
0.00331587
0.01268140
0.07818357
0.00895567
0.03999855
0.01459487
0.00942200
0.00395723
0.01005890
0.00366975
0.00315297
0.00315560
0.03424961
0.05074161
0.01221549
0.01510348
0.01295311
0.00354316
0.00406556
0.00646188
0.00315187
0.00315294
0.00319248
0.00314991
0.00371224
0.00472527
0.00328870
0.00568132
0.01069237
0.00337750
0.00369271
0.00340026
0.00315785
0.00315609
0.00359430
0.00372716
0.00315266
0.00397265
0.02008159
0.00704502
0.00331359
0.00378038
0.00316059
0.00315177
0.00348202
0.00315426
0.00315169
0.00315108
0.00319039
0.00426157
0.00357216
0.00315675
0.00335868
0.00364748
0.00439966
0.00315248
0.00342273
0.00321105
0.00315022
0.00315041
0.00315391
0.00319521
0.00318790
0.00352598
0.01841944
0.06199868
0.01819808
0.05108376
0.09375055
0.03852928
0.00573502
0.00603190
0.00427149
0.00793028
0.00397333
0.01057883
0.00412024
0.00333751
0.00522150
0.00352724
0.00488446
0.01267985
0.00904449
0.00482388
0.01036503
0.01270227
0.00349295
0.00454953
0.00402698
0.00762209
0.00427402
0.00331088
0.00435670
0.00641853
0.00519424
0.00316733
0.00322414
0.00315163
0.00386439
0.00354710
0.00329425
0.00321248
0.00379617
0.00490486
0.00676524
0.00484235
0.00434186
0.00343478
0.00340126
0.00318604
0.00340439
0.00315177
0.00315519
0.06500783
0.05725076
0.02514524
0.03276924
0.01731314
0.00321371
0.01047053
0.01211610
0.00450793
0.04867052
0.01496599
0.01898295
0.02551214
0.05031912
0.02592481
0.00585648
0.01049988
0.01867154
0.00417414
0.00341392
0.00699386
0.00624696
0.00338135
0.11037277
0.02638864
0.00903509
0.00450123
0.00342634
0.02599453
0.02629878
0.00708630
0.00744365
0.00548480
0.00868828
0.00750532
0.00348338
0.00466499
0.00561220
0.00337233
0.00380443
0.00816765
0.02318994
0.04066361
0.01348474
0.00586037
0.00493658
0.00350886
0.01071152
0.02829228
0.00317553
0.00315198
0.00315730
0.00315464
0.00314989
0.00334715
0.00475846
0.00416193
0.01254410
0.02412379
0.01373418
0.00721806
0.01115411
0.00864624
0.01673981
0.00430710
0.00672088
0.00916506
0.00404269
0.00330946
0.00317312
0.01026564
0.00315789
0.00743173
0.00533589
0.00314966
0.03110817
0.00703859
0.00315571
0.01146837
0.03705293
0.01465193
0.00932499
0.01573132
0.01094080
0.01834441
0.00876064
0.01717634
0.03752619
0.00946926
0.05722110
0.03300926
0.00537224
0.00468355
0.01705564
0.00854838
0.00522859
0.01017929
0.00315895
0.00315679
0.00343121
0.00344834
0.00397278
0.00315491
0.00315689
0.00315278
0.07747855
0.00315826
0.00459215
0.00725026
0.02351825
0.02889527
0.06860977
0.06815625
0.12217528
0.00370106
0.00315834
0.00315468
0.00315781
0.00315074
0.00315720
0.00555684
0.00674528
0.01553932
0.10836836
0.12649049
0.08555126
0.00700215
0.01645638
0.00700035
0.02201234
0.04802775
0.04386781
0.02119388
0.03208258
0.10802464
0.10577570
0.14297158
0.18562482
0.00381614
0.00329766
0.00395891
0.00421255
0.03433289
0.02282147
0.00398138
0.05005799
0.20784709
0.07672815
0.00340107
0.04358743
0.04819451
0.06841326
0.01667047
0.00989962
0.00645052
0.01450737
0.03163819
0.01438088
0.01397145
0.01220003
0.00546874
0.01239545
0.00395987
0.00390915
0.01351037
0.00558779
0.00316141
0.01783727
0.04146478
0.00330469
0.00320307
0.00315074
0.00315424
0.00315877
0.01094586
0.01790611
0.02122148
0.00743722
0.00566672
0.01347786
0.00582237
0.00988284
0.00545890
0.01428660
0.00902689
0.00743756
0.01493015
0.02167412
0.01283044
0.02014994
0.01676563
0.00757908
0.00898821
0.02787687
0.01889034
0.03446076
0.05542942
0.11573192
0.04560018
0.04639457
0.00988351
0.00521681
0.00926295
0.00828495
0.00343051
0.00391513
0.00453271
0.00382767
0.00842297
0.01041065
0.04486736
0.06144724
0.04825766
0.01694447
0.03043997
0.04444782
0.03470804
0.04559203
0.00456063
0.04484713
0.04166110
0.02020170
0.00743713
0.00632569
0.00314967
0.00315092
0.00971481
0.00797913
0.00475900
0.00317161
0.00646456
0.00725036
0.00483350
0.00358256
0.00315081
0.00315920
0.00481131
0.00590681
0.00332137
0.00499619
0.00315669
0.06510260
0.09400678
0.01263210
0.02831055
0.05728072
0.00836210
0.00469355
0.01093754
0.00561175
0.00727233
0.00511722
0.00729945
0.01735507
0.02415188
0.00376302
0.00694278
0.01194510
0.00386013
0.00527127
0.00315327
0.00500841
0.00315364
0.00800663
0.00476805
0.00471872
0.00629663
0.00804464
0.00975569
0.01356360
0.01202926
0.00612066
0.00527752
0.00377614
0.01205250
0.02018491
0.00810885
0.00751675
0.01820633
0.00315718
0.00331239
0.01532386
0.06829217
0.11213951
0.10507057
0.03580148
0.06396645
0.15671564
0.07033487
0.07597215
0.01983499
0.04293307
0.00771441
0.01169565
0.05396849
0.00611577
0.00694523
0.00639594
0.00584132
0.00662597
0.00987219
0.00527878
0.00315666
0.16777669
0.04423795
0.11866929
0.17886426
0.00366609
0.00369239
0.00647763
0.02160900
0.00798194
0.00315126
0.00315231
0.00315878
0.00315491
0.00337326
0.03098080
0.00789024
0.03716165
0.00316249
0.00505250
0.00512670
0.00610308
0.00547406
0.00458045
0.00484657
0.00438635
0.00637123
0.01036632
0.01121218
0.00628585
0.00734492
0.01011320
0.00326829
0.00525603
0.03006521
0.00869591
0.01244878
0.01179498
0.00801912
0.00419249
0.00344648
0.00315539
0.00315418
0.00315620
0.00315217
0.00315815
0.00315545
0.00636396
0.00463317
0.00490745
0.00492880
0.00425784
0.00483295
0.00394601
0.03498342
0.08799779
0.05319550
0.07505774
0.02185295
0.01731510
0.07720789
0.07077121
0.02870642
0.06141415
0.01099945
0.00504362
0.00651888
0.01238022
0.02177134
0.00821161
0.00752029
0.00390238
0.00322221
0.00365401
0.00425654
0.00317062
0.01960676
0.00839526
0.00315009
0.00315137
0.00582020
0.00405229
0.00620014
0.00652666
0.07739743
0.00484464
0.00363297
0.00315742
0.00315225
0.00315259
0.01217213
0.07167893
0.01733602
0.00386344
0.00315754
0.05535350
0.00499316
0.00416713
0.00320025
0.00351034
0.00321532
0.00468481
0.00406619
0.00499066
0.01112451
0.00348113
0.00476528
0.00414959
0.00681898
0.00500773
0.00329092
0.01744218
0.00982842
0.01320838
0.01315427
0.00510340
0.00937309
0.01087438
0.00615115
0.00797535
0.01584573
0.00772915
0.00572781
0.00636773
0.00673979
0.00744665
0.04491882
0.07350745
0.02400476
0.03897848
0.01981192
0.11296641
0.02163562
0.01156533
0.02144696
0.04247160
0.03396560
0.10967648
0.11170249
0.07186896
0.03914258
0.02437559
0.00738251
0.00376630
0.01499978
0.05744855
0.00379441
0.00641106
0.00444566
0.00566071
0.00810615
0.00738668
0.00416141
0.01425841
0.04158263
0.00946589
0.01647691
0.00558812
0.00502924
0.00673250
0.00322297
0.00315460
0.00504043
0.00517348
0.00495459
0.00565716
0.00611048
0.00336061
0.00527749
0.03705372
0.01731049
0.03523247
0.01846344
0.03327835
0.01995913
0.05002136
0.03395332
0.03246156
0.12218706
0.15632871
0.03247718
0.00593980
0.02628140
0.05401308
0.00660657
0.00674253
0.00837449
0.00506028
0.00413468
0.00327132
0.00332010
0.00696571
0.00421228
0.00344122
0.00407310
0.00626506
0.00754523
0.08697172
0.06731570
0.06875276
0.10496844
0.03759739
0.14500839
0.02140817
0.01784817
0.01594119
0.06175571
0.03391384
0.00774661
0.00357832
0.00411213
0.15812491
0.02450316
0.00333251
0.00315314
0.00315403
0.00315583
0.00315896
0.00315292
0.00315863
0.00315696
0.00315724
0.00609968
0.00342078
0.00328302
0.00315588
0.00315455
0.09917276
0.06247537
0.04321326
0.05853413
0.11367056
0.00324583
0.00365342
0.00373257
0.00397825
0.00783999
0.00574472
0.00859135
0.03371566
0.01185044
0.01091109
0.05825964
0.13695248
0.00719296
0.03095575
0.01052446
0.00876221
0.00689080
0.02750545
0.00315274
0.00315851
0.00315386
0.00315688
0.00315645
0.00315288
0.00315836
0.00315837
0.00315255
0.00315196
0.07986988
0.06937254
0.03081463
0.03268341
0.01569734
0.01502953
0.01250222
0.02683784
0.09367808
0.09278469
0.04221989
0.04236387
0.00587466
0.01324717
0.03799906
0.01895251
0.00904184
0.06553138
0.01864021
0.07458851
0.01422669
0.04345583
0.05092525
0.09132563
0.02574656
0.00405167
0.00318014
0.01512469
0.04511945
0.04099987
0.04543794
0.02635702
0.01908518
0.00394715
0.09391898
0.00315414
0.00315748
0.00315746
0.00315405
0.00315709
0.00897453
0.08259071
0.07728655
0.07493803
0.11443559
0.13243398
0.02720091
0.11755661
0.03583870
0.00838989
0.00410868
0.01474562
0.00931575
0.06899022
0.05439598
0.04980766
0.07852317
0.05506497
0.02978601
0.03291164
0.05416107
0.14900836
0.06633687
0.05131248
0.03396098
0.00688653
0.01933571
0.00424316
0.00783169
0.00315683
0.00315814
0.00315451
0.00371629
0.00367940
0.00315461
0.06901399
0.06324895
0.13321472
0.08244988
0.09064937
0.04153529
0.02617690
0.07983149
0.07474034
0.12330073
0.04734080
0.05085621
0.01349947
0.01803280
0.02090535
0.05560619
0.00976690
0.03099553
0.10055600
0.02542474
0.00973523
0.02825349
0.02445809
0.01345478
0.00483876
0.01410315
0.05864137
0.13456016
0.07812828
0.06991229
0.05665710
0.10072393
0.08894283
0.07502769
0.10634334
0.01862322
0.00764921
0.00330494
0.00315193
0.00799247
0.00318787
0.00315244
0.00522202
0.01036954
0.00323789
0.00315016
0.00315058
0.00315676
0.00315382
0.00391535
0.00541672
0.00387239
0.00315814
0.00986579
0.03283033
0.00948648
0.00706497
0.00315255
0.02386001
0.00339391
0.00353038
0.00497118
0.00315461
0.00315439
0.00473969
0.01145884
0.00652182
0.00570046
0.00585848
0.00352362
0.00315285
0.00315326
0.01298427
0.00441867
0.00687947
0.00668287
0.00529610
0.08750106
0.05168164
0.07437098
0.01266720
0.01075806
0.01715149
0.00315147
0.00315413
0.00315751
0.00315107
0.00764572
0.00637010
0.00419656
0.00869574
0.00694866
0.00611491
0.00389546
0.00748573
0.00314986
0.00315385
0.01162193
0.01518696
0.00506383
0.01598351
0.00315376
0.00315346
0.00315268
0.00315684
0.00315282
0.00741524
0.01029259
0.00342995
0.00377451
0.00514106
0.00386848
0.00349767
0.00574296
0.02788531
0.01579181
0.00429217
0.01708716
0.00885764
0.01414429
0.02641162
0.03279713
0.01615695
0.03603561
0.00644103
0.00315669
0.00533857
0.02277030
0.00315769
0.00635953
0.01671997
0.00568996
0.00810313
0.00315218
0.00315076
0.01473638
0.00705535
0.00324075
0.05052074
0.02628218
0.07698800
0.03141968
0.01035614
0.00831280
0.00962791
0.00458699
0.00348371
0.01179659
0.00724147
0.00441031
0.00513610
0.02141878
0.00315246
0.00315441
0.00327610
0.00315780
0.00432343
0.00505447
0.00315541
0.00358884
0.00327087
0.00315851
0.00425802
0.00381686
0.00435636
0.00333859
0.00471976
0.02399563
0.01450324
0.02967160
0.01036762
0.01022269
0.01025844
0.02577779
0.01867556
0.03810689
0.02417751
0.01335599
0.01878261
0.01226259
0.01099927
0.00361558
0.01205681
0.00576152
0.01351901
0.01459261
0.00880691
0.00420222
0.00479625
0.00626817
0.00744959
0.02496444
0.00635211
0.01214317
0.01992181
0.00318353
0.01631123
0.00387075
0.00315139
0.01513177
0.05498925
0.00779643
0.08566105
0.11160232
0.00315924
0.00315180
0.00315318
0.00315563
0.00315182
0.00315640
0.00315680
0.00315854
0.00315593
0.00315669
0.00315416
0.00315570
0.00921548
0.00315552
0.00315591
0.00804254
0.00315369
0.00315036
0.00315674
0.11771570
0.09523466
0.06941428
0.11724038
0.02120871
0.00603869
0.00315833
0.04063061
0.02050624
0.00896296
0.00470214
0.00425593
0.00333318
0.00377930
0.00315422
0.00315780
0.00315042
0.00315192
0.00315272
0.00315719
0.00315797
0.00315378
0.01110775
0.01162078
0.01347364
0.02106376
0.07746136
0.02909768
0.02749857
0.04599104
0.03267516
0.14341057
0.11814585
0.02214482
0.09378247
0.11053677
0.08562363
0.06658848
0.04032430
0.08130646
0.10403940
0.00643516
0.00445830
0.00378626
0.01331582
0.00332868
0.00315410
