0.23413449
0.11611212
0.11104561
0.19397912
0.15299425
0.18230178
0.23081745
0.24336483
0.28884030
0.21131271
0.26484694
0.25559089
0.34182185
0.20347641
0.18067342
0.26924163
0.23443702
0.21215903
0.31662328
0.07584375
0.13868702
0.13384544
0.16062491
0.13931384
0.18672021
0.18762980
0.19739799
0.19332758
0.18980688
0.11646982
0.05660911
0.12665277
0.05983509
0.07180320
0.08802254
0.07947943
0.09050078
0.07874178
0.06502399
0.02689475
0.12722422
0.18917709
0.09770274
0.13737602
0.14013247
0.26148047
0.25464076
0.13340349
0.25125156
0.03897546
0.02497196
0.14931437
0.05139065
0.06277968
0.17040694
0.14502448
0.17723577
0.18644832
0.19962351
0.18799363
0.18643349
0.24158322
0.20848508
0.10516117
0.10660168
0.25476830
0.26052046
0.30301999
0.24262727
0.14951409
0.20757055
0.16646704
0.15676410
0.03857227
0.08622611
0.06931636
0.21556405
0.26523648
0.16662325
0.10338737
0.22978230
0.15488362
0.15870488
0.11752079
0.10798297
0.13642293
0.21507070
0.25548213
0.34284019
0.19402757
0.16745473
0.12994805
0.07113277
0.24890937
0.12370550
0.20468359
0.26403029
0.16102137
0.12953577
0.19755519
0.22591358
0.14693955
0.13389190
0.19929230
0.23396938
0.15309114
0.28797224
0.16096205
0.13041866
0.07877648
0.05057301
0.15216672
0.12547228
0.18043713
0.27670026
0.28726829
0.25778774
0.19502020
0.27140487
0.22994840
0.21844112
0.19764219
0.24910414
0.15638346
0.19318521
0.19252081
0.15751253
0.17111780
0.09123794
0.22901113
0.20196274
0.23179922
0.16751504
0.13949774
0.19523870
0.15846068
0.12460619
0.21000963
0.13788223
0.08615008
0.13521971
0.23032113
0.29202287
0.26898853
0.35258564
0.19203438
0.17112472
0.08065626
0.13513072
0.13653960
0.11660804
0.20552200
0.15848935
0.19931999
0.18151677
0.18236605
0.20825076
0.14779477
0.21961073
0.17058391
0.18277734
0.06293975
0.08852025
0.23112592
0.19041986
0.12758015
