0.15548279
0.22567658
0.24129873
0.28264312
0.13342605
0.17424307
0.10167646
0.08143961
0.11086569
0.15757091
0.11832333
0.12992992
0.08650325
0.18712610
0.12116289
0.26279540
0.22329354
0.13161138
0.18089367
0.16414025
0.09293317
0.17827506
0.13711876
0.19367900
0.10289419
0.16236165
0.08107485
0.12925646
0.15046653
0.11890512
0.18869379
0.05081756
0.13050651
0.10793875
0.10620561
0.16975090
0.18623588
0.26253427
0.17464755
0.19441948
0.20576403
0.14075724
0.25205711
0.27111505
0.23759452
0.16538564
0.06707772
0.11614873
0.07436545
0.05991582
0.05998521
0.04732514
0.06315548
0.16711129
0.21132264
0.21303094
0.14339136
0.13069505
0.08786880
0.12899323
0.19536083
0.17508124
0.28604877
0.06686435
0.19958548
0.23159948
0.08458668
0.22343141
0.12197276
0.13146420
0.11057671
0.12341838
0.23090283
0.09932419
0.15535313
0.23119135
0.20812699
0.16105600
0.09517359
0.06661353
0.06582357
0.07435559
0.06663517
0.07912021
0.08153657
0.08371126
0.10028992
0.06054765
0.08838503
0.06359273
0.24481486
0.18891749
0.15417440
0.11974247
0.17040920
0.18301467
0.17010333
0.17496255
0.08912779
0.09619611
0.20071034
0.21081042
0.20070852
0.10878066
0.19971969
0.23007653
0.09211298
0.07225805
0.07641066
0.09562007
0.23603961
0.19071801
0.22640245
0.17009968
0.13695259
0.11216513
0.14839027
0.05496220
0.04785365
0.05181706
0.20808316
0.26402619
0.18353054
0.15449579
0.24177991
0.25536780
0.15546909
0.26580114
0.32197608
0.21846719
0.20847120
0.19768635
0.21310307
0.11089764
0.11056822
0.14761693
0.12981808
0.12532015
0.21215807
0.12014950
0.08283912
0.13147598
0.08490798
0.10773706
0.23270335
0.20785307
0.12163265
0.12635682
0.22891240
0.13580115
0.10019825
0.08086594
0.08949693
0.11616919
0.12052778
0.09471159
0.09937898
0.14704445
0.16917294
0.21770206
0.08337398
0.14492162
0.31818239
0.17305429
0.10994279
0.09327236
0.21060955
0.16241734
0.22524014
0.27625091
0.19488513
0.14610310
0.25981615
0.23475404
0.19062396
0.17965650
0.08730116
0.08871281
0.08841270
0.07591269
0.16074008
0.10587874
0.11559150
0.13941689
0.14339319
0.12164196
0.10912178
0.24720338
0.17466581
0.15741296
0.13889646
0.11362883
0.10314053
0.09235412
0.07449099
0.08858508
0.09217534
0.12016010
0.15240857
0.14196337
0.09487832
0.08048831
0.14767171
0.18469649
0.13691698
0.15054231
0.20108378
0.19085588
0.19348909
0.10395852
0.21660459
0.15313261
0.17567472
0.18637923
0.17732185
