1985.70126104
2290.00020770
2288.57713781
2266.82227764
2223.39601310
1900.85167603
722.98301562
2284.82992508
2029.27760580
2235.50791697
2199.50232554
2282.44678977
2279.09525964
2293.92048625
2259.50314399
2233.72699941
2006.13260082
2009.91150172
2199.42477295
2245.71474225
2242.80820595
1211.93323761
2289.45041135
2276.68000131
2271.75740052
2264.67735586
1747.17453243
1575.11462171
2125.45865032
2160.07659139
1943.33973593
2041.59501330
2188.59133658
2298.30462361
2283.42212955
2276.55260827
2266.57592002
2141.88793978
1670.40666312
2259.98627343
1430.66056341
2255.07377498
2283.13579192
2264.25640975
2292.69380943
2294.40445028
2285.02387950
2222.31639743
2263.94144040
2281.72029228
2280.23830701
2250.80327600
2289.22573361
2298.55289241
1932.96327083
2275.61854872
1863.07522049
2224.23830218
764.73909171
2298.34830565
2266.85344096
2060.29993052
1751.37932806
2293.58884436
2285.61830175
2174.87846637
1890.04130865
1810.32362207
2123.72443137
2283.03896895
2217.18171602
2255.56031559
2005.08096115
2246.28964546
2265.00214423
2259.14692786
2251.58404574
2116.80387629
1703.50750163
2272.33739317
2295.97910078
2297.57953653
2187.21776228
2274.41483674
1400.25260739
2018.47758855
1651.31740281
1823.53961181
1882.22660357
2290.63200936
2054.09234852
1216.54823942
2231.24858231
2210.10647170
2296.64564612
2292.75113313
2295.93358278
2190.56049463
2116.48663238
1407.41585475
1102.22486390
1725.30304118
2091.26182788
1158.85000765
2275.87349853
1194.68610757
2051.55526254
2213.99471025
2232.56658625
2273.28134582
2160.06498730
2246.57607757
2219.76109327
2087.31827743
1995.64116702
2138.81274969
974.64888966
2265.78936113
2269.32758955
2263.59039305
794.50311418
1958.79003124
2148.32539945
2092.48129982
2299.80921286
2289.36703483
2091.15514998
1759.83961339
1881.33437271
2256.27601779
1782.39506561
2047.60670094
1653.61190188
2169.89530691
2298.78057092
2290.91177864
2289.87575609
1297.59732383
2225.44491926
2218.83074938
804.28338094
369.83892367
1799.22180270
2259.02168169
2288.54414891
2295.75016692
2300.69948961
2300.47904743
2250.61600474
2181.90582929
1674.01054361
1486.40693589
2190.54855790
2281.52600369
910.31724536
2227.47998128
1841.81013997
1995.89550904
2267.55995424
2300.58884835
2086.11613629
1228.05042523
2297.87660429
2293.43365952
2167.97845323
2258.16906522
2291.06878839
2287.80852856
2297.00669523
1991.88398279
2291.38394392
2254.91430028
1817.71207718
2279.59659398
1502.68958725
1937.46243878
2247.13059945
1747.27387729
1963.79430128
2272.13262171
2269.60433635
2292.14364847
2271.80098125
2088.67089592
2288.12495392
1770.45578099
1783.87447645
2257.03145547
2253.02975997
2223.70057915
2171.78337797
2099.11044645
1606.95292817
2185.74000409
2075.62218604
2117.96524324
2299.39993694
2255.93811050
1916.32871378
2278.87758498
2280.61821813
2297.44849257
2299.98536266
2301.12944849
2262.31772262
2140.51921126
2149.35202945
2196.90243235
2163.35953282
1635.10131817
2249.76688672
2265.96622658
1785.39803209
2116.40308401
1538.88998811
2281.35645491
2075.90439246
2291.15332933
2289.13270497
2288.95916935
2211.58172296
2298.47216620
2288.99638257
2182.77082980
1886.93804334
2293.11598931
2200.62948441
1864.75608276
1970.66363292
2166.96557095
1289.53715295
2018.67236172
2082.20444211
2293.72986215
2263.71177745
1560.22432020
2278.79721952
2275.71560260
2266.51078978
1808.21473995
1350.19203860
2181.65766610
2244.24533816
2118.59857536
2131.74563880
1684.45917815
2276.75604324
1846.64893917
2264.64330555
2298.87892221
2267.35326757
2221.78962308
2180.96674755
902.15929557
2133.70157719
2221.06862314
2122.95003717
2095.03299300
2158.50437280
2042.45912924
2239.02390444
2133.04740750
2149.52126561
2283.31026911
2298.02392804
2298.19449958
2266.90660602
2233.00233986
2285.85680770
2299.04638961
2299.34448073
2184.02595478
2282.52028604
2234.12966579
1537.39770419
2302.21013018
2175.57510846
2232.11414554
2032.09001432
1817.67549270
1878.34841318
2066.27127036
2296.05335298
2046.46796263
2302.47257283
2301.18361693
2089.95006437
1811.56875348
2155.32546243
2264.11951733
2162.06551707
2184.46236101
1569.76379266
2055.54071930
1822.93405292
1856.61368282
2259.63610836
2202.57214224
1434.12965988
2169.54065514
2176.77391628
2188.96800605
1903.20717625
2260.87033535
1595.46425150
513.97435931
2236.53673011
2296.51115669
1383.59384109
1868.65353303
2273.45119103
2253.17442870
1388.47822528
1277.54899106
2181.10282850
2301.12170902
2266.53681281
2008.56921487
1333.85648328
1645.63030653
2154.19713157
1643.51958446
2301.53447318
2302.44979741
1884.50653913
1748.62308794
2032.64955649
2289.94061665
2042.24108133
2103.64904019
2249.37936636
2301.96399081
2302.21064183
2294.71019485
1627.15866321
2265.92819759
2264.73533692
2222.91064222
2020.30417576
1817.28137799
2297.91283414
2299.96251117
2289.05980132
2275.32758930
2150.47587453
317.80418772
2300.84206593
2299.69106854
2300.96175532
2286.98572369
2286.05157992
2292.18685650
2300.84413573
2294.24866108
2142.90210218
809.93972903
2273.35944018
2301.45281464
2225.25401592
2210.71464826
2268.56042660
1783.51378147
2138.50928945
2094.52865759
1780.24450028
2301.27843082
2298.57502102
2266.73441151
1870.56933053
2262.67435860
2277.76021339
2258.82326573
2263.49750044
2057.69404858
2265.32018903
1919.61436846
2040.80713600
1988.52284503
2232.31346594
2278.17071321
1829.65007216
2182.11620256
500.28761210
1999.15989354
2235.32671343
1672.65481708
2138.14795182
2302.47291541
2297.32773962
2296.92136494
2053.94151271
2292.30230373
2299.14756448
2202.56099842
629.89197157
2291.26443379
2126.33811402
2242.70184480
2239.08699940
1157.34362377
2141.75708636
2283.71561514
2296.20062106
2299.71467752
2282.05570944
2226.43146307
2284.09886045
2299.58475618
2297.63282718
2296.43580949
2128.73137847
2181.33289969
2221.53540887
2264.34116883
2101.77329815
1665.29907427
523.48722546
2210.90362217
