30.92854341
29.38520327
29.87819711
29.04986430
29.04835430
29.19666396
29.17110507
29.04986430
29.04835430
29.54709000
30.49502756
29.19513167
29.04986430
50.33259266
55.05614850
43.24406781
95.39972632
29.67021096
50.16955128
61.89947644
29.04986430
29.04986430
62.49632724
178.70072871
38.72859629
30.38185304
76.23570388
29.14332417
29.04986430
29.04835430
29.32233113
111.22532652
29.30915205
45.18131737
34.24167855
39.32840520
37.37540304
50.37809449
70.54858439
149.79843716
32.78538290
82.90796817
210.69291317
33.22102555
35.97675922
155.88487316
49.82803303
29.04986430
58.22053035
50.44036243
40.29964047
33.09292970
32.85446885
29.87149326
30.09375714
29.47787340
29.60448441
29.57519157
29.51337253
30.85256078
32.88424071
29.85924086
29.78861219
29.61245853
29.69542623
29.50278903
35.71909554
41.80135747
29.67662955
30.72687593
29.70491751
32.37290591
36.07156400
29.42586964
29.04986430
29.04835430
29.04986430
29.04986430
41.42139928
29.04986430
29.04986430
29.04986430
115.24732155
100.07620259
29.04986430
65.62870386
31.55485985
29.04986430
71.63525879
34.21293553
29.41333984
44.63122417
44.90283798
37.11244623
49.06099208
91.48285106
48.78813487
106.46564901
33.04120811
40.71643740
29.62395185
29.81524696
29.75347114
36.12132984
29.77013663
32.07101336
30.70239158
29.62171606
29.92786902
29.87819711
29.95962686
29.94760395
29.61245853
34.81710808
58.24918366
31.16343553
31.16416701
31.01331687
29.59986219
101.90089555
29.04986430
29.28392670
29.04835430
61.04901968
126.49582548
31.29950749
30.95691462
108.22762446
29.93164878
29.29908538
48.07589591
31.16380126
31.33784080
30.98967866
29.91949249
41.17064587
29.60639765
29.90538196
33.97051947
32.06512317
30.00189419
29.56915211
29.68722871
41.57918061
29.86626388
31.17038642
29.04986430
29.04986430
29.04986430
29.04986430
50.25479325
47.03249790
30.96680643
34.64592695
64.69491700
55.44693695
37.66504569
29.93099133
29.04835430
29.60193397
32.83555579
33.40482847
30.68270029
32.39843895
29.62315330
30.04415898
31.39248918
30.92585343
74.25966986
31.02849859
29.63977563
52.67335802
30.18958538
29.74684452
29.84325196
34.00915925
34.98508428
36.62673557
31.97084616
75.15863388
49.25317371
29.42054262
33.14462596
29.78245014
29.04835430
29.84243684
30.02424942
30.31547070
30.23764105
29.04835430
29.04835430
44.78363309
43.95312350
35.85928211
31.20813637
29.04835430
44.49268534
52.22813885
32.29899122
29.06633821
29.24597446
31.51792708
32.29539596
45.79493746
30.77068720
29.04986430
30.11830553
214.37908805
29.59842812
29.16545109
29.04986430
29.04986430
29.04986430
29.04986430
87.33895553
29.04986430
29.04986430
29.04986430
29.04986430
187.68556897
29.04986430
29.04986430
29.04986430
61.80060429
96.85765406
39.25324312
32.71519416
32.23521809
34.09125287
29.72860215
31.27198815
29.29227666
29.33972247
30.50453822
29.08981146
29.31163152
29.45914716
29.46590989
29.91161458
30.09375714
29.88016000
29.87950566
29.65530274
29.91899996
30.10243471
46.40190309
84.45426677
30.03403378
29.94036366
29.69832098
29.74474426
31.60382962
32.23263369
31.31949270
42.12571498
41.46670461
37.27391944
29.04986430
29.04986430
34.17173837
29.56248097
29.35496413
30.61910637
29.06724582
29.31550690
29.25460154
29.04835430
29.13159380
29.06028957
29.04835430
106.06132367
29.04986430
205.20950836
96.93168073
29.04986430
64.14711561
64.91717338
45.34673761
34.17673995
45.36440868
38.28467170
29.20586263
29.20954445
29.22674398
32.99324273
29.18242257
31.81508175
39.26495102
33.94025975
47.60880667
36.10574705
41.45015986
33.11261171
33.19927765
30.48725196
29.37365826
29.46575257
29.29335956
29.36851399
76.89030705
29.48307238
127.96580568
45.32907751
36.48066359
31.62999886
35.51252936
30.05113585
29.30961690
39.16250026
30.86575594
30.34068094
31.55825705
32.81998718
43.81399891
30.09492488
30.72581799
31.28490907
29.40270145
29.49868489
29.58425726
30.18302538
31.02289359
32.86653658
31.44531980
30.01629568
31.27051233
30.93554019
134.50277997
29.04986430
29.23412417
29.20141556
29.30326572
39.98425278
30.24321872
61.22155978
29.04986430
124.34683073
172.89283958
67.30624444
29.04986430
38.92328969
29.99742860
30.34852799
29.04986430
107.32678389
92.16122674
108.35973961
65.87873891
70.71946458
95.55726417
208.24426810
29.04986430
141.24734940
46.64701549
63.55510794
101.97979636
38.35813599
65.14990310
56.08972546
58.32365879
54.78671197
29.43857155
29.04986430
30.53329082
29.04986430
34.76889100
29.04835430
29.04986430
29.04986430
30.41235827
30.28997701
30.15447543
32.44520609
47.77122858
29.04986430
125.09640316
65.39578888
101.88844301
29.04986430
29.04835430
29.45176037
29.49474013
29.04835430
29.04986430
29.04835430
29.11987715
31.96539020
29.81768636
48.72242043
33.41131219
39.31846867
29.78471996
121.21889790
126.73000090
137.89903258
29.04986430
70.30710196
79.99381905
29.32729707
32.52682646
30.21080561
31.60439794
33.53679109
30.02192898
33.49086134
31.81046062
35.56591874
32.96093613
31.31319758
40.03707931
56.23148089
29.52459961
29.04835430
31.65203784
32.42603633
33.05153750
32.75354788
30.13855287
