2562.14699188
1582.59369877
639.02171603
907.60033785
654.39426597
388.16260774
821.82792584
536.95853236
1195.32215932
2513.88400088
1207.90611165
613.60199766
2354.77079464
2022.22203068
1570.41391713
540.39339840
452.00491519
793.70196826
1392.35228840
794.21857086
916.34722708
904.95400208
1052.28809186
918.31289912
580.82549778
775.54944160
1252.31557845
1272.51414383
1778.63790056
2522.30913223
926.26446254
1746.50632949
2002.04788934
769.96238793
1501.95566658
703.93999494
1697.72171292
1565.70054072
1683.05359390
956.04072897
1328.81458880
1782.65611349
2265.76046766
2116.40450229
2240.39145932
1045.05551561
1006.87745024
2153.34880040
1202.19362851
1860.27935687
2207.18997813
2203.56986629
2380.62752670
1736.22383371
2354.84282301
2225.27862171
2600.00000000
1912.76542377
1728.39816591
2368.10058313
2124.57367381
1940.89885776
2563.66598604
827.42791797
1368.72326196
985.07550175
1516.27285299
1000.27863338
743.73205327
2002.84755319
1718.09984694
1803.98169055
2448.44808595
1652.82829993
1591.72848863
1528.85767226
1359.45067339
2286.01271904
2073.20366080
1414.41174908
1693.63951511
1643.46546190
2168.78665460
2224.16091444
2422.88495408
1202.03289231
1444.75233874
872.87280372
486.64156892
2211.22758039
1292.71815555
1594.07140720
1824.30028769
1700.54935204
1418.72837296
936.80194540
726.30617637
568.86567822
1751.34662117
2018.72624320
1422.44295561
1026.94282893
1242.79370413
1131.10964416
1544.22700980
1166.68745914
2237.99570614
2238.83783114
1231.40860732
2433.87544472
1617.67954726
1711.12315224
2424.57075179
1027.42362963
2005.74169930
1883.52452184
483.71973072
344.79007191
1468.27799588
1839.67631432
1126.93046063
1939.69651685
1802.67093746
2307.29683342
820.17737003
690.60397084
1728.94677598
1541.21475608
1984.29153065
2096.67633973
2357.25113637
1826.99663950
2079.40257729
2279.68023857
2155.67967195
1852.40188788
1851.64962549
2539.59287716
2191.70295090
2594.14101167
2158.93466900
1348.51425083
1829.81577487
1391.99030867
1393.16079405
365.01669810
442.41997788
448.86220274
2382.30360755
2562.86329969
1595.54625757
759.26232159
2327.29558026
1874.71262779
1869.36573290
1618.67804055
1028.02702510
2044.39494004
2086.58093208
1953.04173181
2430.31312000
1620.94611540
1795.68502873
1616.95349632
478.57397132
2373.67239888
1630.80493134
1875.63457831
2486.66026932
1369.19959087
1032.59558406
1864.60033062
2175.15162609
1068.10351438
1117.50610212
2546.25748192
2380.70777122
1450.49345655
2472.62891824
1643.96546271
981.25254474
1473.09487998
445.22803576
1303.32670000
813.89325882
798.80988439
2482.97985515
2514.10937292
2340.97975628
1890.98506559
2434.36756089
2224.64642442
2208.87211804
2393.54575932
2369.78263762
852.59473152
1218.42598223
1296.54560783
1216.39039113
1438.34674965
884.20022910
2286.31756393
2105.79475367
2299.86615780
1734.17453270
1269.54429436
1333.54373234
1000.98746569
1260.74429136
2321.48049603
1811.19469587
911.61051877
972.56489637
2100.45861423
2257.05986971
2111.29764138
2600.00000000
1857.15331176
1962.17599451
1621.27558874
582.91945205
1204.08010524
1269.35927309
873.73886324
2241.50334930
1808.48676928
2401.17557938
2205.85013506
1991.09146422
1455.04293201
2181.17490077
2595.89387828
2516.89294954
2076.73766340
2262.81629404
1857.70844169
1135.20350692
2115.72494286
1233.65950157
1510.23661440
1259.70544100
1627.71477626
2030.87965657
2191.09589232
2080.46717176
1453.83980295
2037.04573741
1696.31260071
1493.82038028
454.08955105
592.93148866
2010.43078324
2023.54515565
816.61371856
