0.26536658
0.25409751
0.30280768
0.32602802
0.29808185
0.23637543
0.24320224
0.30610738
0.32446196
0.27151761
0.25970811
0.17073774
0.23812195
0.18104838
0.18219646
0.17434770
0.27612743
0.23241469
0.14997006
0.25134653
0.23345321
0.31122081
0.31921963
0.28882722
0.24337164
0.24975561
0.15924218
0.14454268
0.17519749
0.25048110
0.15306261
0.26387784
0.12650482
0.21123640
0.17508885
0.23022901
0.25000143
0.26413011
0.19064550
0.16430682
0.21008831
0.20354784
0.23626587
0.24502978
0.26161851
0.28795534
0.26823172
0.27589081
0.22989204
0.24195104
0.28935661
0.25813283
0.22453279
0.22584567
0.22285071
0.24876128
0.25697186
0.28302605
0.20160798
0.15276063
0.15149010
0.05394419
0.07285201
0.20861339
0.23787245
0.26319931
0.26309159
0.28020602
0.26481877
0.22665955
0.14115368
0.08985780
0.18215135
0.23922400
0.11275821
0.25564885
0.20240804
0.18282160
0.23758060
0.28068937
0.26215618
0.13181067
0.25000051
0.24303192
0.20853790
0.26397820
0.28839358
0.26924078
0.28021062
0.23511135
0.30008708
0.26238451
0.16855205
0.27669733
0.20919066
0.16694916
0.27233240
0.18851505
0.20323113
0.19718873
0.22245851
0.15071949
0.18878113
0.13144055
0.28170120
0.19500765
0.23992095
0.22962136
0.24120990
0.24811036
0.29093373
0.23747196
0.20898995
0.16771976
0.27508246
0.25792108
0.19775219
0.21944606
0.23357566
0.16502402
0.21727787
0.24008668
0.31490443
0.30321093
0.17954399
0.18544736
0.23433706
0.24177796
0.22589355
0.20635129
0.21603035
0.22195674
0.22320057
0.22916471
0.18421274
0.23684866
0.22053706
0.22130030
0.18512789
0.19231836
0.18374043
0.21525330
0.19496622
0.21698325
0.29834516
0.28188165
0.15927625
0.24381357
0.25773418
0.29983666
0.16056059
0.25019293
0.19118501
0.11528086
0.22461473
0.31567043
0.12641183
0.24953004
0.30030804
0.26453060
0.20849002
0.19919949
0.28986298
0.29457868
0.31323524
0.28605231
0.11883835
0.22121836
0.25170652
0.24845653
0.23871395
0.24735449
0.13507446
0.21066005
0.21421846
0.23635242
0.25188789
0.28200686
0.29324554
0.28227570
0.26943872
0.23067001
0.11098223
0.20041846
0.23798569
0.20706390
0.26046766
0.29719800
0.14665840
0.13996877
0.12472699
0.13655122
0.24923819
0.25081346
0.23573096
0.21319559
0.22960847
0.22137395
0.25670302
0.26403804
0.19488705
0.26112226
0.20757763
0.21911369
0.25764763
0.27577297
0.29053139
0.22650395
0.26403436
0.13450272
0.17637227
0.28754012
0.21129256
0.18562966
0.27661631
0.27257178
0.23353883
0.20041386
0.25356904
0.26890105
0.29155242
0.13948357
0.33699511
0.25636053
0.27202030
0.18375424
0.09601518
0.12627925
0.18665805
0.22932214
0.23875262
0.21911093
0.14392123
0.20244119
0.24006182
0.24900802
0.25851583
0.16547424
0.15203790
0.15465170
0.20819172
0.15530262
0.14812779
0.09164317
0.22156361
0.16551198
0.22535127
0.21946539
0.22159399
0.23963554
0.20575654
0.23243494
0.22129754
0.20361413
0.10772580
0.23239075
0.26424151
0.26503697
0.21034887
0.25142387
0.23750602
0.25918700
0.16923059
0.28692787
0.26260363
0.20952026
0.18501833
0.22090257
0.26496608
0.23177758
0.22737675
0.27029863
0.27619464
0.30267510
0.32995839
0.22032806
0.24671185
0.26524873
0.18967879
0.25937390
0.25824884
0.19605815
0.16966883
0.27790801
0.23556156
0.22893730
0.22844474
0.23978193
0.14730011
0.16152638
0.25985910
0.21476535
0.22676727
0.26273897
0.24398758
0.24088950
0.23784115
0.20689910
0.14824748
0.25903233
0.24728359
0.17443977
0.19098799
0.28268171
0.22895479
0.28132464
0.26669419
0.15317770
0.20737232
0.17192449
0.24337349
0.22424738
0.25755096
0.25822950
0.25608617
0.26829248
0.26274173
0.21427463
0.21474785
0.21331989
0.24344806
0.24278057
0.22349795
0.23282163
0.20454309
0.25168258
0.22339299
0.24063264
0.30878470
0.30252227
0.24236443
0.25546656
0.22694680
0.21045935
0.22835175
0.29155610
0.23797925
0.31245911
0.23455158
0.33990444
0.16724653
0.27097349
0.25090093
0.26475064
0.27982854
0.27942529
0.08473571
0.17830845
0.22105632
0.16618039
0.21298936
0.19988815
0.22514596
0.24373071
0.19483733
0.17552433
0.19128352
0.23484435
0.19034812
0.17329353
0.13870652
0.05757082
0.11187160
0.14768863
0.17164920
0.25934168
0.26729815
0.19680942
0.13628054
0.23348543
0.20664223
0.22697258
0.23094805
0.24860292
0.28350572
0.22094031
0.10192260
0.22272458
0.19881741
0.30828385
0.24304941
0.24305401
0.27090352
0.26713796
0.26906032
0.21103753
0.27850921
0.29685183
0.32191629
0.29408152
0.27864271
0.21565103
0.25924593
0.23872684
0.25738248
0.20862997
0.17022952
0.27422163
0.27620845
0.28673453
0.25792108
0.32656478
0.34800362
0.30736410
0.19394335
0.21404538
0.29629666
0.28689749
0.30092950
0.28457554
0.21038753
0.16822797
0.21517965
0.24548552
0.20163836
0.19918384
0.26073834
0.27076726
