0.00617031
0.00467051
0.00311050
0.00404352
0.00481027
0.00462722
0.00531988
0.00310540
0.00310869
0.01754067
0.02202407
0.01570469
0.00610132
0.00310991
0.02204486
0.02657631
0.00851415
0.00313231
0.00339551
0.00983631
0.01197702
0.03277570
0.00567418
0.00310588
0.00562094
0.06400237
0.00514295
0.00395548
0.10215304
0.14320639
0.12341650
0.08808769
0.02722357
0.14504160
0.07000538
0.09304468
0.04147882
0.01787619
0.04911031
0.06927535
0.04887264
0.02572320
0.05011667
0.01794455
0.00877483
0.00818102
0.01298852
0.00449753
0.00666541
0.00553659
0.00339039
0.00705410
0.00683385
0.00310521
0.00310780
0.00310436
0.00310638
0.00310887
0.00310260
0.00310243
0.00310292
0.00310476
0.00330127
0.02399165
0.04907579
0.00310789
0.00310578
0.00310238
0.00310730
0.01288699
0.01160665
0.01227078
0.00815312
0.01160786
0.00726501
0.00819748
0.01452901
0.00848765
0.00758339
0.00675960
0.00868181
0.00718126
0.03853543
0.03964071
0.06650127
0.00894926
0.00979741
0.00652398
0.00871966
0.01288622
0.01293524
0.01567365
0.00883731
0.00892536
0.00674935
0.00852076
0.00569587
0.01324678
0.01059981
0.14186431
0.09305841
0.01813967
0.01411537
0.02863497
0.05221092
0.03822872
0.00915467
0.13354689
0.02442386
0.06049904
0.01543675
0.01922465
0.02563628
0.03688945
0.01187372
0.00902565
0.00749060
0.00689871
0.00477166
0.01383370
0.09472818
0.19294168
0.21204602
0.14554149
0.05110244
0.00532888
0.00977899
0.01109071
0.01468623
0.01439007
0.01360184
0.03851570
0.02265160
0.00917428
0.01576821
0.00771961
0.01355243
0.01130009
0.01436386
0.02996149
0.00310304
0.00779964
0.00468562
0.00310962
0.00310780
0.00369167
0.00459948
0.00310223
0.00311061
0.00310664
0.00357992
0.00927172
0.00974584
0.01841254
0.01012944
0.01412649
0.00312200
0.04873147
0.04602739
0.03774787
0.08833957
0.02962220
0.03880529
0.00576580
0.00890824
0.00388662
0.00499527
0.00724213
0.00310963
0.00791282
0.00489451
0.01215408
0.00687530
0.00733936
0.01488551
0.02940735
0.00310326
0.00310586
0.00576356
0.01056425
0.00682827
0.00957888
0.00506736
0.04458746
0.00797946
0.00671900
0.03425353
0.01066327
0.00311135
0.00337188
0.01779516
0.07299238
0.00560103
0.01021328
0.00570883
0.00386237
0.05373391
0.08100860
0.04105473
0.03122293
0.04618471
0.01401597
0.02787382
0.03829805
0.09445541
0.00681238
0.00358233
0.00516877
0.00325364
0.03345970
0.06114620
0.00310775
0.04128621
0.15009374
0.00318447
0.00711836
0.00800593
0.00527283
0.04573838
0.03950292
0.00724450
0.14049999
0.01330586
0.01082204
0.00975015
0.00914878
0.00810837
0.00380155
0.05059597
0.00506485
0.00382997
0.00310525
0.00328677
0.01138692
0.01465529
0.02217239
0.00550754
0.00450115
0.00421994
0.01458355
0.00310620
0.00310991
0.00329280
0.01069105
0.01733858
0.03596681
0.01981350
0.01729497
0.00505751
0.04183629
0.01524753
0.01013300
0.01977183
0.02131986
0.00613639
0.00473038
0.00311924
0.05138981
0.00652925
0.00637026
0.00471850
0.00579786
0.00418142
0.00886822
0.00408134
0.00720707
0.00580165
0.00534794
0.00373322
0.05621705
0.02567176
0.14017607
0.10713266
0.02399967
0.07518795
0.02004885
0.05580998
0.00670906
0.00456084
0.00881889
0.00860631
0.00343657
0.00798282
0.01609513
0.01883634
0.10896110
0.16081588
0.07052248
0.06689597
0.07472751
0.00566638
0.00326595
0.01248698
0.07697849
0.00881873
0.03938264
0.01437092
0.00927787
0.00389742
0.00990494
0.00361437
0.00310557
0.00310816
0.03372241
0.04995994
0.01202826
0.01487169
0.01275450
0.00348973
0.00400408
0.00636342
0.00310449
0.00310554
0.00314447
0.00310255
0.00365621
0.00465360
0.00323921
0.00559491
0.01052864
0.00332663
0.00363698
0.00334904
0.00311037
0.00310863
0.00354008
0.00367090
0.00310526
0.00391260
0.01977299
0.00693757
0.00326371
0.00372329
0.00311307
0.00310439
0.00342953
0.00310683
0.00310430
0.00310370
0.00314241
0.00419706
0.00351829
0.00310929
0.00330810
0.00359245
0.00433302
0.00310508
0.00337116
0.00316275
0.00310286
0.00310304
0.00310649
0.00314716
0.00313995
0.00347282
0.01813648
0.06104332
0.01791854
0.05029681
0.09230528
0.03793604
0.00564778
0.00594007
0.00420683
0.00780916
0.00391326
0.01041685
0.00405791
0.00328726
0.00514218
0.00347406
0.00481034
0.01248545
0.00890618
0.00475069
0.01020634
0.01250753
0.00344030
0.00448058
0.00396609
0.00750573
0.00420932
0.00326104
0.00429072
0.00632074
0.00511534
0.00311970
0.00317564
0.00310424
0.00380601
0.00349361
0.00324467
0.00316415
0.00373884
0.00483042
0.00666210
0.00476888
0.00427611
0.00338302
0.00335002
0.00313812
0.00335311
0.00310438
0.00310775
0.06400604
0.05636866
0.02475851
0.03226488
0.01704725
0.00316537
0.01031022
0.01193039
0.00443962
0.04792081
0.01473632
0.01869130
0.02511975
0.04954397
0.02552605
0.00576736
0.01033912
0.01838469
0.00411098
0.00336249
0.00688719
0.00615182
0.00333042
0.10867102
0.02598272
0.00889693
0.00443302
0.00337472
0.02559470
0.02589425
0.00697821
0.00733005
0.00540142
0.00855547
0.00739076
0.00343088
0.00459425
0.00552685
0.00332154
0.00374697
0.00804287
0.02283338
0.04003744
0.01327792
0.00577119
0.00486165
0.00345596
0.01054749
0.02785699
0.00312778
0.00310459
0.00310983
0.00310721
0.00310253
0.00329675
0.00468628
0.00409896
0.01235180
0.02375282
0.01352352
0.00710794
0.01098325
0.00851407
0.01648276
0.00424189
0.00661843
0.00902489
0.00398156
0.00325964
0.00312540
0.01010849
0.00311041
0.00731831
0.00525480
0.00310231
0.03062943
0.00693123
0.00310827
0.01129266
0.03648247
0.01442710
0.00918235
0.01548984
0.01077324
0.01806261
0.00862671
0.01691256
0.03694843
0.00932440
0.05633946
0.03250119
0.00529060
0.00461253
0.01679372
0.00841773
0.00514916
0.01002347
0.00311146
0.00310933
0.00337952
0.00339638
0.00391272
0.00310747
0.00310943
0.00310537
0.07628434
0.00311077
0.00452254
0.00713963
0.02315662
0.02845068
0.06755241
0.06710588
0.12029143
0.00364519
0.00311086
0.00310725
0.00311034
0.00310337
0.00310973
0.00547235
0.00664244
0.01530081
0.10669755
0.12454006
0.08423249
0.00689535
0.01620371
0.00689358
0.02167395
0.04728796
0.04319220
0.02086812
0.03158881
0.10635912
0.10414489
0.14076686
0.18276198
0.00375851
0.00324802
0.00389907
0.00414879
0.03380440
0.02247059
0.00392119
0.04928686
0.20464138
0.07554552
0.00334984
0.04291614
0.04745214
0.06735893
0.01641450
0.00974812
0.00635223
0.01428477
0.03115128
0.01416023
0.01375712
0.01201304
0.00538561
0.01220544
0.00390002
0.00385007
0.01330316
0.00550282
0.00311387
0.01756329
0.04082625
0.00325495
0.00315489
0.00310337
0.00310682
0.00311127
0.01077822
0.01763107
0.02089529
0.00732371
0.00558053
0.01327115
0.00573377
0.00973160
0.00537592
0.01406741
0.00888885
0.00732404
0.01470103
0.02134094
0.01263372
0.01984029
0.01650819
0.00746338
0.00885077
0.02744799
0.01860012
0.03393029
0.05457542
0.11394749
0.04489784
0.04567998
0.00973225
0.00513756
0.00912127
0.00815837
0.00337882
0.00385596
0.00446402
0.00376986
0.00829426
0.01025127
0.04417632
0.06050039
0.04751431
0.01668427
0.02997154
0.04376326
0.03417376
0.04488981
0.00449151
0.04415640
0.04101953
0.01989124
0.00732363
0.00622933
0.00310232
0.00310355
0.00956616
0.00785726
0.00468682
0.00312392
0.00636606
0.00713974
0.00476017
0.00352853
0.00310344
0.00311170
0.00473831
0.00581692
0.00327137
0.00492035
0.00310922
0.06409935
0.09255755
0.01243844
0.02787498
0.05639815
0.00823432
0.00462237
0.01077003
0.00552641
0.00716137
0.00503951
0.00718806
0.01708854
0.02378047
0.00370621
0.00683690
0.01176204
0.00380182
0.00519118
0.00310586
0.00493237
0.00310623
0.00788433
0.00469572
0.00464715
0.00620072
0.00792176
0.00960641
0.01335556
0.01184490
0.00602746
0.00519734
0.00371912
0.01186778
0.01987471
0.00798498
0.00740201
0.01792666
0.00310971
0.00326253
0.01508866
0.06723970
0.11041051
0.10345064
0.03525033
0.06298073
0.15429886
0.06925089
0.07480119
0.01953020
0.04227188
0.00759663
0.01151644
0.05313703
0.00602265
0.00683932
0.00629850
0.00575244
0.00652498
0.00972112
0.00519858
0.00310919
0.16518924
0.04355663
0.11683954
0.17610573
0.00361077
0.00363667
0.00637893
0.02127683
0.00786002
0.00310389
0.00310492
0.00311128
0.00310747
0.00332246
0.03050402
0.00776974
0.03658951
0.00311494
0.00497579
0.00504884
0.00601016
0.00539085
0.00451102
0.00477304
0.00431992
0.00627417
0.01020762
0.01104043
0.00619011
0.00723283
0.00995841
0.00321910
0.00517617
0.02960257
0.00856298
0.01225795
0.01161423
0.00789663
0.00412905
0.00339455
0.00310795
0.00310676
0.00310875
0.00310478
0.00311066
0.00310800
0.00626701
0.00456292
0.00483297
0.00485400
0.00419339
0.00475962
0.00388637
0.03444489
0.08664128
0.05237597
0.07390089
0.02151702
0.01704918
0.07601786
0.06968049
0.02826474
0.06046781
0.01083098
0.00496705
0.00641954
0.01219045
0.02143667
0.00808616
0.00740550
0.00384341
0.00317374
0.00359887
0.00419211
0.00312294
0.01930548
0.00826697
0.00310273
0.00310399
0.00573165
0.00399101
0.00610572
0.00642720
0.07620447
0.00477113
0.00357816
0.00310995
0.00310485
0.00310519
0.01198557
0.07057421
0.01706978
0.00380507
0.00311006
0.05450067
0.00491737
0.00410407
0.00315212
0.00345742
0.00316696
0.00461377
0.00400469
0.00491490
0.01095411
0.00342866
0.00469299
0.00408681
0.00671501
0.00493171
0.00324139
0.01717430
0.00967802
0.01300583
0.01295255
0.00502590
0.00922971
0.01070784
0.00605749
0.00785354
0.01560248
0.00761114
0.00564068
0.00627072
0.00663704
0.00733300
0.04422699
0.07237452
0.02363563
0.03837830
0.01950747
0.11122465
0.02130304
0.01138813
0.02111729
0.04181753
0.03344277
0.10798548
0.10998023
0.07076131
0.03853988
0.02400074
0.00726985
0.00370944
0.01476958
0.05656340
0.00373711
0.00631338
0.00437831
0.00557461
0.00798232
0.00727396
0.00409845
0.01403966
0.04094228
0.00932108
0.01622392
0.00550314
0.00495288
0.00662986
0.00317448
0.00310717
0.00496390
0.00509490
0.00487939
0.00557112
0.00601744
0.00331000
0.00519731
0.03648324
0.01704464
0.03469010
0.01817980
0.03276613
0.01965241
0.04925080
0.03343069
0.03196194
0.12030303
0.15391789
0.03197732
0.00584940
0.02587713
0.05318093
0.00650588
0.00663974
0.00824652
0.00498345
0.00407213
0.00322209
0.00327012
0.00685948
0.00414853
0.00338937
0.00401150
0.00616964
0.00743005
0.08563104
0.06627830
0.06769319
0.10335008
0.03701853
0.14277224
0.02107910
0.01757403
0.01569647
0.06080410
0.03339182
0.00762833
0.00352435
0.00404993
0.15568638
0.02412634
0.00328234
0.00310573
0.00310661
0.00310838
0.00311147
0.00310552
0.00311114
0.00310949
0.00310976
0.00600681
0.00336925
0.00323361
0.00310843
0.00310712
0.09764382
0.06151266
0.04254775
0.05763223
0.11191793
0.00319699
0.00359829
0.00367622
0.00391811
0.00772027
0.00565733
0.00846003
0.03319669
0.01166883
0.01074398
0.05736197
0.13484062
0.00708322
0.03047937
0.01036331
0.00862826
0.00678572
0.02708230
0.00310534
0.00311102
0.00310644
0.00310942
0.00310899
0.00310548
0.00311088
0.00311089
0.00310515
0.00310457
0.07863878
0.06830341
0.03034042
0.03218037
0.01545638
0.01479888
0.01231056
0.02642499
0.09223392
0.09135432
0.04156971
0.04171146
0.00578526
0.01304402
0.03741400
0.01866132
0.00890358
0.06452151
0.01835385
0.07343890
0.01400842
0.04278657
0.05014075
0.08991777
0.02535055
0.00399040
0.00313231
0.01489257
0.04442453
0.04036851
0.04473810
0.02595159
0.01879196
0.00388749
0.09247111
0.00310672
0.00311001
0.00310999
0.00310663
0.00310962
0.00883731
0.08131763
0.07609531
0.07378302
0.11267116
0.13039184
0.02678246
0.11574402
0.03528697
0.00826168
0.00404653
0.01451934
0.00917326
0.06792699
0.05355793
0.04904040
0.07731285
0.05421659
0.02932767
0.03240508
0.05332664
0.14671049
0.06531457
0.05052200
0.03343823
0.00678151
0.01903862
0.00417893
0.00771209
0.00310937
0.00311065
0.00310709
0.00366019
0.00362387
0.00310718
0.06795039
0.06227430
0.13116054
0.08117897
0.08925195
0.04089567
0.02577425
0.07860098
0.07358838
0.12139951
0.04661160
0.05007277
0.01329242
0.01775581
0.02058404
0.05474946
0.00961744
0.03051853
0.09900572
0.02503369
0.00958626
0.02781880
0.02408196
0.01324843
0.00476535
0.01388679
0.05773781
0.13248522
0.07692405
0.06883483
0.05578416
0.09917107
0.08757174
0.07387130
0.10470376
0.01833712
0.00753243
0.00325519
0.00310454
0.00787040
0.00313992
0.00310505
0.00514269
0.01021079
0.00318918
0.00310280
0.00310321
0.00310930
0.00310640
0.00385619
0.00533439
0.00381388
0.00311065
0.00971481
0.03232502
0.00934135
0.00695720
0.00310515
0.02349310
0.00334279
0.00347715
0.00489572
0.00310718
0.00310696
0.00466781
0.01128328
0.00642243
0.00561375
0.00576933
0.00347049
0.00310544
0.00310585
0.01278518
0.00435174
0.00677457
0.00658101
0.00521563
0.08615221
0.05088547
0.07322473
0.01247300
0.01059331
0.01688810
0.00310409
0.00310671
0.00311004
0.00310369
0.00752900
0.00627305
0.00413305
0.00856282
0.00684269
0.00602181
0.00383660
0.00737147
0.00310250
0.00310643
0.01144385
0.01495388
0.00498695
0.01573814
0.00310634
0.00310605
0.00310528
0.00310938
0.00310541
0.00730207
0.01013502
0.00337827
0.00371752
0.00506298
0.00381003
0.00344495
0.00565559
0.02745630
0.01554940
0.00422719
0.01682476
0.00872221
0.01392730
0.02600535
0.03229234
0.01590890
0.03548084
0.00634289
0.00310922
0.00525744
0.02242021
0.00311021
0.00626265
0.01646323
0.00560341
0.00797935
0.00310479
0.00310339
0.01451025
0.00694774
0.00319199
0.04974248
0.02587791
0.07580137
0.03093614
0.01019759
0.00818578
0.00948060
0.00451746
0.00343121
0.01161582
0.00713098
0.00434350
0.00505809
0.02108954
0.00310507
0.00310698
0.00322680
0.00311033
0.00425797
0.00497772
0.00310797
0.00353471
0.00322165
0.00311102
0.00419356
0.00375921
0.00429039
0.00328833
0.00464818
0.02362664
0.01428071
0.02921503
0.01020890
0.01006621
0.01010140
0.02538130
0.01838865
0.03752017
0.02380571
0.01315116
0.01849405
0.01207463
0.01083080
0.00356103
0.01187202
0.00567386
0.01331166
0.01436870
0.00867227
0.00413862
0.00472349
0.00617270
0.00733589
0.02458050
0.00625535
0.01195705
0.01961567
0.00313566
0.01606080
0.00381227
0.00310401
0.01489954
0.05414204
0.00767738
0.08434059
0.10988160
0.00311174
0.00310442
0.00310577
0.00310819
0.00310444
0.00310894
0.00310934
0.00311105
0.00310848
0.00310922
0.00310674
0.00310826
0.00907454
0.00310807
0.00310846
0.00791969
0.00310627
0.00310300
0.00310928
0.11590066
0.09376648
0.06834450
0.11543267
0.02088272
0.00594676
0.00311084
0.04000495
0.02019108
0.00882592
0.00463083
0.00419150
0.00328300
0.00372223
0.00310680
0.00311033
0.00310305
0.00310453
0.00310532
0.00310972
0.00311049
0.00310636
0.01093760
0.01144272
0.01326699
0.02074000
0.07626742
0.02864996
0.02707553
0.04528267
0.03217225
0.14119907
0.11632417
0.02180438
0.09233671
0.10883250
0.08430375
0.06556230
0.03970337
0.08005319
0.10243538
0.00633711
0.00439076
0.00372908
0.01311161
0.00327856
0.00310668
