1184.06188991
1339.29932532
2085.51154546
695.04902962
1774.66005625
1713.92134256
829.99779579
1182.02487195
589.34449859
2001.39120786
651.81322468
589.00728840
479.97545421
1800.01819471
667.74438761
1507.70365988
703.33935551
2327.47599421
2137.81312747
2364.20983347
605.89295684
1643.35839469
650.14229372
2515.51939260
2039.61696669
1232.03952509
615.56022241
2394.27244682
700.08347060
1596.43503071
1782.54729464
907.89465953
476.44595145
422.29059586
393.24539853
1412.03721367
1477.11524207
1245.99133300
1118.22681435
1371.55266930
900.69439954
598.78311059
753.43773654
425.39873780
507.40101543
398.68185018
438.76301916
425.72406218
1437.94882851
1785.23314541
2227.46797868
2317.20058434
2435.04710504
984.86610585
1270.70463092
516.95843430
488.74934173
729.53870641
1464.21268279
740.77822786
1110.55694857
545.22461155
1817.11866563
643.28620119
582.20019041
2040.67324714
1645.67316845
516.87495813
1436.18826063
733.37777505
606.16173892
513.00336196
499.31200481
412.01281627
578.65801568
1528.92056000
1793.55054658
1381.08971394
2342.70498934
2494.32107654
1595.44612568
1344.42856911
1503.57807279
869.41330844
1489.07259894
795.63086592
1229.29816171
652.68587766
895.03963595
1229.56198714
776.46495270
1975.34417169
499.15641884
2353.27112322
1971.07745424
770.82363621
1230.40268744
1220.42537623
1259.08444593
1078.77255545
713.99151060
1236.02957862
1006.28664198
1368.73770578
2312.76276118
1724.21635696
1838.38693020
456.92705821
462.99930480
1628.24074566
1582.66829810
906.38269965
488.78751237
1926.79335968
1862.05009964
2235.82367733
1625.11528039
2459.25126638
736.89768724
1739.47648059
2050.89240256
1710.56618845
2199.62881342
2036.46481186
2009.25845153
1059.74354153
1284.36539747
1513.80631644
912.68297014
2092.92153250
2112.67776227
1522.39799713
969.73574293
670.45836437
1677.92019609
1319.03004806
571.27767062
602.40090749
424.19425486
646.53993518
1305.38844909
1638.09498578
2005.33611559
1945.45017926
1034.26212677
1084.27837418
586.24853758
432.95280682
490.94400666
2147.77430127
2209.29485912
829.70350887
800.83371210
453.70628097
1455.07226384
2478.95374320
410.97635190
1978.75393484
2532.94285016
489.41729428
1861.61645743
581.87309005
764.57576187
474.02828889
654.09300887
1613.08303329
1235.94457703
1132.24370081
2227.06901094
1951.82216997
1668.06524711
599.39663674
597.18224587
437.35763868
428.31162679
409.92821702
455.65142057
469.93071047
515.36662706
566.22313080
402.75962509
457.71733438
419.90188533
2414.64867698
1737.01778696
1291.80265182
880.43591164
1233.94494723
1835.80639321
1520.24919627
1721.41714080
579.26695030
664.76585499
2012.32996853
1768.78413224
1739.79219291
1660.14519276
1718.48012942
1970.12708944
499.42682581
478.79656568
530.84224249
908.00131379
2283.09297923
1808.00652829
1454.80052863
946.38189127
648.89952796
502.79703346
1472.80342922
481.08421277
439.78624283
403.89104013
1598.29481373
2256.72132219
1922.31962657
1359.89438118
2029.12080998
2248.71024274
1463.23313150
2494.40820930
2540.98204439
1734.82929877
1902.40326545
1933.91418888
1695.02448039
712.10623138
643.00327520
889.83125054
571.26004290
744.53014663
2288.41711501
1219.35753670
560.62752457
1024.18936544
525.94147685
749.10715530
2289.44235939
1654.99325927
841.62819253
997.33609906
2017.23637832
1043.13079107
588.21488390
558.07522597
545.46351245
897.41125466
1310.51121626
779.72443625
654.20186614
1192.24287091
1731.99147632
1920.00549058
489.49399427
1249.36687892
2352.88952188
1408.16012846
798.52992268
1928.76694501
578.53592894
498.19169158
1655.52409050
540.40215348
1487.27012969
1376.70326992
2197.84762070
2440.62110579
2057.42702463
1646.18627734
2326.22208286
1648.68468591
1215.06494643
1098.72143107
2087.77740521
1059.10222957
601.63816762
974.67083166
1608.63650279
733.31938291
847.35331376
1251.91008953
1419.31006043
1876.01938896
1718.82755484
1188.10220144
1521.03584073
631.17241895
557.10190247
557.54728592
468.19816922
1327.00795189
584.19568507
560.28251424
1088.47203856
930.95981258
635.17536239
555.93258058
2446.70617176
1515.01676315
1008.71796261
759.68289927
570.33176175
557.25027696
574.87252762
513.33741092
725.52775633
483.08932247
979.92270632
1193.45881477
720.82098372
512.43721909
554.99645457
1620.33554690
1898.40128052
1514.86171535
1602.30925580
2060.32666065
1525.33069282
1946.93500661
533.85497206
2000.37854662
904.73066355
1450.73108108
1732.41323528
1626.59636695
