2600.00000000
1738.88532602
805.89245127
1071.45983251
821.09264778
557.84591652
986.64908068
704.97357610
1355.95578433
2600.00000000
1368.39864834
780.75773283
2502.40495323
2173.58464809
1726.84210124
708.36993123
620.97243898
958.83846475
1550.77685778
959.34927533
1080.10865367
1068.84316684
1214.52538132
1082.05228705
748.34871538
940.88945997
1412.31020661
1432.28231040
1932.73152616
2600.00000000
1089.91469940
1900.96020674
2153.63669450
935.36504704
1659.15138856
870.08288164
1852.72255186
1722.18157010
1838.21888835
1119.35712132
1487.95152797
1936.70468783
2414.39258918
2266.71116790
2389.30801222
1207.37389503
1169.62387318
2303.24125519
1362.75021222
2013.45763759
2356.47877825
2352.89925426
2527.97178567
1890.79299589
2502.47617404
2374.36461620
2600.00000000
2065.35524301
1883.05506764
2515.58529125
2274.78874858
2093.17325153
2600.00000000
992.18628702
1527.41275444
1148.06636303
1673.30805403
1163.09904071
909.42880074
2154.42739271
1872.87221102
1957.79116751
2595.03195669
1808.33247329
1747.91769876
1685.75177525
1518.24412796
2434.41777706
2223.99468411
1572.58899295
1848.68612269
1799.07460922
2318.50602379
2373.25944040
2569.75543267
1362.59127816
1602.58941103
1037.12165536
655.22075466
2360.47111187
1452.25979947
1750.23434908
1977.88195730
1855.51848815
1576.85721986
1100.33403848
892.19829869
736.52298652
1905.74623020
2170.12805455
1580.53015548
1189.46428354
1402.89508931
1292.46320485
1700.94879538
1327.64212971
2386.93911966
2387.77180295
1391.63763953
2580.62270050
1773.57780020
1865.97373738
2571.42232961
1189.93969362
2157.28909033
2036.44218322
652.33167543
514.95966340
1625.85130401
1993.08559153
1288.33087735
2091.98439098
1956.49511028
2455.46325893
985.01703052
856.89637792
1883.59752682
1697.97031435
2136.07941593
2247.20419287
2504.85748594
1980.54807825
2230.12409981
2428.15629488
2305.54599355
2005.66848894
2004.92466073
2600.00000000
2341.16538794
2600.00000000
2308.76449635
1507.43032201
1983.33560614
1550.41893648
1551.57629865
534.95951340
611.49496574
617.86496189
2529.62907469
2600.00000000
1751.69266377
924.78494733
2475.23778452
2027.72908606
2022.44213930
1774.56509862
1190.53632396
2195.50895998
2237.22197256
2105.17998252
2577.10031574
1776.80774435
1949.58752592
1772.85988958
647.24360907
2521.09463711
1786.55602555
2028.64069989
2600.00000000
1527.88374286
1195.05366130
2017.73016560
2324.79963271
1230.16348503
1279.01218254
2600.00000000
2528.05113050
1608.26616077
2600.00000000
1799.56900413
1144.28626812
1630.61418234
614.27154034
1462.74940342
978.80337530
963.88911212
2600.00000000
2600.00000000
2488.76853675
2043.81908110
2581.10929919
2373.73950695
2358.14205840
2540.74518209
2517.24848694
1017.07093615
1378.80057259
1456.04433926
1376.78780407
1596.25563990
1048.32208030
2434.71920410
2256.22037329
2448.11589431
1888.76667116
1429.34575819
1492.62764947
1163.79992575
1420.64441876
2469.48789764
1964.92330231
1075.42505222
1135.69602363
2250.94406139
2405.78954029
2261.66156391
2600.00000000
2010.36664097
2114.21183400
1777.13352371
750.41919273
1364.61553821
1429.16281133
1037.97800482
2390.40743595
1962.24573636
2548.28945839
2355.15395719
2142.80311024
1612.76462858
2330.75537584
2600.00000000
2600.00000000
2227.48906431
2411.48142494
2010.91554691
1296.51116818
2266.03922752
1393.86329728
1667.33949233
1419.61721574
1783.50051657
2182.14520671
2340.56513556
2231.17675829
1611.57498872
2188.24215490
1851.32923829
1651.10731319
623.03370239
760.31897673
2161.92560135
2174.89293849
981.49333387
