0.26832526
0.25691222
0.30624472
0.32976174
0.30145851
0.23896372
0.24587775
0.30958658
0.32817566
0.27455488
0.26259450
0.17248742
0.24073256
0.18292979
0.18409254
0.17614351
0.27922360
0.23495237
0.15145441
0.25412610
0.23600416
0.31476534
0.32286636
0.29208565
0.24604932
0.25251484
0.16084500
0.14595769
0.17700415
0.25324960
0.15458647
0.26681751
0.12768937
0.21350350
0.17689412
0.23273877
0.25276380
0.26707300
0.19264953
0.16597434
0.21234075
0.20571671
0.23885276
0.24772864
0.26452931
0.29120263
0.27122701
0.27898396
0.23239749
0.24461057
0.29262180
0.26099910
0.22696977
0.22829943
0.22526621
0.25150781
0.25982329
0.28621036
0.20375207
0.15428063
0.15299387
0.05420169
0.07335108
0.21084699
0.24047987
0.26613030
0.26602121
0.28335430
0.26777046
0.22912370
0.14252539
0.09057414
0.18404685
0.24184869
0.11376714
0.25848338
0.20456235
0.18472567
0.24018428
0.28384383
0.26507385
0.13306301
0.25276287
0.24570525
0.21077053
0.26691915
0.29164647
0.27224896
0.28335896
0.23768348
0.30348936
0.26530510
0.17027381
0.27980078
0.21143162
0.16865044
0.27538009
0.19049186
0.20539595
0.19927636
0.22486899
0.15221342
0.19076134
0.13268817
0.28486858
0.19706742
0.24255454
0.23212336
0.24385995
0.25084858
0.29421907
0.24007426
0.21122835
0.16943089
0.27816528
0.26078464
0.19984702
0.22181805
0.23612818
0.16670071
0.21962216
0.24272238
0.31849602
0.30665313
0.18140619
0.18738498
0.23689930
0.24443527
0.22834792
0.20855599
0.21835871
0.22436081
0.22562053
0.23166087
0.18613458
0.23944300
0.22292299
0.22369598
0.18706143
0.19434377
0.18565624
0.21757173
0.19702546
0.21932378
0.30172519
0.28505134
0.16087950
0.24649689
0.26059535
0.30323574
0.16218025
0.25295775
0.19319593
0.11632202
0.22705276
0.31927181
0.12759519
0.25228640
0.30371315
0.26747861
0.21072204
0.20131281
0.29313464
0.29791059
0.31680551
0.28927528
0.11992496
0.22361299
0.25449068
0.25119917
0.24133211
0.25008305
0.13636850
0.21291980
0.21652367
0.23894041
0.25467437
0.28517815
0.29656042
0.28545042
0.27244944
0.23318540
0.11196846
0.20254736
0.24059456
0.20927769
0.26336376
0.30056337
0.14810044
0.14132534
0.12588883
0.13786413
0.25199081
0.25358621
0.23831102
0.21548773
0.23211030
0.22377058
0.25955102
0.26697975
0.19694527
0.26402672
0.20979799
0.22148144
0.26050770
0.27886461
0.29381159
0.22896612
0.26697602
0.13578946
0.17819394
0.29078210
0.21356038
0.18756960
0.27971872
0.27562252
0.23609088
0.20254269
0.25637700
0.27190489
0.29484566
0.14083395
0.34086894
0.25920415
0.27506399
0.18567023
0.09681019
0.12746092
0.18861114
0.23182031
0.24137128
0.22147864
0.14532830
0.20459592
0.24269720
0.25175770
0.26138699
0.16715667
0.15354867
0.15619586
0.21041993
0.15685510
0.14958861
0.09238232
0.22396266
0.16719490
0.22779871
0.22183763
0.22399343
0.24226548
0.20795363
0.23497289
0.22369318
0.20578385
0.10867043
0.23492813
0.26718582
0.26799145
0.21260463
0.25420442
0.24010876
0.26206674
0.17096102
0.29016203
0.26552702
0.21176544
0.18695046
0.22329317
0.26791965
0.23430713
0.22985007
0.27332033
0.27929167
0.30611045
0.33374232
0.22271133
0.24943220
0.26820591
0.19167047
0.26225602
0.26111658
0.19813133
0.17140486
0.28102693
0.23813945
0.23143056
0.23093170
0.24241374
0.14875034
0.16315838
0.26274742
0.21707754
0.22923280
0.26566408
0.24667312
0.24353547
0.24044816
0.20911079
0.14970982
0.26191009
0.25001125
0.17623675
0.19299639
0.28586162
0.23144827
0.28448721
0.26966984
0.15470303
0.20959006
0.17368933
0.24605118
0.22668072
0.26040980
0.26109700
0.25892629
0.27128855
0.26566688
0.21658055
0.21705982
0.21561361
0.24612671
0.24545069
0.22592171
0.23536451
0.20672468
0.25446644
0.22581541
0.24327532
0.31229811
0.30595566
0.24502923
0.25829876
0.22941462
0.21271652
0.23083752
0.29484939
0.24058803
0.31601947
0.23711656
0.34381544
0.16895161
0.27400381
0.25367480
0.26770146
0.28297200
0.28256359
0.08538661
0.18015486
0.22344889
0.16787185
0.21527886
0.20201027
0.22759078
0.24641297
0.19689492
0.17733516
0.19329571
0.23741308
0.19234835
0.17507587
0.14004697
0.05787466
0.11286920
0.14914383
0.17341053
0.26222339
0.27028152
0.19889220
0.13758999
0.23603680
0.20885064
0.22944073
0.23346700
0.25134743
0.28669616
0.22333140
0.10279309
0.22513846
0.20092585
0.31179086
0.24572297
0.24572763
0.27393294
0.27011927
0.27206620
0.21330210
0.28163581
0.30021278
0.32559747
0.29740707
0.28177102
0.21797454
0.26212641
0.24134517
0.26023916
0.21086377
0.17197271
0.27729345
0.27930565
0.28996622
0.26078464
0.33030535
0.35201810
0.31085935
0.19598952
0.21634837
0.29965052
0.29013126
0.30434255
0.28777965
0.21264379
0.16994559
0.21749713
0.24819020
0.20378284
0.20129696
0.26363790
0.27379494
